[2024-08-30T01:14:37.436+0000] {local_task_job_runner.py:120} INFO - ::group::Pre task execution logs
[2024-08-30T01:14:37.992+0000] {taskinstance.py:2076} INFO - Dependencies all met for dep_context=non-requeueable deps ti=<TaskInstance: trino_query_dag_ironmale.insert_data_inc scheduled__2024-08-29T10:00:00+00:00 [queued]>
[2024-08-30T01:14:38.073+0000] {taskinstance.py:2076} INFO - Dependencies all met for dep_context=requeueable deps ti=<TaskInstance: trino_query_dag_ironmale.insert_data_inc scheduled__2024-08-29T10:00:00+00:00 [queued]>
[2024-08-30T01:14:38.586+0000] {taskinstance.py:2306} INFO - Starting attempt 1 of 2
[2024-08-30T01:14:41.800+0000] {taskinstance.py:2330} INFO - Executing <Task(TrinoOperator): insert_data_inc> on 2024-08-29 10:00:00+00:00
[2024-08-30T01:14:41.822+0000] {logging_mixin.py:188} WARNING - /home/airflow/.local/lib/python3.12/site-packages/airflow/task/task_runner/standard_task_runner.py:62 DeprecationWarning: This process (pid=89789) is multi-threaded, use of fork() may lead to deadlocks in the child.
[2024-08-30T01:14:41.825+0000] {standard_task_runner.py:64} INFO - Started process 89819 to run task
[2024-08-30T01:14:41.823+0000] {standard_task_runner.py:90} INFO - Running: ['airflow', 'tasks', 'run', 'trino_query_dag_ironmale', 'insert_data_inc', 'scheduled__2024-08-29T10:00:00+00:00', '--job-id', '899', '--raw', '--subdir', 'DAGS_FOLDER/ironmale.py', '--cfg-path', '/tmp/tmpx4uvjlrx']
[2024-08-30T01:14:41.828+0000] {standard_task_runner.py:91} INFO - Job 899: Subtask insert_data_inc
[2024-08-30T01:14:47.366+0000] {logging_mixin.py:188} WARNING - /home/airflow/.local/lib/python3.12/site-packages/airflow/settings.py:195 DeprecationWarning: The sql_alchemy_conn option in [core] has been moved to the sql_alchemy_conn option in [database] - the old setting has been used, but please update your config.
[2024-08-30T01:14:48.150+0000] {task_command.py:426} INFO - Running <TaskInstance: trino_query_dag_ironmale.insert_data_inc scheduled__2024-08-29T10:00:00+00:00 [running]> on host b476143e3d64
[2024-08-30T01:14:55.116+0000] {taskinstance.py:2648} INFO - Exporting env vars: AIRFLOW_CTX_DAG_OWNER='airflow' AIRFLOW_CTX_DAG_ID='trino_query_dag_ironmale' AIRFLOW_CTX_TASK_ID='insert_data_inc' AIRFLOW_CTX_EXECUTION_DATE='2024-08-29T10:00:00+00:00' AIRFLOW_CTX_TRY_NUMBER='1' AIRFLOW_CTX_DAG_RUN_ID='scheduled__2024-08-29T10:00:00+00:00'
[2024-08-30T01:14:55.123+0000] {taskinstance.py:430} INFO - ::endgroup::
[2024-08-30T01:14:55.155+0000] {sql.py:282} INFO - Executing: insert into hive.ironmale.soul select * from sqlserver.dbo.soul  where hour = 22
[2024-08-30T01:14:55.907+0000] {base.py:84} INFO - Using connection ID 'my_trino_connection' for task execution.
[2024-08-30T01:14:56.000+0000] {base.py:84} INFO - Using connection ID 'my_trino_connection' for task execution.
[2024-08-30T01:14:56.067+0000] {base.py:84} INFO - Using connection ID 'my_trino_connection' for task execution.
[2024-08-30T01:14:56.090+0000] {sql.py:495} INFO - Running statement: insert into hive.ironmale.soul select * from sqlserver.dbo.soul  where hour = 22, parameters: None
[2024-08-30T01:15:45.611+0000] {sql.py:504} INFO - Rows affected: 2700
[2024-08-30T01:15:51.724+0000] {taskinstance.py:441} INFO - ::group::Post task execution logs
[2024-08-30T01:15:54.291+0000] {taskinstance.py:1206} INFO - Marking task as SUCCESS. dag_id=trino_query_dag_ironmale, task_id=insert_data_inc, run_id=scheduled__2024-08-29T10:00:00+00:00, execution_date=20240829T100000, start_date=20240830T011438, end_date=20240830T011554
[2024-08-30T01:15:54.723+0000] {local_task_job_runner.py:243} INFO - Task exited with return code 0
[2024-08-30T01:15:54.897+0000] {logging_mixin.py:188} WARNING - /home/airflow/.local/lib/python3.12/site-packages/airflow/models/baseoperator.py:1297 AirflowProviderDeprecationWarning: Call to deprecated class TrinoOperator. (Please use `airflow.providers.common.sql.operators.sql.SQLExecuteQueryOperator`.)
[2024-08-30T01:15:55.027+0000] {taskinstance.py:3503} INFO - 1 downstream tasks scheduled from follow-on schedule check
[2024-08-30T01:15:55.173+0000] {local_task_job_runner.py:222} INFO - ::endgroup::
