[2024-09-23T01:03:33.694+0000] {local_task_job_runner.py:120} INFO - ::group::Pre task execution logs
[2024-09-23T01:03:34.069+0000] {taskinstance.py:2076} INFO - Dependencies all met for dep_context=non-requeueable deps ti=<TaskInstance: query_dag_irene.print_start scheduled__2024-09-22T00:00:00+00:00 [queued]>
[2024-09-23T01:03:34.237+0000] {taskinstance.py:2076} INFO - Dependencies all met for dep_context=requeueable deps ti=<TaskInstance: query_dag_irene.print_start scheduled__2024-09-22T00:00:00+00:00 [queued]>
[2024-09-23T01:03:34.248+0000] {taskinstance.py:2306} INFO - Starting attempt 1 of 2
[2024-09-23T01:03:34.375+0000] {taskinstance.py:2330} INFO - Executing <Task(PythonOperator): print_start> on 2024-09-22 00:00:00+00:00
[2024-09-23T01:03:34.446+0000] {logging_mixin.py:188} WARNING - /home/airflow/.local/lib/python3.12/site-packages/airflow/task/task_runner/standard_task_runner.py:62 DeprecationWarning: This process (pid=212) is multi-threaded, use of fork() may lead to deadlocks in the child.
[2024-09-23T01:03:34.464+0000] {standard_task_runner.py:64} INFO - Started process 238 to run task
[2024-09-23T01:03:34.416+0000] {standard_task_runner.py:90} INFO - Running: ['airflow', 'tasks', 'run', 'query_dag_irene', 'print_start', 'scheduled__2024-09-22T00:00:00+00:00', '--job-id', '373', '--raw', '--subdir', 'DAGS_FOLDER/irene.py', '--cfg-path', '/tmp/tmpvkj2f1fa']
[2024-09-23T01:03:34.485+0000] {standard_task_runner.py:91} INFO - Job 373: Subtask print_start
[2024-09-23T01:03:37.479+0000] {logging_mixin.py:188} WARNING - /home/airflow/.local/lib/python3.12/site-packages/airflow/settings.py:195 DeprecationWarning: The sql_alchemy_conn option in [core] has been moved to the sql_alchemy_conn option in [database] - the old setting has been used, but please update your config.
[2024-09-23T01:03:37.651+0000] {task_command.py:426} INFO - Running <TaskInstance: query_dag_irene.print_start scheduled__2024-09-22T00:00:00+00:00 [running]> on host 92783cd12528
[2024-09-23T01:03:37.655+0000] {logging_mixin.py:188} WARNING - /home/airflow/.local/lib/python3.12/site-packages/airflow/settings.py:356 DeprecationWarning: The sql_engine_encoding option in [core] has been moved to the sql_engine_encoding option in [database] - the old setting has been used, but please update your config.
[2024-09-23T01:03:38.327+0000] {logging_mixin.py:188} WARNING - /home/airflow/.local/lib/python3.12/site-packages/airflow/utils/log/secrets_masker.py:84 DeprecationWarning: The sensitive_variable_fields option in [admin] has been moved to the sensitive_var_conn_names option in [core] - the old setting has been used, but please update your config.
[2024-09-23T01:03:38.468+0000] {taskinstance.py:2648} INFO - Exporting env vars: AIRFLOW_CTX_DAG_OWNER='airflow' AIRFLOW_CTX_DAG_ID='query_dag_irene' AIRFLOW_CTX_TASK_ID='print_start' AIRFLOW_CTX_EXECUTION_DATE='2024-09-22T00:00:00+00:00' AIRFLOW_CTX_TRY_NUMBER='1' AIRFLOW_CTX_DAG_RUN_ID='scheduled__2024-09-22T00:00:00+00:00'
[2024-09-23T01:03:38.474+0000] {taskinstance.py:430} INFO - ::endgroup::
[2024-09-23T01:03:38.518+0000] {logging_mixin.py:188} INFO - Start of DAG execution
[2024-09-23T01:03:38.522+0000] {python.py:237} INFO - Done. Returned value was: None
[2024-09-23T01:03:38.528+0000] {taskinstance.py:441} INFO - ::group::Post task execution logs
[2024-09-23T01:03:38.549+0000] {taskinstance.py:1206} INFO - Marking task as SUCCESS. dag_id=query_dag_irene, task_id=print_start, run_id=scheduled__2024-09-22T00:00:00+00:00, execution_date=20240922T000000, start_date=20240923T010334, end_date=20240923T010338
[2024-09-23T01:03:38.831+0000] {local_task_job_runner.py:243} INFO - Task exited with return code 0
[2024-09-23T01:03:38.948+0000] {local_task_job_runner.py:222} INFO - ::endgroup::
