[2024-08-29T05:05:09.919+0000] {local_task_job_runner.py:120} INFO - ::group::Pre task execution logs
[2024-08-29T05:05:09.959+0000] {taskinstance.py:2076} INFO - Dependencies all met for dep_context=non-requeueable deps ti=<TaskInstance: trino_query_dag_irene.insert_data_inc scheduled__2024-08-29T04:00:00+00:00 [queued]>
[2024-08-29T05:05:09.968+0000] {taskinstance.py:2076} INFO - Dependencies all met for dep_context=requeueable deps ti=<TaskInstance: trino_query_dag_irene.insert_data_inc scheduled__2024-08-29T04:00:00+00:00 [queued]>
[2024-08-29T05:05:10.196+0000] {taskinstance.py:2306} INFO - Starting attempt 2 of 2
[2024-08-29T05:05:10.474+0000] {taskinstance.py:2330} INFO - Executing <Task(TrinoOperator): insert_data_inc> on 2024-08-29 04:00:00+00:00
[2024-08-29T05:05:10.486+0000] {standard_task_runner.py:90} INFO - Running: ['airflow', 'tasks', 'run', 'trino_query_dag_irene', 'insert_data_inc', 'scheduled__2024-08-29T04:00:00+00:00', '--job-id', '820', '--raw', '--subdir', 'DAGS_FOLDER/irene.py', '--cfg-path', '/tmp/tmpi7y_k_da']
[2024-08-29T05:05:10.491+0000] {standard_task_runner.py:91} INFO - Job 820: Subtask insert_data_inc
[2024-08-29T05:05:10.492+0000] {logging_mixin.py:188} WARNING - /home/airflow/.local/lib/python3.12/site-packages/airflow/task/task_runner/standard_task_runner.py:62 DeprecationWarning: This process (pid=80914) is multi-threaded, use of fork() may lead to deadlocks in the child.
[2024-08-29T05:05:10.493+0000] {standard_task_runner.py:64} INFO - Started process 80915 to run task
[2024-08-29T05:05:11.033+0000] {logging_mixin.py:188} WARNING - /home/airflow/.local/lib/python3.12/site-packages/airflow/settings.py:195 DeprecationWarning: The sql_alchemy_conn option in [core] has been moved to the sql_alchemy_conn option in [database] - the old setting has been used, but please update your config.
[2024-08-29T05:05:11.077+0000] {task_command.py:426} INFO - Running <TaskInstance: trino_query_dag_irene.insert_data_inc scheduled__2024-08-29T04:00:00+00:00 [running]> on host b476143e3d64
[2024-08-29T05:05:11.387+0000] {taskinstance.py:2648} INFO - Exporting env vars: AIRFLOW_CTX_DAG_OWNER='airflow' AIRFLOW_CTX_DAG_ID='trino_query_dag_irene' AIRFLOW_CTX_TASK_ID='insert_data_inc' AIRFLOW_CTX_EXECUTION_DATE='2024-08-29T04:00:00+00:00' AIRFLOW_CTX_TRY_NUMBER='2' AIRFLOW_CTX_DAG_RUN_ID='scheduled__2024-08-29T04:00:00+00:00'
[2024-08-29T05:05:11.388+0000] {taskinstance.py:430} INFO - ::endgroup::
[2024-08-29T05:05:11.403+0000] {sql.py:282} INFO - Executing: insert into hive.irene.sou select * from sqlserver.dbo.sou
[2024-08-29T05:05:11.423+0000] {base.py:84} INFO - Using connection ID 'my_trino_connection' for task execution.
[2024-08-29T05:05:11.433+0000] {base.py:84} INFO - Using connection ID 'my_trino_connection' for task execution.
[2024-08-29T05:05:11.441+0000] {base.py:84} INFO - Using connection ID 'my_trino_connection' for task execution.
[2024-08-29T05:05:11.446+0000] {sql.py:495} INFO - Running statement: insert into hive.irene.sou select * from sqlserver.dbo.sou, parameters: None
[2024-08-29T05:05:37.897+0000] {sql.py:504} INFO - Rows affected: 1048567
[2024-08-29T05:05:38.366+0000] {taskinstance.py:441} INFO - ::group::Post task execution logs
[2024-08-29T05:05:38.897+0000] {taskinstance.py:1206} INFO - Marking task as SUCCESS. dag_id=trino_query_dag_irene, task_id=insert_data_inc, run_id=scheduled__2024-08-29T04:00:00+00:00, execution_date=20240829T040000, start_date=20240829T050509, end_date=20240829T050538
[2024-08-29T05:05:39.426+0000] {local_task_job_runner.py:243} INFO - Task exited with return code 0
[2024-08-29T05:05:39.438+0000] {logging_mixin.py:188} WARNING - /home/airflow/.local/lib/python3.12/site-packages/airflow/models/baseoperator.py:1297 AirflowProviderDeprecationWarning: Call to deprecated class TrinoOperator. (Please use `airflow.providers.common.sql.operators.sql.SQLExecuteQueryOperator`.)
[2024-08-29T05:05:39.451+0000] {taskinstance.py:3503} INFO - 1 downstream tasks scheduled from follow-on schedule check
[2024-08-29T05:05:39.672+0000] {local_task_job_runner.py:222} INFO - ::endgroup::
