[2024-09-09T06:19:52.860+0000] {local_task_job_runner.py:120} INFO - ::group::Pre task execution logs
[2024-09-09T06:19:52.918+0000] {taskinstance.py:2076} INFO - Dependencies all met for dep_context=non-requeueable deps ti=<TaskInstance: trino_query_dag.insert_data_inc scheduled__2024-09-08T00:00:00+00:00 [queued]>
[2024-09-09T06:19:52.954+0000] {taskinstance.py:2076} INFO - Dependencies all met for dep_context=requeueable deps ti=<TaskInstance: trino_query_dag.insert_data_inc scheduled__2024-09-08T00:00:00+00:00 [queued]>
[2024-09-09T06:19:52.959+0000] {taskinstance.py:2306} INFO - Starting attempt 5 of 6
[2024-09-09T06:19:52.986+0000] {taskinstance.py:2330} INFO - Executing <Task(TrinoOperator): insert_data_inc> on 2024-09-08 00:00:00+00:00
[2024-09-09T06:19:52.996+0000] {logging_mixin.py:188} WARNING - /home/airflow/.local/lib/python3.12/site-packages/airflow/task/task_runner/standard_task_runner.py:62 DeprecationWarning: This process (pid=31826) is multi-threaded, use of fork() may lead to deadlocks in the child.
[2024-09-09T06:19:52.999+0000] {standard_task_runner.py:64} INFO - Started process 31844 to run task
[2024-09-09T06:19:52.996+0000] {standard_task_runner.py:90} INFO - Running: ['airflow', 'tasks', 'run', 'trino_query_dag', 'insert_data_inc', 'scheduled__2024-09-08T00:00:00+00:00', '--job-id', '38', '--raw', '--subdir', 'DAGS_FOLDER/test.py', '--cfg-path', '/tmp/tmp04ksubxx']
[2024-09-09T06:19:53.000+0000] {standard_task_runner.py:91} INFO - Job 38: Subtask insert_data_inc
[2024-09-09T06:19:53.024+0000] {logging_mixin.py:188} WARNING - /home/airflow/.local/lib/python3.12/site-packages/airflow/settings.py:195 DeprecationWarning: The sql_alchemy_conn option in [core] has been moved to the sql_alchemy_conn option in [database] - the old setting has been used, but please update your config.
[2024-09-09T06:19:53.075+0000] {task_command.py:426} INFO - Running <TaskInstance: trino_query_dag.insert_data_inc scheduled__2024-09-08T00:00:00+00:00 [running]> on host 92783cd12528
[2024-09-09T06:19:53.083+0000] {logging_mixin.py:188} WARNING - /home/airflow/.local/lib/python3.12/site-packages/airflow/settings.py:356 DeprecationWarning: The sql_engine_encoding option in [core] has been moved to the sql_engine_encoding option in [database] - the old setting has been used, but please update your config.
[2024-09-09T06:19:53.158+0000] {logging_mixin.py:188} WARNING - /home/airflow/.local/lib/python3.12/site-packages/airflow/utils/log/secrets_masker.py:84 DeprecationWarning: The sensitive_variable_fields option in [admin] has been moved to the sensitive_var_conn_names option in [core] - the old setting has been used, but please update your config.
[2024-09-09T06:19:53.218+0000] {taskinstance.py:2648} INFO - Exporting env vars: AIRFLOW_CTX_DAG_OWNER='airflow' AIRFLOW_CTX_DAG_ID='trino_query_dag' AIRFLOW_CTX_TASK_ID='insert_data_inc' AIRFLOW_CTX_EXECUTION_DATE='2024-09-08T00:00:00+00:00' AIRFLOW_CTX_TRY_NUMBER='5' AIRFLOW_CTX_DAG_RUN_ID='scheduled__2024-09-08T00:00:00+00:00'
[2024-09-09T06:19:53.220+0000] {taskinstance.py:430} INFO - ::endgroup::
[2024-09-09T06:19:53.258+0000] {sql.py:282} INFO - Executing: insert into hive.test.nganhangso select * from sqlserver.dbo.nganhangso where date_format(d_date_time, '%Y%m%d') = '20240627'
[2024-09-09T06:19:53.291+0000] {base.py:84} INFO - Using connection ID 'my_trino_connection' for task execution.
[2024-09-09T06:19:53.306+0000] {base.py:84} INFO - Using connection ID 'my_trino_connection' for task execution.
[2024-09-09T06:19:53.321+0000] {base.py:84} INFO - Using connection ID 'my_trino_connection' for task execution.
[2024-09-09T06:19:53.327+0000] {taskinstance.py:441} INFO - ::group::Post task execution logs
[2024-09-09T06:19:53.328+0000] {taskinstance.py:2905} ERROR - Task failed with exception
Traceback (most recent call last):
  File "/home/airflow/.local/lib/python3.12/site-packages/airflow/models/taskinstance.py", line 465, in _execute_task
    result = _execute_callable(context=context, **execute_callable_kwargs)
             ^^^^^^^^^^^^^^^^^^^^^^^^^^^^^^^^^^^^^^^^^^^^^^^^^^^^^^^^^^^^^
  File "/home/airflow/.local/lib/python3.12/site-packages/airflow/models/taskinstance.py", line 432, in _execute_callable
    return execute_callable(context=context, **execute_callable_kwargs)
           ^^^^^^^^^^^^^^^^^^^^^^^^^^^^^^^^^^^^^^^^^^^^^^^^^^^^^^^^^^^^
  File "/home/airflow/.local/lib/python3.12/site-packages/airflow/models/baseoperator.py", line 401, in wrapper
    return func(self, *args, **kwargs)
           ^^^^^^^^^^^^^^^^^^^^^^^^^^^
  File "/home/airflow/.local/lib/python3.12/site-packages/airflow/providers/common/sql/operators/sql.py", line 288, in execute
    output = hook.run(
             ^^^^^^^^^
  File "/home/airflow/.local/lib/python3.12/site-packages/airflow/providers/common/sql/hooks/sql.py", line 439, in run
    with closing(conn.cursor()) as cur:
                 ^^^^^^^^^^^^^
  File "/home/airflow/.local/lib/python3.12/site-packages/trino/dbapi.py", line 264, in cursor
    request = self._create_request()
              ^^^^^^^^^^^^^^^^^^^^^^
  File "/home/airflow/.local/lib/python3.12/site-packages/trino/dbapi.py", line 245, in _create_request
    return trino.client.TrinoRequest(
           ^^^^^^^^^^^^^^^^^^^^^^^^^^
  File "/home/airflow/.local/lib/python3.12/site-packages/trino/client.py", line 434, in __init__
    raise ValueError("cannot use authentication with HTTP")
ValueError: cannot use authentication with HTTP
[2024-09-09T06:19:53.340+0000] {taskinstance.py:1206} INFO - Marking task as UP_FOR_RETRY. dag_id=trino_query_dag, task_id=insert_data_inc, run_id=scheduled__2024-09-08T00:00:00+00:00, execution_date=20240908T000000, start_date=20240909T061952, end_date=20240909T061953
[2024-09-09T06:19:53.358+0000] {standard_task_runner.py:110} ERROR - Failed to execute job 38 for task insert_data_inc (cannot use authentication with HTTP; 31844)
[2024-09-09T06:19:53.392+0000] {local_task_job_runner.py:243} INFO - Task exited with return code 1
[2024-09-09T06:19:53.414+0000] {logging_mixin.py:188} WARNING - /home/airflow/.local/lib/python3.12/site-packages/airflow/models/baseoperator.py:1297 AirflowProviderDeprecationWarning: Call to deprecated class TrinoOperator. (Please use `airflow.providers.common.sql.operators.sql.SQLExecuteQueryOperator`.)
[2024-09-09T06:19:53.437+0000] {taskinstance.py:3503} INFO - 0 downstream tasks scheduled from follow-on schedule check
[2024-09-09T06:19:53.444+0000] {local_task_job_runner.py:222} INFO - ::endgroup::
