[2024-09-09T06:23:35.596+0000] {local_task_job_runner.py:120} INFO - ::group::Pre task execution logs
[2024-09-09T06:23:35.678+0000] {taskinstance.py:2076} INFO - Dependencies all met for dep_context=non-requeueable deps ti=<TaskInstance: trino_query_dag.insert_data_inc scheduled__2024-09-08T00:00:00+00:00 [queued]>
[2024-09-09T06:23:35.697+0000] {taskinstance.py:2076} INFO - Dependencies all met for dep_context=requeueable deps ti=<TaskInstance: trino_query_dag.insert_data_inc scheduled__2024-09-08T00:00:00+00:00 [queued]>
[2024-09-09T06:23:35.698+0000] {taskinstance.py:2306} INFO - Starting attempt 7 of 8
[2024-09-09T06:23:35.720+0000] {taskinstance.py:2330} INFO - Executing <Task(TrinoOperator): insert_data_inc> on 2024-09-08 00:00:00+00:00
[2024-09-09T06:23:35.728+0000] {logging_mixin.py:188} WARNING - /home/airflow/.local/lib/python3.12/site-packages/airflow/task/task_runner/standard_task_runner.py:62 DeprecationWarning: This process (pid=40296) is multi-threaded, use of fork() may lead to deadlocks in the child.
[2024-09-09T06:23:35.731+0000] {standard_task_runner.py:64} INFO - Started process 40314 to run task
[2024-09-09T06:23:35.732+0000] {standard_task_runner.py:90} INFO - Running: ['airflow', 'tasks', 'run', 'trino_query_dag', 'insert_data_inc', 'scheduled__2024-09-08T00:00:00+00:00', '--job-id', '40', '--raw', '--subdir', 'DAGS_FOLDER/test.py', '--cfg-path', '/tmp/tmp57xmfogw']
[2024-09-09T06:23:35.734+0000] {standard_task_runner.py:91} INFO - Job 40: Subtask insert_data_inc
[2024-09-09T06:23:35.754+0000] {logging_mixin.py:188} WARNING - /home/airflow/.local/lib/python3.12/site-packages/airflow/settings.py:195 DeprecationWarning: The sql_alchemy_conn option in [core] has been moved to the sql_alchemy_conn option in [database] - the old setting has been used, but please update your config.
[2024-09-09T06:23:35.807+0000] {task_command.py:426} INFO - Running <TaskInstance: trino_query_dag.insert_data_inc scheduled__2024-09-08T00:00:00+00:00 [running]> on host 92783cd12528
[2024-09-09T06:23:35.812+0000] {logging_mixin.py:188} WARNING - /home/airflow/.local/lib/python3.12/site-packages/airflow/settings.py:356 DeprecationWarning: The sql_engine_encoding option in [core] has been moved to the sql_engine_encoding option in [database] - the old setting has been used, but please update your config.
[2024-09-09T06:23:35.907+0000] {logging_mixin.py:188} WARNING - /home/airflow/.local/lib/python3.12/site-packages/airflow/utils/log/secrets_masker.py:84 DeprecationWarning: The sensitive_variable_fields option in [admin] has been moved to the sensitive_var_conn_names option in [core] - the old setting has been used, but please update your config.
[2024-09-09T06:23:35.948+0000] {taskinstance.py:2648} INFO - Exporting env vars: AIRFLOW_CTX_DAG_OWNER='airflow' AIRFLOW_CTX_DAG_ID='trino_query_dag' AIRFLOW_CTX_TASK_ID='insert_data_inc' AIRFLOW_CTX_EXECUTION_DATE='2024-09-08T00:00:00+00:00' AIRFLOW_CTX_TRY_NUMBER='7' AIRFLOW_CTX_DAG_RUN_ID='scheduled__2024-09-08T00:00:00+00:00'
[2024-09-09T06:23:35.949+0000] {taskinstance.py:430} INFO - ::endgroup::
[2024-09-09T06:23:35.965+0000] {sql.py:282} INFO - Executing: insert into hive.test.nganhangso select * from sqlserver.dbo.nganhangso where date_format(d_date_time, '%Y%m%d') = '20240627'
[2024-09-09T06:23:35.983+0000] {base.py:84} INFO - Using connection ID 'my_trino_connection' for task execution.
[2024-09-09T06:23:35.997+0000] {base.py:84} INFO - Using connection ID 'my_trino_connection' for task execution.
[2024-09-09T06:23:36.005+0000] {base.py:84} INFO - Using connection ID 'my_trino_connection' for task execution.
[2024-09-09T06:23:36.015+0000] {sql.py:495} INFO - Running statement: insert into hive.test.nganhangso select * from sqlserver.dbo.nganhangso where date_format(d_date_time, '%Y%m%d') = '20240627', parameters: None
[2024-09-09T06:23:36.027+0000] {taskinstance.py:441} INFO - ::group::Post task execution logs
[2024-09-09T06:23:36.028+0000] {taskinstance.py:2905} ERROR - Task failed with exception
Traceback (most recent call last):
  File "/home/airflow/.local/lib/python3.12/site-packages/airflow/models/taskinstance.py", line 465, in _execute_task
    result = _execute_callable(context=context, **execute_callable_kwargs)
             ^^^^^^^^^^^^^^^^^^^^^^^^^^^^^^^^^^^^^^^^^^^^^^^^^^^^^^^^^^^^^
  File "/home/airflow/.local/lib/python3.12/site-packages/airflow/models/taskinstance.py", line 432, in _execute_callable
    return execute_callable(context=context, **execute_callable_kwargs)
           ^^^^^^^^^^^^^^^^^^^^^^^^^^^^^^^^^^^^^^^^^^^^^^^^^^^^^^^^^^^^
  File "/home/airflow/.local/lib/python3.12/site-packages/airflow/models/baseoperator.py", line 401, in wrapper
    return func(self, *args, **kwargs)
           ^^^^^^^^^^^^^^^^^^^^^^^^^^^
  File "/home/airflow/.local/lib/python3.12/site-packages/airflow/providers/common/sql/operators/sql.py", line 288, in execute
    output = hook.run(
             ^^^^^^^^^
  File "/home/airflow/.local/lib/python3.12/site-packages/airflow/providers/common/sql/hooks/sql.py", line 442, in run
    self._run_command(cur, sql_statement, parameters)
  File "/home/airflow/.local/lib/python3.12/site-packages/airflow/providers/common/sql/hooks/sql.py", line 500, in _run_command
    cur.execute(sql_statement)
  File "/home/airflow/.local/lib/python3.12/site-packages/trino/dbapi.py", line 589, in execute
    self._iterator = iter(self._query.execute())
                          ^^^^^^^^^^^^^^^^^^^^^
  File "/home/airflow/.local/lib/python3.12/site-packages/trino/client.py", line 805, in execute
    status = self._request.process(response)
             ^^^^^^^^^^^^^^^^^^^^^^^^^^^^^^^
  File "/home/airflow/.local/lib/python3.12/site-packages/trino/client.py", line 606, in process
    self.raise_response_error(http_response)
  File "/home/airflow/.local/lib/python3.12/site-packages/trino/client.py", line 597, in raise_response_error
    raise exceptions.HttpError(
trino.exceptions.HttpError: error 401: b'Basic authentication or X-Trino-Original-User or X-Trino-User must be sent'
[2024-09-09T06:23:36.047+0000] {taskinstance.py:1206} INFO - Marking task as UP_FOR_RETRY. dag_id=trino_query_dag, task_id=insert_data_inc, run_id=scheduled__2024-09-08T00:00:00+00:00, execution_date=20240908T000000, start_date=20240909T062335, end_date=20240909T062336
[2024-09-09T06:23:36.073+0000] {standard_task_runner.py:110} ERROR - Failed to execute job 40 for task insert_data_inc (error 401: b'Basic authentication or X-Trino-Original-User or X-Trino-User must be sent'; 40314)
[2024-09-09T06:23:36.112+0000] {local_task_job_runner.py:243} INFO - Task exited with return code 1
[2024-09-09T06:23:36.130+0000] {logging_mixin.py:188} WARNING - /home/airflow/.local/lib/python3.12/site-packages/airflow/models/baseoperator.py:1297 AirflowProviderDeprecationWarning: Call to deprecated class TrinoOperator. (Please use `airflow.providers.common.sql.operators.sql.SQLExecuteQueryOperator`.)
[2024-09-09T06:23:36.154+0000] {taskinstance.py:3503} INFO - 0 downstream tasks scheduled from follow-on schedule check
[2024-09-09T06:23:36.162+0000] {local_task_job_runner.py:222} INFO - ::endgroup::
