[2024-09-09T07:06:09.452+0000] {local_task_job_runner.py:120} INFO - ::group::Pre task execution logs
[2024-09-09T07:06:09.676+0000] {taskinstance.py:2076} INFO - Dependencies all met for dep_context=non-requeueable deps ti=<TaskInstance: trino_query_dag_irenen.print_start manual__2024-09-09T07:06:05.927777+00:00 [queued]>
[2024-09-09T07:06:09.724+0000] {taskinstance.py:2076} INFO - Dependencies all met for dep_context=requeueable deps ti=<TaskInstance: trino_query_dag_irenen.print_start manual__2024-09-09T07:06:05.927777+00:00 [queued]>
[2024-09-09T07:06:09.729+0000] {taskinstance.py:2306} INFO - Starting attempt 1 of 2
[2024-09-09T07:06:09.756+0000] {taskinstance.py:2330} INFO - Executing <Task(PythonOperator): print_start> on 2024-09-09 07:06:05.927777+00:00
[2024-09-09T07:06:09.774+0000] {standard_task_runner.py:90} INFO - Running: ['airflow', 'tasks', 'run', 'trino_query_dag_irenen', 'print_start', 'manual__2024-09-09T07:06:05.927777+00:00', '--job-id', '52', '--raw', '--subdir', 'DAGS_FOLDER/irenen.py', '--cfg-path', '/tmp/tmpj5slpcs_']
[2024-09-09T07:06:09.780+0000] {standard_task_runner.py:91} INFO - Job 52: Subtask print_start
[2024-09-09T07:06:09.786+0000] {logging_mixin.py:188} WARNING - /home/airflow/.local/lib/python3.12/site-packages/airflow/task/task_runner/standard_task_runner.py:62 DeprecationWarning: This process (pid=41172) is multi-threaded, use of fork() may lead to deadlocks in the child.
[2024-09-09T07:06:09.790+0000] {standard_task_runner.py:64} INFO - Started process 41193 to run task
[2024-09-09T07:06:09.827+0000] {logging_mixin.py:188} WARNING - /home/airflow/.local/lib/python3.12/site-packages/airflow/settings.py:195 DeprecationWarning: The sql_alchemy_conn option in [core] has been moved to the sql_alchemy_conn option in [database] - the old setting has been used, but please update your config.
[2024-09-09T07:06:09.919+0000] {task_command.py:426} INFO - Running <TaskInstance: trino_query_dag_irenen.print_start manual__2024-09-09T07:06:05.927777+00:00 [running]> on host 92783cd12528
[2024-09-09T07:06:10.092+0000] {logging_mixin.py:188} WARNING - /home/airflow/.local/lib/python3.12/site-packages/airflow/utils/log/secrets_masker.py:84 DeprecationWarning: The sensitive_variable_fields option in [admin] has been moved to the sensitive_var_conn_names option in [core] - the old setting has been used, but please update your config.
[2024-09-09T07:06:10.374+0000] {taskinstance.py:2648} INFO - Exporting env vars: AIRFLOW_CTX_DAG_OWNER='airflow' AIRFLOW_CTX_DAG_ID='trino_query_dag_irenen' AIRFLOW_CTX_TASK_ID='print_start' AIRFLOW_CTX_EXECUTION_DATE='2024-09-09T07:06:05.927777+00:00' AIRFLOW_CTX_TRY_NUMBER='1' AIRFLOW_CTX_DAG_RUN_ID='manual__2024-09-09T07:06:05.927777+00:00'
[2024-09-09T07:06:10.380+0000] {taskinstance.py:430} INFO - ::endgroup::
[2024-09-09T07:06:10.498+0000] {logging_mixin.py:188} INFO - Start of DAG execution
[2024-09-09T07:06:10.540+0000] {python.py:237} INFO - Done. Returned value was: None
[2024-09-09T07:06:10.541+0000] {taskinstance.py:441} INFO - ::group::Post task execution logs
[2024-09-09T07:06:10.633+0000] {taskinstance.py:1206} INFO - Marking task as SUCCESS. dag_id=trino_query_dag_irenen, task_id=print_start, run_id=manual__2024-09-09T07:06:05.927777+00:00, execution_date=20240909T070605, start_date=20240909T070609, end_date=20240909T070610
[2024-09-09T07:06:10.889+0000] {local_task_job_runner.py:243} INFO - Task exited with return code 0
[2024-09-09T07:06:10.939+0000] {logging_mixin.py:188} WARNING - /home/airflow/.local/lib/python3.12/site-packages/airflow/models/baseoperator.py:1297 AirflowProviderDeprecationWarning: Call to deprecated class TrinoOperator. (Please use `airflow.providers.common.sql.operators.sql.SQLExecuteQueryOperator`.)
[2024-09-09T07:06:11.093+0000] {taskinstance.py:3503} INFO - 0 downstream tasks scheduled from follow-on schedule check
[2024-09-09T07:06:11.121+0000] {local_task_job_runner.py:222} INFO - ::endgroup::
