[2024-10-27T04:09:36.314+0000] {local_task_job_runner.py:120} INFO - ::group::Pre task execution logs
[2024-10-27T04:09:36.407+0000] {taskinstance.py:2076} INFO - Dependencies all met for dep_context=non-requeueable deps ti=<TaskInstance: query_dag_iron.insert_data_inc scheduled__2024-10-25T00:00:00+00:00 [queued]>
[2024-10-27T04:09:36.437+0000] {taskinstance.py:2076} INFO - Dependencies all met for dep_context=requeueable deps ti=<TaskInstance: query_dag_iron.insert_data_inc scheduled__2024-10-25T00:00:00+00:00 [queued]>
[2024-10-27T04:09:40.157+0000] {taskinstance.py:2306} INFO - Starting attempt 1 of 2
[2024-10-27T04:09:44.996+0000] {taskinstance.py:2330} INFO - Executing <Task(TrinoOperator): insert_data_inc> on 2024-10-25 00:00:00+00:00
[2024-10-27T04:09:45.271+0000] {logging_mixin.py:188} WARNING - /home/airflow/.local/lib/python3.12/site-packages/airflow/task/task_runner/standard_task_runner.py:62 DeprecationWarning: This process (pid=66199) is multi-threaded, use of fork() may lead to deadlocks in the child.
[2024-10-27T04:09:45.256+0000] {standard_task_runner.py:90} INFO - Running: ['airflow', 'tasks', 'run', 'query_dag_iron', 'insert_data_inc', 'scheduled__2024-10-25T00:00:00+00:00', '--job-id', '1899', '--raw', '--subdir', 'DAGS_FOLDER/iron.py', '--cfg-path', '/tmp/tmpote81w6s']
[2024-10-27T04:09:45.469+0000] {standard_task_runner.py:64} INFO - Started process 66277 to run task
[2024-10-27T04:09:45.514+0000] {standard_task_runner.py:91} INFO - Job 1899: Subtask insert_data_inc
[2024-10-27T04:09:46.570+0000] {logging_mixin.py:188} WARNING - /home/airflow/.local/lib/python3.12/site-packages/airflow/settings.py:195 DeprecationWarning: The sql_alchemy_conn option in [core] has been moved to the sql_alchemy_conn option in [database] - the old setting has been used, but please update your config.
[2024-10-27T04:09:47.880+0000] {task_command.py:426} INFO - Running <TaskInstance: query_dag_iron.insert_data_inc scheduled__2024-10-25T00:00:00+00:00 [running]> on host 92783cd12528
[2024-10-27T04:09:47.974+0000] {logging_mixin.py:188} WARNING - /home/airflow/.local/lib/python3.12/site-packages/airflow/settings.py:356 DeprecationWarning: The sql_engine_encoding option in [core] has been moved to the sql_engine_encoding option in [database] - the old setting has been used, but please update your config.
[2024-10-27T04:09:52.071+0000] {logging_mixin.py:188} WARNING - /home/airflow/.local/lib/python3.12/site-packages/airflow/utils/log/secrets_masker.py:84 DeprecationWarning: The sensitive_variable_fields option in [admin] has been moved to the sensitive_var_conn_names option in [core] - the old setting has been used, but please update your config.
[2024-10-27T04:09:54.257+0000] {taskinstance.py:2648} INFO - Exporting env vars: AIRFLOW_CTX_DAG_OWNER='airflow' AIRFLOW_CTX_DAG_ID='query_dag_iron' AIRFLOW_CTX_TASK_ID='insert_data_inc' AIRFLOW_CTX_EXECUTION_DATE='2024-10-25T00:00:00+00:00' AIRFLOW_CTX_TRY_NUMBER='1' AIRFLOW_CTX_DAG_RUN_ID='scheduled__2024-10-25T00:00:00+00:00'
[2024-10-27T04:09:54.379+0000] {taskinstance.py:430} INFO - ::endgroup::
[2024-10-27T04:09:54.710+0000] {sql.py:282} INFO - Executing: insert into hive.iron.customer select *  from sqlserver.dbo.soul
[2024-10-27T04:09:54.878+0000] {base.py:84} INFO - Using connection ID 'my_trino_connection' for task execution.
[2024-10-27T04:09:54.953+0000] {base.py:84} INFO - Using connection ID 'my_trino_connection' for task execution.
[2024-10-27T04:09:55.199+0000] {base.py:84} INFO - Using connection ID 'my_trino_connection' for task execution.
[2024-10-27T04:09:55.278+0000] {sql.py:495} INFO - Running statement: insert into hive.iron.customer select *  from sqlserver.dbo.soul, parameters: None
[2024-10-27T04:10:02.912+0000] {local_task_job_runner.py:124} ERROR - Received SIGTERM. Terminating subprocesses
[2024-10-27T04:10:03.137+0000] {process_utils.py:132} INFO - Sending 15 to group 66277. PIDs of all processes in the group: [66277]
[2024-10-27T04:10:03.156+0000] {process_utils.py:87} INFO - Sending the signal 15 to group 66277
[2024-10-27T04:10:03.221+0000] {taskinstance.py:2611} ERROR - Received SIGTERM. Terminating subprocesses.
[2024-10-27T04:10:03.255+0000] {trino.py:70} INFO - Stopping query run with queryId - 
[2024-10-27T04:10:03.333+0000] {base.py:84} INFO - Using connection ID 'my_trino_connection' for task execution.
[2024-10-27T04:10:03.419+0000] {local_task_job_runner.py:124} ERROR - Received SIGTERM. Terminating subprocesses
[2024-10-27T04:10:03.469+0000] {base.py:84} INFO - Using connection ID 'my_trino_connection' for task execution.
[2024-10-27T04:10:03.598+0000] {sql.py:495} INFO - Running statement: CALL system.runtime.kill_query(query_id => '',message => 'Job killed by user');, parameters: None
