[2024-08-28T04:00:03.467+0000] {local_task_job_runner.py:120} INFO - ::group::Pre task execution logs
[2024-08-28T04:00:03.529+0000] {taskinstance.py:2076} INFO - Dependencies all met for dep_context=non-requeueable deps ti=<TaskInstance: trino_query_dag_ironmale.insert_data_inc scheduled__2024-08-28T03:00:00+00:00 [queued]>
[2024-08-28T04:00:03.548+0000] {taskinstance.py:2076} INFO - Dependencies all met for dep_context=requeueable deps ti=<TaskInstance: trino_query_dag_ironmale.insert_data_inc scheduled__2024-08-28T03:00:00+00:00 [queued]>
[2024-08-28T04:00:03.549+0000] {taskinstance.py:2306} INFO - Starting attempt 1 of 2
[2024-08-28T04:00:03.590+0000] {taskinstance.py:2330} INFO - Executing <Task(TrinoOperator): insert_data_inc> on 2024-08-28 03:00:00+00:00
[2024-08-28T04:00:03.609+0000] {logging_mixin.py:188} WARNING - /home/airflow/.local/lib/python3.12/site-packages/airflow/task/task_runner/standard_task_runner.py:62 DeprecationWarning: This process (pid=36860) is multi-threaded, use of fork() may lead to deadlocks in the child.
[2024-08-28T04:00:03.611+0000] {standard_task_runner.py:64} INFO - Started process 36865 to run task
[2024-08-28T04:00:03.613+0000] {standard_task_runner.py:90} INFO - Running: ['airflow', 'tasks', 'run', 'trino_query_dag_ironmale', 'insert_data_inc', 'scheduled__2024-08-28T03:00:00+00:00', '--job-id', '622', '--raw', '--subdir', 'DAGS_FOLDER/ironmale.py', '--cfg-path', '/tmp/tmppjkzmf3l']
[2024-08-28T04:00:03.616+0000] {standard_task_runner.py:91} INFO - Job 622: Subtask insert_data_inc
[2024-08-28T04:00:03.649+0000] {logging_mixin.py:188} WARNING - /home/airflow/.local/lib/python3.12/site-packages/airflow/settings.py:195 DeprecationWarning: The sql_alchemy_conn option in [core] has been moved to the sql_alchemy_conn option in [database] - the old setting has been used, but please update your config.
[2024-08-28T04:00:03.712+0000] {task_command.py:426} INFO - Running <TaskInstance: trino_query_dag_ironmale.insert_data_inc scheduled__2024-08-28T03:00:00+00:00 [running]> on host b476143e3d64
[2024-08-28T04:00:03.879+0000] {taskinstance.py:2648} INFO - Exporting env vars: AIRFLOW_CTX_DAG_OWNER='airflow' AIRFLOW_CTX_DAG_ID='trino_query_dag_ironmale' AIRFLOW_CTX_TASK_ID='insert_data_inc' AIRFLOW_CTX_EXECUTION_DATE='2024-08-28T03:00:00+00:00' AIRFLOW_CTX_TRY_NUMBER='1' AIRFLOW_CTX_DAG_RUN_ID='scheduled__2024-08-28T03:00:00+00:00'
[2024-08-28T04:00:03.882+0000] {taskinstance.py:430} INFO - ::endgroup::
[2024-08-28T04:00:03.901+0000] {sql.py:282} INFO - Executing: insert into hive.ironmale.soul select * from sqlserver.dbo.soul  where hour = 22
[2024-08-28T04:00:03.938+0000] {base.py:84} INFO - Using connection ID 'my_trino_connection' for task execution.
[2024-08-28T04:00:03.969+0000] {base.py:84} INFO - Using connection ID 'my_trino_connection' for task execution.
[2024-08-28T04:00:03.990+0000] {base.py:84} INFO - Using connection ID 'my_trino_connection' for task execution.
[2024-08-28T04:00:03.994+0000] {sql.py:495} INFO - Running statement: insert into hive.ironmale.soul select * from sqlserver.dbo.soul  where hour = 22, parameters: None
[2024-08-28T04:00:06.335+0000] {sql.py:504} INFO - Rows affected: 2700
[2024-08-28T04:00:06.836+0000] {taskinstance.py:441} INFO - ::group::Post task execution logs
[2024-08-28T04:00:06.893+0000] {taskinstance.py:1206} INFO - Marking task as SUCCESS. dag_id=trino_query_dag_ironmale, task_id=insert_data_inc, run_id=scheduled__2024-08-28T03:00:00+00:00, execution_date=20240828T030000, start_date=20240828T040003, end_date=20240828T040006
[2024-08-28T04:00:06.953+0000] {local_task_job_runner.py:243} INFO - Task exited with return code 0
[2024-08-28T04:00:06.994+0000] {logging_mixin.py:188} WARNING - /home/airflow/.local/lib/python3.12/site-packages/airflow/models/baseoperator.py:1297 AirflowProviderDeprecationWarning: Call to deprecated class TrinoOperator. (Please use `airflow.providers.common.sql.operators.sql.SQLExecuteQueryOperator`.)
[2024-08-28T04:00:07.021+0000] {taskinstance.py:3503} INFO - 1 downstream tasks scheduled from follow-on schedule check
[2024-08-28T04:00:07.031+0000] {local_task_job_runner.py:222} INFO - ::endgroup::
