[2024-09-27T01:07:25.921+0000] {local_task_job_runner.py:120} INFO - ::group::Pre task execution logs
[2024-09-27T01:07:25.980+0000] {taskinstance.py:2076} INFO - Dependencies all met for dep_context=non-requeueable deps ti=<TaskInstance: query_dag_irenen.insert_data_inc scheduled__2024-09-26T00:00:00+00:00 [queued]>
[2024-09-27T01:07:25.993+0000] {taskinstance.py:2076} INFO - Dependencies all met for dep_context=requeueable deps ti=<TaskInstance: query_dag_irenen.insert_data_inc scheduled__2024-09-26T00:00:00+00:00 [queued]>
[2024-09-27T01:07:27.145+0000] {taskinstance.py:2306} INFO - Starting attempt 1 of 2
[2024-09-27T01:07:30.130+0000] {taskinstance.py:2330} INFO - Executing <Task(TrinoOperator): insert_data_inc> on 2024-09-26 00:00:00+00:00
[2024-09-27T01:07:30.138+0000] {logging_mixin.py:188} WARNING - /home/airflow/.local/lib/python3.12/site-packages/airflow/task/task_runner/standard_task_runner.py:62 DeprecationWarning: This process (pid=97340) is multi-threaded, use of fork() may lead to deadlocks in the child.
[2024-09-27T01:07:30.148+0000] {standard_task_runner.py:64} INFO - Started process 97381 to run task
[2024-09-27T01:07:30.160+0000] {standard_task_runner.py:90} INFO - Running: ['airflow', 'tasks', 'run', 'query_dag_irenen', 'insert_data_inc', 'scheduled__2024-09-26T00:00:00+00:00', '--job-id', '619', '--raw', '--subdir', 'DAGS_FOLDER/irenen.py', '--cfg-path', '/tmp/tmpbr9j8lz7']
[2024-09-27T01:07:30.166+0000] {standard_task_runner.py:91} INFO - Job 619: Subtask insert_data_inc
[2024-09-27T01:07:31.746+0000] {logging_mixin.py:188} WARNING - /home/airflow/.local/lib/python3.12/site-packages/airflow/settings.py:195 DeprecationWarning: The sql_alchemy_conn option in [core] has been moved to the sql_alchemy_conn option in [database] - the old setting has been used, but please update your config.
[2024-09-27T01:07:31.823+0000] {task_command.py:426} INFO - Running <TaskInstance: query_dag_irenen.insert_data_inc scheduled__2024-09-26T00:00:00+00:00 [running]> on host 92783cd12528
[2024-09-27T01:07:31.828+0000] {logging_mixin.py:188} WARNING - /home/airflow/.local/lib/python3.12/site-packages/airflow/settings.py:356 DeprecationWarning: The sql_engine_encoding option in [core] has been moved to the sql_engine_encoding option in [database] - the old setting has been used, but please update your config.
[2024-09-27T01:07:35.013+0000] {logging_mixin.py:188} WARNING - /home/airflow/.local/lib/python3.12/site-packages/airflow/utils/log/secrets_masker.py:84 DeprecationWarning: The sensitive_variable_fields option in [admin] has been moved to the sensitive_var_conn_names option in [core] - the old setting has been used, but please update your config.
[2024-09-27T01:07:38.407+0000] {taskinstance.py:2648} INFO - Exporting env vars: AIRFLOW_CTX_DAG_OWNER='airflow' AIRFLOW_CTX_DAG_ID='query_dag_irenen' AIRFLOW_CTX_TASK_ID='insert_data_inc' AIRFLOW_CTX_EXECUTION_DATE='2024-09-26T00:00:00+00:00' AIRFLOW_CTX_TRY_NUMBER='1' AIRFLOW_CTX_DAG_RUN_ID='scheduled__2024-09-26T00:00:00+00:00'
[2024-09-27T01:07:38.410+0000] {taskinstance.py:430} INFO - ::endgroup::
[2024-09-27T01:07:38.444+0000] {sql.py:282} INFO - Executing: insert into hive.irenen.sou         WITH sou_cte AS (         SELECT * FROM sqlserver.dbo.Sou         where hour =22        ) SELECT * FROM sou_cte
[2024-09-27T01:07:38.490+0000] {base.py:84} INFO - Using connection ID 'my_trino_connection' for task execution.
[2024-09-27T01:07:38.520+0000] {base.py:84} INFO - Using connection ID 'my_trino_connection' for task execution.
[2024-09-27T01:07:38.535+0000] {base.py:84} INFO - Using connection ID 'my_trino_connection' for task execution.
[2024-09-27T01:07:38.542+0000] {sql.py:495} INFO - Running statement: insert into hive.irenen.sou         WITH sou_cte AS (         SELECT * FROM sqlserver.dbo.Sou         where hour =22        ) SELECT * FROM sou_cte, parameters: None
[2024-09-27T01:09:29.674+0000] {sql.py:504} INFO - Rows affected: 1048567
[2024-09-27T01:09:30.477+0000] {taskinstance.py:441} INFO - ::group::Post task execution logs
[2024-09-27T01:09:31.274+0000] {taskinstance.py:1206} INFO - Marking task as SUCCESS. dag_id=query_dag_irenen, task_id=insert_data_inc, run_id=scheduled__2024-09-26T00:00:00+00:00, execution_date=20240926T000000, start_date=20240927T010725, end_date=20240927T010931
[2024-09-27T01:09:31.379+0000] {local_task_job_runner.py:243} INFO - Task exited with return code 0
[2024-09-27T01:09:31.425+0000] {logging_mixin.py:188} WARNING - /home/airflow/.local/lib/python3.12/site-packages/airflow/models/baseoperator.py:1297 AirflowProviderDeprecationWarning: Call to deprecated class TrinoOperator. (Please use `airflow.providers.common.sql.operators.sql.SQLExecuteQueryOperator`.)
[2024-09-27T01:09:31.466+0000] {taskinstance.py:3503} INFO - 1 downstream tasks scheduled from follow-on schedule check
[2024-09-27T01:09:31.476+0000] {local_task_job_runner.py:222} INFO - ::endgroup::
