[2024-10-14T01:00:11.866+0000] {local_task_job_runner.py:120} INFO - ::group::Pre task execution logs
[2024-10-14T01:00:16.283+0000] {taskinstance.py:2076} INFO - Dependencies all met for dep_context=non-requeueable deps ti=<TaskInstance: query_dag_iron.insert_data_inc scheduled__2024-10-11T00:00:00+00:00 [queued]>
[2024-10-14T01:00:16.354+0000] {taskinstance.py:2076} INFO - Dependencies all met for dep_context=requeueable deps ti=<TaskInstance: query_dag_iron.insert_data_inc scheduled__2024-10-11T00:00:00+00:00 [queued]>
[2024-10-14T01:00:17.521+0000] {taskinstance.py:2306} INFO - Starting attempt 1 of 2
[2024-10-14T01:00:23.151+0000] {taskinstance.py:2330} INFO - Executing <Task(TrinoOperator): insert_data_inc> on 2024-10-11 00:00:00+00:00
[2024-10-14T01:00:23.193+0000] {logging_mixin.py:188} WARNING - /home/airflow/.local/lib/python3.12/site-packages/airflow/task/task_runner/standard_task_runner.py:62 DeprecationWarning: This process (pid=208483) is multi-threaded, use of fork() may lead to deadlocks in the child.
[2024-10-14T01:00:23.203+0000] {standard_task_runner.py:64} INFO - Started process 208736 to run task
[2024-10-14T01:00:23.197+0000] {standard_task_runner.py:90} INFO - Running: ['airflow', 'tasks', 'run', 'query_dag_iron', 'insert_data_inc', 'scheduled__2024-10-11T00:00:00+00:00', '--job-id', '1062', '--raw', '--subdir', 'DAGS_FOLDER/iron.py', '--cfg-path', '/tmp/tmpg2ex2w11']
[2024-10-14T01:00:23.229+0000] {standard_task_runner.py:91} INFO - Job 1062: Subtask insert_data_inc
[2024-10-14T01:00:27.596+0000] {logging_mixin.py:188} WARNING - /home/airflow/.local/lib/python3.12/site-packages/airflow/settings.py:195 DeprecationWarning: The sql_alchemy_conn option in [core] has been moved to the sql_alchemy_conn option in [database] - the old setting has been used, but please update your config.
[2024-10-14T01:00:27.907+0000] {task_command.py:426} INFO - Running <TaskInstance: query_dag_iron.insert_data_inc scheduled__2024-10-11T00:00:00+00:00 [running]> on host 92783cd12528
[2024-10-14T01:00:27.916+0000] {logging_mixin.py:188} WARNING - /home/airflow/.local/lib/python3.12/site-packages/airflow/settings.py:356 DeprecationWarning: The sql_engine_encoding option in [core] has been moved to the sql_engine_encoding option in [database] - the old setting has been used, but please update your config.
[2024-10-14T01:00:30.700+0000] {logging_mixin.py:188} WARNING - /home/airflow/.local/lib/python3.12/site-packages/airflow/utils/log/secrets_masker.py:84 DeprecationWarning: The sensitive_variable_fields option in [admin] has been moved to the sensitive_var_conn_names option in [core] - the old setting has been used, but please update your config.
[2024-10-14T01:00:35.708+0000] {taskinstance.py:2648} INFO - Exporting env vars: AIRFLOW_CTX_DAG_OWNER='airflow' AIRFLOW_CTX_DAG_ID='query_dag_iron' AIRFLOW_CTX_TASK_ID='insert_data_inc' AIRFLOW_CTX_EXECUTION_DATE='2024-10-11T00:00:00+00:00' AIRFLOW_CTX_TRY_NUMBER='1' AIRFLOW_CTX_DAG_RUN_ID='scheduled__2024-10-11T00:00:00+00:00'
[2024-10-14T01:00:36.461+0000] {taskinstance.py:430} INFO - ::endgroup::
[2024-10-14T01:00:37.066+0000] {sql.py:282} INFO - Executing: insert into hive.iron.customer select *  from sqlserver.dbo.soul
[2024-10-14T01:00:37.392+0000] {base.py:84} INFO - Using connection ID 'my_trino_connection' for task execution.
[2024-10-14T01:00:37.496+0000] {base.py:84} INFO - Using connection ID 'my_trino_connection' for task execution.
[2024-10-14T01:00:37.687+0000] {base.py:84} INFO - Using connection ID 'my_trino_connection' for task execution.
[2024-10-14T01:00:38.179+0000] {sql.py:495} INFO - Running statement: insert into hive.iron.customer select *  from sqlserver.dbo.soul, parameters: None
[2024-10-14T01:01:31.185+0000] {sql.py:504} INFO - Rows affected: 65535
[2024-10-14T01:01:33.968+0000] {taskinstance.py:441} INFO - ::group::Post task execution logs
[2024-10-14T01:01:40.118+0000] {taskinstance.py:1206} INFO - Marking task as SUCCESS. dag_id=query_dag_iron, task_id=insert_data_inc, run_id=scheduled__2024-10-11T00:00:00+00:00, execution_date=20241011T000000, start_date=20241014T010016, end_date=20241014T010140
[2024-10-14T01:01:44.928+0000] {local_task_job_runner.py:243} INFO - Task exited with return code 0
[2024-10-14T01:01:44.947+0000] {logging_mixin.py:188} WARNING - /home/airflow/.local/lib/python3.12/site-packages/airflow/models/baseoperator.py:1297 AirflowProviderDeprecationWarning: Call to deprecated class TrinoOperator. (Please use `airflow.providers.common.sql.operators.sql.SQLExecuteQueryOperator`.)
[2024-10-14T01:01:44.987+0000] {taskinstance.py:3503} INFO - 1 downstream tasks scheduled from follow-on schedule check
[2024-10-14T01:01:53.642+0000] {local_task_job_runner.py:222} INFO - ::endgroup::
