[2024-09-09T07:14:50.588+0000] {local_task_job_runner.py:120} INFO - ::group::Pre task execution logs
[2024-09-09T07:14:50.740+0000] {taskinstance.py:2076} INFO - Dependencies all met for dep_context=non-requeueable deps ti=<TaskInstance: trino_query_dag.print_end manual__2024-09-09T07:14:44.617235+00:00 [queued]>
[2024-09-09T07:14:50.765+0000] {taskinstance.py:2076} INFO - Dependencies all met for dep_context=requeueable deps ti=<TaskInstance: trino_query_dag.print_end manual__2024-09-09T07:14:44.617235+00:00 [queued]>
[2024-09-09T07:14:50.766+0000] {taskinstance.py:2306} INFO - Starting attempt 1 of 2
[2024-09-09T07:14:50.792+0000] {taskinstance.py:2330} INFO - Executing <Task(PythonOperator): print_end> on 2024-09-09 07:14:44.617235+00:00
[2024-09-09T07:14:50.802+0000] {logging_mixin.py:188} WARNING - /home/airflow/.local/lib/python3.12/site-packages/airflow/task/task_runner/standard_task_runner.py:62 DeprecationWarning: This process (pid=56669) is multi-threaded, use of fork() may lead to deadlocks in the child.
[2024-09-09T07:14:50.804+0000] {standard_task_runner.py:64} INFO - Started process 56682 to run task
[2024-09-09T07:14:50.800+0000] {standard_task_runner.py:90} INFO - Running: ['airflow', 'tasks', 'run', 'trino_query_dag', 'print_end', 'manual__2024-09-09T07:14:44.617235+00:00', '--job-id', '80', '--raw', '--subdir', 'DAGS_FOLDER/test.py', '--cfg-path', '/tmp/tmp41lt84o9']
[2024-09-09T07:14:50.804+0000] {standard_task_runner.py:91} INFO - Job 80: Subtask print_end
[2024-09-09T07:14:50.828+0000] {logging_mixin.py:188} WARNING - /home/airflow/.local/lib/python3.12/site-packages/airflow/settings.py:195 DeprecationWarning: The sql_alchemy_conn option in [core] has been moved to the sql_alchemy_conn option in [database] - the old setting has been used, but please update your config.
[2024-09-09T07:14:50.887+0000] {task_command.py:426} INFO - Running <TaskInstance: trino_query_dag.print_end manual__2024-09-09T07:14:44.617235+00:00 [running]> on host 92783cd12528
[2024-09-09T07:14:51.098+0000] {logging_mixin.py:188} WARNING - /home/airflow/.local/lib/python3.12/site-packages/airflow/utils/log/secrets_masker.py:84 DeprecationWarning: The sensitive_variable_fields option in [admin] has been moved to the sensitive_var_conn_names option in [core] - the old setting has been used, but please update your config.
[2024-09-09T07:14:51.188+0000] {taskinstance.py:2648} INFO - Exporting env vars: AIRFLOW_CTX_DAG_OWNER='airflow' AIRFLOW_CTX_DAG_ID='trino_query_dag' AIRFLOW_CTX_TASK_ID='print_end' AIRFLOW_CTX_EXECUTION_DATE='2024-09-09T07:14:44.617235+00:00' AIRFLOW_CTX_TRY_NUMBER='1' AIRFLOW_CTX_DAG_RUN_ID='manual__2024-09-09T07:14:44.617235+00:00'
[2024-09-09T07:14:51.190+0000] {taskinstance.py:430} INFO - ::endgroup::
[2024-09-09T07:14:51.212+0000] {logging_mixin.py:188} INFO - End of DAG execution
[2024-09-09T07:14:51.213+0000] {python.py:237} INFO - Done. Returned value was: None
[2024-09-09T07:14:51.219+0000] {taskinstance.py:441} INFO - ::group::Post task execution logs
[2024-09-09T07:14:51.235+0000] {taskinstance.py:1206} INFO - Marking task as SUCCESS. dag_id=trino_query_dag, task_id=print_end, run_id=manual__2024-09-09T07:14:44.617235+00:00, execution_date=20240909T071444, start_date=20240909T071450, end_date=20240909T071451
[2024-09-09T07:14:51.302+0000] {local_task_job_runner.py:243} INFO - Task exited with return code 0
[2024-09-09T07:14:51.329+0000] {taskinstance.py:3503} INFO - 0 downstream tasks scheduled from follow-on schedule check
[2024-09-09T07:14:51.345+0000] {local_task_job_runner.py:222} INFO - ::endgroup::
