[2024-08-28T01:00:02.713+0000] {local_task_job_runner.py:120} INFO - ::group::Pre task execution logs
[2024-08-28T01:00:02.861+0000] {taskinstance.py:2076} INFO - Dependencies all met for dep_context=non-requeueable deps ti=<TaskInstance: trino_query_dag_irenen.insert_data_inc scheduled__2024-08-28T00:00:00+00:00 [queued]>
[2024-08-28T01:00:02.919+0000] {taskinstance.py:2076} INFO - Dependencies all met for dep_context=requeueable deps ti=<TaskInstance: trino_query_dag_irenen.insert_data_inc scheduled__2024-08-28T00:00:00+00:00 [queued]>
[2024-08-28T01:00:02.920+0000] {taskinstance.py:2306} INFO - Starting attempt 1 of 2
[2024-08-28T01:00:02.990+0000] {taskinstance.py:2330} INFO - Executing <Task(TrinoOperator): insert_data_inc> on 2024-08-28 00:00:00+00:00
[2024-08-28T01:00:03.017+0000] {logging_mixin.py:188} WARNING - /home/airflow/.local/lib/python3.12/site-packages/airflow/task/task_runner/standard_task_runner.py:62 DeprecationWarning: This process (pid=22571) is multi-threaded, use of fork() may lead to deadlocks in the child.
[2024-08-28T01:00:03.019+0000] {standard_task_runner.py:64} INFO - Started process 22575 to run task
[2024-08-28T01:00:03.017+0000] {standard_task_runner.py:90} INFO - Running: ['airflow', 'tasks', 'run', 'trino_query_dag_irenen', 'insert_data_inc', 'scheduled__2024-08-28T00:00:00+00:00', '--job-id', '582', '--raw', '--subdir', 'DAGS_FOLDER/irenen.py', '--cfg-path', '/tmp/tmpmu2vo3ut']
[2024-08-28T01:00:03.022+0000] {standard_task_runner.py:91} INFO - Job 582: Subtask insert_data_inc
[2024-08-28T01:00:03.068+0000] {logging_mixin.py:188} WARNING - /home/airflow/.local/lib/python3.12/site-packages/airflow/settings.py:195 DeprecationWarning: The sql_alchemy_conn option in [core] has been moved to the sql_alchemy_conn option in [database] - the old setting has been used, but please update your config.
[2024-08-28T01:00:03.151+0000] {task_command.py:426} INFO - Running <TaskInstance: trino_query_dag_irenen.insert_data_inc scheduled__2024-08-28T00:00:00+00:00 [running]> on host b476143e3d64
[2024-08-28T01:00:03.409+0000] {taskinstance.py:2648} INFO - Exporting env vars: AIRFLOW_CTX_DAG_OWNER='airflow' AIRFLOW_CTX_DAG_ID='trino_query_dag_irenen' AIRFLOW_CTX_TASK_ID='insert_data_inc' AIRFLOW_CTX_EXECUTION_DATE='2024-08-28T00:00:00+00:00' AIRFLOW_CTX_TRY_NUMBER='1' AIRFLOW_CTX_DAG_RUN_ID='scheduled__2024-08-28T00:00:00+00:00'
[2024-08-28T01:00:03.412+0000] {taskinstance.py:430} INFO - ::endgroup::
[2024-08-28T01:00:03.428+0000] {sql.py:282} INFO - Executing: insert into hive.irenen.sou select * from sqlserver.dbo.sou where sex in ('boy', 'girl')
[2024-08-28T01:00:03.452+0000] {base.py:84} INFO - Using connection ID 'my_trino_connection' for task execution.
[2024-08-28T01:00:03.464+0000] {base.py:84} INFO - Using connection ID 'my_trino_connection' for task execution.
[2024-08-28T01:00:03.472+0000] {base.py:84} INFO - Using connection ID 'my_trino_connection' for task execution.
[2024-08-28T01:00:03.480+0000] {sql.py:495} INFO - Running statement: insert into hive.irenen.sou select * from sqlserver.dbo.sou where sex in ('boy', 'girl'), parameters: None
[2024-08-28T01:00:04.364+0000] {sql.py:504} INFO - Rows affected: 4
[2024-08-28T01:00:04.794+0000] {taskinstance.py:441} INFO - ::group::Post task execution logs
[2024-08-28T01:00:04.837+0000] {taskinstance.py:1206} INFO - Marking task as SUCCESS. dag_id=trino_query_dag_irenen, task_id=insert_data_inc, run_id=scheduled__2024-08-28T00:00:00+00:00, execution_date=20240828T000000, start_date=20240828T010002, end_date=20240828T010004
[2024-08-28T01:00:04.920+0000] {local_task_job_runner.py:243} INFO - Task exited with return code 0
[2024-08-28T01:00:04.941+0000] {logging_mixin.py:188} WARNING - /home/airflow/.local/lib/python3.12/site-packages/airflow/models/baseoperator.py:1297 AirflowProviderDeprecationWarning: Call to deprecated class TrinoOperator. (Please use `airflow.providers.common.sql.operators.sql.SQLExecuteQueryOperator`.)
[2024-08-28T01:00:04.959+0000] {taskinstance.py:3503} INFO - 1 downstream tasks scheduled from follow-on schedule check
[2024-08-28T01:00:04.963+0000] {local_task_job_runner.py:222} INFO - ::endgroup::
