[2024-08-20T09:46:22.947+0000] {local_task_job_runner.py:120} INFO - ::group::Pre task execution logs
[2024-08-20T09:46:22.991+0000] {taskinstance.py:2076} INFO - Dependencies all met for dep_context=non-requeueable deps ti=<TaskInstance: trino_query_dag.print_end manual__2024-08-20T07:38:04.005618+00:00 [queued]>
[2024-08-20T09:46:23.004+0000] {taskinstance.py:2076} INFO - Dependencies all met for dep_context=requeueable deps ti=<TaskInstance: trino_query_dag.print_end manual__2024-08-20T07:38:04.005618+00:00 [queued]>
[2024-08-20T09:46:23.006+0000] {taskinstance.py:2306} INFO - Starting attempt 3 of 4
[2024-08-20T09:46:23.034+0000] {taskinstance.py:2330} INFO - Executing <Task(PythonOperator): print_end> on 2024-08-20 07:38:04.005618+00:00
[2024-08-20T09:46:23.056+0000] {logging_mixin.py:188} WARNING - /home/airflow/.local/lib/python3.12/site-packages/airflow/task/task_runner/standard_task_runner.py:62 DeprecationWarning: This process (pid=7662) is multi-threaded, use of fork() may lead to deadlocks in the child.
[2024-08-20T09:46:23.055+0000] {standard_task_runner.py:90} INFO - Running: ['airflow', 'tasks', 'run', 'trino_query_dag', 'print_end', 'manual__2024-08-20T07:38:04.005618+00:00', '--job-id', '67', '--raw', '--subdir', 'DAGS_FOLDER/test.py', '--cfg-path', '/tmp/tmpt6zjy2j5']
[2024-08-20T09:46:23.058+0000] {standard_task_runner.py:64} INFO - Started process 7663 to run task
[2024-08-20T09:46:23.058+0000] {standard_task_runner.py:91} INFO - Job 67: Subtask print_end
[2024-08-20T09:46:23.091+0000] {logging_mixin.py:188} WARNING - /home/airflow/.local/lib/python3.12/site-packages/airflow/settings.py:195 DeprecationWarning: The sql_alchemy_conn option in [core] has been moved to the sql_alchemy_conn option in [database] - the old setting has been used, but please update your config.
[2024-08-20T09:46:23.143+0000] {task_command.py:426} INFO - Running <TaskInstance: trino_query_dag.print_end manual__2024-08-20T07:38:04.005618+00:00 [running]> on host b476143e3d64
[2024-08-20T09:46:23.285+0000] {taskinstance.py:2648} INFO - Exporting env vars: AIRFLOW_CTX_DAG_OWNER='airflow' AIRFLOW_CTX_DAG_ID='trino_query_dag' AIRFLOW_CTX_TASK_ID='print_end' AIRFLOW_CTX_EXECUTION_DATE='2024-08-20T07:38:04.005618+00:00' AIRFLOW_CTX_TRY_NUMBER='3' AIRFLOW_CTX_DAG_RUN_ID='manual__2024-08-20T07:38:04.005618+00:00'
[2024-08-20T09:46:23.317+0000] {taskinstance.py:430} INFO - ::endgroup::
[2024-08-20T09:46:23.352+0000] {logging_mixin.py:188} INFO - End of DAG execution
[2024-08-20T09:46:23.509+0000] {python.py:237} INFO - Done. Returned value was: None
[2024-08-20T09:46:23.513+0000] {taskinstance.py:441} INFO - ::group::Post task execution logs
[2024-08-20T09:46:23.528+0000] {taskinstance.py:1206} INFO - Marking task as SUCCESS. dag_id=trino_query_dag, task_id=print_end, run_id=manual__2024-08-20T07:38:04.005618+00:00, execution_date=20240820T073804, start_date=20240820T094622, end_date=20240820T094623
[2024-08-20T09:46:23.555+0000] {local_task_job_runner.py:243} INFO - Task exited with return code 0
[2024-08-20T09:46:23.576+0000] {taskinstance.py:3503} INFO - 0 downstream tasks scheduled from follow-on schedule check
[2024-08-20T09:46:23.580+0000] {local_task_job_runner.py:222} INFO - ::endgroup::
