[2024-08-20T09:36:30.315+0000] {local_task_job_runner.py:120} INFO - ::group::Pre task execution logs
[2024-08-20T09:36:30.353+0000] {taskinstance.py:2076} INFO - Dependencies all met for dep_context=non-requeueable deps ti=<TaskInstance: trino_query_dag.print_end manual__2024-08-20T07:38:04.005618+00:00 [queued]>
[2024-08-20T09:36:30.365+0000] {taskinstance.py:2076} INFO - Dependencies all met for dep_context=requeueable deps ti=<TaskInstance: trino_query_dag.print_end manual__2024-08-20T07:38:04.005618+00:00 [queued]>
[2024-08-20T09:36:30.367+0000] {taskinstance.py:2306} INFO - Starting attempt 2 of 3
[2024-08-20T09:36:30.617+0000] {taskinstance.py:2330} INFO - Executing <Task(PythonOperator): print_end> on 2024-08-20 07:38:04.005618+00:00
[2024-08-20T09:36:30.626+0000] {logging_mixin.py:188} WARNING - /home/airflow/.local/lib/python3.12/site-packages/airflow/task/task_runner/standard_task_runner.py:62 DeprecationWarning: This process (pid=7446) is multi-threaded, use of fork() may lead to deadlocks in the child.
[2024-08-20T09:36:30.627+0000] {standard_task_runner.py:64} INFO - Started process 7449 to run task
[2024-08-20T09:36:30.626+0000] {standard_task_runner.py:90} INFO - Running: ['airflow', 'tasks', 'run', 'trino_query_dag', 'print_end', 'manual__2024-08-20T07:38:04.005618+00:00', '--job-id', '62', '--raw', '--subdir', 'DAGS_FOLDER/test.py', '--cfg-path', '/tmp/tmpzmhh3z2u']
[2024-08-20T09:36:30.628+0000] {standard_task_runner.py:91} INFO - Job 62: Subtask print_end
[2024-08-20T09:36:30.910+0000] {logging_mixin.py:188} WARNING - /home/airflow/.local/lib/python3.12/site-packages/airflow/settings.py:195 DeprecationWarning: The sql_alchemy_conn option in [core] has been moved to the sql_alchemy_conn option in [database] - the old setting has been used, but please update your config.
[2024-08-20T09:36:30.984+0000] {task_command.py:426} INFO - Running <TaskInstance: trino_query_dag.print_end manual__2024-08-20T07:38:04.005618+00:00 [running]> on host b476143e3d64
[2024-08-20T09:36:31.107+0000] {taskinstance.py:2648} INFO - Exporting env vars: AIRFLOW_CTX_DAG_OWNER='airflow' AIRFLOW_CTX_DAG_ID='trino_query_dag' AIRFLOW_CTX_TASK_ID='print_end' AIRFLOW_CTX_EXECUTION_DATE='2024-08-20T07:38:04.005618+00:00' AIRFLOW_CTX_TRY_NUMBER='2' AIRFLOW_CTX_DAG_RUN_ID='manual__2024-08-20T07:38:04.005618+00:00'
[2024-08-20T09:36:31.108+0000] {taskinstance.py:430} INFO - ::endgroup::
[2024-08-20T09:36:31.123+0000] {logging_mixin.py:188} INFO - End of DAG execution
[2024-08-20T09:36:31.124+0000] {python.py:237} INFO - Done. Returned value was: None
[2024-08-20T09:36:31.125+0000] {taskinstance.py:441} INFO - ::group::Post task execution logs
[2024-08-20T09:36:31.137+0000] {taskinstance.py:1206} INFO - Marking task as SUCCESS. dag_id=trino_query_dag, task_id=print_end, run_id=manual__2024-08-20T07:38:04.005618+00:00, execution_date=20240820T073804, start_date=20240820T093630, end_date=20240820T093631
[2024-08-20T09:36:31.165+0000] {local_task_job_runner.py:243} INFO - Task exited with return code 0
[2024-08-20T09:36:31.188+0000] {taskinstance.py:3503} INFO - 0 downstream tasks scheduled from follow-on schedule check
[2024-08-20T09:36:31.200+0000] {local_task_job_runner.py:222} INFO - ::endgroup::
