[2024-08-21T08:38:04.068+0000] {local_task_job_runner.py:120} INFO - ::group::Pre task execution logs
[2024-08-21T08:38:04.147+0000] {taskinstance.py:2076} INFO - Dependencies all met for dep_context=non-requeueable deps ti=<TaskInstance: trino_query_dag_irene.insert_data_inc_irene scheduled__2024-08-20T00:00:00+00:00 [queued]>
[2024-08-21T08:38:04.165+0000] {taskinstance.py:2076} INFO - Dependencies all met for dep_context=requeueable deps ti=<TaskInstance: trino_query_dag_irene.insert_data_inc_irene scheduled__2024-08-20T00:00:00+00:00 [queued]>
[2024-08-21T08:38:04.166+0000] {taskinstance.py:2306} INFO - Starting attempt 5 of 5
[2024-08-21T08:38:04.215+0000] {taskinstance.py:2330} INFO - Executing <Task(TrinoOperator): insert_data_inc_irene> on 2024-08-20 00:00:00+00:00
[2024-08-21T08:38:04.226+0000] {standard_task_runner.py:90} INFO - Running: ['airflow', 'tasks', 'run', 'trino_query_dag_irene', 'insert_data_inc_irene', 'scheduled__2024-08-20T00:00:00+00:00', '--job-id', '128', '--raw', '--subdir', 'DAGS_FOLDER/irene.py', '--cfg-path', '/tmp/tmp1hg_1uov']
[2024-08-21T08:38:04.230+0000] {standard_task_runner.py:91} INFO - Job 128: Subtask insert_data_inc_irene
[2024-08-21T08:38:04.235+0000] {logging_mixin.py:188} WARNING - /home/airflow/.local/lib/python3.12/site-packages/airflow/task/task_runner/standard_task_runner.py:62 DeprecationWarning: This process (pid=19542) is multi-threaded, use of fork() may lead to deadlocks in the child.
[2024-08-21T08:38:04.237+0000] {standard_task_runner.py:64} INFO - Started process 19546 to run task
[2024-08-21T08:38:04.271+0000] {logging_mixin.py:188} WARNING - /home/airflow/.local/lib/python3.12/site-packages/airflow/settings.py:195 DeprecationWarning: The sql_alchemy_conn option in [core] has been moved to the sql_alchemy_conn option in [database] - the old setting has been used, but please update your config.
[2024-08-21T08:38:04.329+0000] {task_command.py:426} INFO - Running <TaskInstance: trino_query_dag_irene.insert_data_inc_irene scheduled__2024-08-20T00:00:00+00:00 [running]> on host b476143e3d64
[2024-08-21T08:38:04.425+0000] {taskinstance.py:2648} INFO - Exporting env vars: AIRFLOW_CTX_DAG_OWNER='airflow' AIRFLOW_CTX_DAG_ID='trino_query_dag_irene' AIRFLOW_CTX_TASK_ID='insert_data_inc_irene' AIRFLOW_CTX_EXECUTION_DATE='2024-08-20T00:00:00+00:00' AIRFLOW_CTX_TRY_NUMBER='5' AIRFLOW_CTX_DAG_RUN_ID='scheduled__2024-08-20T00:00:00+00:00'
[2024-08-21T08:38:04.427+0000] {taskinstance.py:430} INFO - ::endgroup::
[2024-08-21T08:38:04.447+0000] {sql.py:282} INFO - Executing: insert into hive.irene.customer select * from sqlserver.dbo.customer WHERE date = CAST('2023-11-25' AS DATE);
[2024-08-21T08:38:04.464+0000] {base.py:84} INFO - Using connection ID 'my_trino_connection' for task execution.
[2024-08-21T08:38:04.472+0000] {base.py:84} INFO - Using connection ID 'my_trino_connection' for task execution.
[2024-08-21T08:38:04.480+0000] {base.py:84} INFO - Using connection ID 'my_trino_connection' for task execution.
[2024-08-21T08:38:04.484+0000] {sql.py:495} INFO - Running statement: insert into hive.irene.customer select * from sqlserver.dbo.customer WHERE date = CAST('2023-11-25' AS DATE);, parameters: None
[2024-08-21T08:38:04.500+0000] {taskinstance.py:441} INFO - ::group::Post task execution logs
[2024-08-21T08:38:04.501+0000] {taskinstance.py:2905} ERROR - Task failed with exception
Traceback (most recent call last):
  File "/home/airflow/.local/lib/python3.12/site-packages/airflow/models/taskinstance.py", line 465, in _execute_task
    result = _execute_callable(context=context, **execute_callable_kwargs)
             ^^^^^^^^^^^^^^^^^^^^^^^^^^^^^^^^^^^^^^^^^^^^^^^^^^^^^^^^^^^^^
  File "/home/airflow/.local/lib/python3.12/site-packages/airflow/models/taskinstance.py", line 432, in _execute_callable
    return execute_callable(context=context, **execute_callable_kwargs)
           ^^^^^^^^^^^^^^^^^^^^^^^^^^^^^^^^^^^^^^^^^^^^^^^^^^^^^^^^^^^^
  File "/home/airflow/.local/lib/python3.12/site-packages/airflow/models/baseoperator.py", line 401, in wrapper
    return func(self, *args, **kwargs)
           ^^^^^^^^^^^^^^^^^^^^^^^^^^^
  File "/home/airflow/.local/lib/python3.12/site-packages/airflow/providers/common/sql/operators/sql.py", line 288, in execute
    output = hook.run(
             ^^^^^^^^^
  File "/home/airflow/.local/lib/python3.12/site-packages/airflow/providers/common/sql/hooks/sql.py", line 442, in run
    self._run_command(cur, sql_statement, parameters)
  File "/home/airflow/.local/lib/python3.12/site-packages/airflow/providers/common/sql/hooks/sql.py", line 500, in _run_command
    cur.execute(sql_statement)
  File "/home/airflow/.local/lib/python3.12/site-packages/trino/dbapi.py", line 589, in execute
    self._iterator = iter(self._query.execute())
                          ^^^^^^^^^^^^^^^^^^^^^
  File "/home/airflow/.local/lib/python3.12/site-packages/trino/client.py", line 819, in execute
    self._result.rows += self.fetch()
                         ^^^^^^^^^^^^
  File "/home/airflow/.local/lib/python3.12/site-packages/trino/client.py", line 839, in fetch
    status = self._request.process(response)
             ^^^^^^^^^^^^^^^^^^^^^^^^^^^^^^^
  File "/home/airflow/.local/lib/python3.12/site-packages/trino/client.py", line 611, in process
    raise self._process_error(response["error"], response.get("id"))
trino.exceptions.TrinoUserError: TrinoUserError(type=USER_ERROR, name=SYNTAX_ERROR, message="line 1:109: mismatched input ';'. Expecting: '(', ')', 'ARRAY'", query_id=20240820_065914_00325_mw28g)
[2024-08-21T08:38:04.513+0000] {taskinstance.py:1206} INFO - Marking task as FAILED. dag_id=trino_query_dag_irene, task_id=insert_data_inc_irene, run_id=scheduled__2024-08-20T00:00:00+00:00, execution_date=20240820T000000, start_date=20240821T083804, end_date=20240821T083804
[2024-08-21T08:38:04.536+0000] {standard_task_runner.py:110} ERROR - Failed to execute job 128 for task insert_data_inc_irene (TrinoUserError(type=USER_ERROR, name=SYNTAX_ERROR, message="line 1:109: mismatched input ';'. Expecting: '(', ')', 'ARRAY'", query_id=20240820_065914_00325_mw28g); 19546)
[2024-08-21T08:38:04.578+0000] {local_task_job_runner.py:243} INFO - Task exited with return code 1
[2024-08-21T08:38:04.593+0000] {logging_mixin.py:188} WARNING - /home/airflow/.local/lib/python3.12/site-packages/airflow/models/baseoperator.py:1297 AirflowProviderDeprecationWarning: Call to deprecated class TrinoOperator. (Please use `airflow.providers.common.sql.operators.sql.SQLExecuteQueryOperator`.)
[2024-08-21T08:38:04.615+0000] {taskinstance.py:3503} INFO - 0 downstream tasks scheduled from follow-on schedule check
[2024-08-21T08:38:04.623+0000] {local_task_job_runner.py:222} INFO - ::endgroup::
