[2024-09-09T07:06:05.549+0000] {local_task_job_runner.py:120} INFO - ::group::Pre task execution logs
[2024-09-09T07:06:05.648+0000] {taskinstance.py:2076} INFO - Dependencies all met for dep_context=non-requeueable deps ti=<TaskInstance: trino_query_dag_irene.insert_data_inc manual__2024-09-09T07:06:01.606624+00:00 [queued]>
[2024-09-09T07:06:05.677+0000] {taskinstance.py:2076} INFO - Dependencies all met for dep_context=requeueable deps ti=<TaskInstance: trino_query_dag_irene.insert_data_inc manual__2024-09-09T07:06:01.606624+00:00 [queued]>
[2024-09-09T07:06:05.685+0000] {taskinstance.py:2306} INFO - Starting attempt 1 of 2
[2024-09-09T07:06:05.723+0000] {taskinstance.py:2330} INFO - Executing <Task(TrinoOperator): insert_data_inc> on 2024-09-09 07:06:01.606624+00:00
[2024-09-09T07:06:05.732+0000] {logging_mixin.py:188} WARNING - /home/airflow/.local/lib/python3.12/site-packages/airflow/task/task_runner/standard_task_runner.py:62 DeprecationWarning: This process (pid=41135) is multi-threaded, use of fork() may lead to deadlocks in the child.
[2024-09-09T07:06:05.734+0000] {standard_task_runner.py:64} INFO - Started process 41152 to run task
[2024-09-09T07:06:05.739+0000] {standard_task_runner.py:90} INFO - Running: ['airflow', 'tasks', 'run', 'trino_query_dag_irene', 'insert_data_inc', 'manual__2024-09-09T07:06:01.606624+00:00', '--job-id', '51', '--raw', '--subdir', 'DAGS_FOLDER/irene.py', '--cfg-path', '/tmp/tmp4zf84cg0']
[2024-09-09T07:06:05.741+0000] {standard_task_runner.py:91} INFO - Job 51: Subtask insert_data_inc
[2024-09-09T07:06:05.761+0000] {logging_mixin.py:188} WARNING - /home/airflow/.local/lib/python3.12/site-packages/airflow/settings.py:195 DeprecationWarning: The sql_alchemy_conn option in [core] has been moved to the sql_alchemy_conn option in [database] - the old setting has been used, but please update your config.
[2024-09-09T07:06:05.830+0000] {task_command.py:426} INFO - Running <TaskInstance: trino_query_dag_irene.insert_data_inc manual__2024-09-09T07:06:01.606624+00:00 [running]> on host 92783cd12528
[2024-09-09T07:06:05.956+0000] {logging_mixin.py:188} WARNING - /home/airflow/.local/lib/python3.12/site-packages/airflow/utils/log/secrets_masker.py:84 DeprecationWarning: The sensitive_variable_fields option in [admin] has been moved to the sensitive_var_conn_names option in [core] - the old setting has been used, but please update your config.
[2024-09-09T07:06:06.126+0000] {taskinstance.py:2648} INFO - Exporting env vars: AIRFLOW_CTX_DAG_OWNER='airflow' AIRFLOW_CTX_DAG_ID='trino_query_dag_irene' AIRFLOW_CTX_TASK_ID='insert_data_inc' AIRFLOW_CTX_EXECUTION_DATE='2024-09-09T07:06:01.606624+00:00' AIRFLOW_CTX_TRY_NUMBER='1' AIRFLOW_CTX_DAG_RUN_ID='manual__2024-09-09T07:06:01.606624+00:00'
[2024-09-09T07:06:06.127+0000] {taskinstance.py:430} INFO - ::endgroup::
[2024-09-09T07:06:06.160+0000] {sql.py:282} INFO - Executing: insert into hive.irene.sou select * from sqlserver.dbo.sou
[2024-09-09T07:06:06.195+0000] {base.py:84} INFO - Using connection ID 'my_trino_connection' for task execution.
[2024-09-09T07:06:06.249+0000] {base.py:84} INFO - Using connection ID 'my_trino_connection' for task execution.
[2024-09-09T07:06:06.279+0000] {base.py:84} INFO - Using connection ID 'my_trino_connection' for task execution.
[2024-09-09T07:06:06.284+0000] {sql.py:495} INFO - Running statement: insert into hive.irene.sou select * from sqlserver.dbo.sou, parameters: None
[2024-09-09T07:06:43.858+0000] {sql.py:504} INFO - Rows affected: 1048567
[2024-09-09T07:06:44.626+0000] {taskinstance.py:441} INFO - ::group::Post task execution logs
[2024-09-09T07:06:44.698+0000] {taskinstance.py:1206} INFO - Marking task as SUCCESS. dag_id=trino_query_dag_irene, task_id=insert_data_inc, run_id=manual__2024-09-09T07:06:01.606624+00:00, execution_date=20240909T070601, start_date=20240909T070605, end_date=20240909T070644
[2024-09-09T07:06:44.761+0000] {local_task_job_runner.py:243} INFO - Task exited with return code 0
[2024-09-09T07:06:44.806+0000] {logging_mixin.py:188} WARNING - /home/airflow/.local/lib/python3.12/site-packages/airflow/models/baseoperator.py:1297 AirflowProviderDeprecationWarning: Call to deprecated class TrinoOperator. (Please use `airflow.providers.common.sql.operators.sql.SQLExecuteQueryOperator`.)
[2024-09-09T07:06:44.832+0000] {taskinstance.py:3503} INFO - 1 downstream tasks scheduled from follow-on schedule check
[2024-09-09T07:06:44.844+0000] {local_task_job_runner.py:222} INFO - ::endgroup::
