[2024-08-21T07:26:16.867+0000] {local_task_job_runner.py:120} INFO - ::group::Pre task execution logs
[2024-08-21T07:26:16.910+0000] {taskinstance.py:2076} INFO - Dependencies all met for dep_context=non-requeueable deps ti=<TaskInstance: trino_query_dag_ivory.print_start_ivory scheduled__2024-08-20T00:00:00+00:00 [queued]>
[2024-08-21T07:26:16.921+0000] {taskinstance.py:2076} INFO - Dependencies all met for dep_context=requeueable deps ti=<TaskInstance: trino_query_dag_ivory.print_start_ivory scheduled__2024-08-20T00:00:00+00:00 [queued]>
[2024-08-21T07:26:16.922+0000] {taskinstance.py:2306} INFO - Starting attempt 2 of 3
[2024-08-21T07:26:16.941+0000] {taskinstance.py:2330} INFO - Executing <Task(PythonOperator): print_start_ivory> on 2024-08-20 00:00:00+00:00
[2024-08-21T07:26:16.949+0000] {logging_mixin.py:188} WARNING - /home/airflow/.local/lib/python3.12/site-packages/airflow/task/task_runner/standard_task_runner.py:62 DeprecationWarning: This process (pid=16676) is multi-threaded, use of fork() may lead to deadlocks in the child.
[2024-08-21T07:26:16.951+0000] {standard_task_runner.py:64} INFO - Started process 16679 to run task
[2024-08-21T07:26:16.949+0000] {standard_task_runner.py:90} INFO - Running: ['airflow', 'tasks', 'run', 'trino_query_dag_ivory', 'print_start_ivory', 'scheduled__2024-08-20T00:00:00+00:00', '--job-id', '116', '--raw', '--subdir', 'DAGS_FOLDER/ivory.py', '--cfg-path', '/tmp/tmpm18w8ney']
[2024-08-21T07:26:16.952+0000] {standard_task_runner.py:91} INFO - Job 116: Subtask print_start_ivory
[2024-08-21T07:26:16.969+0000] {logging_mixin.py:188} WARNING - /home/airflow/.local/lib/python3.12/site-packages/airflow/settings.py:195 DeprecationWarning: The sql_alchemy_conn option in [core] has been moved to the sql_alchemy_conn option in [database] - the old setting has been used, but please update your config.
[2024-08-21T07:26:17.012+0000] {task_command.py:426} INFO - Running <TaskInstance: trino_query_dag_ivory.print_start_ivory scheduled__2024-08-20T00:00:00+00:00 [running]> on host b476143e3d64
[2024-08-21T07:26:17.114+0000] {taskinstance.py:2648} INFO - Exporting env vars: AIRFLOW_CTX_DAG_OWNER='airflow' AIRFLOW_CTX_DAG_ID='trino_query_dag_ivory' AIRFLOW_CTX_TASK_ID='print_start_ivory' AIRFLOW_CTX_EXECUTION_DATE='2024-08-20T00:00:00+00:00' AIRFLOW_CTX_TRY_NUMBER='2' AIRFLOW_CTX_DAG_RUN_ID='scheduled__2024-08-20T00:00:00+00:00'
[2024-08-21T07:26:17.116+0000] {taskinstance.py:430} INFO - ::endgroup::
[2024-08-21T07:26:17.132+0000] {logging_mixin.py:188} INFO - Start of DAG execution
[2024-08-21T07:26:17.133+0000] {python.py:237} INFO - Done. Returned value was: None
[2024-08-21T07:26:17.134+0000] {taskinstance.py:441} INFO - ::group::Post task execution logs
[2024-08-21T07:26:17.144+0000] {taskinstance.py:1206} INFO - Marking task as SUCCESS. dag_id=trino_query_dag_ivory, task_id=print_start_ivory, run_id=scheduled__2024-08-20T00:00:00+00:00, execution_date=20240820T000000, start_date=20240821T072616, end_date=20240821T072617
[2024-08-21T07:26:17.166+0000] {local_task_job_runner.py:243} INFO - Task exited with return code 0
[2024-08-21T07:26:17.179+0000] {logging_mixin.py:188} WARNING - /home/airflow/.local/lib/python3.12/site-packages/airflow/models/baseoperator.py:1297 AirflowProviderDeprecationWarning: Call to deprecated class TrinoOperator. (Please use `airflow.providers.common.sql.operators.sql.SQLExecuteQueryOperator`.)
[2024-08-21T07:26:17.206+0000] {taskinstance.py:3503} INFO - 1 downstream tasks scheduled from follow-on schedule check
[2024-08-21T07:26:17.210+0000] {local_task_job_runner.py:222} INFO - ::endgroup::
