[2024-10-29T00:32:33.096+0000] {local_task_job_runner.py:120} INFO - ::group::Pre task execution logs
[2024-10-29T00:32:33.632+0000] {taskinstance.py:2076} INFO - Dependencies all met for dep_context=non-requeueable deps ti=<TaskInstance: query_dag_ivory.insert_data_inc scheduled__2024-10-28T00:00:00+00:00 [queued]>
[2024-10-29T00:32:33.643+0000] {taskinstance.py:2076} INFO - Dependencies all met for dep_context=requeueable deps ti=<TaskInstance: query_dag_ivory.insert_data_inc scheduled__2024-10-28T00:00:00+00:00 [queued]>
[2024-10-29T00:32:33.857+0000] {taskinstance.py:2306} INFO - Starting attempt 1 of 2
[2024-10-29T00:32:36.150+0000] {taskinstance.py:2330} INFO - Executing <Task(TrinoOperator): insert_data_inc> on 2024-10-28 00:00:00+00:00
[2024-10-29T00:32:36.205+0000] {standard_task_runner.py:90} INFO - Running: ['airflow', 'tasks', 'run', 'query_dag_ivory', 'insert_data_inc', 'scheduled__2024-10-28T00:00:00+00:00', '--job-id', '2090', '--raw', '--subdir', 'DAGS_FOLDER/ivory.py', '--cfg-path', '/tmp/tmpi1a8d13w']
[2024-10-29T00:32:36.210+0000] {standard_task_runner.py:91} INFO - Job 2090: Subtask insert_data_inc
[2024-10-29T00:32:36.200+0000] {logging_mixin.py:188} WARNING - /home/airflow/.local/lib/python3.12/site-packages/airflow/task/task_runner/standard_task_runner.py:62 DeprecationWarning: This process (pid=48765) is multi-threaded, use of fork() may lead to deadlocks in the child.
[2024-10-29T00:32:36.234+0000] {standard_task_runner.py:64} INFO - Started process 48804 to run task
[2024-10-29T00:32:38.260+0000] {logging_mixin.py:188} WARNING - /home/airflow/.local/lib/python3.12/site-packages/airflow/settings.py:195 DeprecationWarning: The sql_alchemy_conn option in [core] has been moved to the sql_alchemy_conn option in [database] - the old setting has been used, but please update your config.
[2024-10-29T00:32:38.350+0000] {task_command.py:426} INFO - Running <TaskInstance: query_dag_ivory.insert_data_inc scheduled__2024-10-28T00:00:00+00:00 [running]> on host 92783cd12528
[2024-10-29T00:32:38.357+0000] {logging_mixin.py:188} WARNING - /home/airflow/.local/lib/python3.12/site-packages/airflow/settings.py:356 DeprecationWarning: The sql_engine_encoding option in [core] has been moved to the sql_engine_encoding option in [database] - the old setting has been used, but please update your config.
[2024-10-29T00:32:39.809+0000] {logging_mixin.py:188} WARNING - /home/airflow/.local/lib/python3.12/site-packages/airflow/utils/log/secrets_masker.py:84 DeprecationWarning: The sensitive_variable_fields option in [admin] has been moved to the sensitive_var_conn_names option in [core] - the old setting has been used, but please update your config.
[2024-10-29T00:32:47.360+0000] {taskinstance.py:2648} INFO - Exporting env vars: AIRFLOW_CTX_DAG_OWNER='airflow' AIRFLOW_CTX_DAG_ID='query_dag_ivory' AIRFLOW_CTX_TASK_ID='insert_data_inc' AIRFLOW_CTX_EXECUTION_DATE='2024-10-28T00:00:00+00:00' AIRFLOW_CTX_TRY_NUMBER='1' AIRFLOW_CTX_DAG_RUN_ID='scheduled__2024-10-28T00:00:00+00:00'
[2024-10-29T00:32:47.387+0000] {taskinstance.py:430} INFO - ::endgroup::
[2024-10-29T00:32:47.516+0000] {sql.py:282} INFO - Executing: insert into hive.ivory.customer select *  from sqlserver.dbo.customer
[2024-10-29T00:32:47.558+0000] {base.py:84} INFO - Using connection ID 'my_trino_connection' for task execution.
[2024-10-29T00:32:47.594+0000] {base.py:84} INFO - Using connection ID 'my_trino_connection' for task execution.
[2024-10-29T00:32:47.611+0000] {base.py:84} INFO - Using connection ID 'my_trino_connection' for task execution.
[2024-10-29T00:32:47.686+0000] {sql.py:495} INFO - Running statement: insert into hive.ivory.customer select *  from sqlserver.dbo.customer, parameters: None
[2024-10-29T00:32:51.844+0000] {sql.py:504} INFO - Rows affected: 13
[2024-10-29T00:32:54.527+0000] {taskinstance.py:441} INFO - ::group::Post task execution logs
[2024-10-29T00:32:55.901+0000] {taskinstance.py:1206} INFO - Marking task as SUCCESS. dag_id=query_dag_ivory, task_id=insert_data_inc, run_id=scheduled__2024-10-28T00:00:00+00:00, execution_date=20241028T000000, start_date=20241029T003233, end_date=20241029T003255
[2024-10-29T00:32:56.226+0000] {local_task_job_runner.py:243} INFO - Task exited with return code 0
[2024-10-29T00:32:56.372+0000] {logging_mixin.py:188} WARNING - /home/airflow/.local/lib/python3.12/site-packages/airflow/models/baseoperator.py:1297 AirflowProviderDeprecationWarning: Call to deprecated class TrinoOperator. (Please use `airflow.providers.common.sql.operators.sql.SQLExecuteQueryOperator`.)
[2024-10-29T00:32:56.602+0000] {taskinstance.py:3503} INFO - 1 downstream tasks scheduled from follow-on schedule check
[2024-10-29T00:32:56.793+0000] {local_task_job_runner.py:222} INFO - ::endgroup::
