[2024-08-30T04:00:02.926+0000] {local_task_job_runner.py:120} INFO - ::group::Pre task execution logs
[2024-08-30T04:00:02.992+0000] {taskinstance.py:2076} INFO - Dependencies all met for dep_context=non-requeueable deps ti=<TaskInstance: trino_query_dag_ivy.insert_data_inc scheduled__2024-08-30T03:00:00+00:00 [queued]>
[2024-08-30T04:00:03.005+0000] {taskinstance.py:2076} INFO - Dependencies all met for dep_context=requeueable deps ti=<TaskInstance: trino_query_dag_ivy.insert_data_inc scheduled__2024-08-30T03:00:00+00:00 [queued]>
[2024-08-30T04:00:03.005+0000] {taskinstance.py:2306} INFO - Starting attempt 1 of 2
[2024-08-30T04:00:03.025+0000] {taskinstance.py:2330} INFO - Executing <Task(TrinoOperator): insert_data_inc> on 2024-08-30 03:00:00+00:00
[2024-08-30T04:00:03.034+0000] {logging_mixin.py:188} WARNING - /home/airflow/.local/lib/python3.12/site-packages/airflow/task/task_runner/standard_task_runner.py:62 DeprecationWarning: This process (pid=978) is multi-threaded, use of fork() may lead to deadlocks in the child.
[2024-08-30T04:00:03.036+0000] {standard_task_runner.py:64} INFO - Started process 981 to run task
[2024-08-30T04:00:03.049+0000] {standard_task_runner.py:90} INFO - Running: ['airflow', 'tasks', 'run', 'trino_query_dag_ivy', 'insert_data_inc', 'scheduled__2024-08-30T03:00:00+00:00', '--job-id', '966', '--raw', '--subdir', 'DAGS_FOLDER/ivy.py', '--cfg-path', '/tmp/tmpaedk_7ir']
[2024-08-30T04:00:03.079+0000] {standard_task_runner.py:91} INFO - Job 966: Subtask insert_data_inc
[2024-08-30T04:00:03.180+0000] {logging_mixin.py:188} WARNING - /home/airflow/.local/lib/python3.12/site-packages/airflow/settings.py:195 DeprecationWarning: The sql_alchemy_conn option in [core] has been moved to the sql_alchemy_conn option in [database] - the old setting has been used, but please update your config.
[2024-08-30T04:00:03.259+0000] {task_command.py:426} INFO - Running <TaskInstance: trino_query_dag_ivy.insert_data_inc scheduled__2024-08-30T03:00:00+00:00 [running]> on host b476143e3d64
[2024-08-30T04:00:03.485+0000] {taskinstance.py:2648} INFO - Exporting env vars: AIRFLOW_CTX_DAG_OWNER='airflow' AIRFLOW_CTX_DAG_ID='trino_query_dag_ivy' AIRFLOW_CTX_TASK_ID='insert_data_inc' AIRFLOW_CTX_EXECUTION_DATE='2024-08-30T03:00:00+00:00' AIRFLOW_CTX_TRY_NUMBER='1' AIRFLOW_CTX_DAG_RUN_ID='scheduled__2024-08-30T03:00:00+00:00'
[2024-08-30T04:00:03.488+0000] {taskinstance.py:430} INFO - ::endgroup::
[2024-08-30T04:00:03.511+0000] {sql.py:282} INFO - Executing: insert into hive.ivy.customer select *  from sqlserver.dbo.customer WHERE date = CAST('2023-11-25' AS DATE)
[2024-08-30T04:00:03.557+0000] {base.py:84} INFO - Using connection ID 'my_trino_connection' for task execution.
[2024-08-30T04:00:03.575+0000] {base.py:84} INFO - Using connection ID 'my_trino_connection' for task execution.
[2024-08-30T04:00:03.600+0000] {base.py:84} INFO - Using connection ID 'my_trino_connection' for task execution.
[2024-08-30T04:00:03.606+0000] {sql.py:495} INFO - Running statement: insert into hive.ivy.customer select *  from sqlserver.dbo.customer WHERE date = CAST('2023-11-25' AS DATE), parameters: None
[2024-08-30T04:00:06.394+0000] {sql.py:504} INFO - Rows affected: 4
[2024-08-30T04:00:06.881+0000] {taskinstance.py:441} INFO - ::group::Post task execution logs
[2024-08-30T04:00:06.950+0000] {taskinstance.py:1206} INFO - Marking task as SUCCESS. dag_id=trino_query_dag_ivy, task_id=insert_data_inc, run_id=scheduled__2024-08-30T03:00:00+00:00, execution_date=20240830T030000, start_date=20240830T040002, end_date=20240830T040006
[2024-08-30T04:00:07.015+0000] {local_task_job_runner.py:243} INFO - Task exited with return code 0
[2024-08-30T04:00:07.058+0000] {logging_mixin.py:188} WARNING - /home/airflow/.local/lib/python3.12/site-packages/airflow/models/baseoperator.py:1297 AirflowProviderDeprecationWarning: Call to deprecated class TrinoOperator. (Please use `airflow.providers.common.sql.operators.sql.SQLExecuteQueryOperator`.)
[2024-08-30T04:00:07.096+0000] {taskinstance.py:3503} INFO - 1 downstream tasks scheduled from follow-on schedule check
[2024-08-30T04:00:07.116+0000] {local_task_job_runner.py:222} INFO - ::endgroup::
