[2024-10-24T00:38:02.575+0000] {local_task_job_runner.py:120} INFO - ::group::Pre task execution logs
[2024-10-24T00:38:02.644+0000] {taskinstance.py:2076} INFO - Dependencies all met for dep_context=non-requeueable deps ti=<TaskInstance: query_dag_ipie.print_start scheduled__2024-10-23T00:00:00+00:00 [queued]>
[2024-10-24T00:38:02.657+0000] {taskinstance.py:2076} INFO - Dependencies all met for dep_context=requeueable deps ti=<TaskInstance: query_dag_ipie.print_start scheduled__2024-10-23T00:00:00+00:00 [queued]>
[2024-10-24T00:38:03.476+0000] {taskinstance.py:2306} INFO - Starting attempt 1 of 2
[2024-10-24T00:38:06.036+0000] {taskinstance.py:2330} INFO - Executing <Task(PythonOperator): print_start> on 2024-10-23 00:00:00+00:00
[2024-10-24T00:38:06.132+0000] {logging_mixin.py:188} WARNING - /home/airflow/.local/lib/python3.12/site-packages/airflow/task/task_runner/standard_task_runner.py:62 DeprecationWarning: This process (pid=40786) is multi-threaded, use of fork() may lead to deadlocks in the child.
[2024-10-24T00:38:06.154+0000] {standard_task_runner.py:90} INFO - Running: ['airflow', 'tasks', 'run', 'query_dag_ipie', 'print_start', 'scheduled__2024-10-23T00:00:00+00:00', '--job-id', '1762', '--raw', '--subdir', 'DAGS_FOLDER/ipie.py', '--cfg-path', '/tmp/tmp9eyp059y']
[2024-10-24T00:38:06.193+0000] {standard_task_runner.py:91} INFO - Job 1762: Subtask print_start
[2024-10-24T00:38:06.191+0000] {standard_task_runner.py:64} INFO - Started process 40828 to run task
[2024-10-24T00:38:08.918+0000] {logging_mixin.py:188} WARNING - /home/airflow/.local/lib/python3.12/site-packages/airflow/settings.py:195 DeprecationWarning: The sql_alchemy_conn option in [core] has been moved to the sql_alchemy_conn option in [database] - the old setting has been used, but please update your config.
[2024-10-24T00:38:09.099+0000] {task_command.py:426} INFO - Running <TaskInstance: query_dag_ipie.print_start scheduled__2024-10-23T00:00:00+00:00 [running]> on host 92783cd12528
[2024-10-24T00:38:09.116+0000] {logging_mixin.py:188} WARNING - /home/airflow/.local/lib/python3.12/site-packages/airflow/settings.py:356 DeprecationWarning: The sql_engine_encoding option in [core] has been moved to the sql_engine_encoding option in [database] - the old setting has been used, but please update your config.
[2024-10-24T00:38:12.441+0000] {logging_mixin.py:188} WARNING - /home/airflow/.local/lib/python3.12/site-packages/airflow/utils/log/secrets_masker.py:84 DeprecationWarning: The sensitive_variable_fields option in [admin] has been moved to the sensitive_var_conn_names option in [core] - the old setting has been used, but please update your config.
[2024-10-24T00:38:14.662+0000] {taskinstance.py:2648} INFO - Exporting env vars: AIRFLOW_CTX_DAG_OWNER='airflow' AIRFLOW_CTX_DAG_ID='query_dag_ipie' AIRFLOW_CTX_TASK_ID='print_start' AIRFLOW_CTX_EXECUTION_DATE='2024-10-23T00:00:00+00:00' AIRFLOW_CTX_TRY_NUMBER='1' AIRFLOW_CTX_DAG_RUN_ID='scheduled__2024-10-23T00:00:00+00:00'
[2024-10-24T00:38:14.665+0000] {taskinstance.py:430} INFO - ::endgroup::
[2024-10-24T00:38:14.740+0000] {logging_mixin.py:188} INFO - Start of DAG execution
[2024-10-24T00:38:14.742+0000] {python.py:237} INFO - Done. Returned value was: None
[2024-10-24T00:38:14.744+0000] {taskinstance.py:441} INFO - ::group::Post task execution logs
[2024-10-24T00:38:14.757+0000] {taskinstance.py:1206} INFO - Marking task as SUCCESS. dag_id=query_dag_ipie, task_id=print_start, run_id=scheduled__2024-10-23T00:00:00+00:00, execution_date=20241023T000000, start_date=20241024T003802, end_date=20241024T003814
[2024-10-24T00:38:17.199+0000] {local_task_job_runner.py:243} INFO - Task exited with return code 0
[2024-10-24T00:38:17.216+0000] {logging_mixin.py:188} WARNING - /home/airflow/.local/lib/python3.12/site-packages/airflow/models/baseoperator.py:1297 AirflowProviderDeprecationWarning: Call to deprecated class TrinoOperator. (Please use `airflow.providers.common.sql.operators.sql.SQLExecuteQueryOperator`.)
[2024-10-24T00:38:17.253+0000] {taskinstance.py:3503} INFO - 1 downstream tasks scheduled from follow-on schedule check
[2024-10-24T00:38:20.914+0000] {local_task_job_runner.py:222} INFO - ::endgroup::
