[2024-09-20T00:58:07.631+0000] {local_task_job_runner.py:120} INFO - ::group::Pre task execution logs
[2024-09-20T00:58:16.922+0000] {taskinstance.py:2076} INFO - Dependencies all met for dep_context=non-requeueable deps ti=<TaskInstance: query_dag_irie.print_start scheduled__2024-09-19T00:00:00+00:00 [queued]>
[2024-09-20T00:58:16.940+0000] {taskinstance.py:2076} INFO - Dependencies all met for dep_context=requeueable deps ti=<TaskInstance: query_dag_irie.print_start scheduled__2024-09-19T00:00:00+00:00 [queued]>
[2024-09-20T00:58:18.958+0000] {taskinstance.py:2306} INFO - Starting attempt 1 of 2
[2024-09-20T00:58:22.696+0000] {taskinstance.py:2330} INFO - Executing <Task(PythonOperator): print_start> on 2024-09-19 00:00:00+00:00
[2024-09-20T00:58:22.716+0000] {logging_mixin.py:188} WARNING - /home/airflow/.local/lib/python3.12/site-packages/airflow/task/task_runner/standard_task_runner.py:62 DeprecationWarning: This process (pid=45205) is multi-threaded, use of fork() may lead to deadlocks in the child.
[2024-09-20T00:58:22.721+0000] {standard_task_runner.py:64} INFO - Started process 45229 to run task
[2024-09-20T00:58:22.723+0000] {standard_task_runner.py:90} INFO - Running: ['airflow', 'tasks', 'run', 'query_dag_irie', 'print_start', 'scheduled__2024-09-19T00:00:00+00:00', '--job-id', '346', '--raw', '--subdir', 'DAGS_FOLDER/irie.py', '--cfg-path', '/tmp/tmp_t2m_ye8']
[2024-09-20T00:58:22.730+0000] {standard_task_runner.py:91} INFO - Job 346: Subtask print_start
[2024-09-20T00:58:28.224+0000] {logging_mixin.py:188} WARNING - /home/airflow/.local/lib/python3.12/site-packages/airflow/settings.py:195 DeprecationWarning: The sql_alchemy_conn option in [core] has been moved to the sql_alchemy_conn option in [database] - the old setting has been used, but please update your config.
[2024-09-20T00:58:33.619+0000] {task_command.py:426} INFO - Running <TaskInstance: query_dag_irie.print_start scheduled__2024-09-19T00:00:00+00:00 [running]> on host 92783cd12528
[2024-09-20T00:58:33.627+0000] {logging_mixin.py:188} WARNING - /home/airflow/.local/lib/python3.12/site-packages/airflow/settings.py:356 DeprecationWarning: The sql_engine_encoding option in [core] has been moved to the sql_engine_encoding option in [database] - the old setting has been used, but please update your config.
[2024-09-20T00:58:39.441+0000] {logging_mixin.py:188} WARNING - /home/airflow/.local/lib/python3.12/site-packages/airflow/utils/log/secrets_masker.py:84 DeprecationWarning: The sensitive_variable_fields option in [admin] has been moved to the sensitive_var_conn_names option in [core] - the old setting has been used, but please update your config.
[2024-09-20T00:58:41.828+0000] {taskinstance.py:2648} INFO - Exporting env vars: AIRFLOW_CTX_DAG_OWNER='airflow' AIRFLOW_CTX_DAG_ID='query_dag_irie' AIRFLOW_CTX_TASK_ID='print_start' AIRFLOW_CTX_EXECUTION_DATE='2024-09-19T00:00:00+00:00' AIRFLOW_CTX_TRY_NUMBER='1' AIRFLOW_CTX_DAG_RUN_ID='scheduled__2024-09-19T00:00:00+00:00'
[2024-09-20T00:58:41.840+0000] {taskinstance.py:430} INFO - ::endgroup::
[2024-09-20T00:58:41.876+0000] {logging_mixin.py:188} INFO - Start of DAG execution
[2024-09-20T00:58:41.886+0000] {python.py:237} INFO - Done. Returned value was: None
[2024-09-20T00:58:41.889+0000] {taskinstance.py:441} INFO - ::group::Post task execution logs
[2024-09-20T00:58:41.954+0000] {taskinstance.py:1206} INFO - Marking task as SUCCESS. dag_id=query_dag_irie, task_id=print_start, run_id=scheduled__2024-09-19T00:00:00+00:00, execution_date=20240919T000000, start_date=20240920T005816, end_date=20240920T005841
[2024-09-20T00:58:49.732+0000] {local_task_job_runner.py:243} INFO - Task exited with return code 0
[2024-09-20T00:58:49.779+0000] {logging_mixin.py:188} WARNING - /home/airflow/.local/lib/python3.12/site-packages/airflow/models/baseoperator.py:1297 AirflowProviderDeprecationWarning: Call to deprecated class TrinoOperator. (Please use `airflow.providers.common.sql.operators.sql.SQLExecuteQueryOperator`.)
[2024-09-20T00:58:49.825+0000] {taskinstance.py:3503} INFO - 1 downstream tasks scheduled from follow-on schedule check
[2024-09-20T00:58:53.551+0000] {local_task_job_runner.py:222} INFO - ::endgroup::
