[2024-08-29T03:00:21.158+0000] {local_task_job_runner.py:120} INFO - ::group::Pre task execution logs
[2024-08-29T03:00:21.212+0000] {taskinstance.py:2076} INFO - Dependencies all met for dep_context=non-requeueable deps ti=<TaskInstance: trino_query_dag_irene.print_end scheduled__2024-08-29T02:00:00+00:00 [queued]>
[2024-08-29T03:00:21.223+0000] {taskinstance.py:2076} INFO - Dependencies all met for dep_context=requeueable deps ti=<TaskInstance: trino_query_dag_irene.print_end scheduled__2024-08-29T02:00:00+00:00 [queued]>
[2024-08-29T03:00:21.224+0000] {taskinstance.py:2306} INFO - Starting attempt 1 of 2
[2024-08-29T03:00:21.250+0000] {taskinstance.py:2330} INFO - Executing <Task(PythonOperator): print_end> on 2024-08-29 02:00:00+00:00
[2024-08-29T03:00:21.257+0000] {standard_task_runner.py:90} INFO - Running: ['airflow', 'tasks', 'run', 'trino_query_dag_irene', 'print_end', 'scheduled__2024-08-29T02:00:00+00:00', '--job-id', '795', '--raw', '--subdir', 'DAGS_FOLDER/irene.py', '--cfg-path', '/tmp/tmp3xqq18l8']
[2024-08-29T03:00:21.260+0000] {standard_task_runner.py:91} INFO - Job 795: Subtask print_end
[2024-08-29T03:00:21.260+0000] {logging_mixin.py:188} WARNING - /home/airflow/.local/lib/python3.12/site-packages/airflow/task/task_runner/standard_task_runner.py:62 DeprecationWarning: This process (pid=72322) is multi-threaded, use of fork() may lead to deadlocks in the child.
[2024-08-29T03:00:21.264+0000] {standard_task_runner.py:64} INFO - Started process 72323 to run task
[2024-08-29T03:00:21.278+0000] {logging_mixin.py:188} WARNING - /home/airflow/.local/lib/python3.12/site-packages/airflow/settings.py:195 DeprecationWarning: The sql_alchemy_conn option in [core] has been moved to the sql_alchemy_conn option in [database] - the old setting has been used, but please update your config.
[2024-08-29T03:00:21.317+0000] {task_command.py:426} INFO - Running <TaskInstance: trino_query_dag_irene.print_end scheduled__2024-08-29T02:00:00+00:00 [running]> on host b476143e3d64
[2024-08-29T03:00:21.434+0000] {taskinstance.py:2648} INFO - Exporting env vars: AIRFLOW_CTX_DAG_OWNER='airflow' AIRFLOW_CTX_DAG_ID='trino_query_dag_irene' AIRFLOW_CTX_TASK_ID='print_end' AIRFLOW_CTX_EXECUTION_DATE='2024-08-29T02:00:00+00:00' AIRFLOW_CTX_TRY_NUMBER='1' AIRFLOW_CTX_DAG_RUN_ID='scheduled__2024-08-29T02:00:00+00:00'
[2024-08-29T03:00:21.435+0000] {taskinstance.py:430} INFO - ::endgroup::
[2024-08-29T03:00:21.456+0000] {logging_mixin.py:188} INFO - End of DAG execution
[2024-08-29T03:00:21.457+0000] {python.py:237} INFO - Done. Returned value was: None
[2024-08-29T03:00:21.458+0000] {taskinstance.py:441} INFO - ::group::Post task execution logs
[2024-08-29T03:00:21.472+0000] {taskinstance.py:1206} INFO - Marking task as SUCCESS. dag_id=trino_query_dag_irene, task_id=print_end, run_id=scheduled__2024-08-29T02:00:00+00:00, execution_date=20240829T020000, start_date=20240829T030021, end_date=20240829T030021
[2024-08-29T03:00:21.522+0000] {local_task_job_runner.py:243} INFO - Task exited with return code 0
[2024-08-29T03:00:21.552+0000] {taskinstance.py:3503} INFO - 0 downstream tasks scheduled from follow-on schedule check
[2024-08-29T03:00:21.556+0000] {local_task_job_runner.py:222} INFO - ::endgroup::
