[2024-10-15T03:00:28.930+0000] {local_task_job_runner.py:120} INFO - ::group::Pre task execution logs
[2024-10-15T03:00:29.107+0000] {taskinstance.py:2076} INFO - Dependencies all met for dep_context=non-requeueable deps ti=<TaskInstance: query_dag_ipie.insert_data_inc scheduled__2024-10-13T00:00:00+00:00 [queued]>
[2024-10-15T03:00:29.136+0000] {taskinstance.py:2076} INFO - Dependencies all met for dep_context=requeueable deps ti=<TaskInstance: query_dag_ipie.insert_data_inc scheduled__2024-10-13T00:00:00+00:00 [queued]>
[2024-10-15T03:00:29.137+0000] {taskinstance.py:2306} INFO - Starting attempt 3 of 4
[2024-10-15T03:00:29.183+0000] {taskinstance.py:2330} INFO - Executing <Task(TrinoOperator): insert_data_inc> on 2024-10-13 00:00:00+00:00
[2024-10-15T03:00:29.209+0000] {logging_mixin.py:188} WARNING - /home/airflow/.local/lib/python3.12/site-packages/airflow/task/task_runner/standard_task_runner.py:62 DeprecationWarning: This process (pid=50354) is multi-threaded, use of fork() may lead to deadlocks in the child.
[2024-10-15T03:00:29.218+0000] {standard_task_runner.py:64} INFO - Started process 50367 to run task
[2024-10-15T03:00:29.219+0000] {standard_task_runner.py:90} INFO - Running: ['airflow', 'tasks', 'run', 'query_dag_ipie', 'insert_data_inc', 'scheduled__2024-10-13T00:00:00+00:00', '--job-id', '1196', '--raw', '--subdir', 'DAGS_FOLDER/ipie.py', '--cfg-path', '/tmp/tmpozn49npp']
[2024-10-15T03:00:29.227+0000] {standard_task_runner.py:91} INFO - Job 1196: Subtask insert_data_inc
[2024-10-15T03:00:29.283+0000] {logging_mixin.py:188} WARNING - /home/airflow/.local/lib/python3.12/site-packages/airflow/settings.py:195 DeprecationWarning: The sql_alchemy_conn option in [core] has been moved to the sql_alchemy_conn option in [database] - the old setting has been used, but please update your config.
[2024-10-15T03:00:29.408+0000] {task_command.py:426} INFO - Running <TaskInstance: query_dag_ipie.insert_data_inc scheduled__2024-10-13T00:00:00+00:00 [running]> on host 92783cd12528
[2024-10-15T03:00:29.414+0000] {logging_mixin.py:188} WARNING - /home/airflow/.local/lib/python3.12/site-packages/airflow/settings.py:356 DeprecationWarning: The sql_engine_encoding option in [core] has been moved to the sql_engine_encoding option in [database] - the old setting has been used, but please update your config.
[2024-10-15T03:00:29.595+0000] {logging_mixin.py:188} WARNING - /home/airflow/.local/lib/python3.12/site-packages/airflow/utils/log/secrets_masker.py:84 DeprecationWarning: The sensitive_variable_fields option in [admin] has been moved to the sensitive_var_conn_names option in [core] - the old setting has been used, but please update your config.
[2024-10-15T03:00:29.723+0000] {taskinstance.py:2648} INFO - Exporting env vars: AIRFLOW_CTX_DAG_OWNER='airflow' AIRFLOW_CTX_DAG_ID='query_dag_ipie' AIRFLOW_CTX_TASK_ID='insert_data_inc' AIRFLOW_CTX_EXECUTION_DATE='2024-10-13T00:00:00+00:00' AIRFLOW_CTX_TRY_NUMBER='3' AIRFLOW_CTX_DAG_RUN_ID='scheduled__2024-10-13T00:00:00+00:00'
[2024-10-15T03:00:29.733+0000] {taskinstance.py:430} INFO - ::endgroup::
[2024-10-15T03:00:29.771+0000] {sql.py:282} INFO - Executing: insert into hive.ipie.Product_Master select * from sqlserver.dbo.Product_Master
[2024-10-15T03:00:29.835+0000] {base.py:84} INFO - Using connection ID 'my_trino_connection' for task execution.
[2024-10-15T03:00:29.854+0000] {base.py:84} INFO - Using connection ID 'my_trino_connection' for task execution.
[2024-10-15T03:00:29.872+0000] {base.py:84} INFO - Using connection ID 'my_trino_connection' for task execution.
[2024-10-15T03:00:29.878+0000] {sql.py:495} INFO - Running statement: insert into hive.ipie.Product_Master select * from sqlserver.dbo.Product_Master, parameters: None
[2024-10-15T03:00:32.520+0000] {sql.py:504} INFO - Rows affected: 100000
[2024-10-15T03:00:32.969+0000] {taskinstance.py:441} INFO - ::group::Post task execution logs
[2024-10-15T03:00:32.999+0000] {taskinstance.py:1206} INFO - Marking task as SUCCESS. dag_id=query_dag_ipie, task_id=insert_data_inc, run_id=scheduled__2024-10-13T00:00:00+00:00, execution_date=20241013T000000, start_date=20241015T030029, end_date=20241015T030032
[2024-10-15T03:00:33.104+0000] {local_task_job_runner.py:243} INFO - Task exited with return code 0
[2024-10-15T03:00:33.124+0000] {logging_mixin.py:188} WARNING - /home/airflow/.local/lib/python3.12/site-packages/airflow/models/baseoperator.py:1297 AirflowProviderDeprecationWarning: Call to deprecated class TrinoOperator. (Please use `airflow.providers.common.sql.operators.sql.SQLExecuteQueryOperator`.)
[2024-10-15T03:00:33.148+0000] {taskinstance.py:3503} INFO - 1 downstream tasks scheduled from follow-on schedule check
[2024-10-15T03:00:33.164+0000] {local_task_job_runner.py:222} INFO - ::endgroup::
