[2024-09-18T00:26:37.702+0000] {local_task_job_runner.py:120} INFO - ::group::Pre task execution logs
[2024-09-18T00:26:38.777+0000] {taskinstance.py:2076} INFO - Dependencies all met for dep_context=non-requeueable deps ti=<TaskInstance: query_dag_irene.print_start scheduled__2024-09-17T00:00:00+00:00 [queued]>
[2024-09-18T00:26:38.791+0000] {taskinstance.py:2076} INFO - Dependencies all met for dep_context=requeueable deps ti=<TaskInstance: query_dag_irene.print_start scheduled__2024-09-17T00:00:00+00:00 [queued]>
[2024-09-18T00:26:40.202+0000] {taskinstance.py:2306} INFO - Starting attempt 1 of 2
[2024-09-18T00:26:44.854+0000] {taskinstance.py:2330} INFO - Executing <Task(PythonOperator): print_start> on 2024-09-17 00:00:00+00:00
[2024-09-18T00:26:44.904+0000] {logging_mixin.py:188} WARNING - /home/airflow/.local/lib/python3.12/site-packages/airflow/task/task_runner/standard_task_runner.py:62 DeprecationWarning: This process (pid=38931) is multi-threaded, use of fork() may lead to deadlocks in the child.
[2024-09-18T00:26:44.906+0000] {standard_task_runner.py:64} INFO - Started process 38973 to run task
[2024-09-18T00:26:44.907+0000] {standard_task_runner.py:90} INFO - Running: ['airflow', 'tasks', 'run', 'query_dag_irene', 'print_start', 'scheduled__2024-09-17T00:00:00+00:00', '--job-id', '279', '--raw', '--subdir', 'DAGS_FOLDER/irene.py', '--cfg-path', '/tmp/tmp_qzcpxgo']
[2024-09-18T00:26:44.912+0000] {standard_task_runner.py:91} INFO - Job 279: Subtask print_start
[2024-09-18T00:26:47.691+0000] {logging_mixin.py:188} WARNING - /home/airflow/.local/lib/python3.12/site-packages/airflow/settings.py:195 DeprecationWarning: The sql_alchemy_conn option in [core] has been moved to the sql_alchemy_conn option in [database] - the old setting has been used, but please update your config.
[2024-09-18T00:26:48.498+0000] {task_command.py:426} INFO - Running <TaskInstance: query_dag_irene.print_start scheduled__2024-09-17T00:00:00+00:00 [running]> on host 92783cd12528
[2024-09-18T00:26:48.507+0000] {logging_mixin.py:188} WARNING - /home/airflow/.local/lib/python3.12/site-packages/airflow/settings.py:356 DeprecationWarning: The sql_engine_encoding option in [core] has been moved to the sql_engine_encoding option in [database] - the old setting has been used, but please update your config.
[2024-09-18T00:26:51.768+0000] {logging_mixin.py:188} WARNING - /home/airflow/.local/lib/python3.12/site-packages/airflow/utils/log/secrets_masker.py:84 DeprecationWarning: The sensitive_variable_fields option in [admin] has been moved to the sensitive_var_conn_names option in [core] - the old setting has been used, but please update your config.
[2024-09-18T00:26:54.797+0000] {taskinstance.py:2648} INFO - Exporting env vars: AIRFLOW_CTX_DAG_OWNER='airflow' AIRFLOW_CTX_DAG_ID='query_dag_irene' AIRFLOW_CTX_TASK_ID='print_start' AIRFLOW_CTX_EXECUTION_DATE='2024-09-17T00:00:00+00:00' AIRFLOW_CTX_TRY_NUMBER='1' AIRFLOW_CTX_DAG_RUN_ID='scheduled__2024-09-17T00:00:00+00:00'
[2024-09-18T00:26:54.799+0000] {taskinstance.py:430} INFO - ::endgroup::
[2024-09-18T00:26:54.837+0000] {logging_mixin.py:188} INFO - Start of DAG execution
[2024-09-18T00:26:54.837+0000] {python.py:237} INFO - Done. Returned value was: None
[2024-09-18T00:26:54.852+0000] {taskinstance.py:441} INFO - ::group::Post task execution logs
[2024-09-18T00:26:54.869+0000] {taskinstance.py:1206} INFO - Marking task as SUCCESS. dag_id=query_dag_irene, task_id=print_start, run_id=scheduled__2024-09-17T00:00:00+00:00, execution_date=20240917T000000, start_date=20240918T002638, end_date=20240918T002654
[2024-09-18T00:26:56.654+0000] {local_task_job_runner.py:243} INFO - Task exited with return code 0
[2024-09-18T00:26:56.676+0000] {logging_mixin.py:188} WARNING - /home/airflow/.local/lib/python3.12/site-packages/airflow/models/baseoperator.py:1297 AirflowProviderDeprecationWarning: Call to deprecated class TrinoOperator. (Please use `airflow.providers.common.sql.operators.sql.SQLExecuteQueryOperator`.)
[2024-09-18T00:26:56.741+0000] {taskinstance.py:3503} INFO - 1 downstream tasks scheduled from follow-on schedule check
[2024-09-18T00:27:04.137+0000] {local_task_job_runner.py:222} INFO - ::endgroup::
