[2024-08-20T07:33:55.559+0000] {local_task_job_runner.py:120} INFO - ::group::Pre task execution logs
[2024-08-20T07:33:55.614+0000] {taskinstance.py:2076} INFO - Dependencies all met for dep_context=non-requeueable deps ti=<TaskInstance: trino_query_dag.insert_data_inc scheduled__2024-08-19T00:00:00+00:00 [queued]>
[2024-08-20T07:33:55.669+0000] {taskinstance.py:2076} INFO - Dependencies all met for dep_context=requeueable deps ti=<TaskInstance: trino_query_dag.insert_data_inc scheduled__2024-08-19T00:00:00+00:00 [queued]>
[2024-08-20T07:33:55.672+0000] {taskinstance.py:2306} INFO - Starting attempt 2 of 3
[2024-08-20T07:33:55.721+0000] {taskinstance.py:2330} INFO - Executing <Task(TrinoOperator): insert_data_inc> on 2024-08-19 00:00:00+00:00
[2024-08-20T07:33:55.738+0000] {logging_mixin.py:188} WARNING - /home/airflow/.local/lib/python3.12/site-packages/airflow/task/task_runner/standard_task_runner.py:62 DeprecationWarning: This process (pid=6328) is multi-threaded, use of fork() may lead to deadlocks in the child.
[2024-08-20T07:33:55.739+0000] {standard_task_runner.py:64} INFO - Started process 6332 to run task
[2024-08-20T07:33:55.747+0000] {standard_task_runner.py:90} INFO - Running: ['airflow', 'tasks', 'run', 'trino_query_dag', 'insert_data_inc', 'scheduled__2024-08-19T00:00:00+00:00', '--job-id', '47', '--raw', '--subdir', 'DAGS_FOLDER/test.py', '--cfg-path', '/tmp/tmp24peeh80']
[2024-08-20T07:33:55.753+0000] {standard_task_runner.py:91} INFO - Job 47: Subtask insert_data_inc
[2024-08-20T07:33:55.809+0000] {logging_mixin.py:188} WARNING - /home/airflow/.local/lib/python3.12/site-packages/airflow/settings.py:195 DeprecationWarning: The sql_alchemy_conn option in [core] has been moved to the sql_alchemy_conn option in [database] - the old setting has been used, but please update your config.
[2024-08-20T07:33:55.847+0000] {task_command.py:426} INFO - Running <TaskInstance: trino_query_dag.insert_data_inc scheduled__2024-08-19T00:00:00+00:00 [running]> on host b476143e3d64
[2024-08-20T07:33:55.979+0000] {taskinstance.py:2648} INFO - Exporting env vars: AIRFLOW_CTX_DAG_OWNER='airflow' AIRFLOW_CTX_DAG_ID='trino_query_dag' AIRFLOW_CTX_TASK_ID='insert_data_inc' AIRFLOW_CTX_EXECUTION_DATE='2024-08-19T00:00:00+00:00' AIRFLOW_CTX_TRY_NUMBER='2' AIRFLOW_CTX_DAG_RUN_ID='scheduled__2024-08-19T00:00:00+00:00'
[2024-08-20T07:33:55.982+0000] {taskinstance.py:430} INFO - ::endgroup::
[2024-08-20T07:33:56.007+0000] {sql.py:282} INFO - Executing: insert into hive.test.nganhangso select * from sqlserver.dbo.nganhangso where date_format(d_date_time, '%Y%m%d') = '20240627'
[2024-08-20T07:33:56.034+0000] {base.py:84} INFO - Using connection ID 'my_trino_connection' for task execution.
[2024-08-20T07:33:56.045+0000] {base.py:84} INFO - Using connection ID 'my_trino_connection' for task execution.
[2024-08-20T07:33:56.057+0000] {base.py:84} INFO - Using connection ID 'my_trino_connection' for task execution.
[2024-08-20T07:33:56.063+0000] {sql.py:495} INFO - Running statement: insert into hive.test.nganhangso select * from sqlserver.dbo.nganhangso where date_format(d_date_time, '%Y%m%d') = '20240627', parameters: None
[2024-08-20T07:33:57.572+0000] {sql.py:504} INFO - Rows affected: 3490
[2024-08-20T07:33:57.862+0000] {taskinstance.py:441} INFO - ::group::Post task execution logs
[2024-08-20T07:33:57.884+0000] {taskinstance.py:1206} INFO - Marking task as SUCCESS. dag_id=trino_query_dag, task_id=insert_data_inc, run_id=scheduled__2024-08-19T00:00:00+00:00, execution_date=20240819T000000, start_date=20240820T073355, end_date=20240820T073357
[2024-08-20T07:33:57.923+0000] {local_task_job_runner.py:243} INFO - Task exited with return code 0
[2024-08-20T07:33:57.940+0000] {logging_mixin.py:188} WARNING - /home/airflow/.local/lib/python3.12/site-packages/airflow/models/baseoperator.py:1297 AirflowProviderDeprecationWarning: Call to deprecated class TrinoOperator. (Please use `airflow.providers.common.sql.operators.sql.SQLExecuteQueryOperator`.)
[2024-08-20T07:33:57.956+0000] {taskinstance.py:3503} INFO - 1 downstream tasks scheduled from follow-on schedule check
[2024-08-20T07:33:57.959+0000] {local_task_job_runner.py:222} INFO - ::endgroup::
