[2024-08-20T00:45:10.297+0000] {local_task_job_runner.py:120} INFO - ::group::Pre task execution logs
[2024-08-20T00:45:10.567+0000] {taskinstance.py:2076} INFO - Dependencies all met for dep_context=non-requeueable deps ti=<TaskInstance: trino_query_dag.insert_data_inc scheduled__2024-08-19T00:00:00+00:00 [queued]>
[2024-08-20T00:45:10.577+0000] {taskinstance.py:2076} INFO - Dependencies all met for dep_context=requeueable deps ti=<TaskInstance: trino_query_dag.insert_data_inc scheduled__2024-08-19T00:00:00+00:00 [queued]>
[2024-08-20T00:45:15.079+0000] {taskinstance.py:2306} INFO - Starting attempt 1 of 2
[2024-08-20T00:45:17.559+0000] {taskinstance.py:2330} INFO - Executing <Task(TrinoOperator): insert_data_inc> on 2024-08-19 00:00:00+00:00
[2024-08-20T00:45:17.567+0000] {logging_mixin.py:188} WARNING - /home/airflow/.local/lib/python3.12/site-packages/airflow/task/task_runner/standard_task_runner.py:62 DeprecationWarning: This process (pid=1220) is multi-threaded, use of fork() may lead to deadlocks in the child.
[2024-08-20T00:45:17.568+0000] {standard_task_runner.py:64} INFO - Started process 1223 to run task
[2024-08-20T00:45:17.567+0000] {standard_task_runner.py:90} INFO - Running: ['airflow', 'tasks', 'run', 'trino_query_dag', 'insert_data_inc', 'scheduled__2024-08-19T00:00:00+00:00', '--job-id', '44', '--raw', '--subdir', 'DAGS_FOLDER/test.py', '--cfg-path', '/tmp/tmpe4g_ob7i']
[2024-08-20T00:45:17.570+0000] {standard_task_runner.py:91} INFO - Job 44: Subtask insert_data_inc
[2024-08-20T00:45:19.576+0000] {logging_mixin.py:188} WARNING - /home/airflow/.local/lib/python3.12/site-packages/airflow/settings.py:195 DeprecationWarning: The sql_alchemy_conn option in [core] has been moved to the sql_alchemy_conn option in [database] - the old setting has been used, but please update your config.
[2024-08-20T00:45:19.617+0000] {task_command.py:426} INFO - Running <TaskInstance: trino_query_dag.insert_data_inc scheduled__2024-08-19T00:00:00+00:00 [running]> on host b476143e3d64
[2024-08-20T00:45:20.972+0000] {taskinstance.py:2648} INFO - Exporting env vars: AIRFLOW_CTX_DAG_OWNER='airflow' AIRFLOW_CTX_DAG_ID='trino_query_dag' AIRFLOW_CTX_TASK_ID='insert_data_inc' AIRFLOW_CTX_EXECUTION_DATE='2024-08-19T00:00:00+00:00' AIRFLOW_CTX_TRY_NUMBER='1' AIRFLOW_CTX_DAG_RUN_ID='scheduled__2024-08-19T00:00:00+00:00'
[2024-08-20T00:45:20.975+0000] {taskinstance.py:430} INFO - ::endgroup::
[2024-08-20T00:45:21.006+0000] {sql.py:282} INFO - Executing: insert into hive.test.nganhangso select * from sqlserver.dbo.nganhangso where date_format(d_date_time, '%Y%m%d') = '20240627'
[2024-08-20T00:45:27.593+0000] {base.py:84} INFO - Using connection ID 'my_trino_connection' for task execution.
[2024-08-20T00:45:27.610+0000] {base.py:84} INFO - Using connection ID 'my_trino_connection' for task execution.
[2024-08-20T00:45:27.825+0000] {base.py:84} INFO - Using connection ID 'my_trino_connection' for task execution.
[2024-08-20T00:45:27.843+0000] {sql.py:495} INFO - Running statement: insert into hive.test.nganhangso select * from sqlserver.dbo.nganhangso where date_format(d_date_time, '%Y%m%d') = '20240627', parameters: None
[2024-08-20T00:45:51.037+0000] {sql.py:504} INFO - Rows affected: 3480
[2024-08-20T00:45:51.431+0000] {taskinstance.py:441} INFO - ::group::Post task execution logs
[2024-08-20T00:45:51.464+0000] {taskinstance.py:1206} INFO - Marking task as SUCCESS. dag_id=trino_query_dag, task_id=insert_data_inc, run_id=scheduled__2024-08-19T00:00:00+00:00, execution_date=20240819T000000, start_date=20240820T004510, end_date=20240820T004551
[2024-08-20T00:45:51.529+0000] {local_task_job_runner.py:243} INFO - Task exited with return code 0
[2024-08-20T00:45:51.539+0000] {logging_mixin.py:188} WARNING - /home/airflow/.local/lib/python3.12/site-packages/airflow/models/baseoperator.py:1297 AirflowProviderDeprecationWarning: Call to deprecated class TrinoOperator. (Please use `airflow.providers.common.sql.operators.sql.SQLExecuteQueryOperator`.)
[2024-08-20T00:45:51.557+0000] {taskinstance.py:3503} INFO - 1 downstream tasks scheduled from follow-on schedule check
[2024-08-20T00:45:51.563+0000] {local_task_job_runner.py:222} INFO - ::endgroup::
