[2024-08-29T00:45:08.968+0000] {local_task_job_runner.py:120} INFO - ::group::Pre task execution logs
[2024-08-29T00:45:09.498+0000] {taskinstance.py:2076} INFO - Dependencies all met for dep_context=non-requeueable deps ti=<TaskInstance: trino_query_dag_irenen.insert_data_inc scheduled__2024-08-28T23:00:00+00:00 [queued]>
[2024-08-29T00:45:09.629+0000] {taskinstance.py:2076} INFO - Dependencies all met for dep_context=requeueable deps ti=<TaskInstance: trino_query_dag_irenen.insert_data_inc scheduled__2024-08-28T23:00:00+00:00 [queued]>
[2024-08-29T00:45:10.388+0000] {taskinstance.py:2306} INFO - Starting attempt 1 of 2
[2024-08-29T00:45:12.094+0000] {taskinstance.py:2330} INFO - Executing <Task(TrinoOperator): insert_data_inc> on 2024-08-28 23:00:00+00:00
[2024-08-29T00:45:12.109+0000] {logging_mixin.py:188} WARNING - /home/airflow/.local/lib/python3.12/site-packages/airflow/task/task_runner/standard_task_runner.py:62 DeprecationWarning: This process (pid=63020) is multi-threaded, use of fork() may lead to deadlocks in the child.
[2024-08-29T00:45:12.117+0000] {standard_task_runner.py:64} INFO - Started process 63034 to run task
[2024-08-29T00:45:12.120+0000] {standard_task_runner.py:90} INFO - Running: ['airflow', 'tasks', 'run', 'trino_query_dag_irenen', 'insert_data_inc', 'scheduled__2024-08-28T23:00:00+00:00', '--job-id', '741', '--raw', '--subdir', 'DAGS_FOLDER/irenen.py', '--cfg-path', '/tmp/tmpb946j9kd']
[2024-08-29T00:45:12.123+0000] {standard_task_runner.py:91} INFO - Job 741: Subtask insert_data_inc
[2024-08-29T00:45:14.675+0000] {logging_mixin.py:188} WARNING - /home/airflow/.local/lib/python3.12/site-packages/airflow/settings.py:195 DeprecationWarning: The sql_alchemy_conn option in [core] has been moved to the sql_alchemy_conn option in [database] - the old setting has been used, but please update your config.
[2024-08-29T00:45:14.735+0000] {task_command.py:426} INFO - Running <TaskInstance: trino_query_dag_irenen.insert_data_inc scheduled__2024-08-28T23:00:00+00:00 [running]> on host b476143e3d64
[2024-08-29T00:45:19.509+0000] {taskinstance.py:2648} INFO - Exporting env vars: AIRFLOW_CTX_DAG_OWNER='airflow' AIRFLOW_CTX_DAG_ID='trino_query_dag_irenen' AIRFLOW_CTX_TASK_ID='insert_data_inc' AIRFLOW_CTX_EXECUTION_DATE='2024-08-28T23:00:00+00:00' AIRFLOW_CTX_TRY_NUMBER='1' AIRFLOW_CTX_DAG_RUN_ID='scheduled__2024-08-28T23:00:00+00:00'
[2024-08-29T00:45:19.513+0000] {taskinstance.py:430} INFO - ::endgroup::
[2024-08-29T00:45:19.552+0000] {sql.py:282} INFO - Executing: insert into hive.irenen.sou select * from sqlserver.dbo.sou where sex in ('boy', 'girl')
[2024-08-29T00:45:19.636+0000] {base.py:84} INFO - Using connection ID 'my_trino_connection' for task execution.
[2024-08-29T00:45:19.654+0000] {base.py:84} INFO - Using connection ID 'my_trino_connection' for task execution.
[2024-08-29T00:45:19.675+0000] {base.py:84} INFO - Using connection ID 'my_trino_connection' for task execution.
[2024-08-29T00:45:19.684+0000] {sql.py:495} INFO - Running statement: insert into hive.irenen.sou select * from sqlserver.dbo.sou where sex in ('boy', 'girl'), parameters: None
[2024-08-29T00:45:33.145+0000] {sql.py:504} INFO - Rows affected: 4
[2024-08-29T00:45:38.080+0000] {taskinstance.py:441} INFO - ::group::Post task execution logs
[2024-08-29T00:45:40.149+0000] {taskinstance.py:1206} INFO - Marking task as SUCCESS. dag_id=trino_query_dag_irenen, task_id=insert_data_inc, run_id=scheduled__2024-08-28T23:00:00+00:00, execution_date=20240828T230000, start_date=20240829T004509, end_date=20240829T004540
[2024-08-29T00:45:44.948+0000] {local_task_job_runner.py:243} INFO - Task exited with return code 0
[2024-08-29T00:45:44.971+0000] {logging_mixin.py:188} WARNING - /home/airflow/.local/lib/python3.12/site-packages/airflow/models/baseoperator.py:1297 AirflowProviderDeprecationWarning: Call to deprecated class TrinoOperator. (Please use `airflow.providers.common.sql.operators.sql.SQLExecuteQueryOperator`.)
[2024-08-29T00:45:44.985+0000] {taskinstance.py:3503} INFO - 1 downstream tasks scheduled from follow-on schedule check
[2024-08-29T00:45:47.460+0000] {local_task_job_runner.py:222} INFO - ::endgroup::
