[2024-08-27T00:49:33.465+0000] {local_task_job_runner.py:120} INFO - ::group::Pre task execution logs
[2024-08-27T00:49:33.520+0000] {taskinstance.py:2076} INFO - Dependencies all met for dep_context=non-requeueable deps ti=<TaskInstance: trino_query_dag_ivory.print_start scheduled__2024-08-26T13:00:00+00:00 [queued]>
[2024-08-27T00:49:33.532+0000] {taskinstance.py:2076} INFO - Dependencies all met for dep_context=requeueable deps ti=<TaskInstance: trino_query_dag_ivory.print_start scheduled__2024-08-26T13:00:00+00:00 [queued]>
[2024-08-27T00:49:33.533+0000] {taskinstance.py:2306} INFO - Starting attempt 2 of 3
[2024-08-27T00:49:33.552+0000] {taskinstance.py:2330} INFO - Executing <Task(PythonOperator): print_start> on 2024-08-26 13:00:00+00:00
[2024-08-27T00:49:33.559+0000] {standard_task_runner.py:90} INFO - Running: ['airflow', 'tasks', 'run', 'trino_query_dag_ivory', 'print_start', 'scheduled__2024-08-26T13:00:00+00:00', '--job-id', '321', '--raw', '--subdir', 'DAGS_FOLDER/ivory.py', '--cfg-path', '/tmp/tmpdg3whl3k']
[2024-08-27T00:49:33.561+0000] {logging_mixin.py:188} WARNING - /home/airflow/.local/lib/python3.12/site-packages/airflow/task/task_runner/standard_task_runner.py:62 DeprecationWarning: This process (pid=17644) is multi-threaded, use of fork() may lead to deadlocks in the child.
[2024-08-27T00:49:33.562+0000] {standard_task_runner.py:91} INFO - Job 321: Subtask print_start
[2024-08-27T00:49:33.562+0000] {standard_task_runner.py:64} INFO - Started process 17645 to run task
[2024-08-27T00:49:33.587+0000] {logging_mixin.py:188} WARNING - /home/airflow/.local/lib/python3.12/site-packages/airflow/settings.py:195 DeprecationWarning: The sql_alchemy_conn option in [core] has been moved to the sql_alchemy_conn option in [database] - the old setting has been used, but please update your config.
[2024-08-27T00:49:33.623+0000] {task_command.py:426} INFO - Running <TaskInstance: trino_query_dag_ivory.print_start scheduled__2024-08-26T13:00:00+00:00 [running]> on host b476143e3d64
[2024-08-27T00:49:33.737+0000] {taskinstance.py:2648} INFO - Exporting env vars: AIRFLOW_CTX_DAG_OWNER='airflow' AIRFLOW_CTX_DAG_ID='trino_query_dag_ivory' AIRFLOW_CTX_TASK_ID='print_start' AIRFLOW_CTX_EXECUTION_DATE='2024-08-26T13:00:00+00:00' AIRFLOW_CTX_TRY_NUMBER='2' AIRFLOW_CTX_DAG_RUN_ID='scheduled__2024-08-26T13:00:00+00:00'
[2024-08-27T00:49:33.740+0000] {taskinstance.py:430} INFO - ::endgroup::
[2024-08-27T00:49:33.756+0000] {logging_mixin.py:188} INFO - Start of DAG execution
[2024-08-27T00:49:33.757+0000] {python.py:237} INFO - Done. Returned value was: None
[2024-08-27T00:49:33.757+0000] {taskinstance.py:441} INFO - ::group::Post task execution logs
[2024-08-27T00:49:33.774+0000] {taskinstance.py:1206} INFO - Marking task as SUCCESS. dag_id=trino_query_dag_ivory, task_id=print_start, run_id=scheduled__2024-08-26T13:00:00+00:00, execution_date=20240826T130000, start_date=20240827T004933, end_date=20240827T004933
[2024-08-27T00:49:33.816+0000] {local_task_job_runner.py:243} INFO - Task exited with return code 0
[2024-08-27T00:49:33.831+0000] {logging_mixin.py:188} WARNING - /home/airflow/.local/lib/python3.12/site-packages/airflow/models/baseoperator.py:1297 AirflowProviderDeprecationWarning: Call to deprecated class TrinoOperator. (Please use `airflow.providers.common.sql.operators.sql.SQLExecuteQueryOperator`.)
[2024-08-27T00:49:33.850+0000] {taskinstance.py:3503} INFO - 1 downstream tasks scheduled from follow-on schedule check
[2024-08-27T00:49:33.858+0000] {local_task_job_runner.py:222} INFO - ::endgroup::
