[2024-08-28T07:00:01.413+0000] {local_task_job_runner.py:120} INFO - ::group::Pre task execution logs
[2024-08-28T07:00:01.460+0000] {taskinstance.py:2076} INFO - Dependencies all met for dep_context=non-requeueable deps ti=<TaskInstance: trino_query_dag_ivy.print_start scheduled__2024-08-28T06:00:00+00:00 [queued]>
[2024-08-28T07:00:01.477+0000] {taskinstance.py:2076} INFO - Dependencies all met for dep_context=requeueable deps ti=<TaskInstance: trino_query_dag_ivy.print_start scheduled__2024-08-28T06:00:00+00:00 [queued]>
[2024-08-28T07:00:01.478+0000] {taskinstance.py:2306} INFO - Starting attempt 1 of 2
[2024-08-28T07:00:01.499+0000] {taskinstance.py:2330} INFO - Executing <Task(PythonOperator): print_start> on 2024-08-28 06:00:00+00:00
[2024-08-28T07:00:01.518+0000] {logging_mixin.py:188} WARNING - /home/airflow/.local/lib/python3.12/site-packages/airflow/task/task_runner/standard_task_runner.py:62 DeprecationWarning: This process (pid=43451) is multi-threaded, use of fork() may lead to deadlocks in the child.
[2024-08-28T07:00:01.520+0000] {standard_task_runner.py:64} INFO - Started process 43455 to run task
[2024-08-28T07:00:01.516+0000] {standard_task_runner.py:90} INFO - Running: ['airflow', 'tasks', 'run', 'trino_query_dag_ivy', 'print_start', 'scheduled__2024-08-28T06:00:00+00:00', '--job-id', '657', '--raw', '--subdir', 'DAGS_FOLDER/ivy.py', '--cfg-path', '/tmp/tmpkfgatgc0']
[2024-08-28T07:00:01.522+0000] {standard_task_runner.py:91} INFO - Job 657: Subtask print_start
[2024-08-28T07:00:01.561+0000] {logging_mixin.py:188} WARNING - /home/airflow/.local/lib/python3.12/site-packages/airflow/settings.py:195 DeprecationWarning: The sql_alchemy_conn option in [core] has been moved to the sql_alchemy_conn option in [database] - the old setting has been used, but please update your config.
[2024-08-28T07:00:01.626+0000] {task_command.py:426} INFO - Running <TaskInstance: trino_query_dag_ivy.print_start scheduled__2024-08-28T06:00:00+00:00 [running]> on host b476143e3d64
[2024-08-28T07:00:01.781+0000] {taskinstance.py:2648} INFO - Exporting env vars: AIRFLOW_CTX_DAG_OWNER='airflow' AIRFLOW_CTX_DAG_ID='trino_query_dag_ivy' AIRFLOW_CTX_TASK_ID='print_start' AIRFLOW_CTX_EXECUTION_DATE='2024-08-28T06:00:00+00:00' AIRFLOW_CTX_TRY_NUMBER='1' AIRFLOW_CTX_DAG_RUN_ID='scheduled__2024-08-28T06:00:00+00:00'
[2024-08-28T07:00:01.785+0000] {taskinstance.py:430} INFO - ::endgroup::
[2024-08-28T07:00:01.803+0000] {logging_mixin.py:188} INFO - Start of DAG execution
[2024-08-28T07:00:01.804+0000] {python.py:237} INFO - Done. Returned value was: None
[2024-08-28T07:00:01.804+0000] {taskinstance.py:441} INFO - ::group::Post task execution logs
[2024-08-28T07:00:01.817+0000] {taskinstance.py:1206} INFO - Marking task as SUCCESS. dag_id=trino_query_dag_ivy, task_id=print_start, run_id=scheduled__2024-08-28T06:00:00+00:00, execution_date=20240828T060000, start_date=20240828T070001, end_date=20240828T070001
[2024-08-28T07:00:01.877+0000] {local_task_job_runner.py:243} INFO - Task exited with return code 0
[2024-08-28T07:00:01.894+0000] {logging_mixin.py:188} WARNING - /home/airflow/.local/lib/python3.12/site-packages/airflow/models/baseoperator.py:1297 AirflowProviderDeprecationWarning: Call to deprecated class TrinoOperator. (Please use `airflow.providers.common.sql.operators.sql.SQLExecuteQueryOperator`.)
[2024-08-28T07:00:01.913+0000] {taskinstance.py:3503} INFO - 1 downstream tasks scheduled from follow-on schedule check
[2024-08-28T07:00:01.916+0000] {local_task_job_runner.py:222} INFO - ::endgroup::
