[2024-09-09T07:06:15.454+0000] {local_task_job_runner.py:120} INFO - ::group::Pre task execution logs
[2024-09-09T07:06:15.679+0000] {taskinstance.py:2076} INFO - Dependencies all met for dep_context=non-requeueable deps ti=<TaskInstance: trino_query_dag_iron.print_start scheduled__2024-09-08T00:00:00+00:00 [queued]>
[2024-09-09T07:06:15.733+0000] {taskinstance.py:2076} INFO - Dependencies all met for dep_context=requeueable deps ti=<TaskInstance: trino_query_dag_iron.print_start scheduled__2024-09-08T00:00:00+00:00 [queued]>
[2024-09-09T07:06:15.798+0000] {taskinstance.py:2306} INFO - Starting attempt 1 of 2
[2024-09-09T07:06:15.959+0000] {taskinstance.py:2330} INFO - Executing <Task(PythonOperator): print_start> on 2024-09-08 00:00:00+00:00
[2024-09-09T07:06:15.967+0000] {logging_mixin.py:188} WARNING - /home/airflow/.local/lib/python3.12/site-packages/airflow/task/task_runner/standard_task_runner.py:62 DeprecationWarning: This process (pid=41212) is multi-threaded, use of fork() may lead to deadlocks in the child.
[2024-09-09T07:06:15.971+0000] {standard_task_runner.py:64} INFO - Started process 41239 to run task
[2024-09-09T07:06:16.018+0000] {standard_task_runner.py:90} INFO - Running: ['airflow', 'tasks', 'run', 'trino_query_dag_iron', 'print_start', 'scheduled__2024-09-08T00:00:00+00:00', '--job-id', '57', '--raw', '--subdir', 'DAGS_FOLDER/iron.py', '--cfg-path', '/tmp/tmpopw9xw3d']
[2024-09-09T07:06:16.055+0000] {standard_task_runner.py:91} INFO - Job 57: Subtask print_start
[2024-09-09T07:06:16.149+0000] {logging_mixin.py:188} WARNING - /home/airflow/.local/lib/python3.12/site-packages/airflow/settings.py:195 DeprecationWarning: The sql_alchemy_conn option in [core] has been moved to the sql_alchemy_conn option in [database] - the old setting has been used, but please update your config.
[2024-09-09T07:06:16.411+0000] {task_command.py:426} INFO - Running <TaskInstance: trino_query_dag_iron.print_start scheduled__2024-09-08T00:00:00+00:00 [running]> on host 92783cd12528
[2024-09-09T07:06:16.450+0000] {logging_mixin.py:188} WARNING - /home/airflow/.local/lib/python3.12/site-packages/airflow/settings.py:356 DeprecationWarning: The sql_engine_encoding option in [core] has been moved to the sql_engine_encoding option in [database] - the old setting has been used, but please update your config.
[2024-09-09T07:06:16.614+0000] {logging_mixin.py:188} WARNING - /home/airflow/.local/lib/python3.12/site-packages/airflow/utils/log/secrets_masker.py:84 DeprecationWarning: The sensitive_variable_fields option in [admin] has been moved to the sensitive_var_conn_names option in [core] - the old setting has been used, but please update your config.
[2024-09-09T07:06:16.719+0000] {taskinstance.py:2648} INFO - Exporting env vars: AIRFLOW_CTX_DAG_OWNER='airflow' AIRFLOW_CTX_DAG_ID='trino_query_dag_iron' AIRFLOW_CTX_TASK_ID='print_start' AIRFLOW_CTX_EXECUTION_DATE='2024-09-08T00:00:00+00:00' AIRFLOW_CTX_TRY_NUMBER='1' AIRFLOW_CTX_DAG_RUN_ID='scheduled__2024-09-08T00:00:00+00:00'
[2024-09-09T07:06:16.725+0000] {taskinstance.py:430} INFO - ::endgroup::
[2024-09-09T07:06:16.826+0000] {logging_mixin.py:188} INFO - Start of DAG execution
[2024-09-09T07:06:16.836+0000] {python.py:237} INFO - Done. Returned value was: None
[2024-09-09T07:06:16.837+0000] {taskinstance.py:441} INFO - ::group::Post task execution logs
[2024-09-09T07:06:16.935+0000] {taskinstance.py:1206} INFO - Marking task as SUCCESS. dag_id=trino_query_dag_iron, task_id=print_start, run_id=scheduled__2024-09-08T00:00:00+00:00, execution_date=20240908T000000, start_date=20240909T070615, end_date=20240909T070616
[2024-09-09T07:06:17.091+0000] {local_task_job_runner.py:243} INFO - Task exited with return code 0
[2024-09-09T07:06:17.126+0000] {local_task_job_runner.py:222} INFO - ::endgroup::
