[2024-09-24T02:49:35.934+0000] {local_task_job_runner.py:120} INFO - ::group::Pre task execution logs
[2024-09-24T02:49:36.028+0000] {taskinstance.py:2076} INFO - Dependencies all met for dep_context=non-requeueable deps ti=<TaskInstance: query_dag.insert_data_inc scheduled__2024-09-24T01:00:00+00:00 [queued]>
[2024-09-24T02:49:36.048+0000] {taskinstance.py:2076} INFO - Dependencies all met for dep_context=requeueable deps ti=<TaskInstance: query_dag.insert_data_inc scheduled__2024-09-24T01:00:00+00:00 [queued]>
[2024-09-24T02:49:36.049+0000] {taskinstance.py:2306} INFO - Starting attempt 1 of 2
[2024-09-24T02:49:36.079+0000] {taskinstance.py:2330} INFO - Executing <Task(TrinoOperator): insert_data_inc> on 2024-09-24 01:00:00+00:00
[2024-09-24T02:49:36.088+0000] {logging_mixin.py:188} WARNING - /home/airflow/.local/lib/python3.12/site-packages/airflow/task/task_runner/standard_task_runner.py:62 DeprecationWarning: This process (pid=43276) is multi-threaded, use of fork() may lead to deadlocks in the child.
[2024-09-24T02:49:36.089+0000] {standard_task_runner.py:64} INFO - Started process 43292 to run task
[2024-09-24T02:49:36.088+0000] {standard_task_runner.py:90} INFO - Running: ['airflow', 'tasks', 'run', 'query_dag', 'insert_data_inc', 'scheduled__2024-09-24T01:00:00+00:00', '--job-id', '436', '--raw', '--subdir', 'DAGS_FOLDER/test.py', '--cfg-path', '/tmp/tmpy1memu17']
[2024-09-24T02:49:36.090+0000] {standard_task_runner.py:91} INFO - Job 436: Subtask insert_data_inc
[2024-09-24T02:49:36.117+0000] {logging_mixin.py:188} WARNING - /home/airflow/.local/lib/python3.12/site-packages/airflow/settings.py:195 DeprecationWarning: The sql_alchemy_conn option in [core] has been moved to the sql_alchemy_conn option in [database] - the old setting has been used, but please update your config.
[2024-09-24T02:49:36.164+0000] {task_command.py:426} INFO - Running <TaskInstance: query_dag.insert_data_inc scheduled__2024-09-24T01:00:00+00:00 [running]> on host 92783cd12528
[2024-09-24T02:49:36.168+0000] {logging_mixin.py:188} WARNING - /home/airflow/.local/lib/python3.12/site-packages/airflow/settings.py:356 DeprecationWarning: The sql_engine_encoding option in [core] has been moved to the sql_engine_encoding option in [database] - the old setting has been used, but please update your config.
[2024-09-24T02:49:36.281+0000] {logging_mixin.py:188} WARNING - /home/airflow/.local/lib/python3.12/site-packages/airflow/utils/log/secrets_masker.py:84 DeprecationWarning: The sensitive_variable_fields option in [admin] has been moved to the sensitive_var_conn_names option in [core] - the old setting has been used, but please update your config.
[2024-09-24T02:49:36.363+0000] {taskinstance.py:2648} INFO - Exporting env vars: AIRFLOW_CTX_DAG_OWNER='airflow' AIRFLOW_CTX_DAG_ID='query_dag' AIRFLOW_CTX_TASK_ID='insert_data_inc' AIRFLOW_CTX_EXECUTION_DATE='2024-09-24T01:00:00+00:00' AIRFLOW_CTX_TRY_NUMBER='1' AIRFLOW_CTX_DAG_RUN_ID='scheduled__2024-09-24T01:00:00+00:00'
[2024-09-24T02:49:36.366+0000] {taskinstance.py:430} INFO - ::endgroup::
[2024-09-24T02:49:36.393+0000] {sql.py:282} INFO - Executing: insert into hive.test.nganhangso select * from sqlserver.dbo.nganhangso where date_format(d_date_time, '%Y%m%d') = '20240627'
[2024-09-24T02:49:36.431+0000] {base.py:84} INFO - Using connection ID 'my_trino_connection' for task execution.
[2024-09-24T02:49:36.441+0000] {base.py:84} INFO - Using connection ID 'my_trino_connection' for task execution.
[2024-09-24T02:49:36.468+0000] {base.py:84} INFO - Using connection ID 'my_trino_connection' for task execution.
[2024-09-24T02:49:36.481+0000] {sql.py:495} INFO - Running statement: insert into hive.test.nganhangso select * from sqlserver.dbo.nganhangso where date_format(d_date_time, '%Y%m%d') = '20240627', parameters: None
[2024-09-24T02:49:41.054+0000] {sql.py:504} INFO - Rows affected: 3490
[2024-09-24T02:49:41.869+0000] {taskinstance.py:441} INFO - ::group::Post task execution logs
[2024-09-24T02:49:41.902+0000] {taskinstance.py:1206} INFO - Marking task as SUCCESS. dag_id=query_dag, task_id=insert_data_inc, run_id=scheduled__2024-09-24T01:00:00+00:00, execution_date=20240924T010000, start_date=20240924T024936, end_date=20240924T024941
[2024-09-24T02:49:41.972+0000] {local_task_job_runner.py:243} INFO - Task exited with return code 0
[2024-09-24T02:49:41.985+0000] {logging_mixin.py:188} WARNING - /home/airflow/.local/lib/python3.12/site-packages/airflow/models/baseoperator.py:1297 AirflowProviderDeprecationWarning: Call to deprecated class TrinoOperator. (Please use `airflow.providers.common.sql.operators.sql.SQLExecuteQueryOperator`.)
[2024-09-24T02:49:42.010+0000] {taskinstance.py:3503} INFO - 0 downstream tasks scheduled from follow-on schedule check
[2024-09-24T02:49:42.013+0000] {local_task_job_runner.py:222} INFO - ::endgroup::
