[2024-09-18T00:34:23.102+0000] {local_task_job_runner.py:120} INFO - ::group::Pre task execution logs
[2024-09-18T00:34:23.141+0000] {taskinstance.py:2076} INFO - Dependencies all met for dep_context=non-requeueable deps ti=<TaskInstance: query_dag_iron.print_end scheduled__2024-09-17T00:00:00+00:00 [queued]>
[2024-09-18T00:34:23.152+0000] {taskinstance.py:2076} INFO - Dependencies all met for dep_context=requeueable deps ti=<TaskInstance: query_dag_iron.print_end scheduled__2024-09-17T00:00:00+00:00 [queued]>
[2024-09-18T00:34:23.154+0000] {taskinstance.py:2306} INFO - Starting attempt 1 of 2
[2024-09-18T00:34:23.175+0000] {taskinstance.py:2330} INFO - Executing <Task(PythonOperator): print_end> on 2024-09-17 00:00:00+00:00
[2024-09-18T00:34:23.182+0000] {logging_mixin.py:188} WARNING - /home/airflow/.local/lib/python3.12/site-packages/airflow/task/task_runner/standard_task_runner.py:62 DeprecationWarning: This process (pid=1490) is multi-threaded, use of fork() may lead to deadlocks in the child.
[2024-09-18T00:34:23.184+0000] {standard_task_runner.py:64} INFO - Started process 1502 to run task
[2024-09-18T00:34:23.182+0000] {standard_task_runner.py:90} INFO - Running: ['airflow', 'tasks', 'run', 'query_dag_iron', 'print_end', 'scheduled__2024-09-17T00:00:00+00:00', '--job-id', '302', '--raw', '--subdir', 'DAGS_FOLDER/iron.py', '--cfg-path', '/tmp/tmp50gbn990']
[2024-09-18T00:34:23.187+0000] {standard_task_runner.py:91} INFO - Job 302: Subtask print_end
[2024-09-18T00:34:23.222+0000] {logging_mixin.py:188} WARNING - /home/airflow/.local/lib/python3.12/site-packages/airflow/settings.py:195 DeprecationWarning: The sql_alchemy_conn option in [core] has been moved to the sql_alchemy_conn option in [database] - the old setting has been used, but please update your config.
[2024-09-18T00:34:23.284+0000] {task_command.py:426} INFO - Running <TaskInstance: query_dag_iron.print_end scheduled__2024-09-17T00:00:00+00:00 [running]> on host 92783cd12528
[2024-09-18T00:34:23.291+0000] {logging_mixin.py:188} WARNING - /home/airflow/.local/lib/python3.12/site-packages/airflow/settings.py:356 DeprecationWarning: The sql_engine_encoding option in [core] has been moved to the sql_engine_encoding option in [database] - the old setting has been used, but please update your config.
[2024-09-18T00:34:23.375+0000] {logging_mixin.py:188} WARNING - /home/airflow/.local/lib/python3.12/site-packages/airflow/utils/log/secrets_masker.py:84 DeprecationWarning: The sensitive_variable_fields option in [admin] has been moved to the sensitive_var_conn_names option in [core] - the old setting has been used, but please update your config.
[2024-09-18T00:34:23.436+0000] {taskinstance.py:2648} INFO - Exporting env vars: AIRFLOW_CTX_DAG_OWNER='airflow' AIRFLOW_CTX_DAG_ID='query_dag_iron' AIRFLOW_CTX_TASK_ID='print_end' AIRFLOW_CTX_EXECUTION_DATE='2024-09-17T00:00:00+00:00' AIRFLOW_CTX_TRY_NUMBER='1' AIRFLOW_CTX_DAG_RUN_ID='scheduled__2024-09-17T00:00:00+00:00'
[2024-09-18T00:34:23.437+0000] {taskinstance.py:430} INFO - ::endgroup::
[2024-09-18T00:34:23.458+0000] {logging_mixin.py:188} INFO - End of DAG execution
[2024-09-18T00:34:23.459+0000] {python.py:237} INFO - Done. Returned value was: None
[2024-09-18T00:34:23.460+0000] {taskinstance.py:441} INFO - ::group::Post task execution logs
[2024-09-18T00:34:23.471+0000] {taskinstance.py:1206} INFO - Marking task as SUCCESS. dag_id=query_dag_iron, task_id=print_end, run_id=scheduled__2024-09-17T00:00:00+00:00, execution_date=20240917T000000, start_date=20240918T003423, end_date=20240918T003423
[2024-09-18T00:34:23.522+0000] {local_task_job_runner.py:243} INFO - Task exited with return code 0
[2024-09-18T00:34:23.542+0000] {taskinstance.py:3503} INFO - 0 downstream tasks scheduled from follow-on schedule check
[2024-09-18T00:34:23.547+0000] {local_task_job_runner.py:222} INFO - ::endgroup::
