[2024-10-27T12:39:08.048+0000] {local_task_job_runner.py:120} INFO - ::group::Pre task execution logs
[2024-10-27T12:39:08.549+0000] {taskinstance.py:2076} INFO - Dependencies all met for dep_context=non-requeueable deps ti=<TaskInstance: query_dag_ivy.insert_data_inc scheduled__2024-10-26T00:00:00+00:00 [queued]>
[2024-10-27T12:39:08.677+0000] {taskinstance.py:2076} INFO - Dependencies all met for dep_context=requeueable deps ti=<TaskInstance: query_dag_ivy.insert_data_inc scheduled__2024-10-26T00:00:00+00:00 [queued]>
[2024-10-27T12:39:08.683+0000] {taskinstance.py:2306} INFO - Starting attempt 2 of 2
[2024-10-27T12:39:08.858+0000] {taskinstance.py:2330} INFO - Executing <Task(TrinoOperator): insert_data_inc> on 2024-10-26 00:00:00+00:00
[2024-10-27T12:39:08.928+0000] {logging_mixin.py:188} WARNING - /home/airflow/.local/lib/python3.12/site-packages/airflow/task/task_runner/standard_task_runner.py:62 DeprecationWarning: This process (pid=217) is multi-threaded, use of fork() may lead to deadlocks in the child.
[2024-10-27T12:39:08.950+0000] {standard_task_runner.py:64} INFO - Started process 254 to run task
[2024-10-27T12:39:08.948+0000] {standard_task_runner.py:90} INFO - Running: ['airflow', 'tasks', 'run', 'query_dag_ivy', 'insert_data_inc', 'scheduled__2024-10-26T00:00:00+00:00', '--job-id', '1956', '--raw', '--subdir', 'DAGS_FOLDER/ivy.py', '--cfg-path', '/tmp/tmp33ta2m6i']
[2024-10-27T12:39:08.975+0000] {standard_task_runner.py:91} INFO - Job 1956: Subtask insert_data_inc
[2024-10-27T12:39:09.153+0000] {logging_mixin.py:188} WARNING - /home/airflow/.local/lib/python3.12/site-packages/airflow/settings.py:195 DeprecationWarning: The sql_alchemy_conn option in [core] has been moved to the sql_alchemy_conn option in [database] - the old setting has been used, but please update your config.
[2024-10-27T12:39:09.337+0000] {task_command.py:426} INFO - Running <TaskInstance: query_dag_ivy.insert_data_inc scheduled__2024-10-26T00:00:00+00:00 [running]> on host 92783cd12528
[2024-10-27T12:39:09.343+0000] {logging_mixin.py:188} WARNING - /home/airflow/.local/lib/python3.12/site-packages/airflow/settings.py:356 DeprecationWarning: The sql_engine_encoding option in [core] has been moved to the sql_engine_encoding option in [database] - the old setting has been used, but please update your config.
[2024-10-27T12:39:10.133+0000] {logging_mixin.py:188} WARNING - /home/airflow/.local/lib/python3.12/site-packages/airflow/utils/log/secrets_masker.py:84 DeprecationWarning: The sensitive_variable_fields option in [admin] has been moved to the sensitive_var_conn_names option in [core] - the old setting has been used, but please update your config.
[2024-10-27T12:39:10.369+0000] {taskinstance.py:2648} INFO - Exporting env vars: AIRFLOW_CTX_DAG_OWNER='airflow' AIRFLOW_CTX_DAG_ID='query_dag_ivy' AIRFLOW_CTX_TASK_ID='insert_data_inc' AIRFLOW_CTX_EXECUTION_DATE='2024-10-26T00:00:00+00:00' AIRFLOW_CTX_TRY_NUMBER='2' AIRFLOW_CTX_DAG_RUN_ID='scheduled__2024-10-26T00:00:00+00:00'
[2024-10-27T12:39:10.376+0000] {taskinstance.py:430} INFO - ::endgroup::
[2024-10-27T12:39:10.574+0000] {sql.py:282} INFO - Executing: insert into hive.ivy.customer select *  from sqlserver.dbo.customer WHERE date = CAST('2023-11-25' AS DATE)
[2024-10-27T12:39:10.643+0000] {base.py:84} INFO - Using connection ID 'my_trino_connection' for task execution.
[2024-10-27T12:39:10.660+0000] {base.py:84} INFO - Using connection ID 'my_trino_connection' for task execution.
[2024-10-27T12:39:10.691+0000] {base.py:84} INFO - Using connection ID 'my_trino_connection' for task execution.
[2024-10-27T12:39:10.700+0000] {sql.py:495} INFO - Running statement: insert into hive.ivy.customer select *  from sqlserver.dbo.customer WHERE date = CAST('2023-11-25' AS DATE), parameters: None
[2024-10-27T12:43:22.561+0000] {sql.py:504} INFO - Rows affected: 4
[2024-10-27T12:43:47.939+0000] {taskinstance.py:441} INFO - ::group::Post task execution logs
[2024-10-27T12:43:49.237+0000] {taskinstance.py:1206} INFO - Marking task as SUCCESS. dag_id=query_dag_ivy, task_id=insert_data_inc, run_id=scheduled__2024-10-26T00:00:00+00:00, execution_date=20241026T000000, start_date=20241027T123908, end_date=20241027T124349
[2024-10-27T12:43:49.723+0000] {local_task_job_runner.py:243} INFO - Task exited with return code 0
[2024-10-27T12:43:49.831+0000] {logging_mixin.py:188} WARNING - /home/airflow/.local/lib/python3.12/site-packages/airflow/models/baseoperator.py:1297 AirflowProviderDeprecationWarning: Call to deprecated class TrinoOperator. (Please use `airflow.providers.common.sql.operators.sql.SQLExecuteQueryOperator`.)
[2024-10-27T12:43:49.867+0000] {taskinstance.py:3503} INFO - 1 downstream tasks scheduled from follow-on schedule check
[2024-10-27T12:43:50.498+0000] {local_task_job_runner.py:222} INFO - ::endgroup::
