[2024-08-28T11:00:06.682+0000] {local_task_job_runner.py:120} INFO - ::group::Pre task execution logs
[2024-08-28T11:00:06.725+0000] {taskinstance.py:2076} INFO - Dependencies all met for dep_context=non-requeueable deps ti=<TaskInstance: trino_query_dag_irenen.insert_data_inc scheduled__2024-08-28T10:00:00+00:00 [queued]>
[2024-08-28T11:00:06.735+0000] {taskinstance.py:2076} INFO - Dependencies all met for dep_context=requeueable deps ti=<TaskInstance: trino_query_dag_irenen.insert_data_inc scheduled__2024-08-28T10:00:00+00:00 [queued]>
[2024-08-28T11:00:06.909+0000] {taskinstance.py:2306} INFO - Starting attempt 1 of 2
[2024-08-28T11:00:07.442+0000] {taskinstance.py:2330} INFO - Executing <Task(TrinoOperator): insert_data_inc> on 2024-08-28 10:00:00+00:00
[2024-08-28T11:00:07.483+0000] {logging_mixin.py:188} WARNING - /home/airflow/.local/lib/python3.12/site-packages/airflow/task/task_runner/standard_task_runner.py:62 DeprecationWarning: This process (pid=60257) is multi-threaded, use of fork() may lead to deadlocks in the child.
[2024-08-28T11:00:07.493+0000] {standard_task_runner.py:64} INFO - Started process 60260 to run task
[2024-08-28T11:00:07.485+0000] {standard_task_runner.py:90} INFO - Running: ['airflow', 'tasks', 'run', 'trino_query_dag_irenen', 'insert_data_inc', 'scheduled__2024-08-28T10:00:00+00:00', '--job-id', '708', '--raw', '--subdir', 'DAGS_FOLDER/irenen.py', '--cfg-path', '/tmp/tmpmd5pqjp0']
[2024-08-28T11:00:07.497+0000] {standard_task_runner.py:91} INFO - Job 708: Subtask insert_data_inc
[2024-08-28T11:00:07.526+0000] {logging_mixin.py:188} WARNING - /home/airflow/.local/lib/python3.12/site-packages/airflow/settings.py:195 DeprecationWarning: The sql_alchemy_conn option in [core] has been moved to the sql_alchemy_conn option in [database] - the old setting has been used, but please update your config.
[2024-08-28T11:00:07.574+0000] {task_command.py:426} INFO - Running <TaskInstance: trino_query_dag_irenen.insert_data_inc scheduled__2024-08-28T10:00:00+00:00 [running]> on host b476143e3d64
[2024-08-28T11:00:08.106+0000] {taskinstance.py:2648} INFO - Exporting env vars: AIRFLOW_CTX_DAG_OWNER='airflow' AIRFLOW_CTX_DAG_ID='trino_query_dag_irenen' AIRFLOW_CTX_TASK_ID='insert_data_inc' AIRFLOW_CTX_EXECUTION_DATE='2024-08-28T10:00:00+00:00' AIRFLOW_CTX_TRY_NUMBER='1' AIRFLOW_CTX_DAG_RUN_ID='scheduled__2024-08-28T10:00:00+00:00'
[2024-08-28T11:00:08.111+0000] {taskinstance.py:430} INFO - ::endgroup::
[2024-08-28T11:00:08.129+0000] {sql.py:282} INFO - Executing: insert into hive.irenen.sou select * from sqlserver.dbo.sou where sex in ('boy', 'girl')
[2024-08-28T11:00:08.149+0000] {base.py:84} INFO - Using connection ID 'my_trino_connection' for task execution.
[2024-08-28T11:00:08.158+0000] {base.py:84} INFO - Using connection ID 'my_trino_connection' for task execution.
[2024-08-28T11:00:08.170+0000] {base.py:84} INFO - Using connection ID 'my_trino_connection' for task execution.
[2024-08-28T11:00:08.176+0000] {sql.py:495} INFO - Running statement: insert into hive.irenen.sou select * from sqlserver.dbo.sou where sex in ('boy', 'girl'), parameters: None
[2024-08-28T11:00:12.510+0000] {sql.py:504} INFO - Rows affected: 4
[2024-08-28T11:00:12.901+0000] {taskinstance.py:441} INFO - ::group::Post task execution logs
[2024-08-28T11:00:12.946+0000] {taskinstance.py:1206} INFO - Marking task as SUCCESS. dag_id=trino_query_dag_irenen, task_id=insert_data_inc, run_id=scheduled__2024-08-28T10:00:00+00:00, execution_date=20240828T100000, start_date=20240828T110006, end_date=20240828T110012
[2024-08-28T11:00:13.005+0000] {local_task_job_runner.py:243} INFO - Task exited with return code 0
[2024-08-28T11:00:13.030+0000] {local_task_job_runner.py:222} INFO - ::endgroup::
