[2024-10-27T04:09:36.329+0000] {local_task_job_runner.py:120} INFO - ::group::Pre task execution logs
[2024-10-27T04:09:36.400+0000] {taskinstance.py:2076} INFO - Dependencies all met for dep_context=non-requeueable deps ti=<TaskInstance: query_dag_irenen.insert_data_inc scheduled__2024-10-26T00:00:00+00:00 [queued]>
[2024-10-27T04:09:36.422+0000] {taskinstance.py:2076} INFO - Dependencies all met for dep_context=requeueable deps ti=<TaskInstance: query_dag_irenen.insert_data_inc scheduled__2024-10-26T00:00:00+00:00 [queued]>
[2024-10-27T04:09:40.099+0000] {taskinstance.py:2306} INFO - Starting attempt 1 of 2
[2024-10-27T04:09:41.836+0000] {taskinstance.py:2330} INFO - Executing <Task(TrinoOperator): insert_data_inc> on 2024-10-26 00:00:00+00:00
[2024-10-27T04:09:41.922+0000] {logging_mixin.py:188} WARNING - /home/airflow/.local/lib/python3.12/site-packages/airflow/task/task_runner/standard_task_runner.py:62 DeprecationWarning: This process (pid=66205) is multi-threaded, use of fork() may lead to deadlocks in the child.
[2024-10-27T04:09:41.936+0000] {standard_task_runner.py:64} INFO - Started process 66270 to run task
[2024-10-27T04:09:41.954+0000] {standard_task_runner.py:90} INFO - Running: ['airflow', 'tasks', 'run', 'query_dag_irenen', 'insert_data_inc', 'scheduled__2024-10-26T00:00:00+00:00', '--job-id', '1900', '--raw', '--subdir', 'DAGS_FOLDER/irenen.py', '--cfg-path', '/tmp/tmpkdzdt6cu']
[2024-10-27T04:09:41.989+0000] {standard_task_runner.py:91} INFO - Job 1900: Subtask insert_data_inc
[2024-10-27T04:09:45.032+0000] {logging_mixin.py:188} WARNING - /home/airflow/.local/lib/python3.12/site-packages/airflow/settings.py:195 DeprecationWarning: The sql_alchemy_conn option in [core] has been moved to the sql_alchemy_conn option in [database] - the old setting has been used, but please update your config.
[2024-10-27T04:09:45.608+0000] {task_command.py:426} INFO - Running <TaskInstance: query_dag_irenen.insert_data_inc scheduled__2024-10-26T00:00:00+00:00 [running]> on host 92783cd12528
[2024-10-27T04:09:45.829+0000] {logging_mixin.py:188} WARNING - /home/airflow/.local/lib/python3.12/site-packages/airflow/settings.py:356 DeprecationWarning: The sql_engine_encoding option in [core] has been moved to the sql_engine_encoding option in [database] - the old setting has been used, but please update your config.
[2024-10-27T04:09:48.176+0000] {logging_mixin.py:188} WARNING - /home/airflow/.local/lib/python3.12/site-packages/airflow/utils/log/secrets_masker.py:84 DeprecationWarning: The sensitive_variable_fields option in [admin] has been moved to the sensitive_var_conn_names option in [core] - the old setting has been used, but please update your config.
[2024-10-27T04:09:51.963+0000] {taskinstance.py:2648} INFO - Exporting env vars: AIRFLOW_CTX_DAG_OWNER='airflow' AIRFLOW_CTX_DAG_ID='query_dag_irenen' AIRFLOW_CTX_TASK_ID='insert_data_inc' AIRFLOW_CTX_EXECUTION_DATE='2024-10-26T00:00:00+00:00' AIRFLOW_CTX_TRY_NUMBER='1' AIRFLOW_CTX_DAG_RUN_ID='scheduled__2024-10-26T00:00:00+00:00'
[2024-10-27T04:09:51.987+0000] {taskinstance.py:430} INFO - ::endgroup::
[2024-10-27T04:09:52.115+0000] {sql.py:282} INFO - Executing: insert into hive.irenen.sou         WITH sou_cte AS (         SELECT * FROM sqlserver.dbo.Sou         where hour =22        ) SELECT * FROM sou_cte
[2024-10-27T04:09:52.168+0000] {base.py:84} INFO - Using connection ID 'my_trino_connection' for task execution.
[2024-10-27T04:09:52.236+0000] {base.py:84} INFO - Using connection ID 'my_trino_connection' for task execution.
[2024-10-27T04:09:52.322+0000] {base.py:84} INFO - Using connection ID 'my_trino_connection' for task execution.
[2024-10-27T04:09:52.346+0000] {sql.py:495} INFO - Running statement: insert into hive.irenen.sou         WITH sou_cte AS (         SELECT * FROM sqlserver.dbo.Sou         where hour =22        ) SELECT * FROM sou_cte, parameters: None
[2024-10-27T04:10:02.912+0000] {local_task_job_runner.py:124} ERROR - Received SIGTERM. Terminating subprocesses
[2024-10-27T04:10:02.975+0000] {process_utils.py:132} INFO - Sending 15 to group 66270. PIDs of all processes in the group: [66270]
[2024-10-27T04:10:03.024+0000] {process_utils.py:87} INFO - Sending the signal 15 to group 66270
[2024-10-27T04:10:03.041+0000] {taskinstance.py:2611} ERROR - Received SIGTERM. Terminating subprocesses.
[2024-10-27T04:10:03.042+0000] {trino.py:70} INFO - Stopping query run with queryId - 
[2024-10-27T04:10:03.248+0000] {base.py:84} INFO - Using connection ID 'my_trino_connection' for task execution.
[2024-10-27T04:10:03.318+0000] {base.py:84} INFO - Using connection ID 'my_trino_connection' for task execution.
[2024-10-27T04:10:03.323+0000] {sql.py:495} INFO - Running statement: CALL system.runtime.kill_query(query_id => '',message => 'Job killed by user');, parameters: None
[2024-10-27T04:10:03.419+0000] {local_task_job_runner.py:124} ERROR - Received SIGTERM. Terminating subprocesses
