[2024-09-20T01:00:05.705+0000] {local_task_job_runner.py:120} INFO - ::group::Pre task execution logs
[2024-09-20T01:00:05.765+0000] {taskinstance.py:2076} INFO - Dependencies all met for dep_context=non-requeueable deps ti=<TaskInstance: query_dag_ivy.print_end scheduled__2024-09-19T00:00:00+00:00 [queued]>
[2024-09-20T01:00:05.776+0000] {taskinstance.py:2076} INFO - Dependencies all met for dep_context=requeueable deps ti=<TaskInstance: query_dag_ivy.print_end scheduled__2024-09-19T00:00:00+00:00 [queued]>
[2024-09-20T01:00:06.335+0000] {taskinstance.py:2306} INFO - Starting attempt 1 of 2
[2024-09-20T01:00:07.377+0000] {taskinstance.py:2330} INFO - Executing <Task(PythonOperator): print_end> on 2024-09-19 00:00:00+00:00
[2024-09-20T01:00:07.404+0000] {logging_mixin.py:188} WARNING - /home/airflow/.local/lib/python3.12/site-packages/airflow/task/task_runner/standard_task_runner.py:62 DeprecationWarning: This process (pid=45481) is multi-threaded, use of fork() may lead to deadlocks in the child.
[2024-09-20T01:00:07.426+0000] {standard_task_runner.py:64} INFO - Started process 45518 to run task
[2024-09-20T01:00:07.414+0000] {standard_task_runner.py:90} INFO - Running: ['airflow', 'tasks', 'run', 'query_dag_ivy', 'print_end', 'scheduled__2024-09-19T00:00:00+00:00', '--job-id', '362', '--raw', '--subdir', 'DAGS_FOLDER/ivy.py', '--cfg-path', '/tmp/tmpnr5qqkjb']
[2024-09-20T01:00:07.458+0000] {standard_task_runner.py:91} INFO - Job 362: Subtask print_end
[2024-09-20T01:00:08.967+0000] {logging_mixin.py:188} WARNING - /home/airflow/.local/lib/python3.12/site-packages/airflow/settings.py:195 DeprecationWarning: The sql_alchemy_conn option in [core] has been moved to the sql_alchemy_conn option in [database] - the old setting has been used, but please update your config.
[2024-09-20T01:00:09.402+0000] {task_command.py:426} INFO - Running <TaskInstance: query_dag_ivy.print_end scheduled__2024-09-19T00:00:00+00:00 [running]> on host 92783cd12528
[2024-09-20T01:00:09.409+0000] {logging_mixin.py:188} WARNING - /home/airflow/.local/lib/python3.12/site-packages/airflow/settings.py:356 DeprecationWarning: The sql_engine_encoding option in [core] has been moved to the sql_engine_encoding option in [database] - the old setting has been used, but please update your config.
[2024-09-20T01:00:10.443+0000] {logging_mixin.py:188} WARNING - /home/airflow/.local/lib/python3.12/site-packages/airflow/utils/log/secrets_masker.py:84 DeprecationWarning: The sensitive_variable_fields option in [admin] has been moved to the sensitive_var_conn_names option in [core] - the old setting has been used, but please update your config.
[2024-09-20T01:00:12.705+0000] {taskinstance.py:2648} INFO - Exporting env vars: AIRFLOW_CTX_DAG_OWNER='airflow' AIRFLOW_CTX_DAG_ID='query_dag_ivy' AIRFLOW_CTX_TASK_ID='print_end' AIRFLOW_CTX_EXECUTION_DATE='2024-09-19T00:00:00+00:00' AIRFLOW_CTX_TRY_NUMBER='1' AIRFLOW_CTX_DAG_RUN_ID='scheduled__2024-09-19T00:00:00+00:00'
[2024-09-20T01:00:12.734+0000] {taskinstance.py:430} INFO - ::endgroup::
[2024-09-20T01:00:12.798+0000] {logging_mixin.py:188} INFO - End of DAG execution
[2024-09-20T01:00:12.807+0000] {python.py:237} INFO - Done. Returned value was: None
[2024-09-20T01:00:12.826+0000] {taskinstance.py:441} INFO - ::group::Post task execution logs
[2024-09-20T01:00:12.843+0000] {taskinstance.py:1206} INFO - Marking task as SUCCESS. dag_id=query_dag_ivy, task_id=print_end, run_id=scheduled__2024-09-19T00:00:00+00:00, execution_date=20240919T000000, start_date=20240920T010005, end_date=20240920T010012
[2024-09-20T01:00:14.082+0000] {local_task_job_runner.py:243} INFO - Task exited with return code 0
[2024-09-20T01:00:14.120+0000] {taskinstance.py:3503} INFO - 0 downstream tasks scheduled from follow-on schedule check
[2024-09-20T01:00:14.376+0000] {local_task_job_runner.py:222} INFO - ::endgroup::
