[2024-08-27T02:00:00.408+0000] {local_task_job_runner.py:120} INFO - ::group::Pre task execution logs
[2024-08-27T02:00:00.466+0000] {taskinstance.py:2076} INFO - Dependencies all met for dep_context=non-requeueable deps ti=<TaskInstance: trino_query_dag_ivy.print_start scheduled__2024-08-27T01:00:00+00:00 [queued]>
[2024-08-27T02:00:00.496+0000] {taskinstance.py:2076} INFO - Dependencies all met for dep_context=requeueable deps ti=<TaskInstance: trino_query_dag_ivy.print_start scheduled__2024-08-27T01:00:00+00:00 [queued]>
[2024-08-27T02:00:00.499+0000] {taskinstance.py:2306} INFO - Starting attempt 1 of 2
[2024-08-27T02:00:00.543+0000] {taskinstance.py:2330} INFO - Executing <Task(PythonOperator): print_start> on 2024-08-27 01:00:00+00:00
[2024-08-27T02:00:00.551+0000] {logging_mixin.py:188} WARNING - /home/airflow/.local/lib/python3.12/site-packages/airflow/task/task_runner/standard_task_runner.py:62 DeprecationWarning: This process (pid=19347) is multi-threaded, use of fork() may lead to deadlocks in the child.
[2024-08-27T02:00:00.551+0000] {standard_task_runner.py:90} INFO - Running: ['airflow', 'tasks', 'run', 'trino_query_dag_ivy', 'print_start', 'scheduled__2024-08-27T01:00:00+00:00', '--job-id', '385', '--raw', '--subdir', 'DAGS_FOLDER/ivy.py', '--cfg-path', '/tmp/tmp2chx6fq3']
[2024-08-27T02:00:00.570+0000] {standard_task_runner.py:91} INFO - Job 385: Subtask print_start
[2024-08-27T02:00:00.568+0000] {standard_task_runner.py:64} INFO - Started process 19349 to run task
[2024-08-27T02:00:00.598+0000] {logging_mixin.py:188} WARNING - /home/airflow/.local/lib/python3.12/site-packages/airflow/settings.py:195 DeprecationWarning: The sql_alchemy_conn option in [core] has been moved to the sql_alchemy_conn option in [database] - the old setting has been used, but please update your config.
[2024-08-27T02:00:00.659+0000] {task_command.py:426} INFO - Running <TaskInstance: trino_query_dag_ivy.print_start scheduled__2024-08-27T01:00:00+00:00 [running]> on host b476143e3d64
[2024-08-27T02:00:00.752+0000] {taskinstance.py:2648} INFO - Exporting env vars: AIRFLOW_CTX_DAG_OWNER='airflow' AIRFLOW_CTX_DAG_ID='trino_query_dag_ivy' AIRFLOW_CTX_TASK_ID='print_start' AIRFLOW_CTX_EXECUTION_DATE='2024-08-27T01:00:00+00:00' AIRFLOW_CTX_TRY_NUMBER='1' AIRFLOW_CTX_DAG_RUN_ID='scheduled__2024-08-27T01:00:00+00:00'
[2024-08-27T02:00:00.753+0000] {taskinstance.py:430} INFO - ::endgroup::
[2024-08-27T02:00:00.771+0000] {logging_mixin.py:188} INFO - Start of DAG execution
[2024-08-27T02:00:00.771+0000] {python.py:237} INFO - Done. Returned value was: None
[2024-08-27T02:00:00.772+0000] {taskinstance.py:441} INFO - ::group::Post task execution logs
[2024-08-27T02:00:00.781+0000] {taskinstance.py:1206} INFO - Marking task as SUCCESS. dag_id=trino_query_dag_ivy, task_id=print_start, run_id=scheduled__2024-08-27T01:00:00+00:00, execution_date=20240827T010000, start_date=20240827T020000, end_date=20240827T020000
[2024-08-27T02:00:00.830+0000] {local_task_job_runner.py:243} INFO - Task exited with return code 0
[2024-08-27T02:00:00.842+0000] {logging_mixin.py:188} WARNING - /home/airflow/.local/lib/python3.12/site-packages/airflow/models/baseoperator.py:1297 AirflowProviderDeprecationWarning: Call to deprecated class TrinoOperator. (Please use `airflow.providers.common.sql.operators.sql.SQLExecuteQueryOperator`.)
[2024-08-27T02:00:00.863+0000] {taskinstance.py:3503} INFO - 1 downstream tasks scheduled from follow-on schedule check
[2024-08-27T02:00:00.865+0000] {local_task_job_runner.py:222} INFO - ::endgroup::
[2024-08-27T02:09:50.184+0000] {local_task_job_runner.py:120} INFO - ::group::Pre task execution logs
[2024-08-27T02:09:50.267+0000] {taskinstance.py:2076} INFO - Dependencies all met for dep_context=non-requeueable deps ti=<TaskInstance: trino_query_dag_ivy.print_start scheduled__2024-08-27T01:00:00+00:00 [queued]>
[2024-08-27T02:09:50.283+0000] {taskinstance.py:2076} INFO - Dependencies all met for dep_context=requeueable deps ti=<TaskInstance: trino_query_dag_ivy.print_start scheduled__2024-08-27T01:00:00+00:00 [queued]>
[2024-08-27T02:09:50.284+0000] {taskinstance.py:2306} INFO - Starting attempt 1 of 2
[2024-08-27T02:09:50.329+0000] {taskinstance.py:2330} INFO - Executing <Task(PythonOperator): print_start> on 2024-08-27 01:00:00+00:00
[2024-08-27T02:09:50.342+0000] {standard_task_runner.py:90} INFO - Running: ['airflow', 'tasks', 'run', 'trino_query_dag_ivy', 'print_start', 'scheduled__2024-08-27T01:00:00+00:00', '--job-id', '397', '--raw', '--subdir', 'DAGS_FOLDER/ivy.py', '--cfg-path', '/tmp/tmp3i81d0k8']
[2024-08-27T02:09:50.356+0000] {standard_task_runner.py:91} INFO - Job 397: Subtask print_start
[2024-08-27T02:09:50.348+0000] {logging_mixin.py:188} WARNING - /home/airflow/.local/lib/python3.12/site-packages/airflow/task/task_runner/standard_task_runner.py:62 DeprecationWarning: This process (pid=19661) is multi-threaded, use of fork() may lead to deadlocks in the child.
[2024-08-27T02:09:50.361+0000] {standard_task_runner.py:64} INFO - Started process 19671 to run task
[2024-08-27T02:09:50.397+0000] {logging_mixin.py:188} WARNING - /home/airflow/.local/lib/python3.12/site-packages/airflow/settings.py:195 DeprecationWarning: The sql_alchemy_conn option in [core] has been moved to the sql_alchemy_conn option in [database] - the old setting has been used, but please update your config.
[2024-08-27T02:09:50.492+0000] {task_command.py:426} INFO - Running <TaskInstance: trino_query_dag_ivy.print_start scheduled__2024-08-27T01:00:00+00:00 [running]> on host b476143e3d64
[2024-08-27T02:09:50.640+0000] {taskinstance.py:2648} INFO - Exporting env vars: AIRFLOW_CTX_DAG_OWNER='airflow' AIRFLOW_CTX_DAG_ID='trino_query_dag_ivy' AIRFLOW_CTX_TASK_ID='print_start' AIRFLOW_CTX_EXECUTION_DATE='2024-08-27T01:00:00+00:00' AIRFLOW_CTX_TRY_NUMBER='1' AIRFLOW_CTX_DAG_RUN_ID='scheduled__2024-08-27T01:00:00+00:00'
[2024-08-27T02:09:50.640+0000] {taskinstance.py:430} INFO - ::endgroup::
[2024-08-27T02:09:50.659+0000] {logging_mixin.py:188} INFO - Start of DAG execution
[2024-08-27T02:09:50.660+0000] {python.py:237} INFO - Done. Returned value was: None
[2024-08-27T02:09:50.662+0000] {taskinstance.py:441} INFO - ::group::Post task execution logs
[2024-08-27T02:09:50.678+0000] {taskinstance.py:1206} INFO - Marking task as SUCCESS. dag_id=trino_query_dag_ivy, task_id=print_start, run_id=scheduled__2024-08-27T01:00:00+00:00, execution_date=20240827T010000, start_date=20240827T020950, end_date=20240827T020950
[2024-08-27T02:09:50.714+0000] {local_task_job_runner.py:243} INFO - Task exited with return code 0
[2024-08-27T02:09:50.728+0000] {logging_mixin.py:188} WARNING - /home/airflow/.local/lib/python3.12/site-packages/airflow/models/baseoperator.py:1297 AirflowProviderDeprecationWarning: Call to deprecated class TrinoOperator. (Please use `airflow.providers.common.sql.operators.sql.SQLExecuteQueryOperator`.)
[2024-08-27T02:09:50.755+0000] {taskinstance.py:3503} INFO - 1 downstream tasks scheduled from follow-on schedule check
[2024-08-27T02:09:50.758+0000] {local_task_job_runner.py:222} INFO - ::endgroup::
[2024-08-27T02:24:39.857+0000] {local_task_job_runner.py:120} INFO - ::group::Pre task execution logs
[2024-08-27T02:24:39.907+0000] {taskinstance.py:2076} INFO - Dependencies all met for dep_context=non-requeueable deps ti=<TaskInstance: trino_query_dag_ivy.print_start scheduled__2024-08-27T01:00:00+00:00 [queued]>
[2024-08-27T02:24:39.917+0000] {taskinstance.py:2076} INFO - Dependencies all met for dep_context=requeueable deps ti=<TaskInstance: trino_query_dag_ivy.print_start scheduled__2024-08-27T01:00:00+00:00 [queued]>
[2024-08-27T02:24:39.918+0000] {taskinstance.py:2306} INFO - Starting attempt 1 of 2
[2024-08-27T02:24:39.937+0000] {taskinstance.py:2330} INFO - Executing <Task(PythonOperator): print_start> on 2024-08-27 01:00:00+00:00
[2024-08-27T02:24:39.944+0000] {logging_mixin.py:188} WARNING - /home/airflow/.local/lib/python3.12/site-packages/airflow/task/task_runner/standard_task_runner.py:62 DeprecationWarning: This process (pid=20120) is multi-threaded, use of fork() may lead to deadlocks in the child.
[2024-08-27T02:24:39.946+0000] {standard_task_runner.py:64} INFO - Started process 20124 to run task
[2024-08-27T02:24:39.952+0000] {standard_task_runner.py:90} INFO - Running: ['airflow', 'tasks', 'run', 'trino_query_dag_ivy', 'print_start', 'scheduled__2024-08-27T01:00:00+00:00', '--job-id', '407', '--raw', '--subdir', 'DAGS_FOLDER/ivy.py', '--cfg-path', '/tmp/tmpu29akrx8']
[2024-08-27T02:24:39.955+0000] {standard_task_runner.py:91} INFO - Job 407: Subtask print_start
[2024-08-27T02:24:39.992+0000] {logging_mixin.py:188} WARNING - /home/airflow/.local/lib/python3.12/site-packages/airflow/settings.py:195 DeprecationWarning: The sql_alchemy_conn option in [core] has been moved to the sql_alchemy_conn option in [database] - the old setting has been used, but please update your config.
[2024-08-27T02:24:40.128+0000] {task_command.py:426} INFO - Running <TaskInstance: trino_query_dag_ivy.print_start scheduled__2024-08-27T01:00:00+00:00 [running]> on host b476143e3d64
[2024-08-27T02:24:40.347+0000] {taskinstance.py:2648} INFO - Exporting env vars: AIRFLOW_CTX_DAG_OWNER='airflow' AIRFLOW_CTX_DAG_ID='trino_query_dag_ivy' AIRFLOW_CTX_TASK_ID='print_start' AIRFLOW_CTX_EXECUTION_DATE='2024-08-27T01:00:00+00:00' AIRFLOW_CTX_TRY_NUMBER='1' AIRFLOW_CTX_DAG_RUN_ID='scheduled__2024-08-27T01:00:00+00:00'
[2024-08-27T02:24:40.353+0000] {taskinstance.py:430} INFO - ::endgroup::
[2024-08-27T02:24:40.392+0000] {logging_mixin.py:188} INFO - Start of DAG execution
[2024-08-27T02:24:40.399+0000] {python.py:237} INFO - Done. Returned value was: None
[2024-08-27T02:24:40.402+0000] {taskinstance.py:441} INFO - ::group::Post task execution logs
[2024-08-27T02:24:40.415+0000] {taskinstance.py:1206} INFO - Marking task as SUCCESS. dag_id=trino_query_dag_ivy, task_id=print_start, run_id=scheduled__2024-08-27T01:00:00+00:00, execution_date=20240827T010000, start_date=20240827T022439, end_date=20240827T022440
[2024-08-27T02:24:40.454+0000] {local_task_job_runner.py:243} INFO - Task exited with return code 0
[2024-08-27T02:24:40.475+0000] {logging_mixin.py:188} WARNING - /home/airflow/.local/lib/python3.12/site-packages/airflow/models/baseoperator.py:1297 AirflowProviderDeprecationWarning: Call to deprecated class TrinoOperator. (Please use `airflow.providers.common.sql.operators.sql.SQLExecuteQueryOperator`.)
[2024-08-27T02:24:40.513+0000] {taskinstance.py:3503} INFO - 1 downstream tasks scheduled from follow-on schedule check
[2024-08-27T02:24:40.517+0000] {local_task_job_runner.py:222} INFO - ::endgroup::
