[2024-08-29T13:37:44.828+0000] {local_task_job_runner.py:120} INFO - ::group::Pre task execution logs
[2024-08-29T13:37:45.045+0000] {taskinstance.py:2076} INFO - Dependencies all met for dep_context=non-requeueable deps ti=<TaskInstance: trino_query_dag_ivy.print_start scheduled__2024-08-29T10:00:00+00:00 [queued]>
[2024-08-29T13:37:45.085+0000] {taskinstance.py:2076} INFO - Dependencies all met for dep_context=requeueable deps ti=<TaskInstance: trino_query_dag_ivy.print_start scheduled__2024-08-29T10:00:00+00:00 [queued]>
[2024-08-29T13:37:45.098+0000] {taskinstance.py:2306} INFO - Starting attempt 1 of 2
[2024-08-29T13:37:45.210+0000] {taskinstance.py:2330} INFO - Executing <Task(PythonOperator): print_start> on 2024-08-29 10:00:00+00:00
[2024-08-29T13:37:45.252+0000] {standard_task_runner.py:90} INFO - Running: ['airflow', 'tasks', 'run', 'trino_query_dag_ivy', 'print_start', 'scheduled__2024-08-29T10:00:00+00:00', '--job-id', '885', '--raw', '--subdir', 'DAGS_FOLDER/ivy.py', '--cfg-path', '/tmp/tmp7a4z3bih']
[2024-08-29T13:37:45.275+0000] {standard_task_runner.py:91} INFO - Job 885: Subtask print_start
[2024-08-29T13:37:45.258+0000] {logging_mixin.py:188} WARNING - /home/airflow/.local/lib/python3.12/site-packages/airflow/task/task_runner/standard_task_runner.py:62 DeprecationWarning: This process (pid=89746) is multi-threaded, use of fork() may lead to deadlocks in the child.
[2024-08-29T13:37:45.309+0000] {standard_task_runner.py:64} INFO - Started process 89756 to run task
[2024-08-29T13:37:45.454+0000] {logging_mixin.py:188} WARNING - /home/airflow/.local/lib/python3.12/site-packages/airflow/settings.py:195 DeprecationWarning: The sql_alchemy_conn option in [core] has been moved to the sql_alchemy_conn option in [database] - the old setting has been used, but please update your config.
[2024-08-29T13:37:51.001+0000] {task_command.py:426} INFO - Running <TaskInstance: trino_query_dag_ivy.print_start scheduled__2024-08-29T10:00:00+00:00 [running]> on host b476143e3d64
[2024-08-30T01:14:19.801+0000] {taskinstance.py:2648} INFO - Exporting env vars: AIRFLOW_CTX_DAG_OWNER='airflow' AIRFLOW_CTX_DAG_ID='trino_query_dag_ivy' AIRFLOW_CTX_TASK_ID='print_start' AIRFLOW_CTX_EXECUTION_DATE='2024-08-29T10:00:00+00:00' AIRFLOW_CTX_TRY_NUMBER='1' AIRFLOW_CTX_DAG_RUN_ID='scheduled__2024-08-29T10:00:00+00:00'
[2024-08-30T01:14:20.010+0000] {taskinstance.py:430} INFO - ::endgroup::
[2024-08-30T01:14:20.136+0000] {logging_mixin.py:188} INFO - Start of DAG execution
[2024-08-30T01:14:20.183+0000] {python.py:237} INFO - Done. Returned value was: None
[2024-08-30T01:14:20.231+0000] {taskinstance.py:441} INFO - ::group::Post task execution logs
[2024-08-30T01:14:20.274+0000] {taskinstance.py:1206} INFO - Marking task as SUCCESS. dag_id=trino_query_dag_ivy, task_id=print_start, run_id=scheduled__2024-08-29T10:00:00+00:00, execution_date=20240829T100000, start_date=20240829T133745, end_date=20240830T011420
[2024-08-30T01:14:24.616+0000] {local_task_job_runner.py:243} INFO - Task exited with return code 0
[2024-08-30T01:14:26.108+0000] {logging_mixin.py:188} WARNING - /home/airflow/.local/lib/python3.12/site-packages/airflow/models/baseoperator.py:1297 AirflowProviderDeprecationWarning: Call to deprecated class TrinoOperator. (Please use `airflow.providers.common.sql.operators.sql.SQLExecuteQueryOperator`.)
[2024-08-30T01:14:26.340+0000] {taskinstance.py:3503} INFO - 1 downstream tasks scheduled from follow-on schedule check
[2024-08-30T01:14:29.689+0000] {local_task_job_runner.py:222} INFO - ::endgroup::
