[2024-08-28T04:00:08.899+0000] {local_task_job_runner.py:120} INFO - ::group::Pre task execution logs
[2024-08-28T04:00:09.019+0000] {taskinstance.py:2076} INFO - Dependencies all met for dep_context=non-requeueable deps ti=<TaskInstance: trino_query_dag_ironmale.print_end scheduled__2024-08-28T03:00:00+00:00 [queued]>
[2024-08-28T04:00:09.040+0000] {taskinstance.py:2076} INFO - Dependencies all met for dep_context=requeueable deps ti=<TaskInstance: trino_query_dag_ironmale.print_end scheduled__2024-08-28T03:00:00+00:00 [queued]>
[2024-08-28T04:00:09.180+0000] {taskinstance.py:2306} INFO - Starting attempt 1 of 2
[2024-08-28T04:00:09.247+0000] {taskinstance.py:2330} INFO - Executing <Task(PythonOperator): print_end> on 2024-08-28 03:00:00+00:00
[2024-08-28T04:00:09.293+0000] {logging_mixin.py:188} WARNING - /home/airflow/.local/lib/python3.12/site-packages/airflow/task/task_runner/standard_task_runner.py:62 DeprecationWarning: This process (pid=36878) is multi-threaded, use of fork() may lead to deadlocks in the child.
[2024-08-28T04:00:09.291+0000] {standard_task_runner.py:90} INFO - Running: ['airflow', 'tasks', 'run', 'trino_query_dag_ironmale', 'print_end', 'scheduled__2024-08-28T03:00:00+00:00', '--job-id', '625', '--raw', '--subdir', 'DAGS_FOLDER/ironmale.py', '--cfg-path', '/tmp/tmpl3bsoq8z']
[2024-08-28T04:00:09.297+0000] {standard_task_runner.py:91} INFO - Job 625: Subtask print_end
[2024-08-28T04:00:09.297+0000] {standard_task_runner.py:64} INFO - Started process 36881 to run task
[2024-08-28T04:00:09.319+0000] {logging_mixin.py:188} WARNING - /home/airflow/.local/lib/python3.12/site-packages/airflow/settings.py:195 DeprecationWarning: The sql_alchemy_conn option in [core] has been moved to the sql_alchemy_conn option in [database] - the old setting has been used, but please update your config.
[2024-08-28T04:00:09.411+0000] {task_command.py:426} INFO - Running <TaskInstance: trino_query_dag_ironmale.print_end scheduled__2024-08-28T03:00:00+00:00 [running]> on host b476143e3d64
[2024-08-28T04:00:09.568+0000] {taskinstance.py:2648} INFO - Exporting env vars: AIRFLOW_CTX_DAG_OWNER='airflow' AIRFLOW_CTX_DAG_ID='trino_query_dag_ironmale' AIRFLOW_CTX_TASK_ID='print_end' AIRFLOW_CTX_EXECUTION_DATE='2024-08-28T03:00:00+00:00' AIRFLOW_CTX_TRY_NUMBER='1' AIRFLOW_CTX_DAG_RUN_ID='scheduled__2024-08-28T03:00:00+00:00'
[2024-08-28T04:00:09.569+0000] {taskinstance.py:430} INFO - ::endgroup::
[2024-08-28T04:00:09.596+0000] {logging_mixin.py:188} INFO - End of DAG execution
[2024-08-28T04:00:09.596+0000] {python.py:237} INFO - Done. Returned value was: None
[2024-08-28T04:00:09.597+0000] {taskinstance.py:441} INFO - ::group::Post task execution logs
[2024-08-28T04:00:09.630+0000] {taskinstance.py:1206} INFO - Marking task as SUCCESS. dag_id=trino_query_dag_ironmale, task_id=print_end, run_id=scheduled__2024-08-28T03:00:00+00:00, execution_date=20240828T030000, start_date=20240828T040009, end_date=20240828T040009
[2024-08-28T04:00:09.707+0000] {local_task_job_runner.py:243} INFO - Task exited with return code 0
[2024-08-28T04:00:09.778+0000] {taskinstance.py:3503} INFO - 0 downstream tasks scheduled from follow-on schedule check
[2024-08-28T04:00:09.785+0000] {local_task_job_runner.py:222} INFO - ::endgroup::
