[2024-08-20T07:44:35.909+0000] {local_task_job_runner.py:120} INFO - ::group::Pre task execution logs
[2024-08-20T07:44:35.956+0000] {taskinstance.py:2076} INFO - Dependencies all met for dep_context=non-requeueable deps ti=<TaskInstance: trino_query_dag.insert_data_inc manual__2024-08-20T07:38:04.005618+00:00 [queued]>
[2024-08-20T07:44:35.969+0000] {taskinstance.py:2076} INFO - Dependencies all met for dep_context=requeueable deps ti=<TaskInstance: trino_query_dag.insert_data_inc manual__2024-08-20T07:38:04.005618+00:00 [queued]>
[2024-08-20T07:44:35.970+0000] {taskinstance.py:2306} INFO - Starting attempt 3 of 2
[2024-08-20T07:44:35.987+0000] {taskinstance.py:2330} INFO - Executing <Task(TrinoOperator): insert_data_inc> on 2024-08-20 07:38:04.005618+00:00
[2024-08-20T07:44:35.994+0000] {logging_mixin.py:188} WARNING - /home/airflow/.local/lib/python3.12/site-packages/airflow/task/task_runner/standard_task_runner.py:62 DeprecationWarning: This process (pid=6571) is multi-threaded, use of fork() may lead to deadlocks in the child.
[2024-08-20T07:44:35.994+0000] {standard_task_runner.py:90} INFO - Running: ['airflow', 'tasks', 'run', 'trino_query_dag', 'insert_data_inc', 'manual__2024-08-20T07:38:04.005618+00:00', '--job-id', '56', '--raw', '--subdir', 'DAGS_FOLDER/test.py', '--cfg-path', '/tmp/tmp2i4znc88']
[2024-08-20T07:44:35.997+0000] {standard_task_runner.py:64} INFO - Started process 6572 to run task
[2024-08-20T07:44:35.997+0000] {standard_task_runner.py:91} INFO - Job 56: Subtask insert_data_inc
[2024-08-20T07:44:36.018+0000] {logging_mixin.py:188} WARNING - /home/airflow/.local/lib/python3.12/site-packages/airflow/settings.py:195 DeprecationWarning: The sql_alchemy_conn option in [core] has been moved to the sql_alchemy_conn option in [database] - the old setting has been used, but please update your config.
[2024-08-20T07:44:36.053+0000] {task_command.py:426} INFO - Running <TaskInstance: trino_query_dag.insert_data_inc manual__2024-08-20T07:38:04.005618+00:00 [running]> on host b476143e3d64
[2024-08-20T07:44:36.155+0000] {taskinstance.py:2648} INFO - Exporting env vars: AIRFLOW_CTX_DAG_OWNER='airflow' AIRFLOW_CTX_DAG_ID='trino_query_dag' AIRFLOW_CTX_TASK_ID='insert_data_inc' AIRFLOW_CTX_EXECUTION_DATE='2024-08-20T07:38:04.005618+00:00' AIRFLOW_CTX_TRY_NUMBER='3' AIRFLOW_CTX_DAG_RUN_ID='manual__2024-08-20T07:38:04.005618+00:00'
[2024-08-20T07:44:36.156+0000] {taskinstance.py:430} INFO - ::endgroup::
[2024-08-20T07:44:36.173+0000] {sql.py:282} INFO - Executing: insert into hive.test.nganhangso select * from sqlserver.dbo.nganhangso where date_format(d_date_time, '%Y%m%d') = '20240627'
[2024-08-20T07:44:36.194+0000] {base.py:84} INFO - Using connection ID 'my_trino_connection' for task execution.
[2024-08-20T07:44:36.203+0000] {base.py:84} INFO - Using connection ID 'my_trino_connection' for task execution.
[2024-08-20T07:44:36.213+0000] {base.py:84} INFO - Using connection ID 'my_trino_connection' for task execution.
[2024-08-20T07:44:36.219+0000] {sql.py:495} INFO - Running statement: insert into hive.test.nganhangso select * from sqlserver.dbo.nganhangso where date_format(d_date_time, '%Y%m%d') = '20240627', parameters: None
[2024-08-20T07:44:36.731+0000] {sql.py:504} INFO - Rows affected: 3490
[2024-08-20T07:44:36.873+0000] {taskinstance.py:441} INFO - ::group::Post task execution logs
[2024-08-20T07:44:36.904+0000] {taskinstance.py:1206} INFO - Marking task as SUCCESS. dag_id=trino_query_dag, task_id=insert_data_inc, run_id=manual__2024-08-20T07:38:04.005618+00:00, execution_date=20240820T073804, start_date=20240820T074435, end_date=20240820T074436
[2024-08-20T07:44:36.936+0000] {local_task_job_runner.py:243} INFO - Task exited with return code 0
[2024-08-20T07:44:36.954+0000] {logging_mixin.py:188} WARNING - /home/airflow/.local/lib/python3.12/site-packages/airflow/models/baseoperator.py:1297 AirflowProviderDeprecationWarning: Call to deprecated class TrinoOperator. (Please use `airflow.providers.common.sql.operators.sql.SQLExecuteQueryOperator`.)
[2024-08-20T07:44:36.969+0000] {taskinstance.py:3503} INFO - 1 downstream tasks scheduled from follow-on schedule check
[2024-08-20T07:44:36.972+0000] {local_task_job_runner.py:222} INFO - ::endgroup::
