[2024-08-19T01:13:22.214+0000] {local_task_job_runner.py:120} INFO - ::group::Pre task execution logs
[2024-08-19T01:13:22.279+0000] {taskinstance.py:2076} INFO - Dependencies all met for dep_context=non-requeueable deps ti=<TaskInstance: trino_query_dag.print_start scheduled__2024-08-18T00:00:00+00:00 [queued]>
[2024-08-19T01:13:22.313+0000] {taskinstance.py:2076} INFO - Dependencies all met for dep_context=requeueable deps ti=<TaskInstance: trino_query_dag.print_start scheduled__2024-08-18T00:00:00+00:00 [queued]>
[2024-08-19T01:13:22.316+0000] {taskinstance.py:2306} INFO - Starting attempt 1 of 2
[2024-08-19T01:13:22.365+0000] {taskinstance.py:2330} INFO - Executing <Task(PythonOperator): print_start> on 2024-08-18 00:00:00+00:00
[2024-08-19T01:13:22.391+0000] {standard_task_runner.py:90} INFO - Running: ['airflow', 'tasks', 'run', 'trino_query_dag', 'print_start', 'scheduled__2024-08-18T00:00:00+00:00', '--job-id', '33', '--raw', '--subdir', 'DAGS_FOLDER/test.py', '--cfg-path', '/tmp/tmp216cmrdf']
[2024-08-19T01:13:22.396+0000] {standard_task_runner.py:91} INFO - Job 33: Subtask print_start
[2024-08-19T01:13:22.403+0000] {logging_mixin.py:188} WARNING - /home/airflow/.local/lib/python3.12/site-packages/airflow/task/task_runner/standard_task_runner.py:62 DeprecationWarning: This process (pid=184) is multi-threaded, use of fork() may lead to deadlocks in the child.
[2024-08-19T01:13:22.404+0000] {standard_task_runner.py:64} INFO - Started process 190 to run task
[2024-08-19T01:13:22.417+0000] {logging_mixin.py:188} WARNING - /home/airflow/.local/lib/python3.12/site-packages/airflow/settings.py:195 DeprecationWarning: The sql_alchemy_conn option in [core] has been moved to the sql_alchemy_conn option in [database] - the old setting has been used, but please update your config.
[2024-08-19T01:13:22.500+0000] {task_command.py:426} INFO - Running <TaskInstance: trino_query_dag.print_start scheduled__2024-08-18T00:00:00+00:00 [running]> on host 1377ae4f1b48
[2024-08-19T01:13:22.723+0000] {taskinstance.py:2648} INFO - Exporting env vars: AIRFLOW_CTX_DAG_OWNER='airflow' AIRFLOW_CTX_DAG_ID='trino_query_dag' AIRFLOW_CTX_TASK_ID='print_start' AIRFLOW_CTX_EXECUTION_DATE='2024-08-18T00:00:00+00:00' AIRFLOW_CTX_TRY_NUMBER='1' AIRFLOW_CTX_DAG_RUN_ID='scheduled__2024-08-18T00:00:00+00:00'
[2024-08-19T01:13:22.724+0000] {taskinstance.py:430} INFO - ::endgroup::
[2024-08-19T01:13:22.793+0000] {logging_mixin.py:188} INFO - Start of DAG execution
[2024-08-19T01:13:22.794+0000] {python.py:237} INFO - Done. Returned value was: None
[2024-08-19T01:13:22.795+0000] {taskinstance.py:441} INFO - ::group::Post task execution logs
[2024-08-19T01:13:22.809+0000] {taskinstance.py:1206} INFO - Marking task as SUCCESS. dag_id=trino_query_dag, task_id=print_start, run_id=scheduled__2024-08-18T00:00:00+00:00, execution_date=20240818T000000, start_date=20240819T011322, end_date=20240819T011322
[2024-08-19T01:13:22.881+0000] {local_task_job_runner.py:243} INFO - Task exited with return code 0
[2024-08-19T01:13:22.904+0000] {logging_mixin.py:188} WARNING - /home/airflow/.local/lib/python3.12/site-packages/airflow/models/baseoperator.py:1297 AirflowProviderDeprecationWarning: Call to deprecated class TrinoOperator. (Please use `airflow.providers.common.sql.operators.sql.SQLExecuteQueryOperator`.)
[2024-08-19T01:13:22.966+0000] {taskinstance.py:3503} INFO - 1 downstream tasks scheduled from follow-on schedule check
[2024-08-19T01:13:22.977+0000] {local_task_job_runner.py:222} INFO - ::endgroup::
[2024-08-19T14:15:07.060+0000] {local_task_job_runner.py:120} INFO - ::group::Pre task execution logs
[2024-08-19T14:15:07.097+0000] {taskinstance.py:2076} INFO - Dependencies all met for dep_context=non-requeueable deps ti=<TaskInstance: trino_query_dag.print_start scheduled__2024-08-18T00:00:00+00:00 [queued]>
[2024-08-19T14:15:07.107+0000] {taskinstance.py:2076} INFO - Dependencies all met for dep_context=requeueable deps ti=<TaskInstance: trino_query_dag.print_start scheduled__2024-08-18T00:00:00+00:00 [queued]>
[2024-08-19T14:15:07.108+0000] {taskinstance.py:2306} INFO - Starting attempt 1 of 2
[2024-08-19T14:15:07.132+0000] {taskinstance.py:2330} INFO - Executing <Task(PythonOperator): print_start> on 2024-08-18 00:00:00+00:00
[2024-08-19T14:15:07.146+0000] {logging_mixin.py:188} WARNING - /home/airflow/.local/lib/python3.12/site-packages/airflow/task/task_runner/standard_task_runner.py:62 DeprecationWarning: This process (pid=385) is multi-threaded, use of fork() may lead to deadlocks in the child.
[2024-08-19T14:15:07.148+0000] {standard_task_runner.py:64} INFO - Started process 386 to run task
[2024-08-19T14:15:07.149+0000] {standard_task_runner.py:90} INFO - Running: ['airflow', 'tasks', 'run', 'trino_query_dag', 'print_start', 'scheduled__2024-08-18T00:00:00+00:00', '--job-id', '15', '--raw', '--subdir', 'DAGS_FOLDER/test.py', '--cfg-path', '/tmp/tmp04xgggtw']
[2024-08-19T14:15:07.151+0000] {standard_task_runner.py:91} INFO - Job 15: Subtask print_start
[2024-08-19T14:15:07.176+0000] {logging_mixin.py:188} WARNING - /home/airflow/.local/lib/python3.12/site-packages/airflow/settings.py:195 DeprecationWarning: The sql_alchemy_conn option in [core] has been moved to the sql_alchemy_conn option in [database] - the old setting has been used, but please update your config.
[2024-08-19T14:15:07.226+0000] {task_command.py:426} INFO - Running <TaskInstance: trino_query_dag.print_start scheduled__2024-08-18T00:00:00+00:00 [running]> on host b476143e3d64
[2024-08-19T14:15:07.636+0000] {taskinstance.py:2648} INFO - Exporting env vars: AIRFLOW_CTX_DAG_OWNER='airflow' AIRFLOW_CTX_DAG_ID='trino_query_dag' AIRFLOW_CTX_TASK_ID='print_start' AIRFLOW_CTX_EXECUTION_DATE='2024-08-18T00:00:00+00:00' AIRFLOW_CTX_TRY_NUMBER='1' AIRFLOW_CTX_DAG_RUN_ID='scheduled__2024-08-18T00:00:00+00:00'
[2024-08-19T14:15:07.639+0000] {taskinstance.py:430} INFO - ::endgroup::
[2024-08-19T14:15:07.803+0000] {logging_mixin.py:188} INFO - Start of DAG execution
[2024-08-19T14:15:07.805+0000] {python.py:237} INFO - Done. Returned value was: None
[2024-08-19T14:15:07.807+0000] {taskinstance.py:441} INFO - ::group::Post task execution logs
[2024-08-19T14:15:07.822+0000] {taskinstance.py:1206} INFO - Marking task as SUCCESS. dag_id=trino_query_dag, task_id=print_start, run_id=scheduled__2024-08-18T00:00:00+00:00, execution_date=20240818T000000, start_date=20240819T141507, end_date=20240819T141507
[2024-08-19T14:15:07.856+0000] {local_task_job_runner.py:243} INFO - Task exited with return code 0
[2024-08-19T14:15:07.868+0000] {logging_mixin.py:188} WARNING - /home/airflow/.local/lib/python3.12/site-packages/airflow/models/baseoperator.py:1297 AirflowProviderDeprecationWarning: Call to deprecated class TrinoOperator. (Please use `airflow.providers.common.sql.operators.sql.SQLExecuteQueryOperator`.)
[2024-08-19T14:15:07.888+0000] {taskinstance.py:3503} INFO - 1 downstream tasks scheduled from follow-on schedule check
[2024-08-19T14:15:07.891+0000] {local_task_job_runner.py:222} INFO - ::endgroup::
