[2024-10-11T08:20:51.952+0000] {local_task_job_runner.py:120} INFO - ::group::Pre task execution logs
[2024-10-11T08:20:52.156+0000] {taskinstance.py:2076} INFO - Dependencies all met for dep_context=non-requeueable deps ti=<TaskInstance: query_dag_iron.print_end scheduled__2024-10-10T00:00:00+00:00 [queued]>
[2024-10-11T08:20:52.185+0000] {taskinstance.py:2076} INFO - Dependencies all met for dep_context=requeueable deps ti=<TaskInstance: query_dag_iron.print_end scheduled__2024-10-10T00:00:00+00:00 [queued]>
[2024-10-11T08:20:52.374+0000] {taskinstance.py:2306} INFO - Starting attempt 1 of 2
[2024-10-11T08:20:53.136+0000] {taskinstance.py:2330} INFO - Executing <Task(PythonOperator): print_end> on 2024-10-10 00:00:00+00:00
[2024-10-11T08:20:53.174+0000] {logging_mixin.py:188} WARNING - /home/airflow/.local/lib/python3.12/site-packages/airflow/task/task_runner/standard_task_runner.py:62 DeprecationWarning: This process (pid=11504) is multi-threaded, use of fork() may lead to deadlocks in the child.
[2024-10-11T08:20:53.191+0000] {standard_task_runner.py:64} INFO - Started process 11538 to run task
[2024-10-11T08:20:53.230+0000] {standard_task_runner.py:90} INFO - Running: ['airflow', 'tasks', 'run', 'query_dag_iron', 'print_end', 'scheduled__2024-10-10T00:00:00+00:00', '--job-id', '1010', '--raw', '--subdir', 'DAGS_FOLDER/iron.py', '--cfg-path', '/tmp/tmp8nfo1ldh']
[2024-10-11T08:20:53.238+0000] {standard_task_runner.py:91} INFO - Job 1010: Subtask print_end
[2024-10-11T08:20:54.190+0000] {logging_mixin.py:188} WARNING - /home/airflow/.local/lib/python3.12/site-packages/airflow/settings.py:195 DeprecationWarning: The sql_alchemy_conn option in [core] has been moved to the sql_alchemy_conn option in [database] - the old setting has been used, but please update your config.
[2024-10-11T08:20:54.235+0000] {task_command.py:426} INFO - Running <TaskInstance: query_dag_iron.print_end scheduled__2024-10-10T00:00:00+00:00 [running]> on host 92783cd12528
[2024-10-11T08:20:54.240+0000] {logging_mixin.py:188} WARNING - /home/airflow/.local/lib/python3.12/site-packages/airflow/settings.py:356 DeprecationWarning: The sql_engine_encoding option in [core] has been moved to the sql_engine_encoding option in [database] - the old setting has been used, but please update your config.
[2024-10-11T08:20:54.644+0000] {logging_mixin.py:188} WARNING - /home/airflow/.local/lib/python3.12/site-packages/airflow/utils/log/secrets_masker.py:84 DeprecationWarning: The sensitive_variable_fields option in [admin] has been moved to the sensitive_var_conn_names option in [core] - the old setting has been used, but please update your config.
[2024-10-11T08:20:55.332+0000] {taskinstance.py:2648} INFO - Exporting env vars: AIRFLOW_CTX_DAG_OWNER='airflow' AIRFLOW_CTX_DAG_ID='query_dag_iron' AIRFLOW_CTX_TASK_ID='print_end' AIRFLOW_CTX_EXECUTION_DATE='2024-10-10T00:00:00+00:00' AIRFLOW_CTX_TRY_NUMBER='1' AIRFLOW_CTX_DAG_RUN_ID='scheduled__2024-10-10T00:00:00+00:00'
[2024-10-11T08:20:55.333+0000] {taskinstance.py:430} INFO - ::endgroup::
[2024-10-11T08:20:55.430+0000] {logging_mixin.py:188} INFO - End of DAG execution
[2024-10-11T08:20:55.430+0000] {python.py:237} INFO - Done. Returned value was: None
[2024-10-11T08:20:55.435+0000] {taskinstance.py:441} INFO - ::group::Post task execution logs
[2024-10-11T08:20:55.483+0000] {taskinstance.py:1206} INFO - Marking task as SUCCESS. dag_id=query_dag_iron, task_id=print_end, run_id=scheduled__2024-10-10T00:00:00+00:00, execution_date=20241010T000000, start_date=20241011T082052, end_date=20241011T082055
[2024-10-11T08:20:56.046+0000] {local_task_job_runner.py:243} INFO - Task exited with return code 0
[2024-10-11T08:20:56.138+0000] {taskinstance.py:3503} INFO - 0 downstream tasks scheduled from follow-on schedule check
[2024-10-11T08:20:56.579+0000] {local_task_job_runner.py:222} INFO - ::endgroup::
