[2024-08-19T15:31:50.781+0000] {local_task_job_runner.py:120} INFO - ::group::Pre task execution logs
[2024-08-19T15:31:50.822+0000] {taskinstance.py:2076} INFO - Dependencies all met for dep_context=non-requeueable deps ti=<TaskInstance: trino_query_dag.insert_data_inc manual__2024-08-19T14:38:47.720219+00:00 [queued]>
[2024-08-19T15:31:50.832+0000] {taskinstance.py:2076} INFO - Dependencies all met for dep_context=requeueable deps ti=<TaskInstance: trino_query_dag.insert_data_inc manual__2024-08-19T14:38:47.720219+00:00 [queued]>
[2024-08-19T15:31:50.833+0000] {taskinstance.py:2306} INFO - Starting attempt 13 of 14
[2024-08-19T15:31:50.850+0000] {taskinstance.py:2330} INFO - Executing <Task(TrinoOperator): insert_data_inc> on 2024-08-19 14:38:47.720219+00:00
[2024-08-19T15:31:50.860+0000] {logging_mixin.py:188} WARNING - /home/airflow/.local/lib/python3.12/site-packages/airflow/task/task_runner/standard_task_runner.py:62 DeprecationWarning: This process (pid=953) is multi-threaded, use of fork() may lead to deadlocks in the child.
[2024-08-19T15:31:50.861+0000] {standard_task_runner.py:64} INFO - Started process 954 to run task
[2024-08-19T15:31:50.860+0000] {standard_task_runner.py:90} INFO - Running: ['airflow', 'tasks', 'run', 'trino_query_dag', 'insert_data_inc', 'manual__2024-08-19T14:38:47.720219+00:00', '--job-id', '41', '--raw', '--subdir', 'DAGS_FOLDER/test.py', '--cfg-path', '/tmp/tmpq0wgtdeq']
[2024-08-19T15:31:50.863+0000] {standard_task_runner.py:91} INFO - Job 41: Subtask insert_data_inc
[2024-08-19T15:31:50.886+0000] {logging_mixin.py:188} WARNING - /home/airflow/.local/lib/python3.12/site-packages/airflow/settings.py:195 DeprecationWarning: The sql_alchemy_conn option in [core] has been moved to the sql_alchemy_conn option in [database] - the old setting has been used, but please update your config.
[2024-08-19T15:31:50.925+0000] {task_command.py:426} INFO - Running <TaskInstance: trino_query_dag.insert_data_inc manual__2024-08-19T14:38:47.720219+00:00 [running]> on host b476143e3d64
[2024-08-19T15:31:51.099+0000] {taskinstance.py:2648} INFO - Exporting env vars: AIRFLOW_CTX_DAG_OWNER='airflow' AIRFLOW_CTX_DAG_ID='trino_query_dag' AIRFLOW_CTX_TASK_ID='insert_data_inc' AIRFLOW_CTX_EXECUTION_DATE='2024-08-19T14:38:47.720219+00:00' AIRFLOW_CTX_TRY_NUMBER='13' AIRFLOW_CTX_DAG_RUN_ID='manual__2024-08-19T14:38:47.720219+00:00'
[2024-08-19T15:31:51.100+0000] {taskinstance.py:430} INFO - ::endgroup::
[2024-08-19T15:31:51.153+0000] {sql.py:282} INFO - Executing: insert into hive.test.nganhangso select * from sqlserver.dbo.nganhangso where date_format(d_date_time, '%Y%m%d') = '20240627'
[2024-08-19T15:31:51.228+0000] {base.py:84} INFO - Using connection ID 'my_trino_connection' for task execution.
[2024-08-19T15:31:51.242+0000] {base.py:84} INFO - Using connection ID 'my_trino_connection' for task execution.
[2024-08-19T15:31:51.266+0000] {base.py:84} INFO - Using connection ID 'my_trino_connection' for task execution.
[2024-08-19T15:31:51.272+0000] {sql.py:495} INFO - Running statement: insert into hive.test.nganhangso select * from sqlserver.dbo.nganhangso where date_format(d_date_time, '%Y%m%d') = '20240627', parameters: None
[2024-08-19T15:31:51.939+0000] {sql.py:504} INFO - Rows affected: 3480
[2024-08-19T15:31:52.258+0000] {taskinstance.py:441} INFO - ::group::Post task execution logs
[2024-08-19T15:31:52.357+0000] {taskinstance.py:1206} INFO - Marking task as SUCCESS. dag_id=trino_query_dag, task_id=insert_data_inc, run_id=manual__2024-08-19T14:38:47.720219+00:00, execution_date=20240819T143847, start_date=20240819T153150, end_date=20240819T153152
[2024-08-19T15:31:52.405+0000] {local_task_job_runner.py:243} INFO - Task exited with return code 0
[2024-08-19T15:31:52.421+0000] {logging_mixin.py:188} WARNING - /home/airflow/.local/lib/python3.12/site-packages/airflow/models/baseoperator.py:1297 AirflowProviderDeprecationWarning: Call to deprecated class TrinoOperator. (Please use `airflow.providers.common.sql.operators.sql.SQLExecuteQueryOperator`.)
[2024-08-19T15:31:52.435+0000] {taskinstance.py:3503} INFO - 1 downstream tasks scheduled from follow-on schedule check
[2024-08-19T15:31:52.441+0000] {local_task_job_runner.py:222} INFO - ::endgroup::
