[2024-10-30T01:02:21.427+0000] {local_task_job_runner.py:120} INFO - ::group::Pre task execution logs
[2024-10-30T01:02:22.225+0000] {taskinstance.py:2076} INFO - Dependencies all met for dep_context=non-requeueable deps ti=<TaskInstance: query_dag_ironmale.insert_data_inc scheduled__2024-10-29T00:00:00+00:00 [queued]>
[2024-10-30T01:02:22.244+0000] {taskinstance.py:2076} INFO - Dependencies all met for dep_context=requeueable deps ti=<TaskInstance: query_dag_ironmale.insert_data_inc scheduled__2024-10-29T00:00:00+00:00 [queued]>
[2024-10-30T01:02:22.611+0000] {taskinstance.py:2306} INFO - Starting attempt 1 of 2
[2024-10-30T01:02:25.721+0000] {taskinstance.py:2330} INFO - Executing <Task(TrinoOperator): insert_data_inc> on 2024-10-29 00:00:00+00:00
[2024-10-30T01:02:25.790+0000] {logging_mixin.py:188} WARNING - /home/airflow/.local/lib/python3.12/site-packages/airflow/task/task_runner/standard_task_runner.py:62 DeprecationWarning: This process (pid=92934) is multi-threaded, use of fork() may lead to deadlocks in the child.
[2024-10-30T01:02:25.807+0000] {standard_task_runner.py:90} INFO - Running: ['airflow', 'tasks', 'run', 'query_dag_ironmale', 'insert_data_inc', 'scheduled__2024-10-29T00:00:00+00:00', '--job-id', '2151', '--raw', '--subdir', 'DAGS_FOLDER/ironmale.py', '--cfg-path', '/tmp/tmp00ql3g0m']
[2024-10-30T01:02:25.819+0000] {standard_task_runner.py:64} INFO - Started process 92973 to run task
[2024-10-30T01:02:26.469+0000] {standard_task_runner.py:91} INFO - Job 2151: Subtask insert_data_inc
[2024-10-30T01:02:29.351+0000] {logging_mixin.py:188} WARNING - /home/airflow/.local/lib/python3.12/site-packages/airflow/settings.py:195 DeprecationWarning: The sql_alchemy_conn option in [core] has been moved to the sql_alchemy_conn option in [database] - the old setting has been used, but please update your config.
[2024-10-30T01:02:29.835+0000] {task_command.py:426} INFO - Running <TaskInstance: query_dag_ironmale.insert_data_inc scheduled__2024-10-29T00:00:00+00:00 [running]> on host 92783cd12528
[2024-10-30T01:02:29.856+0000] {logging_mixin.py:188} WARNING - /home/airflow/.local/lib/python3.12/site-packages/airflow/settings.py:356 DeprecationWarning: The sql_engine_encoding option in [core] has been moved to the sql_engine_encoding option in [database] - the old setting has been used, but please update your config.
[2024-10-30T01:02:31.246+0000] {logging_mixin.py:188} WARNING - /home/airflow/.local/lib/python3.12/site-packages/airflow/utils/log/secrets_masker.py:84 DeprecationWarning: The sensitive_variable_fields option in [admin] has been moved to the sensitive_var_conn_names option in [core] - the old setting has been used, but please update your config.
[2024-10-30T01:02:36.572+0000] {taskinstance.py:2648} INFO - Exporting env vars: AIRFLOW_CTX_DAG_OWNER='airflow' AIRFLOW_CTX_DAG_ID='query_dag_ironmale' AIRFLOW_CTX_TASK_ID='insert_data_inc' AIRFLOW_CTX_EXECUTION_DATE='2024-10-29T00:00:00+00:00' AIRFLOW_CTX_TRY_NUMBER='1' AIRFLOW_CTX_DAG_RUN_ID='scheduled__2024-10-29T00:00:00+00:00'
[2024-10-30T01:02:36.605+0000] {taskinstance.py:430} INFO - ::endgroup::
[2024-10-30T01:02:36.668+0000] {sql.py:282} INFO - Executing: insert into hive.ironmale.soul select * from sqlserver.dbo.soul  where hour = 22
[2024-10-30T01:02:36.731+0000] {base.py:84} INFO - Using connection ID 'my_trino_connection' for task execution.
[2024-10-30T01:02:36.761+0000] {base.py:84} INFO - Using connection ID 'my_trino_connection' for task execution.
[2024-10-30T01:02:36.782+0000] {base.py:84} INFO - Using connection ID 'my_trino_connection' for task execution.
[2024-10-30T01:02:36.788+0000] {sql.py:495} INFO - Running statement: insert into hive.ironmale.soul select * from sqlserver.dbo.soul  where hour = 22, parameters: None
[2024-10-30T01:02:45.820+0000] {sql.py:504} INFO - Rows affected: 2700
[2024-10-30T01:02:55.578+0000] {taskinstance.py:441} INFO - ::group::Post task execution logs
[2024-10-30T01:02:58.648+0000] {taskinstance.py:1206} INFO - Marking task as SUCCESS. dag_id=query_dag_ironmale, task_id=insert_data_inc, run_id=scheduled__2024-10-29T00:00:00+00:00, execution_date=20241029T000000, start_date=20241030T010222, end_date=20241030T010258
[2024-10-30T01:03:02.292+0000] {local_task_job_runner.py:243} INFO - Task exited with return code 0
[2024-10-30T01:03:02.576+0000] {logging_mixin.py:188} WARNING - /home/airflow/.local/lib/python3.12/site-packages/airflow/models/baseoperator.py:1297 AirflowProviderDeprecationWarning: Call to deprecated class TrinoOperator. (Please use `airflow.providers.common.sql.operators.sql.SQLExecuteQueryOperator`.)
[2024-10-30T01:03:02.663+0000] {taskinstance.py:3503} INFO - 1 downstream tasks scheduled from follow-on schedule check
[2024-10-30T01:03:06.663+0000] {local_task_job_runner.py:222} INFO - ::endgroup::
