[2024-08-29T00:44:48.079+0000] {local_task_job_runner.py:120} INFO - ::group::Pre task execution logs
[2024-08-29T00:44:48.142+0000] {taskinstance.py:2076} INFO - Dependencies all met for dep_context=non-requeueable deps ti=<TaskInstance: trino_query_dag_ivy.insert_data_inc scheduled__2024-08-28T11:00:00+00:00 [queued]>
[2024-08-29T00:44:48.156+0000] {taskinstance.py:2076} INFO - Dependencies all met for dep_context=requeueable deps ti=<TaskInstance: trino_query_dag_ivy.insert_data_inc scheduled__2024-08-28T11:00:00+00:00 [queued]>
[2024-08-29T00:44:48.517+0000] {taskinstance.py:2306} INFO - Starting attempt 1 of 2
[2024-08-29T00:44:49.550+0000] {taskinstance.py:2330} INFO - Executing <Task(TrinoOperator): insert_data_inc> on 2024-08-28 11:00:00+00:00
[2024-08-29T00:44:49.590+0000] {logging_mixin.py:188} WARNING - /home/airflow/.local/lib/python3.12/site-packages/airflow/task/task_runner/standard_task_runner.py:62 DeprecationWarning: This process (pid=62970) is multi-threaded, use of fork() may lead to deadlocks in the child.
[2024-08-29T00:44:49.610+0000] {standard_task_runner.py:64} INFO - Started process 62990 to run task
[2024-08-29T00:44:49.606+0000] {standard_task_runner.py:90} INFO - Running: ['airflow', 'tasks', 'run', 'trino_query_dag_ivy', 'insert_data_inc', 'scheduled__2024-08-28T11:00:00+00:00', '--job-id', '732', '--raw', '--subdir', 'DAGS_FOLDER/ivy.py', '--cfg-path', '/tmp/tmpyk4ra0mb']
[2024-08-29T00:44:49.646+0000] {standard_task_runner.py:91} INFO - Job 732: Subtask insert_data_inc
[2024-08-29T00:44:52.343+0000] {logging_mixin.py:188} WARNING - /home/airflow/.local/lib/python3.12/site-packages/airflow/settings.py:195 DeprecationWarning: The sql_alchemy_conn option in [core] has been moved to the sql_alchemy_conn option in [database] - the old setting has been used, but please update your config.
[2024-08-29T00:44:52.499+0000] {task_command.py:426} INFO - Running <TaskInstance: trino_query_dag_ivy.insert_data_inc scheduled__2024-08-28T11:00:00+00:00 [running]> on host b476143e3d64
[2024-08-29T00:44:58.708+0000] {taskinstance.py:2648} INFO - Exporting env vars: AIRFLOW_CTX_DAG_OWNER='airflow' AIRFLOW_CTX_DAG_ID='trino_query_dag_ivy' AIRFLOW_CTX_TASK_ID='insert_data_inc' AIRFLOW_CTX_EXECUTION_DATE='2024-08-28T11:00:00+00:00' AIRFLOW_CTX_TRY_NUMBER='1' AIRFLOW_CTX_DAG_RUN_ID='scheduled__2024-08-28T11:00:00+00:00'
[2024-08-29T00:44:58.723+0000] {taskinstance.py:430} INFO - ::endgroup::
[2024-08-29T00:44:58.742+0000] {sql.py:282} INFO - Executing: insert into hive.ivy.customer select *  from sqlserver.dbo.customer WHERE date = CAST('2023-11-25' AS DATE)
[2024-08-29T00:44:58.766+0000] {base.py:84} INFO - Using connection ID 'my_trino_connection' for task execution.
[2024-08-29T00:44:58.779+0000] {base.py:84} INFO - Using connection ID 'my_trino_connection' for task execution.
[2024-08-29T00:44:58.791+0000] {base.py:84} INFO - Using connection ID 'my_trino_connection' for task execution.
[2024-08-29T00:44:58.797+0000] {sql.py:495} INFO - Running statement: insert into hive.ivy.customer select *  from sqlserver.dbo.customer WHERE date = CAST('2023-11-25' AS DATE), parameters: None
[2024-08-29T00:45:33.144+0000] {sql.py:504} INFO - Rows affected: 4
[2024-08-29T00:45:38.867+0000] {taskinstance.py:441} INFO - ::group::Post task execution logs
[2024-08-29T00:45:41.670+0000] {taskinstance.py:1206} INFO - Marking task as SUCCESS. dag_id=trino_query_dag_ivy, task_id=insert_data_inc, run_id=scheduled__2024-08-28T11:00:00+00:00, execution_date=20240828T110000, start_date=20240829T004448, end_date=20240829T004541
[2024-08-29T00:45:45.574+0000] {local_task_job_runner.py:243} INFO - Task exited with return code 0
[2024-08-29T00:45:45.597+0000] {local_task_job_runner.py:222} INFO - ::endgroup::
