[2024-09-09T07:06:37.841+0000] {local_task_job_runner.py:120} INFO - ::group::Pre task execution logs
[2024-09-09T07:06:38.144+0000] {taskinstance.py:2076} INFO - Dependencies all met for dep_context=non-requeueable deps ti=<TaskInstance: trino_query_dag_iron.print_end manual__2024-09-09T07:06:10.347641+00:00 [queued]>
[2024-09-09T07:06:38.207+0000] {taskinstance.py:2076} INFO - Dependencies all met for dep_context=requeueable deps ti=<TaskInstance: trino_query_dag_iron.print_end manual__2024-09-09T07:06:10.347641+00:00 [queued]>
[2024-09-09T07:06:38.253+0000] {taskinstance.py:2306} INFO - Starting attempt 1 of 2
[2024-09-09T07:06:38.391+0000] {taskinstance.py:2330} INFO - Executing <Task(PythonOperator): print_end> on 2024-09-09 07:06:10.347641+00:00
[2024-09-09T07:06:38.407+0000] {logging_mixin.py:188} WARNING - /home/airflow/.local/lib/python3.12/site-packages/airflow/task/task_runner/standard_task_runner.py:62 DeprecationWarning: This process (pid=41455) is multi-threaded, use of fork() may lead to deadlocks in the child.
[2024-09-09T07:06:38.458+0000] {standard_task_runner.py:90} INFO - Running: ['airflow', 'tasks', 'run', 'trino_query_dag_iron', 'print_end', 'manual__2024-09-09T07:06:10.347641+00:00', '--job-id', '73', '--raw', '--subdir', 'DAGS_FOLDER/iron.py', '--cfg-path', '/tmp/tmpu4u1mc4g']
[2024-09-09T07:06:38.464+0000] {standard_task_runner.py:91} INFO - Job 73: Subtask print_end
[2024-09-09T07:06:38.463+0000] {standard_task_runner.py:64} INFO - Started process 41476 to run task
[2024-09-09T07:06:38.568+0000] {logging_mixin.py:188} WARNING - /home/airflow/.local/lib/python3.12/site-packages/airflow/settings.py:195 DeprecationWarning: The sql_alchemy_conn option in [core] has been moved to the sql_alchemy_conn option in [database] - the old setting has been used, but please update your config.
[2024-09-09T07:06:38.714+0000] {task_command.py:426} INFO - Running <TaskInstance: trino_query_dag_iron.print_end manual__2024-09-09T07:06:10.347641+00:00 [running]> on host 92783cd12528
[2024-09-09T07:06:38.822+0000] {logging_mixin.py:188} WARNING - /home/airflow/.local/lib/python3.12/site-packages/airflow/utils/log/secrets_masker.py:84 DeprecationWarning: The sensitive_variable_fields option in [admin] has been moved to the sensitive_var_conn_names option in [core] - the old setting has been used, but please update your config.
[2024-09-09T07:06:38.937+0000] {taskinstance.py:2648} INFO - Exporting env vars: AIRFLOW_CTX_DAG_OWNER='airflow' AIRFLOW_CTX_DAG_ID='trino_query_dag_iron' AIRFLOW_CTX_TASK_ID='print_end' AIRFLOW_CTX_EXECUTION_DATE='2024-09-09T07:06:10.347641+00:00' AIRFLOW_CTX_TRY_NUMBER='1' AIRFLOW_CTX_DAG_RUN_ID='manual__2024-09-09T07:06:10.347641+00:00'
[2024-09-09T07:06:38.942+0000] {taskinstance.py:430} INFO - ::endgroup::
[2024-09-09T07:06:39.015+0000] {logging_mixin.py:188} INFO - End of DAG execution
[2024-09-09T07:06:39.015+0000] {python.py:237} INFO - Done. Returned value was: None
[2024-09-09T07:06:39.016+0000] {taskinstance.py:441} INFO - ::group::Post task execution logs
[2024-09-09T07:06:39.035+0000] {taskinstance.py:1206} INFO - Marking task as SUCCESS. dag_id=trino_query_dag_iron, task_id=print_end, run_id=manual__2024-09-09T07:06:10.347641+00:00, execution_date=20240909T070610, start_date=20240909T070638, end_date=20240909T070639
[2024-09-09T07:06:39.102+0000] {local_task_job_runner.py:243} INFO - Task exited with return code 0
[2024-09-09T07:06:39.160+0000] {taskinstance.py:3503} INFO - 0 downstream tasks scheduled from follow-on schedule check
[2024-09-09T07:06:39.166+0000] {local_task_job_runner.py:222} INFO - ::endgroup::
