[2024-08-28T02:00:02.524+0000] {local_task_job_runner.py:120} INFO - ::group::Pre task execution logs
[2024-08-28T02:00:02.605+0000] {taskinstance.py:2076} INFO - Dependencies all met for dep_context=non-requeueable deps ti=<TaskInstance: trino_query_dag_ironmale.insert_data_inc scheduled__2024-08-28T01:00:00+00:00 [queued]>
[2024-08-28T02:00:02.627+0000] {taskinstance.py:2076} INFO - Dependencies all met for dep_context=requeueable deps ti=<TaskInstance: trino_query_dag_ironmale.insert_data_inc scheduled__2024-08-28T01:00:00+00:00 [queued]>
[2024-08-28T02:00:02.628+0000] {taskinstance.py:2306} INFO - Starting attempt 1 of 2
[2024-08-28T02:00:02.693+0000] {taskinstance.py:2330} INFO - Executing <Task(TrinoOperator): insert_data_inc> on 2024-08-28 01:00:00+00:00
[2024-08-28T02:00:02.720+0000] {logging_mixin.py:188} WARNING - /home/airflow/.local/lib/python3.12/site-packages/airflow/task/task_runner/standard_task_runner.py:62 DeprecationWarning: This process (pid=27356) is multi-threaded, use of fork() may lead to deadlocks in the child.
[2024-08-28T02:00:02.727+0000] {standard_task_runner.py:64} INFO - Started process 27358 to run task
[2024-08-28T02:00:02.730+0000] {standard_task_runner.py:90} INFO - Running: ['airflow', 'tasks', 'run', 'trino_query_dag_ironmale', 'insert_data_inc', 'scheduled__2024-08-28T01:00:00+00:00', '--job-id', '596', '--raw', '--subdir', 'DAGS_FOLDER/ironmale.py', '--cfg-path', '/tmp/tmpbbcgej30']
[2024-08-28T02:00:02.736+0000] {standard_task_runner.py:91} INFO - Job 596: Subtask insert_data_inc
[2024-08-28T02:00:03.026+0000] {logging_mixin.py:188} WARNING - /home/airflow/.local/lib/python3.12/site-packages/airflow/settings.py:195 DeprecationWarning: The sql_alchemy_conn option in [core] has been moved to the sql_alchemy_conn option in [database] - the old setting has been used, but please update your config.
[2024-08-28T02:00:03.116+0000] {task_command.py:426} INFO - Running <TaskInstance: trino_query_dag_ironmale.insert_data_inc scheduled__2024-08-28T01:00:00+00:00 [running]> on host b476143e3d64
[2024-08-28T02:00:03.239+0000] {taskinstance.py:2648} INFO - Exporting env vars: AIRFLOW_CTX_DAG_OWNER='airflow' AIRFLOW_CTX_DAG_ID='trino_query_dag_ironmale' AIRFLOW_CTX_TASK_ID='insert_data_inc' AIRFLOW_CTX_EXECUTION_DATE='2024-08-28T01:00:00+00:00' AIRFLOW_CTX_TRY_NUMBER='1' AIRFLOW_CTX_DAG_RUN_ID='scheduled__2024-08-28T01:00:00+00:00'
[2024-08-28T02:00:03.243+0000] {taskinstance.py:430} INFO - ::endgroup::
[2024-08-28T02:00:03.260+0000] {sql.py:282} INFO - Executing: insert into hive.ironmale.soul select * from sqlserver.dbo.soul  where hour = 22
[2024-08-28T02:00:03.298+0000] {base.py:84} INFO - Using connection ID 'my_trino_connection' for task execution.
[2024-08-28T02:00:03.310+0000] {base.py:84} INFO - Using connection ID 'my_trino_connection' for task execution.
[2024-08-28T02:00:03.319+0000] {base.py:84} INFO - Using connection ID 'my_trino_connection' for task execution.
[2024-08-28T02:00:03.330+0000] {sql.py:495} INFO - Running statement: insert into hive.ironmale.soul select * from sqlserver.dbo.soul  where hour = 22, parameters: None
[2024-08-28T02:00:05.889+0000] {sql.py:504} INFO - Rows affected: 2700
[2024-08-28T02:00:06.385+0000] {taskinstance.py:441} INFO - ::group::Post task execution logs
[2024-08-28T02:00:06.432+0000] {taskinstance.py:1206} INFO - Marking task as SUCCESS. dag_id=trino_query_dag_ironmale, task_id=insert_data_inc, run_id=scheduled__2024-08-28T01:00:00+00:00, execution_date=20240828T010000, start_date=20240828T020002, end_date=20240828T020006
[2024-08-28T02:00:06.495+0000] {local_task_job_runner.py:243} INFO - Task exited with return code 0
[2024-08-28T02:00:06.519+0000] {local_task_job_runner.py:222} INFO - ::endgroup::
