[2024-10-11T08:20:24.857+0000] {local_task_job_runner.py:120} INFO - ::group::Pre task execution logs
[2024-10-11T08:20:24.988+0000] {taskinstance.py:2076} INFO - Dependencies all met for dep_context=non-requeueable deps ti=<TaskInstance: query_dag_ivory.insert_data_inc scheduled__2024-10-10T00:00:00+00:00 [queued]>
[2024-10-11T08:20:25.024+0000] {taskinstance.py:2076} INFO - Dependencies all met for dep_context=requeueable deps ti=<TaskInstance: query_dag_ivory.insert_data_inc scheduled__2024-10-10T00:00:00+00:00 [queued]>
[2024-10-11T08:20:25.028+0000] {taskinstance.py:2306} INFO - Starting attempt 2 of 2
[2024-10-11T08:20:25.065+0000] {taskinstance.py:2330} INFO - Executing <Task(TrinoOperator): insert_data_inc> on 2024-10-10 00:00:00+00:00
[2024-10-11T08:20:25.080+0000] {logging_mixin.py:188} WARNING - /home/airflow/.local/lib/python3.12/site-packages/airflow/task/task_runner/standard_task_runner.py:62 DeprecationWarning: This process (pid=11270) is multi-threaded, use of fork() may lead to deadlocks in the child.
[2024-10-11T08:20:25.084+0000] {standard_task_runner.py:64} INFO - Started process 11304 to run task
[2024-10-11T08:20:25.100+0000] {standard_task_runner.py:90} INFO - Running: ['airflow', 'tasks', 'run', 'query_dag_ivory', 'insert_data_inc', 'scheduled__2024-10-10T00:00:00+00:00', '--job-id', '1009', '--raw', '--subdir', 'DAGS_FOLDER/ivory.py', '--cfg-path', '/tmp/tmp9jkslwqu']
[2024-10-11T08:20:25.104+0000] {standard_task_runner.py:91} INFO - Job 1009: Subtask insert_data_inc
[2024-10-11T08:20:25.159+0000] {logging_mixin.py:188} WARNING - /home/airflow/.local/lib/python3.12/site-packages/airflow/settings.py:195 DeprecationWarning: The sql_alchemy_conn option in [core] has been moved to the sql_alchemy_conn option in [database] - the old setting has been used, but please update your config.
[2024-10-11T08:20:25.281+0000] {task_command.py:426} INFO - Running <TaskInstance: query_dag_ivory.insert_data_inc scheduled__2024-10-10T00:00:00+00:00 [running]> on host 92783cd12528
[2024-10-11T08:20:25.293+0000] {logging_mixin.py:188} WARNING - /home/airflow/.local/lib/python3.12/site-packages/airflow/settings.py:356 DeprecationWarning: The sql_engine_encoding option in [core] has been moved to the sql_engine_encoding option in [database] - the old setting has been used, but please update your config.
[2024-10-11T08:20:25.667+0000] {logging_mixin.py:188} WARNING - /home/airflow/.local/lib/python3.12/site-packages/airflow/utils/log/secrets_masker.py:84 DeprecationWarning: The sensitive_variable_fields option in [admin] has been moved to the sensitive_var_conn_names option in [core] - the old setting has been used, but please update your config.
[2024-10-11T08:20:25.801+0000] {taskinstance.py:2648} INFO - Exporting env vars: AIRFLOW_CTX_DAG_OWNER='airflow' AIRFLOW_CTX_DAG_ID='query_dag_ivory' AIRFLOW_CTX_TASK_ID='insert_data_inc' AIRFLOW_CTX_EXECUTION_DATE='2024-10-10T00:00:00+00:00' AIRFLOW_CTX_TRY_NUMBER='2' AIRFLOW_CTX_DAG_RUN_ID='scheduled__2024-10-10T00:00:00+00:00'
[2024-10-11T08:20:25.802+0000] {taskinstance.py:430} INFO - ::endgroup::
[2024-10-11T08:20:25.860+0000] {sql.py:282} INFO - Executing: insert into hive.ivory.customer select *  from sqlserver.dbo.customer
[2024-10-11T08:20:25.967+0000] {base.py:84} INFO - Using connection ID 'my_trino_connection' for task execution.
[2024-10-11T08:20:26.036+0000] {base.py:84} INFO - Using connection ID 'my_trino_connection' for task execution.
[2024-10-11T08:20:26.127+0000] {base.py:84} INFO - Using connection ID 'my_trino_connection' for task execution.
[2024-10-11T08:20:26.144+0000] {sql.py:495} INFO - Running statement: insert into hive.ivory.customer select *  from sqlserver.dbo.customer, parameters: None
[2024-10-11T08:20:41.679+0000] {sql.py:504} INFO - Rows affected: 13
[2024-10-11T08:20:44.620+0000] {taskinstance.py:441} INFO - ::group::Post task execution logs
[2024-10-11T08:20:45.460+0000] {taskinstance.py:1206} INFO - Marking task as SUCCESS. dag_id=query_dag_ivory, task_id=insert_data_inc, run_id=scheduled__2024-10-10T00:00:00+00:00, execution_date=20241010T000000, start_date=20241011T082024, end_date=20241011T082045
[2024-10-11T08:20:46.509+0000] {local_task_job_runner.py:243} INFO - Task exited with return code 0
[2024-10-11T08:20:46.539+0000] {logging_mixin.py:188} WARNING - /home/airflow/.local/lib/python3.12/site-packages/airflow/models/baseoperator.py:1297 AirflowProviderDeprecationWarning: Call to deprecated class TrinoOperator. (Please use `airflow.providers.common.sql.operators.sql.SQLExecuteQueryOperator`.)
[2024-10-11T08:20:46.569+0000] {taskinstance.py:3503} INFO - 1 downstream tasks scheduled from follow-on schedule check
[2024-10-11T08:20:47.988+0000] {local_task_job_runner.py:222} INFO - ::endgroup::
