[2024-10-21T00:52:13.228+0000] {local_task_job_runner.py:120} INFO - ::group::Pre task execution logs
[2024-10-21T00:52:13.763+0000] {taskinstance.py:2076} INFO - Dependencies all met for dep_context=non-requeueable deps ti=<TaskInstance: query_dag_ironmale.insert_data_inc scheduled__2024-10-20T00:00:00+00:00 [queued]>
[2024-10-21T00:52:13.776+0000] {taskinstance.py:2076} INFO - Dependencies all met for dep_context=requeueable deps ti=<TaskInstance: query_dag_ironmale.insert_data_inc scheduled__2024-10-20T00:00:00+00:00 [queued]>
[2024-10-21T00:52:13.997+0000] {taskinstance.py:2306} INFO - Starting attempt 1 of 2
[2024-10-21T00:52:16.077+0000] {taskinstance.py:2330} INFO - Executing <Task(TrinoOperator): insert_data_inc> on 2024-10-20 00:00:00+00:00
[2024-10-21T00:52:16.092+0000] {logging_mixin.py:188} WARNING - /home/airflow/.local/lib/python3.12/site-packages/airflow/task/task_runner/standard_task_runner.py:62 DeprecationWarning: This process (pid=18846) is multi-threaded, use of fork() may lead to deadlocks in the child.
[2024-10-21T00:52:16.106+0000] {standard_task_runner.py:64} INFO - Started process 18913 to run task
[2024-10-21T00:52:16.196+0000] {standard_task_runner.py:90} INFO - Running: ['airflow', 'tasks', 'run', 'query_dag_ironmale', 'insert_data_inc', 'scheduled__2024-10-20T00:00:00+00:00', '--job-id', '1481', '--raw', '--subdir', 'DAGS_FOLDER/ironmale.py', '--cfg-path', '/tmp/tmpzsy2tk0n']
[2024-10-21T00:52:16.208+0000] {standard_task_runner.py:91} INFO - Job 1481: Subtask insert_data_inc
[2024-10-21T00:52:19.937+0000] {logging_mixin.py:188} WARNING - /home/airflow/.local/lib/python3.12/site-packages/airflow/settings.py:195 DeprecationWarning: The sql_alchemy_conn option in [core] has been moved to the sql_alchemy_conn option in [database] - the old setting has been used, but please update your config.
[2024-10-21T00:52:20.698+0000] {task_command.py:426} INFO - Running <TaskInstance: query_dag_ironmale.insert_data_inc scheduled__2024-10-20T00:00:00+00:00 [running]> on host 92783cd12528
[2024-10-21T00:52:20.738+0000] {logging_mixin.py:188} WARNING - /home/airflow/.local/lib/python3.12/site-packages/airflow/settings.py:356 DeprecationWarning: The sql_engine_encoding option in [core] has been moved to the sql_engine_encoding option in [database] - the old setting has been used, but please update your config.
[2024-10-21T00:52:22.087+0000] {logging_mixin.py:188} WARNING - /home/airflow/.local/lib/python3.12/site-packages/airflow/utils/log/secrets_masker.py:84 DeprecationWarning: The sensitive_variable_fields option in [admin] has been moved to the sensitive_var_conn_names option in [core] - the old setting has been used, but please update your config.
[2024-10-21T00:52:24.756+0000] {taskinstance.py:2648} INFO - Exporting env vars: AIRFLOW_CTX_DAG_OWNER='airflow' AIRFLOW_CTX_DAG_ID='query_dag_ironmale' AIRFLOW_CTX_TASK_ID='insert_data_inc' AIRFLOW_CTX_EXECUTION_DATE='2024-10-20T00:00:00+00:00' AIRFLOW_CTX_TRY_NUMBER='1' AIRFLOW_CTX_DAG_RUN_ID='scheduled__2024-10-20T00:00:00+00:00'
[2024-10-21T00:52:24.770+0000] {taskinstance.py:430} INFO - ::endgroup::
[2024-10-21T00:52:24.918+0000] {sql.py:282} INFO - Executing: insert into hive.ironmale.soul select * from sqlserver.dbo.soul  where hour = 22
[2024-10-21T00:52:24.962+0000] {base.py:84} INFO - Using connection ID 'my_trino_connection' for task execution.
[2024-10-21T00:52:25.390+0000] {base.py:84} INFO - Using connection ID 'my_trino_connection' for task execution.
[2024-10-21T00:52:25.459+0000] {base.py:84} INFO - Using connection ID 'my_trino_connection' for task execution.
[2024-10-21T00:52:25.487+0000] {sql.py:495} INFO - Running statement: insert into hive.ironmale.soul select * from sqlserver.dbo.soul  where hour = 22, parameters: None
[2024-10-21T00:52:54.908+0000] {sql.py:504} INFO - Rows affected: 2700
[2024-10-21T00:53:01.414+0000] {taskinstance.py:441} INFO - ::group::Post task execution logs
[2024-10-21T00:53:02.578+0000] {taskinstance.py:1206} INFO - Marking task as SUCCESS. dag_id=query_dag_ironmale, task_id=insert_data_inc, run_id=scheduled__2024-10-20T00:00:00+00:00, execution_date=20241020T000000, start_date=20241021T005213, end_date=20241021T005302
[2024-10-21T00:53:04.660+0000] {local_task_job_runner.py:243} INFO - Task exited with return code 0
[2024-10-21T00:53:04.716+0000] {logging_mixin.py:188} WARNING - /home/airflow/.local/lib/python3.12/site-packages/airflow/models/baseoperator.py:1297 AirflowProviderDeprecationWarning: Call to deprecated class TrinoOperator. (Please use `airflow.providers.common.sql.operators.sql.SQLExecuteQueryOperator`.)
[2024-10-21T00:53:04.860+0000] {taskinstance.py:3503} INFO - 1 downstream tasks scheduled from follow-on schedule check
[2024-10-21T00:53:08.222+0000] {local_task_job_runner.py:222} INFO - ::endgroup::
