[2024-09-04T01:25:06.667+0000] {local_task_job_runner.py:120} INFO - ::group::Pre task execution logs
[2024-09-04T01:25:06.817+0000] {taskinstance.py:2076} INFO - Dependencies all met for dep_context=non-requeueable deps ti=<TaskInstance: trino_query_dag_iron.print_start scheduled__2024-09-03T00:00:00+00:00 [queued]>
[2024-09-04T01:25:06.935+0000] {taskinstance.py:2076} INFO - Dependencies all met for dep_context=requeueable deps ti=<TaskInstance: trino_query_dag_iron.print_start scheduled__2024-09-03T00:00:00+00:00 [queued]>
[2024-09-04T01:25:06.936+0000] {taskinstance.py:2306} INFO - Starting attempt 1 of 2
[2024-09-04T01:25:07.048+0000] {taskinstance.py:2330} INFO - Executing <Task(PythonOperator): print_start> on 2024-09-03 00:00:00+00:00
[2024-09-04T01:25:07.134+0000] {logging_mixin.py:188} WARNING - /home/airflow/.local/lib/python3.12/site-packages/airflow/task/task_runner/standard_task_runner.py:62 DeprecationWarning: This process (pid=186) is multi-threaded, use of fork() may lead to deadlocks in the child.
[2024-09-04T01:25:07.149+0000] {standard_task_runner.py:64} INFO - Started process 209 to run task
[2024-09-04T01:25:07.237+0000] {standard_task_runner.py:90} INFO - Running: ['airflow', 'tasks', 'run', 'trino_query_dag_iron', 'print_start', 'scheduled__2024-09-03T00:00:00+00:00', '--job-id', '1041', '--raw', '--subdir', 'DAGS_FOLDER/iron.py', '--cfg-path', '/tmp/tmpe4z_913s']
[2024-09-04T01:25:07.302+0000] {standard_task_runner.py:91} INFO - Job 1041: Subtask print_start
[2024-09-04T01:25:07.358+0000] {logging_mixin.py:188} WARNING - /home/airflow/.local/lib/python3.12/site-packages/airflow/settings.py:195 DeprecationWarning: The sql_alchemy_conn option in [core] has been moved to the sql_alchemy_conn option in [database] - the old setting has been used, but please update your config.
[2024-09-04T01:25:07.631+0000] {task_command.py:426} INFO - Running <TaskInstance: trino_query_dag_iron.print_start scheduled__2024-09-03T00:00:00+00:00 [running]> on host b476143e3d64
[2024-09-04T01:25:08.828+0000] {taskinstance.py:2648} INFO - Exporting env vars: AIRFLOW_CTX_DAG_OWNER='airflow' AIRFLOW_CTX_DAG_ID='trino_query_dag_iron' AIRFLOW_CTX_TASK_ID='print_start' AIRFLOW_CTX_EXECUTION_DATE='2024-09-03T00:00:00+00:00' AIRFLOW_CTX_TRY_NUMBER='1' AIRFLOW_CTX_DAG_RUN_ID='scheduled__2024-09-03T00:00:00+00:00'
[2024-09-04T01:25:08.844+0000] {taskinstance.py:430} INFO - ::endgroup::
[2024-09-04T01:25:08.953+0000] {logging_mixin.py:188} INFO - Start of DAG execution
[2024-09-04T01:25:08.977+0000] {python.py:237} INFO - Done. Returned value was: None
[2024-09-04T01:25:08.997+0000] {taskinstance.py:441} INFO - ::group::Post task execution logs
[2024-09-04T01:25:09.045+0000] {taskinstance.py:1206} INFO - Marking task as SUCCESS. dag_id=trino_query_dag_iron, task_id=print_start, run_id=scheduled__2024-09-03T00:00:00+00:00, execution_date=20240903T000000, start_date=20240904T012506, end_date=20240904T012509
[2024-09-04T01:25:09.202+0000] {local_task_job_runner.py:243} INFO - Task exited with return code 0
[2024-09-04T01:25:09.248+0000] {logging_mixin.py:188} WARNING - /home/airflow/.local/lib/python3.12/site-packages/airflow/models/baseoperator.py:1297 AirflowProviderDeprecationWarning: Call to deprecated class TrinoOperator. (Please use `airflow.providers.common.sql.operators.sql.SQLExecuteQueryOperator`.)
[2024-09-04T01:25:09.446+0000] {taskinstance.py:3503} INFO - 1 downstream tasks scheduled from follow-on schedule check
[2024-09-04T01:25:09.456+0000] {local_task_job_runner.py:222} INFO - ::endgroup::
