[2024-08-30T01:16:08.866+0000] {local_task_job_runner.py:120} INFO - ::group::Pre task execution logs
[2024-08-30T01:16:09.152+0000] {taskinstance.py:2076} INFO - Dependencies all met for dep_context=non-requeueable deps ti=<TaskInstance: trino_query_dag_ivy.print_end scheduled__2024-08-30T00:00:00+00:00 [queued]>
[2024-08-30T01:16:09.824+0000] {taskinstance.py:2076} INFO - Dependencies all met for dep_context=requeueable deps ti=<TaskInstance: trino_query_dag_ivy.print_end scheduled__2024-08-30T00:00:00+00:00 [queued]>
[2024-08-30T01:16:10.788+0000] {taskinstance.py:2306} INFO - Starting attempt 1 of 2
[2024-08-30T01:16:13.289+0000] {taskinstance.py:2330} INFO - Executing <Task(PythonOperator): print_end> on 2024-08-30 00:00:00+00:00
[2024-08-30T01:16:13.367+0000] {standard_task_runner.py:90} INFO - Running: ['airflow', 'tasks', 'run', 'trino_query_dag_ivy', 'print_end', 'scheduled__2024-08-30T00:00:00+00:00', '--job-id', '924', '--raw', '--subdir', 'DAGS_FOLDER/ivy.py', '--cfg-path', '/tmp/tmpgn8vp9rd']
[2024-08-30T01:16:13.383+0000] {standard_task_runner.py:91} INFO - Job 924: Subtask print_end
[2024-08-30T01:16:13.384+0000] {logging_mixin.py:188} WARNING - /home/airflow/.local/lib/python3.12/site-packages/airflow/task/task_runner/standard_task_runner.py:62 DeprecationWarning: This process (pid=89940) is multi-threaded, use of fork() may lead to deadlocks in the child.
[2024-08-30T01:16:13.393+0000] {standard_task_runner.py:64} INFO - Started process 89963 to run task
[2024-08-30T01:16:15.789+0000] {logging_mixin.py:188} WARNING - /home/airflow/.local/lib/python3.12/site-packages/airflow/settings.py:195 DeprecationWarning: The sql_alchemy_conn option in [core] has been moved to the sql_alchemy_conn option in [database] - the old setting has been used, but please update your config.
[2024-08-30T01:16:16.800+0000] {task_command.py:426} INFO - Running <TaskInstance: trino_query_dag_ivy.print_end scheduled__2024-08-30T00:00:00+00:00 [running]> on host b476143e3d64
[2024-08-30T01:16:23.281+0000] {taskinstance.py:2648} INFO - Exporting env vars: AIRFLOW_CTX_DAG_OWNER='airflow' AIRFLOW_CTX_DAG_ID='trino_query_dag_ivy' AIRFLOW_CTX_TASK_ID='print_end' AIRFLOW_CTX_EXECUTION_DATE='2024-08-30T00:00:00+00:00' AIRFLOW_CTX_TRY_NUMBER='1' AIRFLOW_CTX_DAG_RUN_ID='scheduled__2024-08-30T00:00:00+00:00'
[2024-08-30T01:16:23.318+0000] {taskinstance.py:430} INFO - ::endgroup::
[2024-08-30T01:16:23.382+0000] {logging_mixin.py:188} INFO - End of DAG execution
[2024-08-30T01:16:23.384+0000] {python.py:237} INFO - Done. Returned value was: None
[2024-08-30T01:16:23.385+0000] {taskinstance.py:441} INFO - ::group::Post task execution logs
[2024-08-30T01:16:23.418+0000] {taskinstance.py:1206} INFO - Marking task as SUCCESS. dag_id=trino_query_dag_ivy, task_id=print_end, run_id=scheduled__2024-08-30T00:00:00+00:00, execution_date=20240830T000000, start_date=20240830T011609, end_date=20240830T011623
[2024-08-30T01:16:24.901+0000] {local_task_job_runner.py:243} INFO - Task exited with return code 0
[2024-08-30T01:16:24.961+0000] {taskinstance.py:3503} INFO - 0 downstream tasks scheduled from follow-on schedule check
[2024-08-30T01:16:27.329+0000] {local_task_job_runner.py:222} INFO - ::endgroup::
