[2024-10-28T00:47:37.415+0000] {local_task_job_runner.py:120} INFO - ::group::Pre task execution logs
[2024-10-28T00:47:37.635+0000] {taskinstance.py:2076} INFO - Dependencies all met for dep_context=non-requeueable deps ti=<TaskInstance: query_dag_irenen.insert_data_inc scheduled__2024-10-27T00:00:00+00:00 [queued]>
[2024-10-28T00:47:37.777+0000] {taskinstance.py:2076} INFO - Dependencies all met for dep_context=requeueable deps ti=<TaskInstance: query_dag_irenen.insert_data_inc scheduled__2024-10-27T00:00:00+00:00 [queued]>
[2024-10-28T00:47:37.829+0000] {taskinstance.py:2306} INFO - Starting attempt 2 of 2
[2024-10-28T00:47:38.023+0000] {taskinstance.py:2330} INFO - Executing <Task(TrinoOperator): insert_data_inc> on 2024-10-27 00:00:00+00:00
[2024-10-28T00:47:38.061+0000] {standard_task_runner.py:90} INFO - Running: ['airflow', 'tasks', 'run', 'query_dag_irenen', 'insert_data_inc', 'scheduled__2024-10-27T00:00:00+00:00', '--job-id', '2018', '--raw', '--subdir', 'DAGS_FOLDER/irenen.py', '--cfg-path', '/tmp/tmp07_25lw3']
[2024-10-28T00:47:38.053+0000] {logging_mixin.py:188} WARNING - /home/airflow/.local/lib/python3.12/site-packages/airflow/task/task_runner/standard_task_runner.py:62 DeprecationWarning: This process (pid=4978) is multi-threaded, use of fork() may lead to deadlocks in the child.
[2024-10-28T00:47:38.094+0000] {standard_task_runner.py:64} INFO - Started process 4998 to run task
[2024-10-28T00:47:38.079+0000] {standard_task_runner.py:91} INFO - Job 2018: Subtask insert_data_inc
[2024-10-28T00:47:38.207+0000] {logging_mixin.py:188} WARNING - /home/airflow/.local/lib/python3.12/site-packages/airflow/settings.py:195 DeprecationWarning: The sql_alchemy_conn option in [core] has been moved to the sql_alchemy_conn option in [database] - the old setting has been used, but please update your config.
[2024-10-28T00:47:38.339+0000] {task_command.py:426} INFO - Running <TaskInstance: query_dag_irenen.insert_data_inc scheduled__2024-10-27T00:00:00+00:00 [running]> on host 92783cd12528
[2024-10-28T00:47:38.374+0000] {logging_mixin.py:188} WARNING - /home/airflow/.local/lib/python3.12/site-packages/airflow/settings.py:356 DeprecationWarning: The sql_engine_encoding option in [core] has been moved to the sql_engine_encoding option in [database] - the old setting has been used, but please update your config.
[2024-10-28T00:47:38.828+0000] {logging_mixin.py:188} WARNING - /home/airflow/.local/lib/python3.12/site-packages/airflow/utils/log/secrets_masker.py:84 DeprecationWarning: The sensitive_variable_fields option in [admin] has been moved to the sensitive_var_conn_names option in [core] - the old setting has been used, but please update your config.
[2024-10-28T00:47:38.939+0000] {taskinstance.py:2648} INFO - Exporting env vars: AIRFLOW_CTX_DAG_OWNER='airflow' AIRFLOW_CTX_DAG_ID='query_dag_irenen' AIRFLOW_CTX_TASK_ID='insert_data_inc' AIRFLOW_CTX_EXECUTION_DATE='2024-10-27T00:00:00+00:00' AIRFLOW_CTX_TRY_NUMBER='2' AIRFLOW_CTX_DAG_RUN_ID='scheduled__2024-10-27T00:00:00+00:00'
[2024-10-28T00:47:38.946+0000] {taskinstance.py:430} INFO - ::endgroup::
[2024-10-28T00:47:38.970+0000] {sql.py:282} INFO - Executing: insert into hive.irenen.sou         WITH sou_cte AS (         SELECT * FROM sqlserver.dbo.Sou         where hour =22        ) SELECT * FROM sou_cte
[2024-10-28T00:47:39.005+0000] {base.py:84} INFO - Using connection ID 'my_trino_connection' for task execution.
[2024-10-28T00:47:39.021+0000] {base.py:84} INFO - Using connection ID 'my_trino_connection' for task execution.
[2024-10-28T00:47:39.029+0000] {base.py:84} INFO - Using connection ID 'my_trino_connection' for task execution.
[2024-10-28T00:47:39.039+0000] {sql.py:495} INFO - Running statement: insert into hive.irenen.sou         WITH sou_cte AS (         SELECT * FROM sqlserver.dbo.Sou         where hour =22        ) SELECT * FROM sou_cte, parameters: None
[2024-10-28T00:48:51.744+0000] {sql.py:504} INFO - Rows affected: 1048567
[2024-10-28T00:48:52.243+0000] {taskinstance.py:441} INFO - ::group::Post task execution logs
[2024-10-28T00:48:52.344+0000] {taskinstance.py:1206} INFO - Marking task as SUCCESS. dag_id=query_dag_irenen, task_id=insert_data_inc, run_id=scheduled__2024-10-27T00:00:00+00:00, execution_date=20241027T000000, start_date=20241028T004737, end_date=20241028T004852
[2024-10-28T00:48:52.389+0000] {local_task_job_runner.py:243} INFO - Task exited with return code 0
[2024-10-28T00:48:52.412+0000] {local_task_job_runner.py:222} INFO - ::endgroup::
