[2024-09-16T01:56:37.236+0000] {local_task_job_runner.py:120} INFO - ::group::Pre task execution logs
[2024-09-16T01:56:37.743+0000] {taskinstance.py:2076} INFO - Dependencies all met for dep_context=non-requeueable deps ti=<TaskInstance: query_dag_ivory.print_end manual__2024-09-16T01:55:59.205195+00:00 [queued]>
[2024-09-16T01:56:37.924+0000] {taskinstance.py:2076} INFO - Dependencies all met for dep_context=requeueable deps ti=<TaskInstance: query_dag_ivory.print_end manual__2024-09-16T01:55:59.205195+00:00 [queued]>
[2024-09-16T01:56:37.931+0000] {taskinstance.py:2306} INFO - Starting attempt 1 of 2
[2024-09-16T01:56:38.499+0000] {taskinstance.py:2330} INFO - Executing <Task(PythonOperator): print_end> on 2024-09-16 01:55:59.205195+00:00
[2024-09-16T01:56:38.567+0000] {logging_mixin.py:188} WARNING - /home/airflow/.local/lib/python3.12/site-packages/airflow/task/task_runner/standard_task_runner.py:62 DeprecationWarning: This process (pid=11125) is multi-threaded, use of fork() may lead to deadlocks in the child.
[2024-09-16T01:56:38.578+0000] {standard_task_runner.py:64} INFO - Started process 11148 to run task
[2024-09-16T01:56:38.623+0000] {standard_task_runner.py:90} INFO - Running: ['airflow', 'tasks', 'run', 'query_dag_ivory', 'print_end', 'manual__2024-09-16T01:55:59.205195+00:00', '--job-id', '247', '--raw', '--subdir', 'DAGS_FOLDER/ivory.py', '--cfg-path', '/tmp/tmp_b8a5n8b']
[2024-09-16T01:56:38.718+0000] {standard_task_runner.py:91} INFO - Job 247: Subtask print_end
[2024-09-16T01:56:38.853+0000] {logging_mixin.py:188} WARNING - /home/airflow/.local/lib/python3.12/site-packages/airflow/settings.py:195 DeprecationWarning: The sql_alchemy_conn option in [core] has been moved to the sql_alchemy_conn option in [database] - the old setting has been used, but please update your config.
[2024-09-16T01:56:39.271+0000] {task_command.py:426} INFO - Running <TaskInstance: query_dag_ivory.print_end manual__2024-09-16T01:55:59.205195+00:00 [running]> on host 92783cd12528
[2024-09-16T01:56:39.518+0000] {logging_mixin.py:188} WARNING - /home/airflow/.local/lib/python3.12/site-packages/airflow/utils/log/secrets_masker.py:84 DeprecationWarning: The sensitive_variable_fields option in [admin] has been moved to the sensitive_var_conn_names option in [core] - the old setting has been used, but please update your config.
[2024-09-16T01:56:39.720+0000] {taskinstance.py:2648} INFO - Exporting env vars: AIRFLOW_CTX_DAG_OWNER='airflow' AIRFLOW_CTX_DAG_ID='query_dag_ivory' AIRFLOW_CTX_TASK_ID='print_end' AIRFLOW_CTX_EXECUTION_DATE='2024-09-16T01:55:59.205195+00:00' AIRFLOW_CTX_TRY_NUMBER='1' AIRFLOW_CTX_DAG_RUN_ID='manual__2024-09-16T01:55:59.205195+00:00'
[2024-09-16T01:56:39.722+0000] {taskinstance.py:430} INFO - ::endgroup::
[2024-09-16T01:56:39.809+0000] {logging_mixin.py:188} INFO - End of DAG execution
[2024-09-16T01:56:39.835+0000] {python.py:237} INFO - Done. Returned value was: None
[2024-09-16T01:56:39.837+0000] {taskinstance.py:441} INFO - ::group::Post task execution logs
[2024-09-16T01:56:39.899+0000] {taskinstance.py:1206} INFO - Marking task as SUCCESS. dag_id=query_dag_ivory, task_id=print_end, run_id=manual__2024-09-16T01:55:59.205195+00:00, execution_date=20240916T015559, start_date=20240916T015637, end_date=20240916T015639
[2024-09-16T01:56:40.104+0000] {local_task_job_runner.py:243} INFO - Task exited with return code 0
[2024-09-16T01:56:40.189+0000] {local_task_job_runner.py:222} INFO - ::endgroup::
