[2024-10-14T13:09:28.959+0000] {local_task_job_runner.py:120} INFO - ::group::Pre task execution logs
[2024-10-14T13:09:29.404+0000] {taskinstance.py:2076} INFO - Dependencies all met for dep_context=non-requeueable deps ti=<TaskInstance: query_dag_irie.insert_data_inc scheduled__2024-10-11T00:00:00+00:00 [queued]>
[2024-10-14T13:09:29.434+0000] {taskinstance.py:2076} INFO - Dependencies all met for dep_context=requeueable deps ti=<TaskInstance: query_dag_irie.insert_data_inc scheduled__2024-10-11T00:00:00+00:00 [queued]>
[2024-10-14T13:09:29.925+0000] {taskinstance.py:2306} INFO - Starting attempt 2 of 2
[2024-10-14T13:09:30.476+0000] {taskinstance.py:2330} INFO - Executing <Task(TrinoOperator): insert_data_inc> on 2024-10-11 00:00:00+00:00
[2024-10-14T13:09:30.518+0000] {logging_mixin.py:188} WARNING - /home/airflow/.local/lib/python3.12/site-packages/airflow/task/task_runner/standard_task_runner.py:62 DeprecationWarning: This process (pid=221) is multi-threaded, use of fork() may lead to deadlocks in the child.
[2024-10-14T13:09:30.533+0000] {standard_task_runner.py:64} INFO - Started process 291 to run task
[2024-10-14T13:09:30.556+0000] {standard_task_runner.py:90} INFO - Running: ['airflow', 'tasks', 'run', 'query_dag_irie', 'insert_data_inc', 'scheduled__2024-10-11T00:00:00+00:00', '--job-id', '1096', '--raw', '--subdir', 'DAGS_FOLDER/irie.py', '--cfg-path', '/tmp/tmp83vt39ql']
[2024-10-14T13:09:30.560+0000] {standard_task_runner.py:91} INFO - Job 1096: Subtask insert_data_inc
[2024-10-14T13:09:30.870+0000] {logging_mixin.py:188} WARNING - /home/airflow/.local/lib/python3.12/site-packages/airflow/settings.py:195 DeprecationWarning: The sql_alchemy_conn option in [core] has been moved to the sql_alchemy_conn option in [database] - the old setting has been used, but please update your config.
[2024-10-14T13:09:31.267+0000] {task_command.py:426} INFO - Running <TaskInstance: query_dag_irie.insert_data_inc scheduled__2024-10-11T00:00:00+00:00 [running]> on host 92783cd12528
[2024-10-14T13:09:31.274+0000] {logging_mixin.py:188} WARNING - /home/airflow/.local/lib/python3.12/site-packages/airflow/settings.py:356 DeprecationWarning: The sql_engine_encoding option in [core] has been moved to the sql_engine_encoding option in [database] - the old setting has been used, but please update your config.
[2024-10-14T13:09:32.969+0000] {logging_mixin.py:188} WARNING - /home/airflow/.local/lib/python3.12/site-packages/airflow/utils/log/secrets_masker.py:84 DeprecationWarning: The sensitive_variable_fields option in [admin] has been moved to the sensitive_var_conn_names option in [core] - the old setting has been used, but please update your config.
[2024-10-14T13:09:33.353+0000] {taskinstance.py:2648} INFO - Exporting env vars: AIRFLOW_CTX_DAG_OWNER='airflow' AIRFLOW_CTX_DAG_ID='query_dag_irie' AIRFLOW_CTX_TASK_ID='insert_data_inc' AIRFLOW_CTX_EXECUTION_DATE='2024-10-11T00:00:00+00:00' AIRFLOW_CTX_TRY_NUMBER='2' AIRFLOW_CTX_DAG_RUN_ID='scheduled__2024-10-11T00:00:00+00:00'
[2024-10-14T13:09:33.360+0000] {taskinstance.py:430} INFO - ::endgroup::
[2024-10-14T13:09:33.572+0000] {sql.py:282} INFO - Executing: insert into hive.irie.deposit select * from sqlserver.dbo.deposit
[2024-10-14T13:09:33.693+0000] {base.py:84} INFO - Using connection ID 'my_trino_connection' for task execution.
[2024-10-14T13:09:33.727+0000] {base.py:84} INFO - Using connection ID 'my_trino_connection' for task execution.
[2024-10-14T13:09:33.746+0000] {base.py:84} INFO - Using connection ID 'my_trino_connection' for task execution.
[2024-10-14T13:09:33.761+0000] {sql.py:495} INFO - Running statement: insert into hive.irie.deposit select * from sqlserver.dbo.deposit, parameters: None
[2024-10-14T13:09:34.204+0000] {taskinstance.py:441} INFO - ::group::Post task execution logs
[2024-10-14T13:09:34.207+0000] {taskinstance.py:2905} ERROR - Task failed with exception
Traceback (most recent call last):
  File "/home/airflow/.local/lib/python3.12/site-packages/airflow/models/taskinstance.py", line 465, in _execute_task
    result = _execute_callable(context=context, **execute_callable_kwargs)
             ^^^^^^^^^^^^^^^^^^^^^^^^^^^^^^^^^^^^^^^^^^^^^^^^^^^^^^^^^^^^^
  File "/home/airflow/.local/lib/python3.12/site-packages/airflow/models/taskinstance.py", line 432, in _execute_callable
    return execute_callable(context=context, **execute_callable_kwargs)
           ^^^^^^^^^^^^^^^^^^^^^^^^^^^^^^^^^^^^^^^^^^^^^^^^^^^^^^^^^^^^
  File "/home/airflow/.local/lib/python3.12/site-packages/airflow/models/baseoperator.py", line 401, in wrapper
    return func(self, *args, **kwargs)
           ^^^^^^^^^^^^^^^^^^^^^^^^^^^
  File "/home/airflow/.local/lib/python3.12/site-packages/airflow/providers/common/sql/operators/sql.py", line 288, in execute
    output = hook.run(
             ^^^^^^^^^
  File "/home/airflow/.local/lib/python3.12/site-packages/airflow/providers/common/sql/hooks/sql.py", line 442, in run
    self._run_command(cur, sql_statement, parameters)
  File "/home/airflow/.local/lib/python3.12/site-packages/airflow/providers/common/sql/hooks/sql.py", line 500, in _run_command
    cur.execute(sql_statement)
  File "/home/airflow/.local/lib/python3.12/site-packages/trino/dbapi.py", line 589, in execute
    self._iterator = iter(self._query.execute())
                          ^^^^^^^^^^^^^^^^^^^^^
  File "/home/airflow/.local/lib/python3.12/site-packages/trino/client.py", line 819, in execute
    self._result.rows += self.fetch()
                         ^^^^^^^^^^^^
  File "/home/airflow/.local/lib/python3.12/site-packages/trino/client.py", line 839, in fetch
    status = self._request.process(response)
             ^^^^^^^^^^^^^^^^^^^^^^^^^^^^^^^
  File "/home/airflow/.local/lib/python3.12/site-packages/trino/client.py", line 611, in process
    raise self._process_error(response["error"], response.get("id"))
trino.exceptions.TrinoQueryError: TrinoQueryError(type=INTERNAL_ERROR, name=SERVER_STARTING_UP, message="Trino server is still initializing", query_id=20241014_130933_00008_iiyw3)
[2024-10-14T13:09:34.393+0000] {taskinstance.py:1206} INFO - Marking task as FAILED. dag_id=query_dag_irie, task_id=insert_data_inc, run_id=scheduled__2024-10-11T00:00:00+00:00, execution_date=20241011T000000, start_date=20241014T130929, end_date=20241014T130934
[2024-10-14T13:09:34.614+0000] {standard_task_runner.py:110} ERROR - Failed to execute job 1096 for task insert_data_inc (TrinoQueryError(type=INTERNAL_ERROR, name=SERVER_STARTING_UP, message="Trino server is still initializing", query_id=20241014_130933_00008_iiyw3); 291)
[2024-10-14T13:09:34.723+0000] {local_task_job_runner.py:243} INFO - Task exited with return code 1
[2024-10-14T13:09:34.818+0000] {logging_mixin.py:188} WARNING - /home/airflow/.local/lib/python3.12/site-packages/airflow/models/baseoperator.py:1297 AirflowProviderDeprecationWarning: Call to deprecated class TrinoOperator. (Please use `airflow.providers.common.sql.operators.sql.SQLExecuteQueryOperator`.)
[2024-10-14T13:09:35.066+0000] {taskinstance.py:3503} INFO - 0 downstream tasks scheduled from follow-on schedule check
[2024-10-14T13:09:35.114+0000] {local_task_job_runner.py:222} INFO - ::endgroup::
