[2024-08-21T01:04:43.584+0000] {local_task_job_runner.py:120} INFO - ::group::Pre task execution logs
[2024-08-21T01:04:43.623+0000] {taskinstance.py:2076} INFO - Dependencies all met for dep_context=non-requeueable deps ti=<TaskInstance: trino_query_dag.insert_data_inc_1 scheduled__2024-08-20T00:00:00+00:00 [queued]>
[2024-08-21T01:04:43.633+0000] {taskinstance.py:2076} INFO - Dependencies all met for dep_context=requeueable deps ti=<TaskInstance: trino_query_dag.insert_data_inc_1 scheduled__2024-08-20T00:00:00+00:00 [queued]>
[2024-08-21T01:04:43.834+0000] {taskinstance.py:2306} INFO - Starting attempt 1 of 2
[2024-08-21T01:04:44.354+0000] {taskinstance.py:2330} INFO - Executing <Task(TrinoOperator): insert_data_inc_1> on 2024-08-20 00:00:00+00:00
[2024-08-21T01:04:44.364+0000] {logging_mixin.py:188} WARNING - /home/airflow/.local/lib/python3.12/site-packages/airflow/task/task_runner/standard_task_runner.py:62 DeprecationWarning: This process (pid=9773) is multi-threaded, use of fork() may lead to deadlocks in the child.
[2024-08-21T01:04:44.366+0000] {standard_task_runner.py:64} INFO - Started process 9774 to run task
[2024-08-21T01:04:44.376+0000] {standard_task_runner.py:90} INFO - Running: ['airflow', 'tasks', 'run', 'trino_query_dag', 'insert_data_inc_1', 'scheduled__2024-08-20T00:00:00+00:00', '--job-id', '72', '--raw', '--subdir', 'DAGS_FOLDER/ABB.py', '--cfg-path', '/tmp/tmpf0k6ba5b']
[2024-08-21T01:04:44.379+0000] {standard_task_runner.py:91} INFO - Job 72: Subtask insert_data_inc_1
[2024-08-21T01:04:44.645+0000] {logging_mixin.py:188} WARNING - /home/airflow/.local/lib/python3.12/site-packages/airflow/settings.py:195 DeprecationWarning: The sql_alchemy_conn option in [core] has been moved to the sql_alchemy_conn option in [database] - the old setting has been used, but please update your config.
[2024-08-21T01:04:44.692+0000] {task_command.py:426} INFO - Running <TaskInstance: trino_query_dag.insert_data_inc_1 scheduled__2024-08-20T00:00:00+00:00 [running]> on host b476143e3d64
[2024-08-21T01:04:46.207+0000] {taskinstance.py:2648} INFO - Exporting env vars: AIRFLOW_CTX_DAG_OWNER='airflow' AIRFLOW_CTX_DAG_ID='trino_query_dag' AIRFLOW_CTX_TASK_ID='insert_data_inc_1' AIRFLOW_CTX_EXECUTION_DATE='2024-08-20T00:00:00+00:00' AIRFLOW_CTX_TRY_NUMBER='1' AIRFLOW_CTX_DAG_RUN_ID='scheduled__2024-08-20T00:00:00+00:00'
[2024-08-21T01:04:46.209+0000] {taskinstance.py:430} INFO - ::endgroup::
[2024-08-21T01:04:46.230+0000] {sql.py:282} INFO - Executing: insert into hive.test1.khachhang SELECT * FROM sqlserver.dbo.khachhang WHERE ngay_sinh = CAST('2002-01-01' AS DATE) and ngay_sinh = CAST('2000-03-15' AS DATE)
[2024-08-21T01:04:46.239+0000] {taskinstance.py:441} INFO - ::group::Post task execution logs
[2024-08-21T01:04:46.249+0000] {taskinstance.py:2905} ERROR - Task failed with exception
Traceback (most recent call last):
  File "/home/airflow/.local/lib/python3.12/site-packages/airflow/models/taskinstance.py", line 465, in _execute_task
    result = _execute_callable(context=context, **execute_callable_kwargs)
             ^^^^^^^^^^^^^^^^^^^^^^^^^^^^^^^^^^^^^^^^^^^^^^^^^^^^^^^^^^^^^
  File "/home/airflow/.local/lib/python3.12/site-packages/airflow/models/taskinstance.py", line 432, in _execute_callable
    return execute_callable(context=context, **execute_callable_kwargs)
           ^^^^^^^^^^^^^^^^^^^^^^^^^^^^^^^^^^^^^^^^^^^^^^^^^^^^^^^^^^^^
  File "/home/airflow/.local/lib/python3.12/site-packages/airflow/models/baseoperator.py", line 401, in wrapper
    return func(self, *args, **kwargs)
           ^^^^^^^^^^^^^^^^^^^^^^^^^^^
  File "/home/airflow/.local/lib/python3.12/site-packages/airflow/providers/common/sql/operators/sql.py", line 283, in execute
    hook = self.get_db_hook()
           ^^^^^^^^^^^^^^^^^^
  File "/home/airflow/.local/lib/python3.12/site-packages/airflow/providers/common/sql/operators/sql.py", line 194, in get_db_hook
    return self._hook
           ^^^^^^^^^^
  File "/usr/local/lib/python3.12/functools.py", line 995, in __get__
    val = self.func(instance)
          ^^^^^^^^^^^^^^^^^^^
  File "/home/airflow/.local/lib/python3.12/site-packages/airflow/providers/common/sql/operators/sql.py", line 153, in _hook
    conn = BaseHook.get_connection(conn_id)
           ^^^^^^^^^^^^^^^^^^^^^^^^^^^^^^^^
  File "/home/airflow/.local/lib/python3.12/site-packages/airflow/hooks/base.py", line 83, in get_connection
    conn = Connection.get_connection_from_secrets(conn_id)
           ^^^^^^^^^^^^^^^^^^^^^^^^^^^^^^^^^^^^^^^^^^^^^^^
  File "/home/airflow/.local/lib/python3.12/site-packages/airflow/models/connection.py", line 519, in get_connection_from_secrets
    raise AirflowNotFoundException(f"The conn_id `{conn_id}` isn't defined")
airflow.exceptions.AirflowNotFoundException: The conn_id `my_trino_connection_abb` isn't defined
[2024-08-21T01:04:46.700+0000] {taskinstance.py:1206} INFO - Marking task as UP_FOR_RETRY. dag_id=trino_query_dag, task_id=insert_data_inc_1, run_id=scheduled__2024-08-20T00:00:00+00:00, execution_date=20240820T000000, start_date=20240821T010443, end_date=20240821T010446
[2024-08-21T01:04:47.177+0000] {standard_task_runner.py:110} ERROR - Failed to execute job 72 for task insert_data_inc_1 (The conn_id `my_trino_connection_abb` isn't defined; 9774)
[2024-08-21T01:04:47.248+0000] {local_task_job_runner.py:243} INFO - Task exited with return code 1
[2024-08-21T01:04:47.266+0000] {logging_mixin.py:188} WARNING - /home/airflow/.local/lib/python3.12/site-packages/airflow/models/baseoperator.py:1297 AirflowProviderDeprecationWarning: Call to deprecated class TrinoOperator. (Please use `airflow.providers.common.sql.operators.sql.SQLExecuteQueryOperator`.)
[2024-08-21T01:04:47.285+0000] {taskinstance.py:3503} INFO - 0 downstream tasks scheduled from follow-on schedule check
[2024-08-21T01:04:47.973+0000] {local_task_job_runner.py:222} INFO - ::endgroup::
