[2024-10-15T02:25:38.657+0000] {local_task_job_runner.py:120} INFO - ::group::Pre task execution logs
[2024-10-15T02:25:39.465+0000] {taskinstance.py:2076} INFO - Dependencies all met for dep_context=non-requeueable deps ti=<TaskInstance: query_dag_irene.print_start scheduled__2024-10-14T00:00:00+00:00 [queued]>
[2024-10-15T02:25:39.647+0000] {taskinstance.py:2076} INFO - Dependencies all met for dep_context=requeueable deps ti=<TaskInstance: query_dag_irene.print_start scheduled__2024-10-14T00:00:00+00:00 [queued]>
[2024-10-15T02:25:39.660+0000] {taskinstance.py:2306} INFO - Starting attempt 1 of 2
[2024-10-15T02:25:40.193+0000] {taskinstance.py:2330} INFO - Executing <Task(PythonOperator): print_start> on 2024-10-14 00:00:00+00:00
[2024-10-15T02:25:40.493+0000] {standard_task_runner.py:90} INFO - Running: ['airflow', 'tasks', 'run', 'query_dag_irene', 'print_start', 'scheduled__2024-10-14T00:00:00+00:00', '--job-id', '1157', '--raw', '--subdir', 'DAGS_FOLDER/irene.py', '--cfg-path', '/tmp/tmpmaldfuyu']
[2024-10-15T02:25:40.509+0000] {standard_task_runner.py:91} INFO - Job 1157: Subtask print_start
[2024-10-15T02:25:40.465+0000] {logging_mixin.py:188} WARNING - /home/airflow/.local/lib/python3.12/site-packages/airflow/task/task_runner/standard_task_runner.py:62 DeprecationWarning: This process (pid=210) is multi-threaded, use of fork() may lead to deadlocks in the child.
[2024-10-15T02:25:40.551+0000] {standard_task_runner.py:64} INFO - Started process 250 to run task
[2024-10-15T02:25:41.433+0000] {logging_mixin.py:188} WARNING - /home/airflow/.local/lib/python3.12/site-packages/airflow/settings.py:195 DeprecationWarning: The sql_alchemy_conn option in [core] has been moved to the sql_alchemy_conn option in [database] - the old setting has been used, but please update your config.
[2024-10-15T02:25:41.781+0000] {task_command.py:426} INFO - Running <TaskInstance: query_dag_irene.print_start scheduled__2024-10-14T00:00:00+00:00 [running]> on host 92783cd12528
[2024-10-15T02:25:41.786+0000] {logging_mixin.py:188} WARNING - /home/airflow/.local/lib/python3.12/site-packages/airflow/settings.py:356 DeprecationWarning: The sql_engine_encoding option in [core] has been moved to the sql_engine_encoding option in [database] - the old setting has been used, but please update your config.
[2024-10-15T02:25:42.906+0000] {logging_mixin.py:188} WARNING - /home/airflow/.local/lib/python3.12/site-packages/airflow/utils/log/secrets_masker.py:84 DeprecationWarning: The sensitive_variable_fields option in [admin] has been moved to the sensitive_var_conn_names option in [core] - the old setting has been used, but please update your config.
[2024-10-15T02:25:44.258+0000] {taskinstance.py:2648} INFO - Exporting env vars: AIRFLOW_CTX_DAG_OWNER='airflow' AIRFLOW_CTX_DAG_ID='query_dag_irene' AIRFLOW_CTX_TASK_ID='print_start' AIRFLOW_CTX_EXECUTION_DATE='2024-10-14T00:00:00+00:00' AIRFLOW_CTX_TRY_NUMBER='1' AIRFLOW_CTX_DAG_RUN_ID='scheduled__2024-10-14T00:00:00+00:00'
[2024-10-15T02:25:44.337+0000] {taskinstance.py:430} INFO - ::endgroup::
[2024-10-15T02:25:44.496+0000] {logging_mixin.py:188} INFO - Start of DAG execution
[2024-10-15T02:25:44.541+0000] {python.py:237} INFO - Done. Returned value was: None
[2024-10-15T02:25:44.543+0000] {taskinstance.py:441} INFO - ::group::Post task execution logs
[2024-10-15T02:25:44.687+0000] {taskinstance.py:1206} INFO - Marking task as SUCCESS. dag_id=query_dag_irene, task_id=print_start, run_id=scheduled__2024-10-14T00:00:00+00:00, execution_date=20241014T000000, start_date=20241015T022539, end_date=20241015T022544
[2024-10-15T02:25:46.915+0000] {local_task_job_runner.py:243} INFO - Task exited with return code 0
[2024-10-15T02:25:46.932+0000] {local_task_job_runner.py:222} INFO - ::endgroup::
