[2024-09-30T00:00:04.508+0000] {local_task_job_runner.py:120} INFO - ::group::Pre task execution logs
[2024-09-30T00:00:04.719+0000] {taskinstance.py:2076} INFO - Dependencies all met for dep_context=non-requeueable deps ti=<TaskInstance: query_dag_irenen.insert_data_inc scheduled__2024-09-29T00:00:00+00:00 [queued]>
[2024-09-30T00:00:04.820+0000] {taskinstance.py:2076} INFO - Dependencies all met for dep_context=requeueable deps ti=<TaskInstance: query_dag_irenen.insert_data_inc scheduled__2024-09-29T00:00:00+00:00 [queued]>
[2024-09-30T00:00:04.821+0000] {taskinstance.py:2306} INFO - Starting attempt 1 of 2
[2024-09-30T00:00:04.872+0000] {taskinstance.py:2330} INFO - Executing <Task(TrinoOperator): insert_data_inc> on 2024-09-29 00:00:00+00:00
[2024-09-30T00:00:04.883+0000] {logging_mixin.py:188} WARNING - /home/airflow/.local/lib/python3.12/site-packages/airflow/task/task_runner/standard_task_runner.py:62 DeprecationWarning: This process (pid=95674) is multi-threaded, use of fork() may lead to deadlocks in the child.
[2024-09-30T00:00:04.910+0000] {standard_task_runner.py:64} INFO - Started process 95696 to run task
[2024-09-30T00:00:04.914+0000] {standard_task_runner.py:90} INFO - Running: ['airflow', 'tasks', 'run', 'query_dag_irenen', 'insert_data_inc', 'scheduled__2024-09-29T00:00:00+00:00', '--job-id', '903', '--raw', '--subdir', 'DAGS_FOLDER/irenen.py', '--cfg-path', '/tmp/tmpz5iotxz_']
[2024-09-30T00:00:04.923+0000] {standard_task_runner.py:91} INFO - Job 903: Subtask insert_data_inc
[2024-09-30T00:00:04.972+0000] {logging_mixin.py:188} WARNING - /home/airflow/.local/lib/python3.12/site-packages/airflow/settings.py:195 DeprecationWarning: The sql_alchemy_conn option in [core] has been moved to the sql_alchemy_conn option in [database] - the old setting has been used, but please update your config.
[2024-09-30T00:00:05.299+0000] {task_command.py:426} INFO - Running <TaskInstance: query_dag_irenen.insert_data_inc scheduled__2024-09-29T00:00:00+00:00 [running]> on host 92783cd12528
[2024-09-30T00:00:05.315+0000] {logging_mixin.py:188} WARNING - /home/airflow/.local/lib/python3.12/site-packages/airflow/settings.py:356 DeprecationWarning: The sql_engine_encoding option in [core] has been moved to the sql_engine_encoding option in [database] - the old setting has been used, but please update your config.
[2024-09-30T00:00:05.718+0000] {logging_mixin.py:188} WARNING - /home/airflow/.local/lib/python3.12/site-packages/airflow/utils/log/secrets_masker.py:84 DeprecationWarning: The sensitive_variable_fields option in [admin] has been moved to the sensitive_var_conn_names option in [core] - the old setting has been used, but please update your config.
[2024-09-30T00:00:05.904+0000] {taskinstance.py:2648} INFO - Exporting env vars: AIRFLOW_CTX_DAG_OWNER='airflow' AIRFLOW_CTX_DAG_ID='query_dag_irenen' AIRFLOW_CTX_TASK_ID='insert_data_inc' AIRFLOW_CTX_EXECUTION_DATE='2024-09-29T00:00:00+00:00' AIRFLOW_CTX_TRY_NUMBER='1' AIRFLOW_CTX_DAG_RUN_ID='scheduled__2024-09-29T00:00:00+00:00'
[2024-09-30T00:00:05.905+0000] {taskinstance.py:430} INFO - ::endgroup::
[2024-09-30T00:00:05.978+0000] {sql.py:282} INFO - Executing: insert into hive.irenen.sou         WITH sou_cte AS (         SELECT * FROM sqlserver.dbo.Sou         where hour =22        ) SELECT * FROM sou_cte
[2024-09-30T00:00:06.018+0000] {base.py:84} INFO - Using connection ID 'my_trino_connection' for task execution.
[2024-09-30T00:00:06.051+0000] {base.py:84} INFO - Using connection ID 'my_trino_connection' for task execution.
[2024-09-30T00:00:06.092+0000] {base.py:84} INFO - Using connection ID 'my_trino_connection' for task execution.
[2024-09-30T00:00:06.110+0000] {sql.py:495} INFO - Running statement: insert into hive.irenen.sou         WITH sou_cte AS (         SELECT * FROM sqlserver.dbo.Sou         where hour =22        ) SELECT * FROM sou_cte, parameters: None
[2024-09-30T00:00:24.010+0000] {sql.py:504} INFO - Rows affected: 1048567
[2024-09-30T00:00:24.166+0000] {taskinstance.py:441} INFO - ::group::Post task execution logs
[2024-09-30T00:00:24.198+0000] {taskinstance.py:1206} INFO - Marking task as SUCCESS. dag_id=query_dag_irenen, task_id=insert_data_inc, run_id=scheduled__2024-09-29T00:00:00+00:00, execution_date=20240929T000000, start_date=20240930T000004, end_date=20240930T000024
[2024-09-30T00:00:24.249+0000] {local_task_job_runner.py:243} INFO - Task exited with return code 0
[2024-09-30T00:00:24.259+0000] {logging_mixin.py:188} WARNING - /home/airflow/.local/lib/python3.12/site-packages/airflow/models/baseoperator.py:1297 AirflowProviderDeprecationWarning: Call to deprecated class TrinoOperator. (Please use `airflow.providers.common.sql.operators.sql.SQLExecuteQueryOperator`.)
[2024-09-30T00:00:24.275+0000] {taskinstance.py:3503} INFO - 1 downstream tasks scheduled from follow-on schedule check
[2024-09-30T00:00:24.287+0000] {local_task_job_runner.py:222} INFO - ::endgroup::
