[2024-10-25T01:13:14.226+0000] {local_task_job_runner.py:120} INFO - ::group::Pre task execution logs
[2024-10-25T01:13:14.284+0000] {taskinstance.py:2076} INFO - Dependencies all met for dep_context=non-requeueable deps ti=<TaskInstance: query_dag_irie.insert_data_inc scheduled__2024-10-24T00:00:00+00:00 [queued]>
[2024-10-25T01:13:14.294+0000] {taskinstance.py:2076} INFO - Dependencies all met for dep_context=requeueable deps ti=<TaskInstance: query_dag_irie.insert_data_inc scheduled__2024-10-24T00:00:00+00:00 [queued]>
[2024-10-25T01:13:14.449+0000] {taskinstance.py:2306} INFO - Starting attempt 2 of 2
[2024-10-25T01:13:14.477+0000] {taskinstance.py:2330} INFO - Executing <Task(TrinoOperator): insert_data_inc> on 2024-10-24 00:00:00+00:00
[2024-10-25T01:13:14.486+0000] {logging_mixin.py:188} WARNING - /home/airflow/.local/lib/python3.12/site-packages/airflow/task/task_runner/standard_task_runner.py:62 DeprecationWarning: This process (pid=20560) is multi-threaded, use of fork() may lead to deadlocks in the child.
[2024-10-25T01:13:14.491+0000] {standard_task_runner.py:90} INFO - Running: ['airflow', 'tasks', 'run', 'query_dag_irie', 'insert_data_inc', 'scheduled__2024-10-24T00:00:00+00:00', '--job-id', '1854', '--raw', '--subdir', 'DAGS_FOLDER/irie.py', '--cfg-path', '/tmp/tmp4dabrour']
[2024-10-25T01:13:14.495+0000] {standard_task_runner.py:91} INFO - Job 1854: Subtask insert_data_inc
[2024-10-25T01:13:14.494+0000] {standard_task_runner.py:64} INFO - Started process 20587 to run task
[2024-10-25T01:13:14.747+0000] {logging_mixin.py:188} WARNING - /home/airflow/.local/lib/python3.12/site-packages/airflow/settings.py:195 DeprecationWarning: The sql_alchemy_conn option in [core] has been moved to the sql_alchemy_conn option in [database] - the old setting has been used, but please update your config.
[2024-10-25T01:13:14.807+0000] {task_command.py:426} INFO - Running <TaskInstance: query_dag_irie.insert_data_inc scheduled__2024-10-24T00:00:00+00:00 [running]> on host 92783cd12528
[2024-10-25T01:13:14.811+0000] {logging_mixin.py:188} WARNING - /home/airflow/.local/lib/python3.12/site-packages/airflow/settings.py:356 DeprecationWarning: The sql_engine_encoding option in [core] has been moved to the sql_engine_encoding option in [database] - the old setting has been used, but please update your config.
[2024-10-25T01:13:14.940+0000] {logging_mixin.py:188} WARNING - /home/airflow/.local/lib/python3.12/site-packages/airflow/utils/log/secrets_masker.py:84 DeprecationWarning: The sensitive_variable_fields option in [admin] has been moved to the sensitive_var_conn_names option in [core] - the old setting has been used, but please update your config.
[2024-10-25T01:13:15.047+0000] {taskinstance.py:2648} INFO - Exporting env vars: AIRFLOW_CTX_DAG_OWNER='airflow' AIRFLOW_CTX_DAG_ID='query_dag_irie' AIRFLOW_CTX_TASK_ID='insert_data_inc' AIRFLOW_CTX_EXECUTION_DATE='2024-10-24T00:00:00+00:00' AIRFLOW_CTX_TRY_NUMBER='2' AIRFLOW_CTX_DAG_RUN_ID='scheduled__2024-10-24T00:00:00+00:00'
[2024-10-25T01:13:15.059+0000] {taskinstance.py:430} INFO - ::endgroup::
[2024-10-25T01:13:15.112+0000] {sql.py:282} INFO - Executing: insert into hive.irie.deposit select * from sqlserver.dbo.deposit
[2024-10-25T01:13:15.144+0000] {base.py:84} INFO - Using connection ID 'my_trino_connection' for task execution.
[2024-10-25T01:13:15.159+0000] {base.py:84} INFO - Using connection ID 'my_trino_connection' for task execution.
[2024-10-25T01:13:15.166+0000] {base.py:84} INFO - Using connection ID 'my_trino_connection' for task execution.
[2024-10-25T01:13:15.170+0000] {sql.py:495} INFO - Running statement: insert into hive.irie.deposit select * from sqlserver.dbo.deposit, parameters: None
[2024-10-25T01:13:33.384+0000] {sql.py:504} INFO - Rows affected: 1000000
[2024-10-25T01:13:33.757+0000] {taskinstance.py:441} INFO - ::group::Post task execution logs
[2024-10-25T01:13:33.802+0000] {taskinstance.py:1206} INFO - Marking task as SUCCESS. dag_id=query_dag_irie, task_id=insert_data_inc, run_id=scheduled__2024-10-24T00:00:00+00:00, execution_date=20241024T000000, start_date=20241025T011314, end_date=20241025T011333
[2024-10-25T01:13:33.868+0000] {local_task_job_runner.py:243} INFO - Task exited with return code 0
[2024-10-25T01:13:33.880+0000] {logging_mixin.py:188} WARNING - /home/airflow/.local/lib/python3.12/site-packages/airflow/models/baseoperator.py:1297 AirflowProviderDeprecationWarning: Call to deprecated class TrinoOperator. (Please use `airflow.providers.common.sql.operators.sql.SQLExecuteQueryOperator`.)
[2024-10-25T01:13:33.907+0000] {taskinstance.py:3503} INFO - 1 downstream tasks scheduled from follow-on schedule check
[2024-10-25T01:13:33.915+0000] {local_task_job_runner.py:222} INFO - ::endgroup::
