[2024-10-28T00:42:21.019+0000] {local_task_job_runner.py:120} INFO - ::group::Pre task execution logs
[2024-10-28T00:42:21.097+0000] {taskinstance.py:2076} INFO - Dependencies all met for dep_context=non-requeueable deps ti=<TaskInstance: query_dag_ivory.insert_data_inc scheduled__2024-10-27T00:00:00+00:00 [queued]>
[2024-10-28T00:42:21.113+0000] {taskinstance.py:2076} INFO - Dependencies all met for dep_context=requeueable deps ti=<TaskInstance: query_dag_ivory.insert_data_inc scheduled__2024-10-27T00:00:00+00:00 [queued]>
[2024-10-28T00:42:21.140+0000] {taskinstance.py:2306} INFO - Starting attempt 1 of 2
[2024-10-28T00:42:21.763+0000] {taskinstance.py:2330} INFO - Executing <Task(TrinoOperator): insert_data_inc> on 2024-10-27 00:00:00+00:00
[2024-10-28T00:42:21.774+0000] {logging_mixin.py:188} WARNING - /home/airflow/.local/lib/python3.12/site-packages/airflow/task/task_runner/standard_task_runner.py:62 DeprecationWarning: This process (pid=337) is multi-threaded, use of fork() may lead to deadlocks in the child.
[2024-10-28T00:42:21.779+0000] {standard_task_runner.py:64} INFO - Started process 381 to run task
[2024-10-28T00:42:21.785+0000] {standard_task_runner.py:90} INFO - Running: ['airflow', 'tasks', 'run', 'query_dag_ivory', 'insert_data_inc', 'scheduled__2024-10-27T00:00:00+00:00', '--job-id', '2008', '--raw', '--subdir', 'DAGS_FOLDER/ivory.py', '--cfg-path', '/tmp/tmpq5uy18a7']
[2024-10-28T00:42:21.794+0000] {standard_task_runner.py:91} INFO - Job 2008: Subtask insert_data_inc
[2024-10-28T00:42:26.942+0000] {logging_mixin.py:188} WARNING - /home/airflow/.local/lib/python3.12/site-packages/airflow/settings.py:195 DeprecationWarning: The sql_alchemy_conn option in [core] has been moved to the sql_alchemy_conn option in [database] - the old setting has been used, but please update your config.
[2024-10-28T00:42:27.017+0000] {task_command.py:426} INFO - Running <TaskInstance: query_dag_ivory.insert_data_inc scheduled__2024-10-27T00:00:00+00:00 [running]> on host 92783cd12528
[2024-10-28T00:42:27.026+0000] {logging_mixin.py:188} WARNING - /home/airflow/.local/lib/python3.12/site-packages/airflow/settings.py:356 DeprecationWarning: The sql_engine_encoding option in [core] has been moved to the sql_engine_encoding option in [database] - the old setting has been used, but please update your config.
[2024-10-28T00:42:28.224+0000] {logging_mixin.py:188} WARNING - /home/airflow/.local/lib/python3.12/site-packages/airflow/utils/log/secrets_masker.py:84 DeprecationWarning: The sensitive_variable_fields option in [admin] has been moved to the sensitive_var_conn_names option in [core] - the old setting has been used, but please update your config.
[2024-10-28T00:42:29.765+0000] {taskinstance.py:2648} INFO - Exporting env vars: AIRFLOW_CTX_DAG_OWNER='airflow' AIRFLOW_CTX_DAG_ID='query_dag_ivory' AIRFLOW_CTX_TASK_ID='insert_data_inc' AIRFLOW_CTX_EXECUTION_DATE='2024-10-27T00:00:00+00:00' AIRFLOW_CTX_TRY_NUMBER='1' AIRFLOW_CTX_DAG_RUN_ID='scheduled__2024-10-27T00:00:00+00:00'
[2024-10-28T00:42:29.772+0000] {taskinstance.py:430} INFO - ::endgroup::
[2024-10-28T00:42:29.812+0000] {sql.py:282} INFO - Executing: insert into hive.ivory.customer select *  from sqlserver.dbo.customer
[2024-10-28T00:42:30.082+0000] {base.py:84} INFO - Using connection ID 'my_trino_connection' for task execution.
[2024-10-28T00:42:30.125+0000] {base.py:84} INFO - Using connection ID 'my_trino_connection' for task execution.
[2024-10-28T00:42:30.156+0000] {base.py:84} INFO - Using connection ID 'my_trino_connection' for task execution.
[2024-10-28T00:42:31.320+0000] {sql.py:495} INFO - Running statement: insert into hive.ivory.customer select *  from sqlserver.dbo.customer, parameters: None
[2024-10-28T00:42:32.781+0000] {taskinstance.py:441} INFO - ::group::Post task execution logs
[2024-10-28T00:42:32.782+0000] {taskinstance.py:2905} ERROR - Task failed with exception
Traceback (most recent call last):
  File "/home/airflow/.local/lib/python3.12/site-packages/airflow/models/taskinstance.py", line 465, in _execute_task
    result = _execute_callable(context=context, **execute_callable_kwargs)
             ^^^^^^^^^^^^^^^^^^^^^^^^^^^^^^^^^^^^^^^^^^^^^^^^^^^^^^^^^^^^^
  File "/home/airflow/.local/lib/python3.12/site-packages/airflow/models/taskinstance.py", line 432, in _execute_callable
    return execute_callable(context=context, **execute_callable_kwargs)
           ^^^^^^^^^^^^^^^^^^^^^^^^^^^^^^^^^^^^^^^^^^^^^^^^^^^^^^^^^^^^
  File "/home/airflow/.local/lib/python3.12/site-packages/airflow/models/baseoperator.py", line 401, in wrapper
    return func(self, *args, **kwargs)
           ^^^^^^^^^^^^^^^^^^^^^^^^^^^
  File "/home/airflow/.local/lib/python3.12/site-packages/airflow/providers/common/sql/operators/sql.py", line 288, in execute
    output = hook.run(
             ^^^^^^^^^
  File "/home/airflow/.local/lib/python3.12/site-packages/airflow/providers/common/sql/hooks/sql.py", line 442, in run
    self._run_command(cur, sql_statement, parameters)
  File "/home/airflow/.local/lib/python3.12/site-packages/airflow/providers/common/sql/hooks/sql.py", line 500, in _run_command
    cur.execute(sql_statement)
  File "/home/airflow/.local/lib/python3.12/site-packages/trino/dbapi.py", line 589, in execute
    self._iterator = iter(self._query.execute())
                          ^^^^^^^^^^^^^^^^^^^^^
  File "/home/airflow/.local/lib/python3.12/site-packages/trino/client.py", line 819, in execute
    self._result.rows += self.fetch()
                         ^^^^^^^^^^^^
  File "/home/airflow/.local/lib/python3.12/site-packages/trino/client.py", line 839, in fetch
    status = self._request.process(response)
             ^^^^^^^^^^^^^^^^^^^^^^^^^^^^^^^
  File "/home/airflow/.local/lib/python3.12/site-packages/trino/client.py", line 611, in process
    raise self._process_error(response["error"], response.get("id"))
trino.exceptions.TrinoQueryError: TrinoQueryError(type=INTERNAL_ERROR, name=SERVER_STARTING_UP, message="Trino server is still initializing", query_id=20241028_004231_00003_9sabs)
[2024-10-28T00:42:34.592+0000] {taskinstance.py:1206} INFO - Marking task as UP_FOR_RETRY. dag_id=query_dag_ivory, task_id=insert_data_inc, run_id=scheduled__2024-10-27T00:00:00+00:00, execution_date=20241027T000000, start_date=20241028T004221, end_date=20241028T004234
[2024-10-28T00:42:37.028+0000] {standard_task_runner.py:110} ERROR - Failed to execute job 2008 for task insert_data_inc (TrinoQueryError(type=INTERNAL_ERROR, name=SERVER_STARTING_UP, message="Trino server is still initializing", query_id=20241028_004231_00003_9sabs); 381)
[2024-10-28T00:42:37.434+0000] {local_task_job_runner.py:243} INFO - Task exited with return code 1
[2024-10-28T00:42:37.637+0000] {logging_mixin.py:188} WARNING - /home/airflow/.local/lib/python3.12/site-packages/airflow/models/baseoperator.py:1297 AirflowProviderDeprecationWarning: Call to deprecated class TrinoOperator. (Please use `airflow.providers.common.sql.operators.sql.SQLExecuteQueryOperator`.)
[2024-10-28T00:42:37.664+0000] {taskinstance.py:3503} INFO - 0 downstream tasks scheduled from follow-on schedule check
[2024-10-28T00:42:38.160+0000] {local_task_job_runner.py:222} INFO - ::endgroup::
