[2024-08-20T09:46:19.297+0000] {local_task_job_runner.py:120} INFO - ::group::Pre task execution logs
[2024-08-20T09:46:19.335+0000] {taskinstance.py:2076} INFO - Dependencies all met for dep_context=non-requeueable deps ti=<TaskInstance: trino_query_dag.print_start manual__2024-08-20T07:38:04.005618+00:00 [queued]>
[2024-08-20T09:46:19.346+0000] {taskinstance.py:2076} INFO - Dependencies all met for dep_context=requeueable deps ti=<TaskInstance: trino_query_dag.print_start manual__2024-08-20T07:38:04.005618+00:00 [queued]>
[2024-08-20T09:46:19.347+0000] {taskinstance.py:2306} INFO - Starting attempt 4 of 5
[2024-08-20T09:46:19.364+0000] {taskinstance.py:2330} INFO - Executing <Task(PythonOperator): print_start> on 2024-08-20 07:38:04.005618+00:00
[2024-08-20T09:46:19.373+0000] {standard_task_runner.py:90} INFO - Running: ['airflow', 'tasks', 'run', 'trino_query_dag', 'print_start', 'manual__2024-08-20T07:38:04.005618+00:00', '--job-id', '65', '--raw', '--subdir', 'DAGS_FOLDER/test.py', '--cfg-path', '/tmp/tmppu7lh3le']
[2024-08-20T09:46:19.376+0000] {standard_task_runner.py:91} INFO - Job 65: Subtask print_start
[2024-08-20T09:46:19.376+0000] {logging_mixin.py:188} WARNING - /home/airflow/.local/lib/python3.12/site-packages/airflow/task/task_runner/standard_task_runner.py:62 DeprecationWarning: This process (pid=7655) is multi-threaded, use of fork() may lead to deadlocks in the child.
[2024-08-20T09:46:19.377+0000] {standard_task_runner.py:64} INFO - Started process 7656 to run task
[2024-08-20T09:46:19.400+0000] {logging_mixin.py:188} WARNING - /home/airflow/.local/lib/python3.12/site-packages/airflow/settings.py:195 DeprecationWarning: The sql_alchemy_conn option in [core] has been moved to the sql_alchemy_conn option in [database] - the old setting has been used, but please update your config.
[2024-08-20T09:46:19.443+0000] {task_command.py:426} INFO - Running <TaskInstance: trino_query_dag.print_start manual__2024-08-20T07:38:04.005618+00:00 [running]> on host b476143e3d64
[2024-08-20T09:46:19.560+0000] {taskinstance.py:2648} INFO - Exporting env vars: AIRFLOW_CTX_DAG_OWNER='airflow' AIRFLOW_CTX_DAG_ID='trino_query_dag' AIRFLOW_CTX_TASK_ID='print_start' AIRFLOW_CTX_EXECUTION_DATE='2024-08-20T07:38:04.005618+00:00' AIRFLOW_CTX_TRY_NUMBER='4' AIRFLOW_CTX_DAG_RUN_ID='manual__2024-08-20T07:38:04.005618+00:00'
[2024-08-20T09:46:19.561+0000] {taskinstance.py:430} INFO - ::endgroup::
[2024-08-20T09:46:19.577+0000] {logging_mixin.py:188} INFO - Start of DAG execution
[2024-08-20T09:46:19.578+0000] {python.py:237} INFO - Done. Returned value was: None
[2024-08-20T09:46:19.578+0000] {taskinstance.py:441} INFO - ::group::Post task execution logs
[2024-08-20T09:46:19.590+0000] {taskinstance.py:1206} INFO - Marking task as SUCCESS. dag_id=trino_query_dag, task_id=print_start, run_id=manual__2024-08-20T07:38:04.005618+00:00, execution_date=20240820T073804, start_date=20240820T094619, end_date=20240820T094619
[2024-08-20T09:46:19.632+0000] {local_task_job_runner.py:243} INFO - Task exited with return code 0
[2024-08-20T09:46:19.647+0000] {logging_mixin.py:188} WARNING - /home/airflow/.local/lib/python3.12/site-packages/airflow/models/baseoperator.py:1297 AirflowProviderDeprecationWarning: Call to deprecated class TrinoOperator. (Please use `airflow.providers.common.sql.operators.sql.SQLExecuteQueryOperator`.)
[2024-08-20T09:46:19.665+0000] {taskinstance.py:3503} INFO - 1 downstream tasks scheduled from follow-on schedule check
[2024-08-20T09:46:19.670+0000] {local_task_job_runner.py:222} INFO - ::endgroup::
