[2024-10-21T00:51:54.468+0000] {local_task_job_runner.py:120} INFO - ::group::Pre task execution logs
[2024-10-21T00:51:54.649+0000] {taskinstance.py:2076} INFO - Dependencies all met for dep_context=non-requeueable deps ti=<TaskInstance: query_dag_irene.insert_data_inc scheduled__2024-10-18T00:00:00+00:00 [queued]>
[2024-10-21T00:51:55.042+0000] {taskinstance.py:2076} INFO - Dependencies all met for dep_context=requeueable deps ti=<TaskInstance: query_dag_irene.insert_data_inc scheduled__2024-10-18T00:00:00+00:00 [queued]>
[2024-10-21T00:51:55.855+0000] {taskinstance.py:2306} INFO - Starting attempt 1 of 2
[2024-10-21T00:51:59.796+0000] {taskinstance.py:2330} INFO - Executing <Task(TrinoOperator): insert_data_inc> on 2024-10-18 00:00:00+00:00
[2024-10-21T00:51:59.947+0000] {standard_task_runner.py:90} INFO - Running: ['airflow', 'tasks', 'run', 'query_dag_irene', 'insert_data_inc', 'scheduled__2024-10-18T00:00:00+00:00', '--job-id', '1469', '--raw', '--subdir', 'DAGS_FOLDER/irene.py', '--cfg-path', '/tmp/tmpqajjxz2i']
[2024-10-21T00:51:59.957+0000] {standard_task_runner.py:91} INFO - Job 1469: Subtask insert_data_inc
[2024-10-21T00:51:59.956+0000] {logging_mixin.py:188} WARNING - /home/airflow/.local/lib/python3.12/site-packages/airflow/task/task_runner/standard_task_runner.py:62 DeprecationWarning: This process (pid=18796) is multi-threaded, use of fork() may lead to deadlocks in the child.
[2024-10-21T00:51:59.961+0000] {standard_task_runner.py:64} INFO - Started process 18843 to run task
[2024-10-21T00:52:02.964+0000] {logging_mixin.py:188} WARNING - /home/airflow/.local/lib/python3.12/site-packages/airflow/settings.py:195 DeprecationWarning: The sql_alchemy_conn option in [core] has been moved to the sql_alchemy_conn option in [database] - the old setting has been used, but please update your config.
[2024-10-21T00:52:03.322+0000] {task_command.py:426} INFO - Running <TaskInstance: query_dag_irene.insert_data_inc scheduled__2024-10-18T00:00:00+00:00 [running]> on host 92783cd12528
[2024-10-21T00:52:03.329+0000] {logging_mixin.py:188} WARNING - /home/airflow/.local/lib/python3.12/site-packages/airflow/settings.py:356 DeprecationWarning: The sql_engine_encoding option in [core] has been moved to the sql_engine_encoding option in [database] - the old setting has been used, but please update your config.
[2024-10-21T00:52:05.108+0000] {logging_mixin.py:188} WARNING - /home/airflow/.local/lib/python3.12/site-packages/airflow/utils/log/secrets_masker.py:84 DeprecationWarning: The sensitive_variable_fields option in [admin] has been moved to the sensitive_var_conn_names option in [core] - the old setting has been used, but please update your config.
[2024-10-21T00:52:06.522+0000] {taskinstance.py:2648} INFO - Exporting env vars: AIRFLOW_CTX_DAG_OWNER='airflow' AIRFLOW_CTX_DAG_ID='query_dag_irene' AIRFLOW_CTX_TASK_ID='insert_data_inc' AIRFLOW_CTX_EXECUTION_DATE='2024-10-18T00:00:00+00:00' AIRFLOW_CTX_TRY_NUMBER='1' AIRFLOW_CTX_DAG_RUN_ID='scheduled__2024-10-18T00:00:00+00:00'
[2024-10-21T00:52:06.571+0000] {taskinstance.py:430} INFO - ::endgroup::
[2024-10-21T00:52:06.640+0000] {sql.py:282} INFO - Executing: insert into hive.irene.sou select * from sqlserver.dbo.sou
[2024-10-21T00:52:06.744+0000] {base.py:84} INFO - Using connection ID 'my_trino_connection' for task execution.
[2024-10-21T00:52:06.771+0000] {base.py:84} INFO - Using connection ID 'my_trino_connection' for task execution.
[2024-10-21T00:52:06.844+0000] {base.py:84} INFO - Using connection ID 'my_trino_connection' for task execution.
[2024-10-21T00:52:06.856+0000] {sql.py:495} INFO - Running statement: insert into hive.irene.sou select * from sqlserver.dbo.sou, parameters: None
[2024-10-21T00:53:43.779+0000] {sql.py:504} INFO - Rows affected: 1048571
[2024-10-21T00:53:48.249+0000] {taskinstance.py:441} INFO - ::group::Post task execution logs
[2024-10-21T00:53:49.099+0000] {local_task_job_runner.py:124} ERROR - Received SIGTERM. Terminating subprocesses
[2024-10-21T00:53:49.848+0000] {process_utils.py:132} INFO - Sending 15 to group 18843. PIDs of all processes in the group: [18843]
[2024-10-21T00:53:49.849+0000] {process_utils.py:87} INFO - Sending the signal 15 to group 18843
[2024-10-21T00:53:49.865+0000] {taskinstance.py:2611} ERROR - Received SIGTERM. Terminating subprocesses.
[2024-10-21T00:53:49.868+0000] {trino.py:70} INFO - Stopping query run with queryId - 
