[2024-10-21T02:20:42.406+0000] {local_task_job_runner.py:120} INFO - ::group::Pre task execution logs
[2024-10-21T02:20:42.809+0000] {taskinstance.py:2076} INFO - Dependencies all met for dep_context=non-requeueable deps ti=<TaskInstance: query_dag_ipie.insert_data_inc scheduled__2024-10-20T00:00:00+00:00 [queued]>
[2024-10-21T02:20:42.849+0000] {taskinstance.py:2076} INFO - Dependencies all met for dep_context=requeueable deps ti=<TaskInstance: query_dag_ipie.insert_data_inc scheduled__2024-10-20T00:00:00+00:00 [queued]>
[2024-10-21T02:20:43.035+0000] {taskinstance.py:2306} INFO - Starting attempt 2 of 2
[2024-10-21T02:20:43.381+0000] {taskinstance.py:2330} INFO - Executing <Task(TrinoOperator): insert_data_inc> on 2024-10-20 00:00:00+00:00
[2024-10-21T02:20:43.433+0000] {standard_task_runner.py:90} INFO - Running: ['airflow', 'tasks', 'run', 'query_dag_ipie', 'insert_data_inc', 'scheduled__2024-10-20T00:00:00+00:00', '--job-id', '1509', '--raw', '--subdir', 'DAGS_FOLDER/ipie.py', '--cfg-path', '/tmp/tmp_ifbjzmo']
[2024-10-21T02:20:43.448+0000] {standard_task_runner.py:91} INFO - Job 1509: Subtask insert_data_inc
[2024-10-21T02:20:43.429+0000] {logging_mixin.py:188} WARNING - /home/airflow/.local/lib/python3.12/site-packages/airflow/task/task_runner/standard_task_runner.py:62 DeprecationWarning: This process (pid=243) is multi-threaded, use of fork() may lead to deadlocks in the child.
[2024-10-21T02:20:43.469+0000] {standard_task_runner.py:64} INFO - Started process 302 to run task
[2024-10-21T02:20:43.978+0000] {logging_mixin.py:188} WARNING - /home/airflow/.local/lib/python3.12/site-packages/airflow/settings.py:195 DeprecationWarning: The sql_alchemy_conn option in [core] has been moved to the sql_alchemy_conn option in [database] - the old setting has been used, but please update your config.
[2024-10-21T02:20:44.143+0000] {task_command.py:426} INFO - Running <TaskInstance: query_dag_ipie.insert_data_inc scheduled__2024-10-20T00:00:00+00:00 [running]> on host 92783cd12528
[2024-10-21T02:20:44.148+0000] {logging_mixin.py:188} WARNING - /home/airflow/.local/lib/python3.12/site-packages/airflow/settings.py:356 DeprecationWarning: The sql_engine_encoding option in [core] has been moved to the sql_engine_encoding option in [database] - the old setting has been used, but please update your config.
[2024-10-21T02:20:45.668+0000] {logging_mixin.py:188} WARNING - /home/airflow/.local/lib/python3.12/site-packages/airflow/utils/log/secrets_masker.py:84 DeprecationWarning: The sensitive_variable_fields option in [admin] has been moved to the sensitive_var_conn_names option in [core] - the old setting has been used, but please update your config.
[2024-10-21T02:20:46.796+0000] {taskinstance.py:2648} INFO - Exporting env vars: AIRFLOW_CTX_DAG_OWNER='airflow' AIRFLOW_CTX_DAG_ID='query_dag_ipie' AIRFLOW_CTX_TASK_ID='insert_data_inc' AIRFLOW_CTX_EXECUTION_DATE='2024-10-20T00:00:00+00:00' AIRFLOW_CTX_TRY_NUMBER='2' AIRFLOW_CTX_DAG_RUN_ID='scheduled__2024-10-20T00:00:00+00:00'
[2024-10-21T02:20:47.099+0000] {taskinstance.py:430} INFO - ::endgroup::
[2024-10-21T02:20:47.219+0000] {sql.py:282} INFO - Executing: insert into hive.ipie.Product_Master select * from sqlserver.dbo.Product_Master
[2024-10-21T02:20:47.412+0000] {base.py:84} INFO - Using connection ID 'my_trino_connection' for task execution.
[2024-10-21T02:20:47.486+0000] {base.py:84} INFO - Using connection ID 'my_trino_connection' for task execution.
[2024-10-21T02:20:47.555+0000] {base.py:84} INFO - Using connection ID 'my_trino_connection' for task execution.
[2024-10-21T02:20:48.340+0000] {sql.py:495} INFO - Running statement: insert into hive.ipie.Product_Master select * from sqlserver.dbo.Product_Master, parameters: None
[2024-10-21T02:20:49.580+0000] {taskinstance.py:441} INFO - ::group::Post task execution logs
[2024-10-21T02:20:49.585+0000] {taskinstance.py:2905} ERROR - Task failed with exception
Traceback (most recent call last):
  File "/home/airflow/.local/lib/python3.12/site-packages/airflow/models/taskinstance.py", line 465, in _execute_task
    result = _execute_callable(context=context, **execute_callable_kwargs)
             ^^^^^^^^^^^^^^^^^^^^^^^^^^^^^^^^^^^^^^^^^^^^^^^^^^^^^^^^^^^^^
  File "/home/airflow/.local/lib/python3.12/site-packages/airflow/models/taskinstance.py", line 432, in _execute_callable
    return execute_callable(context=context, **execute_callable_kwargs)
           ^^^^^^^^^^^^^^^^^^^^^^^^^^^^^^^^^^^^^^^^^^^^^^^^^^^^^^^^^^^^
  File "/home/airflow/.local/lib/python3.12/site-packages/airflow/models/baseoperator.py", line 401, in wrapper
    return func(self, *args, **kwargs)
           ^^^^^^^^^^^^^^^^^^^^^^^^^^^
  File "/home/airflow/.local/lib/python3.12/site-packages/airflow/providers/common/sql/operators/sql.py", line 288, in execute
    output = hook.run(
             ^^^^^^^^^
  File "/home/airflow/.local/lib/python3.12/site-packages/airflow/providers/common/sql/hooks/sql.py", line 442, in run
    self._run_command(cur, sql_statement, parameters)
  File "/home/airflow/.local/lib/python3.12/site-packages/airflow/providers/common/sql/hooks/sql.py", line 500, in _run_command
    cur.execute(sql_statement)
  File "/home/airflow/.local/lib/python3.12/site-packages/trino/dbapi.py", line 589, in execute
    self._iterator = iter(self._query.execute())
                          ^^^^^^^^^^^^^^^^^^^^^
  File "/home/airflow/.local/lib/python3.12/site-packages/trino/client.py", line 819, in execute
    self._result.rows += self.fetch()
                         ^^^^^^^^^^^^
  File "/home/airflow/.local/lib/python3.12/site-packages/trino/client.py", line 839, in fetch
    status = self._request.process(response)
             ^^^^^^^^^^^^^^^^^^^^^^^^^^^^^^^
  File "/home/airflow/.local/lib/python3.12/site-packages/trino/client.py", line 611, in process
    raise self._process_error(response["error"], response.get("id"))
trino.exceptions.TrinoQueryError: TrinoQueryError(type=INTERNAL_ERROR, name=SERVER_STARTING_UP, message="Trino server is still initializing", query_id=20241021_022048_00002_39uvf)
[2024-10-21T02:20:49.822+0000] {taskinstance.py:1206} INFO - Marking task as FAILED. dag_id=query_dag_ipie, task_id=insert_data_inc, run_id=scheduled__2024-10-20T00:00:00+00:00, execution_date=20241020T000000, start_date=20241021T022042, end_date=20241021T022049
[2024-10-21T02:20:50.045+0000] {standard_task_runner.py:110} ERROR - Failed to execute job 1509 for task insert_data_inc (TrinoQueryError(type=INTERNAL_ERROR, name=SERVER_STARTING_UP, message="Trino server is still initializing", query_id=20241021_022048_00002_39uvf); 302)
[2024-10-21T02:20:50.269+0000] {local_task_job_runner.py:243} INFO - Task exited with return code 1
[2024-10-21T02:20:50.368+0000] {local_task_job_runner.py:222} INFO - ::endgroup::
