[2024-10-21T00:52:13.230+0000] {local_task_job_runner.py:120} INFO - ::group::Pre task execution logs
[2024-10-21T00:52:13.761+0000] {taskinstance.py:2076} INFO - Dependencies all met for dep_context=non-requeueable deps ti=<TaskInstance: query_dag_ipie.insert_data_inc scheduled__2024-10-20T00:00:00+00:00 [queued]>
[2024-10-21T00:52:13.775+0000] {taskinstance.py:2076} INFO - Dependencies all met for dep_context=requeueable deps ti=<TaskInstance: query_dag_ipie.insert_data_inc scheduled__2024-10-20T00:00:00+00:00 [queued]>
[2024-10-21T00:52:13.997+0000] {taskinstance.py:2306} INFO - Starting attempt 1 of 2
[2024-10-21T00:52:16.081+0000] {taskinstance.py:2330} INFO - Executing <Task(TrinoOperator): insert_data_inc> on 2024-10-20 00:00:00+00:00
[2024-10-21T00:52:16.108+0000] {standard_task_runner.py:90} INFO - Running: ['airflow', 'tasks', 'run', 'query_dag_ipie', 'insert_data_inc', 'scheduled__2024-10-20T00:00:00+00:00', '--job-id', '1480', '--raw', '--subdir', 'DAGS_FOLDER/ipie.py', '--cfg-path', '/tmp/tmp0be51zeu']
[2024-10-21T00:52:16.141+0000] {standard_task_runner.py:91} INFO - Job 1480: Subtask insert_data_inc
[2024-10-21T00:52:16.120+0000] {logging_mixin.py:188} WARNING - /home/airflow/.local/lib/python3.12/site-packages/airflow/task/task_runner/standard_task_runner.py:62 DeprecationWarning: This process (pid=18853) is multi-threaded, use of fork() may lead to deadlocks in the child.
[2024-10-21T00:52:16.154+0000] {standard_task_runner.py:64} INFO - Started process 18914 to run task
[2024-10-21T00:52:19.975+0000] {logging_mixin.py:188} WARNING - /home/airflow/.local/lib/python3.12/site-packages/airflow/settings.py:195 DeprecationWarning: The sql_alchemy_conn option in [core] has been moved to the sql_alchemy_conn option in [database] - the old setting has been used, but please update your config.
[2024-10-21T00:52:20.699+0000] {task_command.py:426} INFO - Running <TaskInstance: query_dag_ipie.insert_data_inc scheduled__2024-10-20T00:00:00+00:00 [running]> on host 92783cd12528
[2024-10-21T00:52:20.718+0000] {logging_mixin.py:188} WARNING - /home/airflow/.local/lib/python3.12/site-packages/airflow/settings.py:356 DeprecationWarning: The sql_engine_encoding option in [core] has been moved to the sql_engine_encoding option in [database] - the old setting has been used, but please update your config.
[2024-10-21T00:52:22.076+0000] {logging_mixin.py:188} WARNING - /home/airflow/.local/lib/python3.12/site-packages/airflow/utils/log/secrets_masker.py:84 DeprecationWarning: The sensitive_variable_fields option in [admin] has been moved to the sensitive_var_conn_names option in [core] - the old setting has been used, but please update your config.
[2024-10-21T00:52:24.815+0000] {taskinstance.py:2648} INFO - Exporting env vars: AIRFLOW_CTX_DAG_OWNER='airflow' AIRFLOW_CTX_DAG_ID='query_dag_ipie' AIRFLOW_CTX_TASK_ID='insert_data_inc' AIRFLOW_CTX_EXECUTION_DATE='2024-10-20T00:00:00+00:00' AIRFLOW_CTX_TRY_NUMBER='1' AIRFLOW_CTX_DAG_RUN_ID='scheduled__2024-10-20T00:00:00+00:00'
[2024-10-21T00:52:24.832+0000] {taskinstance.py:430} INFO - ::endgroup::
[2024-10-21T00:52:24.917+0000] {sql.py:282} INFO - Executing: insert into hive.ipie.Product_Master select * from sqlserver.dbo.Product_Master
[2024-10-21T00:52:24.989+0000] {base.py:84} INFO - Using connection ID 'my_trino_connection' for task execution.
[2024-10-21T00:52:25.327+0000] {base.py:84} INFO - Using connection ID 'my_trino_connection' for task execution.
[2024-10-21T00:52:25.421+0000] {base.py:84} INFO - Using connection ID 'my_trino_connection' for task execution.
[2024-10-21T00:52:25.476+0000] {sql.py:495} INFO - Running statement: insert into hive.ipie.Product_Master select * from sqlserver.dbo.Product_Master, parameters: None
[2024-10-21T00:53:44.181+0000] {sql.py:504} INFO - Rows affected: 100000
[2024-10-21T00:53:49.013+0000] {taskinstance.py:441} INFO - ::group::Post task execution logs
[2024-10-21T00:53:49.079+0000] {local_task_job_runner.py:124} ERROR - Received SIGTERM. Terminating subprocesses
[2024-10-21T00:53:49.816+0000] {process_utils.py:132} INFO - Sending 15 to group 18914. PIDs of all processes in the group: [18914]
[2024-10-21T00:53:49.839+0000] {process_utils.py:87} INFO - Sending the signal 15 to group 18914
