[2024-09-20T00:59:08.521+0000] {local_task_job_runner.py:120} INFO - ::group::Pre task execution logs
[2024-09-20T00:59:08.663+0000] {taskinstance.py:2076} INFO - Dependencies all met for dep_context=non-requeueable deps ti=<TaskInstance: query_dag_irene.insert_data_inc scheduled__2024-09-19T00:00:00+00:00 [queued]>
[2024-09-20T00:59:08.736+0000] {taskinstance.py:2076} INFO - Dependencies all met for dep_context=requeueable deps ti=<TaskInstance: query_dag_irene.insert_data_inc scheduled__2024-09-19T00:00:00+00:00 [queued]>
[2024-09-20T00:59:09.132+0000] {taskinstance.py:2306} INFO - Starting attempt 1 of 2
[2024-09-20T00:59:09.987+0000] {taskinstance.py:2330} INFO - Executing <Task(TrinoOperator): insert_data_inc> on 2024-09-19 00:00:00+00:00
[2024-09-20T00:59:10.037+0000] {logging_mixin.py:188} WARNING - /home/airflow/.local/lib/python3.12/site-packages/airflow/task/task_runner/standard_task_runner.py:62 DeprecationWarning: This process (pid=45290) is multi-threaded, use of fork() may lead to deadlocks in the child.
[2024-09-20T00:59:10.045+0000] {standard_task_runner.py:64} INFO - Started process 45325 to run task
[2024-09-20T00:59:10.043+0000] {standard_task_runner.py:90} INFO - Running: ['airflow', 'tasks', 'run', 'query_dag_irene', 'insert_data_inc', 'scheduled__2024-09-19T00:00:00+00:00', '--job-id', '357', '--raw', '--subdir', 'DAGS_FOLDER/irene.py', '--cfg-path', '/tmp/tmpd84rdkex']
[2024-09-20T00:59:10.049+0000] {standard_task_runner.py:91} INFO - Job 357: Subtask insert_data_inc
[2024-09-20T00:59:11.616+0000] {logging_mixin.py:188} WARNING - /home/airflow/.local/lib/python3.12/site-packages/airflow/settings.py:195 DeprecationWarning: The sql_alchemy_conn option in [core] has been moved to the sql_alchemy_conn option in [database] - the old setting has been used, but please update your config.
[2024-09-20T00:59:11.725+0000] {task_command.py:426} INFO - Running <TaskInstance: query_dag_irene.insert_data_inc scheduled__2024-09-19T00:00:00+00:00 [running]> on host 92783cd12528
[2024-09-20T00:59:11.740+0000] {logging_mixin.py:188} WARNING - /home/airflow/.local/lib/python3.12/site-packages/airflow/settings.py:356 DeprecationWarning: The sql_engine_encoding option in [core] has been moved to the sql_engine_encoding option in [database] - the old setting has been used, but please update your config.
[2024-09-20T00:59:12.456+0000] {logging_mixin.py:188} WARNING - /home/airflow/.local/lib/python3.12/site-packages/airflow/utils/log/secrets_masker.py:84 DeprecationWarning: The sensitive_variable_fields option in [admin] has been moved to the sensitive_var_conn_names option in [core] - the old setting has been used, but please update your config.
[2024-09-20T00:59:14.508+0000] {taskinstance.py:2648} INFO - Exporting env vars: AIRFLOW_CTX_DAG_OWNER='airflow' AIRFLOW_CTX_DAG_ID='query_dag_irene' AIRFLOW_CTX_TASK_ID='insert_data_inc' AIRFLOW_CTX_EXECUTION_DATE='2024-09-19T00:00:00+00:00' AIRFLOW_CTX_TRY_NUMBER='1' AIRFLOW_CTX_DAG_RUN_ID='scheduled__2024-09-19T00:00:00+00:00'
[2024-09-20T00:59:14.511+0000] {taskinstance.py:430} INFO - ::endgroup::
[2024-09-20T00:59:14.531+0000] {sql.py:282} INFO - Executing: insert into hive.irene.sou select * from sqlserver.dbo.sou
[2024-09-20T00:59:14.547+0000] {base.py:84} INFO - Using connection ID 'my_trino_connection' for task execution.
[2024-09-20T00:59:14.557+0000] {base.py:84} INFO - Using connection ID 'my_trino_connection' for task execution.
[2024-09-20T00:59:14.566+0000] {base.py:84} INFO - Using connection ID 'my_trino_connection' for task execution.
[2024-09-20T00:59:14.571+0000] {sql.py:495} INFO - Running statement: insert into hive.irene.sou select * from sqlserver.dbo.sou, parameters: None
[2024-09-20T00:59:59.848+0000] {sql.py:504} INFO - Rows affected: 1048571
[2024-09-20T01:00:05.631+0000] {taskinstance.py:441} INFO - ::group::Post task execution logs
[2024-09-20T01:00:07.428+0000] {taskinstance.py:1206} INFO - Marking task as SUCCESS. dag_id=query_dag_irene, task_id=insert_data_inc, run_id=scheduled__2024-09-19T00:00:00+00:00, execution_date=20240919T000000, start_date=20240920T005908, end_date=20240920T010007
[2024-09-20T01:00:09.424+0000] {local_task_job_runner.py:243} INFO - Task exited with return code 0
[2024-09-20T01:00:09.435+0000] {local_task_job_runner.py:222} INFO - ::endgroup::
