[2024-08-29T03:00:04.468+0000] {local_task_job_runner.py:120} INFO - ::group::Pre task execution logs
[2024-08-29T03:00:04.539+0000] {taskinstance.py:2076} INFO - Dependencies all met for dep_context=non-requeueable deps ti=<TaskInstance: trino_query_dag_ironmale.insert_data_inc scheduled__2024-08-29T02:00:00+00:00 [queued]>
[2024-08-29T03:00:04.557+0000] {taskinstance.py:2076} INFO - Dependencies all met for dep_context=requeueable deps ti=<TaskInstance: trino_query_dag_ironmale.insert_data_inc scheduled__2024-08-29T02:00:00+00:00 [queued]>
[2024-08-29T03:00:04.558+0000] {taskinstance.py:2306} INFO - Starting attempt 1 of 2
[2024-08-29T03:00:04.587+0000] {taskinstance.py:2330} INFO - Executing <Task(TrinoOperator): insert_data_inc> on 2024-08-29 02:00:00+00:00
[2024-08-29T03:00:04.603+0000] {logging_mixin.py:188} WARNING - /home/airflow/.local/lib/python3.12/site-packages/airflow/task/task_runner/standard_task_runner.py:62 DeprecationWarning: This process (pid=72274) is multi-threaded, use of fork() may lead to deadlocks in the child.
[2024-08-29T03:00:04.616+0000] {standard_task_runner.py:64} INFO - Started process 72277 to run task
[2024-08-29T03:00:04.607+0000] {standard_task_runner.py:90} INFO - Running: ['airflow', 'tasks', 'run', 'trino_query_dag_ironmale', 'insert_data_inc', 'scheduled__2024-08-29T02:00:00+00:00', '--job-id', '788', '--raw', '--subdir', 'DAGS_FOLDER/ironmale.py', '--cfg-path', '/tmp/tmp8fbr13qh']
[2024-08-29T03:00:04.618+0000] {standard_task_runner.py:91} INFO - Job 788: Subtask insert_data_inc
[2024-08-29T03:00:04.639+0000] {logging_mixin.py:188} WARNING - /home/airflow/.local/lib/python3.12/site-packages/airflow/settings.py:195 DeprecationWarning: The sql_alchemy_conn option in [core] has been moved to the sql_alchemy_conn option in [database] - the old setting has been used, but please update your config.
[2024-08-29T03:00:04.701+0000] {task_command.py:426} INFO - Running <TaskInstance: trino_query_dag_ironmale.insert_data_inc scheduled__2024-08-29T02:00:00+00:00 [running]> on host b476143e3d64
[2024-08-29T03:00:05.057+0000] {taskinstance.py:2648} INFO - Exporting env vars: AIRFLOW_CTX_DAG_OWNER='airflow' AIRFLOW_CTX_DAG_ID='trino_query_dag_ironmale' AIRFLOW_CTX_TASK_ID='insert_data_inc' AIRFLOW_CTX_EXECUTION_DATE='2024-08-29T02:00:00+00:00' AIRFLOW_CTX_TRY_NUMBER='1' AIRFLOW_CTX_DAG_RUN_ID='scheduled__2024-08-29T02:00:00+00:00'
[2024-08-29T03:00:05.064+0000] {taskinstance.py:430} INFO - ::endgroup::
[2024-08-29T03:00:05.082+0000] {sql.py:282} INFO - Executing: insert into hive.ironmale.soul select * from sqlserver.dbo.soul  where hour = 22
[2024-08-29T03:00:05.161+0000] {base.py:84} INFO - Using connection ID 'my_trino_connection' for task execution.
[2024-08-29T03:00:05.176+0000] {base.py:84} INFO - Using connection ID 'my_trino_connection' for task execution.
[2024-08-29T03:00:05.189+0000] {base.py:84} INFO - Using connection ID 'my_trino_connection' for task execution.
[2024-08-29T03:00:05.204+0000] {sql.py:495} INFO - Running statement: insert into hive.ironmale.soul select * from sqlserver.dbo.soul  where hour = 22, parameters: None
[2024-08-29T03:00:07.506+0000] {sql.py:504} INFO - Rows affected: 2700
[2024-08-29T03:00:10.083+0000] {taskinstance.py:441} INFO - ::group::Post task execution logs
[2024-08-29T03:00:10.196+0000] {taskinstance.py:1206} INFO - Marking task as SUCCESS. dag_id=trino_query_dag_ironmale, task_id=insert_data_inc, run_id=scheduled__2024-08-29T02:00:00+00:00, execution_date=20240829T020000, start_date=20240829T030004, end_date=20240829T030010
[2024-08-29T03:00:10.296+0000] {local_task_job_runner.py:243} INFO - Task exited with return code 0
[2024-08-29T03:00:10.411+0000] {logging_mixin.py:188} WARNING - /home/airflow/.local/lib/python3.12/site-packages/airflow/models/baseoperator.py:1297 AirflowProviderDeprecationWarning: Call to deprecated class TrinoOperator. (Please use `airflow.providers.common.sql.operators.sql.SQLExecuteQueryOperator`.)
[2024-08-29T03:00:10.476+0000] {taskinstance.py:3503} INFO - 1 downstream tasks scheduled from follow-on schedule check
[2024-08-29T03:00:10.531+0000] {local_task_job_runner.py:222} INFO - ::endgroup::
