[2024-08-22T01:13:35.547+0000] {local_task_job_runner.py:120} INFO - ::group::Pre task execution logs
[2024-08-22T01:13:37.159+0000] {taskinstance.py:2076} INFO - Dependencies all met for dep_context=non-requeueable deps ti=<TaskInstance: trino_query_dag_ivy.print_end scheduled__2024-08-21T00:00:00+00:00 [queued]>
[2024-08-22T01:13:37.171+0000] {taskinstance.py:2076} INFO - Dependencies all met for dep_context=requeueable deps ti=<TaskInstance: trino_query_dag_ivy.print_end scheduled__2024-08-21T00:00:00+00:00 [queued]>
[2024-08-22T01:13:37.357+0000] {taskinstance.py:2306} INFO - Starting attempt 1 of 2
[2024-08-22T01:13:40.205+0000] {taskinstance.py:2330} INFO - Executing <Task(PythonOperator): print_end> on 2024-08-21 00:00:00+00:00
[2024-08-22T01:13:40.230+0000] {standard_task_runner.py:90} INFO - Running: ['airflow', 'tasks', 'run', 'trino_query_dag_ivy', 'print_end', 'scheduled__2024-08-21T00:00:00+00:00', '--job-id', '152', '--raw', '--subdir', 'DAGS_FOLDER/ivy.py', '--cfg-path', '/tmp/tmp5i3h6kiz']
[2024-08-22T01:13:40.246+0000] {logging_mixin.py:188} WARNING - /home/airflow/.local/lib/python3.12/site-packages/airflow/task/task_runner/standard_task_runner.py:62 DeprecationWarning: This process (pid=24846) is multi-threaded, use of fork() may lead to deadlocks in the child.
[2024-08-22T01:13:40.251+0000] {standard_task_runner.py:91} INFO - Job 152: Subtask print_end
[2024-08-22T01:13:40.253+0000] {standard_task_runner.py:64} INFO - Started process 24849 to run task
[2024-08-22T01:13:42.020+0000] {logging_mixin.py:188} WARNING - /home/airflow/.local/lib/python3.12/site-packages/airflow/settings.py:195 DeprecationWarning: The sql_alchemy_conn option in [core] has been moved to the sql_alchemy_conn option in [database] - the old setting has been used, but please update your config.
[2024-08-22T01:13:42.068+0000] {task_command.py:426} INFO - Running <TaskInstance: trino_query_dag_ivy.print_end scheduled__2024-08-21T00:00:00+00:00 [running]> on host b476143e3d64
[2024-08-22T01:13:51.419+0000] {taskinstance.py:2648} INFO - Exporting env vars: AIRFLOW_CTX_DAG_OWNER='airflow' AIRFLOW_CTX_DAG_ID='trino_query_dag_ivy' AIRFLOW_CTX_TASK_ID='print_end' AIRFLOW_CTX_EXECUTION_DATE='2024-08-21T00:00:00+00:00' AIRFLOW_CTX_TRY_NUMBER='1' AIRFLOW_CTX_DAG_RUN_ID='scheduled__2024-08-21T00:00:00+00:00'
[2024-08-22T01:13:51.421+0000] {taskinstance.py:430} INFO - ::endgroup::
[2024-08-22T01:13:51.447+0000] {logging_mixin.py:188} INFO - End of DAG execution
[2024-08-22T01:13:51.448+0000] {python.py:237} INFO - Done. Returned value was: None
[2024-08-22T01:13:51.449+0000] {taskinstance.py:441} INFO - ::group::Post task execution logs
[2024-08-22T01:13:51.462+0000] {taskinstance.py:1206} INFO - Marking task as SUCCESS. dag_id=trino_query_dag_ivy, task_id=print_end, run_id=scheduled__2024-08-21T00:00:00+00:00, execution_date=20240821T000000, start_date=20240822T011337, end_date=20240822T011351
[2024-08-22T01:13:55.288+0000] {local_task_job_runner.py:243} INFO - Task exited with return code 0
[2024-08-22T01:13:55.312+0000] {taskinstance.py:3503} INFO - 0 downstream tasks scheduled from follow-on schedule check
[2024-08-22T01:13:56.746+0000] {local_task_job_runner.py:222} INFO - ::endgroup::
