[2024-10-21T02:28:38.487+0000] {local_task_job_runner.py:120} INFO - ::group::Pre task execution logs
[2024-10-21T02:28:38.626+0000] {taskinstance.py:2076} INFO - Dependencies all met for dep_context=non-requeueable deps ti=<TaskInstance: query_dag_irenen.insert_data_inc manual__2024-10-21T02:28:32.585592+00:00 [queued]>
[2024-10-21T02:28:38.643+0000] {taskinstance.py:2076} INFO - Dependencies all met for dep_context=requeueable deps ti=<TaskInstance: query_dag_irenen.insert_data_inc manual__2024-10-21T02:28:32.585592+00:00 [queued]>
[2024-10-21T02:28:38.644+0000] {taskinstance.py:2306} INFO - Starting attempt 1 of 2
[2024-10-21T02:28:38.675+0000] {taskinstance.py:2330} INFO - Executing <Task(TrinoOperator): insert_data_inc> on 2024-10-21 02:28:32.585592+00:00
[2024-10-21T02:28:38.689+0000] {logging_mixin.py:188} WARNING - /home/airflow/.local/lib/python3.12/site-packages/airflow/task/task_runner/standard_task_runner.py:62 DeprecationWarning: This process (pid=15245) is multi-threaded, use of fork() may lead to deadlocks in the child.
[2024-10-21T02:28:38.691+0000] {standard_task_runner.py:64} INFO - Started process 15267 to run task
[2024-10-21T02:28:38.707+0000] {standard_task_runner.py:90} INFO - Running: ['airflow', 'tasks', 'run', 'query_dag_irenen', 'insert_data_inc', 'manual__2024-10-21T02:28:32.585592+00:00', '--job-id', '1534', '--raw', '--subdir', 'DAGS_FOLDER/irenen.py', '--cfg-path', '/tmp/tmpr9qmxq8a']
[2024-10-21T02:28:38.711+0000] {standard_task_runner.py:91} INFO - Job 1534: Subtask insert_data_inc
[2024-10-21T02:28:38.773+0000] {logging_mixin.py:188} WARNING - /home/airflow/.local/lib/python3.12/site-packages/airflow/settings.py:195 DeprecationWarning: The sql_alchemy_conn option in [core] has been moved to the sql_alchemy_conn option in [database] - the old setting has been used, but please update your config.
[2024-10-21T02:28:38.858+0000] {task_command.py:426} INFO - Running <TaskInstance: query_dag_irenen.insert_data_inc manual__2024-10-21T02:28:32.585592+00:00 [running]> on host 92783cd12528
[2024-10-21T02:28:39.104+0000] {logging_mixin.py:188} WARNING - /home/airflow/.local/lib/python3.12/site-packages/airflow/utils/log/secrets_masker.py:84 DeprecationWarning: The sensitive_variable_fields option in [admin] has been moved to the sensitive_var_conn_names option in [core] - the old setting has been used, but please update your config.
[2024-10-21T02:28:39.197+0000] {taskinstance.py:2648} INFO - Exporting env vars: AIRFLOW_CTX_DAG_OWNER='airflow' AIRFLOW_CTX_DAG_ID='query_dag_irenen' AIRFLOW_CTX_TASK_ID='insert_data_inc' AIRFLOW_CTX_EXECUTION_DATE='2024-10-21T02:28:32.585592+00:00' AIRFLOW_CTX_TRY_NUMBER='1' AIRFLOW_CTX_DAG_RUN_ID='manual__2024-10-21T02:28:32.585592+00:00'
[2024-10-21T02:28:39.198+0000] {taskinstance.py:430} INFO - ::endgroup::
[2024-10-21T02:28:39.255+0000] {sql.py:282} INFO - Executing: insert into hive.irenen.sou         WITH sou_cte AS (         SELECT * FROM sqlserver.dbo.Sou         where hour =22        ) SELECT * FROM sou_cte
[2024-10-21T02:28:39.294+0000] {base.py:84} INFO - Using connection ID 'my_trino_connection' for task execution.
[2024-10-21T02:28:39.304+0000] {base.py:84} INFO - Using connection ID 'my_trino_connection' for task execution.
[2024-10-21T02:28:39.337+0000] {base.py:84} INFO - Using connection ID 'my_trino_connection' for task execution.
[2024-10-21T02:28:39.351+0000] {sql.py:495} INFO - Running statement: insert into hive.irenen.sou         WITH sou_cte AS (         SELECT * FROM sqlserver.dbo.Sou         where hour =22        ) SELECT * FROM sou_cte, parameters: None
[2024-10-21T02:28:49.461+0000] {sql.py:504} INFO - Rows affected: 1048567
[2024-10-21T02:28:49.927+0000] {taskinstance.py:441} INFO - ::group::Post task execution logs
[2024-10-21T02:28:49.959+0000] {taskinstance.py:1206} INFO - Marking task as SUCCESS. dag_id=query_dag_irenen, task_id=insert_data_inc, run_id=manual__2024-10-21T02:28:32.585592+00:00, execution_date=20241021T022832, start_date=20241021T022838, end_date=20241021T022849
[2024-10-21T02:28:50.022+0000] {local_task_job_runner.py:243} INFO - Task exited with return code 0
[2024-10-21T02:28:50.049+0000] {logging_mixin.py:188} WARNING - /home/airflow/.local/lib/python3.12/site-packages/airflow/models/baseoperator.py:1297 AirflowProviderDeprecationWarning: Call to deprecated class TrinoOperator. (Please use `airflow.providers.common.sql.operators.sql.SQLExecuteQueryOperator`.)
[2024-10-21T02:28:50.093+0000] {taskinstance.py:3503} INFO - 1 downstream tasks scheduled from follow-on schedule check
[2024-10-21T02:28:50.098+0000] {local_task_job_runner.py:222} INFO - ::endgroup::
