[2024-08-22T10:00:17.801+0000] {processor.py:161} INFO - Started process (PID=33751) to work on /opt/airflow/dags/ivory.py
[2024-08-22T10:00:17.802+0000] {processor.py:830} INFO - Processing file /opt/airflow/dags/ivory.py for tasks to queue
[2024-08-22T10:00:17.804+0000] {logging_mixin.py:188} INFO - [2024-08-22T10:00:17.803+0000] {dagbag.py:545} INFO - Filling up the DagBag from /opt/airflow/dags/ivory.py
[2024-08-22T10:00:17.838+0000] {processor.py:840} INFO - DAG(s) 'trino_query_dag_ivy' retrieved from /opt/airflow/dags/ivory.py
[2024-08-22T10:00:17.974+0000] {logging_mixin.py:188} INFO - [2024-08-22T10:00:17.974+0000] {dag.py:3089} INFO - Sync 1 DAGs
[2024-08-22T10:00:18.129+0000] {logging_mixin.py:188} INFO - [2024-08-22T10:00:18.129+0000] {dag.py:3947} INFO - Setting next_dagrun for trino_query_dag_ivy to 2024-08-22 00:00:00+00:00, run_after=2024-08-23 00:00:00+00:00
[2024-08-22T10:00:18.158+0000] {processor.py:183} INFO - Processing /opt/airflow/dags/ivory.py took 0.363 seconds
[2024-08-22T10:00:48.536+0000] {processor.py:161} INFO - Started process (PID=33766) to work on /opt/airflow/dags/ivory.py
[2024-08-22T10:00:48.537+0000] {processor.py:830} INFO - Processing file /opt/airflow/dags/ivory.py for tasks to queue
[2024-08-22T10:00:48.538+0000] {logging_mixin.py:188} INFO - [2024-08-22T10:00:48.538+0000] {dagbag.py:545} INFO - Filling up the DagBag from /opt/airflow/dags/ivory.py
[2024-08-22T10:00:48.567+0000] {processor.py:840} INFO - DAG(s) 'trino_query_dag_ivy' retrieved from /opt/airflow/dags/ivory.py
[2024-08-22T10:00:48.599+0000] {logging_mixin.py:188} INFO - [2024-08-22T10:00:48.599+0000] {dag.py:3089} INFO - Sync 1 DAGs
[2024-08-22T10:00:48.627+0000] {logging_mixin.py:188} INFO - [2024-08-22T10:00:48.626+0000] {dag.py:3947} INFO - Setting next_dagrun for trino_query_dag_ivy to 2024-08-22 00:00:00+00:00, run_after=2024-08-23 00:00:00+00:00
[2024-08-22T10:00:48.652+0000] {processor.py:183} INFO - Processing /opt/airflow/dags/ivory.py took 0.123 seconds
[2024-08-22T10:01:19.046+0000] {processor.py:161} INFO - Started process (PID=33781) to work on /opt/airflow/dags/ivory.py
[2024-08-22T10:01:19.049+0000] {processor.py:830} INFO - Processing file /opt/airflow/dags/ivory.py for tasks to queue
[2024-08-22T10:01:19.051+0000] {logging_mixin.py:188} INFO - [2024-08-22T10:01:19.050+0000] {dagbag.py:545} INFO - Filling up the DagBag from /opt/airflow/dags/ivory.py
[2024-08-22T10:01:19.092+0000] {processor.py:840} INFO - DAG(s) 'trino_query_dag_ivy' retrieved from /opt/airflow/dags/ivory.py
[2024-08-22T10:01:19.108+0000] {logging_mixin.py:188} INFO - [2024-08-22T10:01:19.108+0000] {dag.py:3089} INFO - Sync 1 DAGs
[2024-08-22T10:01:19.137+0000] {logging_mixin.py:188} INFO - [2024-08-22T10:01:19.137+0000] {dag.py:3947} INFO - Setting next_dagrun for trino_query_dag_ivy to 2024-08-22 00:00:00+00:00, run_after=2024-08-23 00:00:00+00:00
[2024-08-22T10:01:19.160+0000] {processor.py:183} INFO - Processing /opt/airflow/dags/ivory.py took 0.123 seconds
[2024-08-22T10:05:18.378+0000] {processor.py:161} INFO - Started process (PID=33866) to work on /opt/airflow/dags/ivory.py
[2024-08-22T10:05:18.380+0000] {processor.py:830} INFO - Processing file /opt/airflow/dags/ivory.py for tasks to queue
[2024-08-22T10:05:18.381+0000] {logging_mixin.py:188} INFO - [2024-08-22T10:05:18.381+0000] {dagbag.py:545} INFO - Filling up the DagBag from /opt/airflow/dags/ivory.py
[2024-08-22T10:05:18.410+0000] {processor.py:840} INFO - DAG(s) 'trino_query_dag_ivy' retrieved from /opt/airflow/dags/ivory.py
[2024-08-22T10:05:19.145+0000] {logging_mixin.py:188} INFO - [2024-08-22T10:05:19.144+0000] {dag.py:3089} INFO - Sync 1 DAGs
[2024-08-22T10:05:19.172+0000] {logging_mixin.py:188} INFO - [2024-08-22T10:05:19.172+0000] {dag.py:3947} INFO - Setting next_dagrun for trino_query_dag_ivy to 2024-08-22 00:00:00+00:00, run_after=2024-08-23 00:00:00+00:00
[2024-08-22T10:05:19.198+0000] {processor.py:183} INFO - Processing /opt/airflow/dags/ivory.py took 0.827 seconds
[2024-08-22T10:05:49.826+0000] {processor.py:161} INFO - Started process (PID=33881) to work on /opt/airflow/dags/ivory.py
[2024-08-22T10:05:49.830+0000] {processor.py:830} INFO - Processing file /opt/airflow/dags/ivory.py for tasks to queue
[2024-08-22T10:05:49.833+0000] {logging_mixin.py:188} INFO - [2024-08-22T10:05:49.833+0000] {dagbag.py:545} INFO - Filling up the DagBag from /opt/airflow/dags/ivory.py
[2024-08-22T10:05:49.870+0000] {processor.py:840} INFO - DAG(s) 'trino_query_dag_ivy' retrieved from /opt/airflow/dags/ivory.py
[2024-08-22T10:05:49.908+0000] {logging_mixin.py:188} INFO - [2024-08-22T10:05:49.907+0000] {dag.py:3089} INFO - Sync 1 DAGs
[2024-08-22T10:05:50.077+0000] {logging_mixin.py:188} INFO - [2024-08-22T10:05:50.076+0000] {dag.py:3947} INFO - Setting next_dagrun for trino_query_dag_ivy to 2024-08-22 00:00:00+00:00, run_after=2024-08-23 00:00:00+00:00
[2024-08-22T10:05:50.111+0000] {processor.py:183} INFO - Processing /opt/airflow/dags/ivory.py took 0.294 seconds
[2024-08-22T10:06:10.548+0000] {processor.py:161} INFO - Started process (PID=33896) to work on /opt/airflow/dags/ivory.py
[2024-08-22T10:06:10.549+0000] {processor.py:830} INFO - Processing file /opt/airflow/dags/ivory.py for tasks to queue
[2024-08-22T10:06:10.551+0000] {logging_mixin.py:188} INFO - [2024-08-22T10:06:10.550+0000] {dagbag.py:545} INFO - Filling up the DagBag from /opt/airflow/dags/ivory.py
[2024-08-22T10:06:10.597+0000] {processor.py:840} INFO - DAG(s) 'trino_query_dag_ivory' retrieved from /opt/airflow/dags/ivory.py
[2024-08-22T10:06:10.728+0000] {logging_mixin.py:188} INFO - [2024-08-22T10:06:10.728+0000] {dag.py:3089} INFO - Sync 1 DAGs
[2024-08-22T10:06:10.885+0000] {logging_mixin.py:188} INFO - [2024-08-22T10:06:10.884+0000] {dag.py:3947} INFO - Setting next_dagrun for trino_query_dag_ivory to 2024-08-21 00:00:00+00:00, run_after=2024-08-22 00:00:00+00:00
[2024-08-22T10:06:10.929+0000] {processor.py:183} INFO - Processing /opt/airflow/dags/ivory.py took 0.388 seconds
[2024-08-22T10:06:35.373+0000] {processor.py:161} INFO - Started process (PID=33917) to work on /opt/airflow/dags/ivory.py
[2024-08-22T10:06:35.374+0000] {processor.py:830} INFO - Processing file /opt/airflow/dags/ivory.py for tasks to queue
[2024-08-22T10:06:35.375+0000] {logging_mixin.py:188} INFO - [2024-08-22T10:06:35.375+0000] {dagbag.py:545} INFO - Filling up the DagBag from /opt/airflow/dags/ivory.py
[2024-08-22T10:06:35.423+0000] {processor.py:840} INFO - DAG(s) 'trino_query_dag_ivory' retrieved from /opt/airflow/dags/ivory.py
[2024-08-22T10:06:35.439+0000] {logging_mixin.py:188} INFO - [2024-08-22T10:06:35.439+0000] {dag.py:3089} INFO - Sync 1 DAGs
[2024-08-22T10:06:35.472+0000] {logging_mixin.py:188} INFO - [2024-08-22T10:06:35.472+0000] {dag.py:3947} INFO - Setting next_dagrun for trino_query_dag_ivory to 2024-08-22 00:00:00+00:00, run_after=2024-08-23 00:00:00+00:00
[2024-08-22T10:06:35.505+0000] {processor.py:183} INFO - Processing /opt/airflow/dags/ivory.py took 0.139 seconds
[2024-08-22T10:06:38.553+0000] {processor.py:161} INFO - Started process (PID=33922) to work on /opt/airflow/dags/ivory.py
[2024-08-22T10:06:38.555+0000] {processor.py:830} INFO - Processing file /opt/airflow/dags/ivory.py for tasks to queue
[2024-08-22T10:06:38.556+0000] {logging_mixin.py:188} INFO - [2024-08-22T10:06:38.556+0000] {dagbag.py:545} INFO - Filling up the DagBag from /opt/airflow/dags/ivory.py
[2024-08-22T10:06:38.664+0000] {processor.py:840} INFO - DAG(s) 'trino_query_dag_ivory' retrieved from /opt/airflow/dags/ivory.py
[2024-08-22T10:06:38.678+0000] {logging_mixin.py:188} INFO - [2024-08-22T10:06:38.678+0000] {dag.py:3089} INFO - Sync 1 DAGs
[2024-08-22T10:06:38.705+0000] {logging_mixin.py:188} INFO - [2024-08-22T10:06:38.705+0000] {dag.py:3947} INFO - Setting next_dagrun for trino_query_dag_ivory to 2024-08-22 00:00:00+00:00, run_after=2024-08-23 00:00:00+00:00
[2024-08-22T10:06:38.762+0000] {processor.py:183} INFO - Processing /opt/airflow/dags/ivory.py took 0.216 seconds
[2024-08-22T10:07:09.203+0000] {processor.py:161} INFO - Started process (PID=33937) to work on /opt/airflow/dags/ivory.py
[2024-08-22T10:07:09.204+0000] {processor.py:830} INFO - Processing file /opt/airflow/dags/ivory.py for tasks to queue
[2024-08-22T10:07:09.206+0000] {logging_mixin.py:188} INFO - [2024-08-22T10:07:09.205+0000] {dagbag.py:545} INFO - Filling up the DagBag from /opt/airflow/dags/ivory.py
[2024-08-22T10:07:09.243+0000] {processor.py:840} INFO - DAG(s) 'trino_query_dag_ivory' retrieved from /opt/airflow/dags/ivory.py
[2024-08-22T10:07:09.513+0000] {logging_mixin.py:188} INFO - [2024-08-22T10:07:09.513+0000] {dag.py:3089} INFO - Sync 1 DAGs
[2024-08-22T10:07:09.533+0000] {logging_mixin.py:188} INFO - [2024-08-22T10:07:09.533+0000] {dag.py:3947} INFO - Setting next_dagrun for trino_query_dag_ivory to 2024-08-22 00:00:00+00:00, run_after=2024-08-23 00:00:00+00:00
[2024-08-22T10:07:09.559+0000] {processor.py:183} INFO - Processing /opt/airflow/dags/ivory.py took 0.366 seconds
[2024-08-22T10:07:17.531+0000] {processor.py:161} INFO - Started process (PID=33942) to work on /opt/airflow/dags/ivory.py
[2024-08-22T10:07:17.533+0000] {processor.py:830} INFO - Processing file /opt/airflow/dags/ivory.py for tasks to queue
[2024-08-22T10:07:17.534+0000] {logging_mixin.py:188} INFO - [2024-08-22T10:07:17.534+0000] {dagbag.py:545} INFO - Filling up the DagBag from /opt/airflow/dags/ivory.py
[2024-08-22T10:07:17.575+0000] {processor.py:840} INFO - DAG(s) 'trino_query_dag_ivory' retrieved from /opt/airflow/dags/ivory.py
[2024-08-22T10:07:17.588+0000] {logging_mixin.py:188} INFO - [2024-08-22T10:07:17.588+0000] {dag.py:3089} INFO - Sync 1 DAGs
[2024-08-22T10:07:17.618+0000] {logging_mixin.py:188} INFO - [2024-08-22T10:07:17.617+0000] {dag.py:3947} INFO - Setting next_dagrun for trino_query_dag_ivory to 2024-08-22 00:00:00+00:00, run_after=2024-08-23 00:00:00+00:00
[2024-08-22T10:07:17.688+0000] {processor.py:183} INFO - Processing /opt/airflow/dags/ivory.py took 0.164 seconds
[2024-08-22T10:07:18.709+0000] {processor.py:161} INFO - Started process (PID=33947) to work on /opt/airflow/dags/ivory.py
[2024-08-22T10:07:18.710+0000] {processor.py:830} INFO - Processing file /opt/airflow/dags/ivory.py for tasks to queue
[2024-08-22T10:07:18.711+0000] {logging_mixin.py:188} INFO - [2024-08-22T10:07:18.711+0000] {dagbag.py:545} INFO - Filling up the DagBag from /opt/airflow/dags/ivory.py
[2024-08-22T10:07:18.755+0000] {processor.py:840} INFO - DAG(s) 'trino_query_dag_ivory' retrieved from /opt/airflow/dags/ivory.py
[2024-08-22T10:07:18.772+0000] {logging_mixin.py:188} INFO - [2024-08-22T10:07:18.771+0000] {dag.py:3089} INFO - Sync 1 DAGs
[2024-08-22T10:07:18.802+0000] {logging_mixin.py:188} INFO - [2024-08-22T10:07:18.802+0000] {dag.py:3947} INFO - Setting next_dagrun for trino_query_dag_ivory to 2024-08-22 00:00:00+00:00, run_after=2024-08-23 00:00:00+00:00
[2024-08-22T10:07:18.833+0000] {processor.py:183} INFO - Processing /opt/airflow/dags/ivory.py took 0.132 seconds
[2024-08-22T10:07:49.399+0000] {processor.py:161} INFO - Started process (PID=33962) to work on /opt/airflow/dags/ivory.py
[2024-08-22T10:07:49.400+0000] {processor.py:830} INFO - Processing file /opt/airflow/dags/ivory.py for tasks to queue
[2024-08-22T10:07:49.401+0000] {logging_mixin.py:188} INFO - [2024-08-22T10:07:49.401+0000] {dagbag.py:545} INFO - Filling up the DagBag from /opt/airflow/dags/ivory.py
[2024-08-22T10:07:49.427+0000] {processor.py:840} INFO - DAG(s) 'trino_query_dag_ivory' retrieved from /opt/airflow/dags/ivory.py
[2024-08-22T10:07:49.458+0000] {logging_mixin.py:188} INFO - [2024-08-22T10:07:49.458+0000] {dag.py:3089} INFO - Sync 1 DAGs
[2024-08-22T10:07:49.483+0000] {logging_mixin.py:188} INFO - [2024-08-22T10:07:49.483+0000] {dag.py:3947} INFO - Setting next_dagrun for trino_query_dag_ivory to 2024-08-22 00:00:00+00:00, run_after=2024-08-23 00:00:00+00:00
[2024-08-22T10:07:49.524+0000] {processor.py:183} INFO - Processing /opt/airflow/dags/ivory.py took 0.133 seconds
[2024-08-22T10:08:19.989+0000] {processor.py:161} INFO - Started process (PID=33977) to work on /opt/airflow/dags/ivory.py
[2024-08-22T10:08:19.991+0000] {processor.py:830} INFO - Processing file /opt/airflow/dags/ivory.py for tasks to queue
[2024-08-22T10:08:19.993+0000] {logging_mixin.py:188} INFO - [2024-08-22T10:08:19.993+0000] {dagbag.py:545} INFO - Filling up the DagBag from /opt/airflow/dags/ivory.py
[2024-08-22T10:08:20.035+0000] {processor.py:840} INFO - DAG(s) 'trino_query_dag_ivory' retrieved from /opt/airflow/dags/ivory.py
[2024-08-22T10:08:20.070+0000] {logging_mixin.py:188} INFO - [2024-08-22T10:08:20.069+0000] {dag.py:3089} INFO - Sync 1 DAGs
[2024-08-22T10:08:20.109+0000] {logging_mixin.py:188} INFO - [2024-08-22T10:08:20.108+0000] {dag.py:3947} INFO - Setting next_dagrun for trino_query_dag_ivory to 2024-08-22 00:00:00+00:00, run_after=2024-08-23 00:00:00+00:00
[2024-08-22T10:08:20.300+0000] {processor.py:183} INFO - Processing /opt/airflow/dags/ivory.py took 0.325 seconds
[2024-08-22T10:08:50.937+0000] {processor.py:161} INFO - Started process (PID=33992) to work on /opt/airflow/dags/ivory.py
[2024-08-22T10:08:50.939+0000] {processor.py:830} INFO - Processing file /opt/airflow/dags/ivory.py for tasks to queue
[2024-08-22T10:08:50.940+0000] {logging_mixin.py:188} INFO - [2024-08-22T10:08:50.940+0000] {dagbag.py:545} INFO - Filling up the DagBag from /opt/airflow/dags/ivory.py
[2024-08-22T10:08:50.974+0000] {processor.py:840} INFO - DAG(s) 'trino_query_dag_ivory' retrieved from /opt/airflow/dags/ivory.py
[2024-08-22T10:08:51.011+0000] {logging_mixin.py:188} INFO - [2024-08-22T10:08:51.010+0000] {dag.py:3089} INFO - Sync 1 DAGs
[2024-08-22T10:08:51.202+0000] {logging_mixin.py:188} INFO - [2024-08-22T10:08:51.202+0000] {dag.py:3947} INFO - Setting next_dagrun for trino_query_dag_ivory to 2024-08-22 00:00:00+00:00, run_after=2024-08-23 00:00:00+00:00
[2024-08-22T10:08:51.229+0000] {processor.py:183} INFO - Processing /opt/airflow/dags/ivory.py took 0.301 seconds
[2024-08-22T10:09:21.968+0000] {processor.py:161} INFO - Started process (PID=34007) to work on /opt/airflow/dags/ivory.py
[2024-08-22T10:09:21.970+0000] {processor.py:830} INFO - Processing file /opt/airflow/dags/ivory.py for tasks to queue
[2024-08-22T10:09:21.972+0000] {logging_mixin.py:188} INFO - [2024-08-22T10:09:21.971+0000] {dagbag.py:545} INFO - Filling up the DagBag from /opt/airflow/dags/ivory.py
[2024-08-22T10:09:22.015+0000] {processor.py:840} INFO - DAG(s) 'trino_query_dag_ivory' retrieved from /opt/airflow/dags/ivory.py
[2024-08-22T10:09:22.047+0000] {logging_mixin.py:188} INFO - [2024-08-22T10:09:22.047+0000] {dag.py:3089} INFO - Sync 1 DAGs
[2024-08-22T10:09:22.075+0000] {logging_mixin.py:188} INFO - [2024-08-22T10:09:22.075+0000] {dag.py:3947} INFO - Setting next_dagrun for trino_query_dag_ivory to 2024-08-22 00:00:00+00:00, run_after=2024-08-23 00:00:00+00:00
[2024-08-22T10:09:22.101+0000] {processor.py:183} INFO - Processing /opt/airflow/dags/ivory.py took 0.144 seconds
[2024-08-22T10:09:52.744+0000] {processor.py:161} INFO - Started process (PID=34022) to work on /opt/airflow/dags/ivory.py
[2024-08-22T10:09:52.745+0000] {processor.py:830} INFO - Processing file /opt/airflow/dags/ivory.py for tasks to queue
[2024-08-22T10:09:52.746+0000] {logging_mixin.py:188} INFO - [2024-08-22T10:09:52.746+0000] {dagbag.py:545} INFO - Filling up the DagBag from /opt/airflow/dags/ivory.py
[2024-08-22T10:09:52.784+0000] {processor.py:840} INFO - DAG(s) 'trino_query_dag_ivory' retrieved from /opt/airflow/dags/ivory.py
[2024-08-22T10:09:52.820+0000] {logging_mixin.py:188} INFO - [2024-08-22T10:09:52.819+0000] {dag.py:3089} INFO - Sync 1 DAGs
[2024-08-22T10:09:52.851+0000] {logging_mixin.py:188} INFO - [2024-08-22T10:09:52.851+0000] {dag.py:3947} INFO - Setting next_dagrun for trino_query_dag_ivory to 2024-08-22 00:00:00+00:00, run_after=2024-08-23 00:00:00+00:00
[2024-08-22T10:09:52.882+0000] {processor.py:183} INFO - Processing /opt/airflow/dags/ivory.py took 0.146 seconds
[2024-08-22T10:10:23.324+0000] {processor.py:161} INFO - Started process (PID=34037) to work on /opt/airflow/dags/ivory.py
[2024-08-22T10:10:23.326+0000] {processor.py:830} INFO - Processing file /opt/airflow/dags/ivory.py for tasks to queue
[2024-08-22T10:10:23.327+0000] {logging_mixin.py:188} INFO - [2024-08-22T10:10:23.327+0000] {dagbag.py:545} INFO - Filling up the DagBag from /opt/airflow/dags/ivory.py
[2024-08-22T10:10:23.354+0000] {processor.py:840} INFO - DAG(s) 'trino_query_dag_ivory' retrieved from /opt/airflow/dags/ivory.py
[2024-08-22T10:10:23.385+0000] {logging_mixin.py:188} INFO - [2024-08-22T10:10:23.384+0000] {dag.py:3089} INFO - Sync 1 DAGs
[2024-08-22T10:10:23.415+0000] {logging_mixin.py:188} INFO - [2024-08-22T10:10:23.415+0000] {dag.py:3947} INFO - Setting next_dagrun for trino_query_dag_ivory to 2024-08-22 00:00:00+00:00, run_after=2024-08-23 00:00:00+00:00
[2024-08-22T10:10:23.437+0000] {processor.py:183} INFO - Processing /opt/airflow/dags/ivory.py took 0.120 seconds
[2024-08-22T10:10:53.908+0000] {processor.py:161} INFO - Started process (PID=34052) to work on /opt/airflow/dags/ivory.py
[2024-08-22T10:10:53.910+0000] {processor.py:830} INFO - Processing file /opt/airflow/dags/ivory.py for tasks to queue
[2024-08-22T10:10:53.912+0000] {logging_mixin.py:188} INFO - [2024-08-22T10:10:53.912+0000] {dagbag.py:545} INFO - Filling up the DagBag from /opt/airflow/dags/ivory.py
[2024-08-22T10:10:53.947+0000] {processor.py:840} INFO - DAG(s) 'trino_query_dag_ivory' retrieved from /opt/airflow/dags/ivory.py
[2024-08-22T10:10:53.982+0000] {logging_mixin.py:188} INFO - [2024-08-22T10:10:53.981+0000] {dag.py:3089} INFO - Sync 1 DAGs
[2024-08-22T10:10:54.008+0000] {logging_mixin.py:188} INFO - [2024-08-22T10:10:54.008+0000] {dag.py:3947} INFO - Setting next_dagrun for trino_query_dag_ivory to 2024-08-22 00:00:00+00:00, run_after=2024-08-23 00:00:00+00:00
[2024-08-22T10:10:54.032+0000] {processor.py:183} INFO - Processing /opt/airflow/dags/ivory.py took 0.132 seconds
[2024-08-22T10:11:24.415+0000] {processor.py:161} INFO - Started process (PID=34067) to work on /opt/airflow/dags/ivory.py
[2024-08-22T10:11:24.417+0000] {processor.py:830} INFO - Processing file /opt/airflow/dags/ivory.py for tasks to queue
[2024-08-22T10:11:24.418+0000] {logging_mixin.py:188} INFO - [2024-08-22T10:11:24.417+0000] {dagbag.py:545} INFO - Filling up the DagBag from /opt/airflow/dags/ivory.py
[2024-08-22T10:11:24.456+0000] {processor.py:840} INFO - DAG(s) 'trino_query_dag_ivory' retrieved from /opt/airflow/dags/ivory.py
[2024-08-22T10:11:24.489+0000] {logging_mixin.py:188} INFO - [2024-08-22T10:11:24.489+0000] {dag.py:3089} INFO - Sync 1 DAGs
[2024-08-22T10:11:24.520+0000] {logging_mixin.py:188} INFO - [2024-08-22T10:11:24.520+0000] {dag.py:3947} INFO - Setting next_dagrun for trino_query_dag_ivory to 2024-08-22 00:00:00+00:00, run_after=2024-08-23 00:00:00+00:00
[2024-08-22T10:11:24.719+0000] {processor.py:183} INFO - Processing /opt/airflow/dags/ivory.py took 0.311 seconds
[2024-08-22T10:11:55.311+0000] {processor.py:161} INFO - Started process (PID=34082) to work on /opt/airflow/dags/ivory.py
[2024-08-22T10:11:55.312+0000] {processor.py:830} INFO - Processing file /opt/airflow/dags/ivory.py for tasks to queue
[2024-08-22T10:11:55.315+0000] {logging_mixin.py:188} INFO - [2024-08-22T10:11:55.314+0000] {dagbag.py:545} INFO - Filling up the DagBag from /opt/airflow/dags/ivory.py
[2024-08-22T10:11:55.350+0000] {processor.py:840} INFO - DAG(s) 'trino_query_dag_ivory' retrieved from /opt/airflow/dags/ivory.py
[2024-08-22T10:11:55.389+0000] {logging_mixin.py:188} INFO - [2024-08-22T10:11:55.389+0000] {dag.py:3089} INFO - Sync 1 DAGs
[2024-08-22T10:11:55.420+0000] {logging_mixin.py:188} INFO - [2024-08-22T10:11:55.420+0000] {dag.py:3947} INFO - Setting next_dagrun for trino_query_dag_ivory to 2024-08-22 00:00:00+00:00, run_after=2024-08-23 00:00:00+00:00
[2024-08-22T10:11:55.676+0000] {processor.py:183} INFO - Processing /opt/airflow/dags/ivory.py took 0.373 seconds
[2024-08-22T10:12:25.789+0000] {processor.py:161} INFO - Started process (PID=34097) to work on /opt/airflow/dags/ivory.py
[2024-08-22T10:12:25.790+0000] {processor.py:830} INFO - Processing file /opt/airflow/dags/ivory.py for tasks to queue
[2024-08-22T10:12:25.791+0000] {logging_mixin.py:188} INFO - [2024-08-22T10:12:25.791+0000] {dagbag.py:545} INFO - Filling up the DagBag from /opt/airflow/dags/ivory.py
[2024-08-22T10:12:25.820+0000] {processor.py:840} INFO - DAG(s) 'trino_query_dag_ivory' retrieved from /opt/airflow/dags/ivory.py
[2024-08-22T10:12:25.851+0000] {logging_mixin.py:188} INFO - [2024-08-22T10:12:25.850+0000] {dag.py:3089} INFO - Sync 1 DAGs
[2024-08-22T10:12:25.877+0000] {logging_mixin.py:188} INFO - [2024-08-22T10:12:25.876+0000] {dag.py:3947} INFO - Setting next_dagrun for trino_query_dag_ivory to 2024-08-22 00:00:00+00:00, run_after=2024-08-23 00:00:00+00:00
[2024-08-22T10:12:25.917+0000] {processor.py:183} INFO - Processing /opt/airflow/dags/ivory.py took 0.136 seconds
[2024-08-22T10:12:56.462+0000] {processor.py:161} INFO - Started process (PID=34112) to work on /opt/airflow/dags/ivory.py
[2024-08-22T10:12:56.463+0000] {processor.py:830} INFO - Processing file /opt/airflow/dags/ivory.py for tasks to queue
[2024-08-22T10:12:56.465+0000] {logging_mixin.py:188} INFO - [2024-08-22T10:12:56.464+0000] {dagbag.py:545} INFO - Filling up the DagBag from /opt/airflow/dags/ivory.py
[2024-08-22T10:12:56.498+0000] {processor.py:840} INFO - DAG(s) 'trino_query_dag_ivory' retrieved from /opt/airflow/dags/ivory.py
[2024-08-22T10:12:56.531+0000] {logging_mixin.py:188} INFO - [2024-08-22T10:12:56.531+0000] {dag.py:3089} INFO - Sync 1 DAGs
[2024-08-22T10:12:56.557+0000] {logging_mixin.py:188} INFO - [2024-08-22T10:12:56.556+0000] {dag.py:3947} INFO - Setting next_dagrun for trino_query_dag_ivory to 2024-08-22 00:00:00+00:00, run_after=2024-08-23 00:00:00+00:00
[2024-08-22T10:12:56.584+0000] {processor.py:183} INFO - Processing /opt/airflow/dags/ivory.py took 0.130 seconds
[2024-08-22T10:13:27.092+0000] {processor.py:161} INFO - Started process (PID=34127) to work on /opt/airflow/dags/ivory.py
[2024-08-22T10:13:27.093+0000] {processor.py:830} INFO - Processing file /opt/airflow/dags/ivory.py for tasks to queue
[2024-08-22T10:13:27.095+0000] {logging_mixin.py:188} INFO - [2024-08-22T10:13:27.094+0000] {dagbag.py:545} INFO - Filling up the DagBag from /opt/airflow/dags/ivory.py
[2024-08-22T10:13:27.127+0000] {processor.py:840} INFO - DAG(s) 'trino_query_dag_ivory' retrieved from /opt/airflow/dags/ivory.py
[2024-08-22T10:13:27.161+0000] {logging_mixin.py:188} INFO - [2024-08-22T10:13:27.161+0000] {dag.py:3089} INFO - Sync 1 DAGs
[2024-08-22T10:13:27.190+0000] {logging_mixin.py:188} INFO - [2024-08-22T10:13:27.190+0000] {dag.py:3947} INFO - Setting next_dagrun for trino_query_dag_ivory to 2024-08-22 00:00:00+00:00, run_after=2024-08-23 00:00:00+00:00
[2024-08-22T10:13:27.234+0000] {processor.py:183} INFO - Processing /opt/airflow/dags/ivory.py took 0.152 seconds
[2024-08-22T10:13:57.881+0000] {processor.py:161} INFO - Started process (PID=34142) to work on /opt/airflow/dags/ivory.py
[2024-08-22T10:13:57.882+0000] {processor.py:830} INFO - Processing file /opt/airflow/dags/ivory.py for tasks to queue
[2024-08-22T10:13:57.883+0000] {logging_mixin.py:188} INFO - [2024-08-22T10:13:57.883+0000] {dagbag.py:545} INFO - Filling up the DagBag from /opt/airflow/dags/ivory.py
[2024-08-22T10:13:57.913+0000] {processor.py:840} INFO - DAG(s) 'trino_query_dag_ivory' retrieved from /opt/airflow/dags/ivory.py
[2024-08-22T10:13:57.944+0000] {logging_mixin.py:188} INFO - [2024-08-22T10:13:57.944+0000] {dag.py:3089} INFO - Sync 1 DAGs
[2024-08-22T10:13:57.969+0000] {logging_mixin.py:188} INFO - [2024-08-22T10:13:57.969+0000] {dag.py:3947} INFO - Setting next_dagrun for trino_query_dag_ivory to 2024-08-22 00:00:00+00:00, run_after=2024-08-23 00:00:00+00:00
[2024-08-22T10:13:57.994+0000] {processor.py:183} INFO - Processing /opt/airflow/dags/ivory.py took 0.121 seconds
[2024-08-22T10:14:28.505+0000] {processor.py:161} INFO - Started process (PID=34157) to work on /opt/airflow/dags/ivory.py
[2024-08-22T10:14:28.506+0000] {processor.py:830} INFO - Processing file /opt/airflow/dags/ivory.py for tasks to queue
[2024-08-22T10:14:28.508+0000] {logging_mixin.py:188} INFO - [2024-08-22T10:14:28.507+0000] {dagbag.py:545} INFO - Filling up the DagBag from /opt/airflow/dags/ivory.py
[2024-08-22T10:14:28.537+0000] {processor.py:840} INFO - DAG(s) 'trino_query_dag_ivory' retrieved from /opt/airflow/dags/ivory.py
[2024-08-22T10:14:28.570+0000] {logging_mixin.py:188} INFO - [2024-08-22T10:14:28.570+0000] {dag.py:3089} INFO - Sync 1 DAGs
[2024-08-22T10:14:28.595+0000] {logging_mixin.py:188} INFO - [2024-08-22T10:14:28.595+0000] {dag.py:3947} INFO - Setting next_dagrun for trino_query_dag_ivory to 2024-08-22 00:00:00+00:00, run_after=2024-08-23 00:00:00+00:00
[2024-08-22T10:14:28.780+0000] {processor.py:183} INFO - Processing /opt/airflow/dags/ivory.py took 0.281 seconds
[2024-08-22T10:14:59.703+0000] {processor.py:161} INFO - Started process (PID=34172) to work on /opt/airflow/dags/ivory.py
[2024-08-22T10:14:59.706+0000] {processor.py:830} INFO - Processing file /opt/airflow/dags/ivory.py for tasks to queue
[2024-08-22T10:14:59.708+0000] {logging_mixin.py:188} INFO - [2024-08-22T10:14:59.707+0000] {dagbag.py:545} INFO - Filling up the DagBag from /opt/airflow/dags/ivory.py
[2024-08-22T10:14:59.743+0000] {processor.py:840} INFO - DAG(s) 'trino_query_dag_ivory' retrieved from /opt/airflow/dags/ivory.py
[2024-08-22T10:14:59.776+0000] {logging_mixin.py:188} INFO - [2024-08-22T10:14:59.776+0000] {dag.py:3089} INFO - Sync 1 DAGs
[2024-08-22T10:14:59.802+0000] {logging_mixin.py:188} INFO - [2024-08-22T10:14:59.802+0000] {dag.py:3947} INFO - Setting next_dagrun for trino_query_dag_ivory to 2024-08-22 00:00:00+00:00, run_after=2024-08-23 00:00:00+00:00
[2024-08-22T10:14:59.837+0000] {processor.py:183} INFO - Processing /opt/airflow/dags/ivory.py took 0.148 seconds
[2024-08-22T10:15:30.495+0000] {processor.py:161} INFO - Started process (PID=34187) to work on /opt/airflow/dags/ivory.py
[2024-08-22T10:15:30.496+0000] {processor.py:830} INFO - Processing file /opt/airflow/dags/ivory.py for tasks to queue
[2024-08-22T10:15:30.497+0000] {logging_mixin.py:188} INFO - [2024-08-22T10:15:30.497+0000] {dagbag.py:545} INFO - Filling up the DagBag from /opt/airflow/dags/ivory.py
[2024-08-22T10:15:30.531+0000] {processor.py:840} INFO - DAG(s) 'trino_query_dag_ivory' retrieved from /opt/airflow/dags/ivory.py
[2024-08-22T10:15:30.563+0000] {logging_mixin.py:188} INFO - [2024-08-22T10:15:30.562+0000] {dag.py:3089} INFO - Sync 1 DAGs
[2024-08-22T10:15:30.587+0000] {logging_mixin.py:188} INFO - [2024-08-22T10:15:30.587+0000] {dag.py:3947} INFO - Setting next_dagrun for trino_query_dag_ivory to 2024-08-22 00:00:00+00:00, run_after=2024-08-23 00:00:00+00:00
[2024-08-22T10:15:30.612+0000] {processor.py:183} INFO - Processing /opt/airflow/dags/ivory.py took 0.124 seconds
[2024-08-22T10:16:01.210+0000] {processor.py:161} INFO - Started process (PID=34202) to work on /opt/airflow/dags/ivory.py
[2024-08-22T10:16:01.212+0000] {processor.py:830} INFO - Processing file /opt/airflow/dags/ivory.py for tasks to queue
[2024-08-22T10:16:01.214+0000] {logging_mixin.py:188} INFO - [2024-08-22T10:16:01.213+0000] {dagbag.py:545} INFO - Filling up the DagBag from /opt/airflow/dags/ivory.py
[2024-08-22T10:16:01.249+0000] {processor.py:840} INFO - DAG(s) 'trino_query_dag_ivory' retrieved from /opt/airflow/dags/ivory.py
[2024-08-22T10:16:01.280+0000] {logging_mixin.py:188} INFO - [2024-08-22T10:16:01.280+0000] {dag.py:3089} INFO - Sync 1 DAGs
[2024-08-22T10:16:01.307+0000] {logging_mixin.py:188} INFO - [2024-08-22T10:16:01.307+0000] {dag.py:3947} INFO - Setting next_dagrun for trino_query_dag_ivory to 2024-08-22 00:00:00+00:00, run_after=2024-08-23 00:00:00+00:00
[2024-08-22T10:16:01.335+0000] {processor.py:183} INFO - Processing /opt/airflow/dags/ivory.py took 0.134 seconds
[2024-08-22T10:16:31.946+0000] {processor.py:161} INFO - Started process (PID=34217) to work on /opt/airflow/dags/ivory.py
[2024-08-22T10:16:31.948+0000] {processor.py:830} INFO - Processing file /opt/airflow/dags/ivory.py for tasks to queue
[2024-08-22T10:16:31.950+0000] {logging_mixin.py:188} INFO - [2024-08-22T10:16:31.949+0000] {dagbag.py:545} INFO - Filling up the DagBag from /opt/airflow/dags/ivory.py
[2024-08-22T10:16:31.985+0000] {processor.py:840} INFO - DAG(s) 'trino_query_dag_ivory' retrieved from /opt/airflow/dags/ivory.py
[2024-08-22T10:16:32.021+0000] {logging_mixin.py:188} INFO - [2024-08-22T10:16:32.020+0000] {dag.py:3089} INFO - Sync 1 DAGs
[2024-08-22T10:16:32.054+0000] {logging_mixin.py:188} INFO - [2024-08-22T10:16:32.053+0000] {dag.py:3947} INFO - Setting next_dagrun for trino_query_dag_ivory to 2024-08-22 00:00:00+00:00, run_after=2024-08-23 00:00:00+00:00
[2024-08-22T10:16:32.078+0000] {processor.py:183} INFO - Processing /opt/airflow/dags/ivory.py took 0.143 seconds
[2024-08-22T10:17:02.573+0000] {processor.py:161} INFO - Started process (PID=34232) to work on /opt/airflow/dags/ivory.py
[2024-08-22T10:17:02.574+0000] {processor.py:830} INFO - Processing file /opt/airflow/dags/ivory.py for tasks to queue
[2024-08-22T10:17:02.575+0000] {logging_mixin.py:188} INFO - [2024-08-22T10:17:02.575+0000] {dagbag.py:545} INFO - Filling up the DagBag from /opt/airflow/dags/ivory.py
[2024-08-22T10:17:02.606+0000] {processor.py:840} INFO - DAG(s) 'trino_query_dag_ivory' retrieved from /opt/airflow/dags/ivory.py
[2024-08-22T10:17:02.638+0000] {logging_mixin.py:188} INFO - [2024-08-22T10:17:02.638+0000] {dag.py:3089} INFO - Sync 1 DAGs
[2024-08-22T10:17:02.664+0000] {logging_mixin.py:188} INFO - [2024-08-22T10:17:02.663+0000] {dag.py:3947} INFO - Setting next_dagrun for trino_query_dag_ivory to 2024-08-22 00:00:00+00:00, run_after=2024-08-23 00:00:00+00:00
[2024-08-22T10:17:02.691+0000] {processor.py:183} INFO - Processing /opt/airflow/dags/ivory.py took 0.125 seconds
[2024-08-22T10:17:32.783+0000] {processor.py:161} INFO - Started process (PID=34247) to work on /opt/airflow/dags/ivory.py
[2024-08-22T10:17:32.786+0000] {processor.py:830} INFO - Processing file /opt/airflow/dags/ivory.py for tasks to queue
[2024-08-22T10:17:32.788+0000] {logging_mixin.py:188} INFO - [2024-08-22T10:17:32.787+0000] {dagbag.py:545} INFO - Filling up the DagBag from /opt/airflow/dags/ivory.py
[2024-08-22T10:17:32.827+0000] {processor.py:840} INFO - DAG(s) 'trino_query_dag_ivory' retrieved from /opt/airflow/dags/ivory.py
[2024-08-22T10:17:32.867+0000] {logging_mixin.py:188} INFO - [2024-08-22T10:17:32.866+0000] {dag.py:3089} INFO - Sync 1 DAGs
[2024-08-22T10:17:33.075+0000] {logging_mixin.py:188} INFO - [2024-08-22T10:17:33.075+0000] {dag.py:3947} INFO - Setting next_dagrun for trino_query_dag_ivory to 2024-08-22 00:00:00+00:00, run_after=2024-08-23 00:00:00+00:00
[2024-08-22T10:17:33.190+0000] {processor.py:183} INFO - Processing /opt/airflow/dags/ivory.py took 0.421 seconds
[2024-08-22T10:18:03.404+0000] {processor.py:161} INFO - Started process (PID=34262) to work on /opt/airflow/dags/ivory.py
[2024-08-22T10:18:03.406+0000] {processor.py:830} INFO - Processing file /opt/airflow/dags/ivory.py for tasks to queue
[2024-08-22T10:18:03.408+0000] {logging_mixin.py:188} INFO - [2024-08-22T10:18:03.407+0000] {dagbag.py:545} INFO - Filling up the DagBag from /opt/airflow/dags/ivory.py
[2024-08-22T10:18:03.435+0000] {processor.py:840} INFO - DAG(s) 'trino_query_dag_ivory' retrieved from /opt/airflow/dags/ivory.py
[2024-08-22T10:18:03.469+0000] {logging_mixin.py:188} INFO - [2024-08-22T10:18:03.468+0000] {dag.py:3089} INFO - Sync 1 DAGs
[2024-08-22T10:18:03.526+0000] {logging_mixin.py:188} INFO - [2024-08-22T10:18:03.526+0000] {dag.py:3947} INFO - Setting next_dagrun for trino_query_dag_ivory to 2024-08-22 00:00:00+00:00, run_after=2024-08-23 00:00:00+00:00
[2024-08-22T10:18:03.550+0000] {processor.py:183} INFO - Processing /opt/airflow/dags/ivory.py took 0.152 seconds
[2024-08-22T10:18:34.267+0000] {processor.py:161} INFO - Started process (PID=34277) to work on /opt/airflow/dags/ivory.py
[2024-08-22T10:18:34.268+0000] {processor.py:830} INFO - Processing file /opt/airflow/dags/ivory.py for tasks to queue
[2024-08-22T10:18:34.270+0000] {logging_mixin.py:188} INFO - [2024-08-22T10:18:34.269+0000] {dagbag.py:545} INFO - Filling up the DagBag from /opt/airflow/dags/ivory.py
[2024-08-22T10:18:34.303+0000] {processor.py:840} INFO - DAG(s) 'trino_query_dag_ivory' retrieved from /opt/airflow/dags/ivory.py
[2024-08-22T10:18:34.336+0000] {logging_mixin.py:188} INFO - [2024-08-22T10:18:34.335+0000] {dag.py:3089} INFO - Sync 1 DAGs
[2024-08-22T10:18:34.361+0000] {logging_mixin.py:188} INFO - [2024-08-22T10:18:34.361+0000] {dag.py:3947} INFO - Setting next_dagrun for trino_query_dag_ivory to 2024-08-22 00:00:00+00:00, run_after=2024-08-23 00:00:00+00:00
[2024-08-22T10:18:34.392+0000] {processor.py:183} INFO - Processing /opt/airflow/dags/ivory.py took 0.132 seconds
[2024-08-22T10:19:04.891+0000] {processor.py:161} INFO - Started process (PID=34292) to work on /opt/airflow/dags/ivory.py
[2024-08-22T10:19:04.907+0000] {processor.py:830} INFO - Processing file /opt/airflow/dags/ivory.py for tasks to queue
[2024-08-22T10:19:04.908+0000] {logging_mixin.py:188} INFO - [2024-08-22T10:19:04.908+0000] {dagbag.py:545} INFO - Filling up the DagBag from /opt/airflow/dags/ivory.py
[2024-08-22T10:19:04.935+0000] {processor.py:840} INFO - DAG(s) 'trino_query_dag_ivory' retrieved from /opt/airflow/dags/ivory.py
[2024-08-22T10:19:04.968+0000] {logging_mixin.py:188} INFO - [2024-08-22T10:19:04.968+0000] {dag.py:3089} INFO - Sync 1 DAGs
[2024-08-22T10:19:04.996+0000] {logging_mixin.py:188} INFO - [2024-08-22T10:19:04.996+0000] {dag.py:3947} INFO - Setting next_dagrun for trino_query_dag_ivory to 2024-08-22 00:00:00+00:00, run_after=2024-08-23 00:00:00+00:00
[2024-08-22T10:19:05.032+0000] {processor.py:183} INFO - Processing /opt/airflow/dags/ivory.py took 0.149 seconds
[2024-08-22T10:19:35.622+0000] {processor.py:161} INFO - Started process (PID=34307) to work on /opt/airflow/dags/ivory.py
[2024-08-22T10:19:35.624+0000] {processor.py:830} INFO - Processing file /opt/airflow/dags/ivory.py for tasks to queue
[2024-08-22T10:19:35.626+0000] {logging_mixin.py:188} INFO - [2024-08-22T10:19:35.625+0000] {dagbag.py:545} INFO - Filling up the DagBag from /opt/airflow/dags/ivory.py
[2024-08-22T10:19:35.657+0000] {processor.py:840} INFO - DAG(s) 'trino_query_dag_ivory' retrieved from /opt/airflow/dags/ivory.py
[2024-08-22T10:19:35.693+0000] {logging_mixin.py:188} INFO - [2024-08-22T10:19:35.693+0000] {dag.py:3089} INFO - Sync 1 DAGs
[2024-08-22T10:19:35.723+0000] {logging_mixin.py:188} INFO - [2024-08-22T10:19:35.723+0000] {dag.py:3947} INFO - Setting next_dagrun for trino_query_dag_ivory to 2024-08-22 00:00:00+00:00, run_after=2024-08-23 00:00:00+00:00
[2024-08-22T10:19:35.765+0000] {processor.py:183} INFO - Processing /opt/airflow/dags/ivory.py took 0.149 seconds
[2024-08-22T10:20:06.331+0000] {processor.py:161} INFO - Started process (PID=34322) to work on /opt/airflow/dags/ivory.py
[2024-08-22T10:20:06.333+0000] {processor.py:830} INFO - Processing file /opt/airflow/dags/ivory.py for tasks to queue
[2024-08-22T10:20:06.334+0000] {logging_mixin.py:188} INFO - [2024-08-22T10:20:06.334+0000] {dagbag.py:545} INFO - Filling up the DagBag from /opt/airflow/dags/ivory.py
[2024-08-22T10:20:06.365+0000] {processor.py:840} INFO - DAG(s) 'trino_query_dag_ivory' retrieved from /opt/airflow/dags/ivory.py
[2024-08-22T10:20:06.399+0000] {logging_mixin.py:188} INFO - [2024-08-22T10:20:06.398+0000] {dag.py:3089} INFO - Sync 1 DAGs
[2024-08-22T10:20:06.426+0000] {logging_mixin.py:188} INFO - [2024-08-22T10:20:06.426+0000] {dag.py:3947} INFO - Setting next_dagrun for trino_query_dag_ivory to 2024-08-22 00:00:00+00:00, run_after=2024-08-23 00:00:00+00:00
[2024-08-22T10:20:06.458+0000] {processor.py:183} INFO - Processing /opt/airflow/dags/ivory.py took 0.139 seconds
[2024-08-22T10:20:37.175+0000] {processor.py:161} INFO - Started process (PID=34337) to work on /opt/airflow/dags/ivory.py
[2024-08-22T10:20:37.176+0000] {processor.py:830} INFO - Processing file /opt/airflow/dags/ivory.py for tasks to queue
[2024-08-22T10:20:37.177+0000] {logging_mixin.py:188} INFO - [2024-08-22T10:20:37.177+0000] {dagbag.py:545} INFO - Filling up the DagBag from /opt/airflow/dags/ivory.py
[2024-08-22T10:20:37.209+0000] {processor.py:840} INFO - DAG(s) 'trino_query_dag_ivory' retrieved from /opt/airflow/dags/ivory.py
[2024-08-22T10:20:37.240+0000] {logging_mixin.py:188} INFO - [2024-08-22T10:20:37.240+0000] {dag.py:3089} INFO - Sync 1 DAGs
[2024-08-22T10:20:37.388+0000] {logging_mixin.py:188} INFO - [2024-08-22T10:20:37.387+0000] {dag.py:3947} INFO - Setting next_dagrun for trino_query_dag_ivory to 2024-08-22 00:00:00+00:00, run_after=2024-08-23 00:00:00+00:00
[2024-08-22T10:20:37.415+0000] {processor.py:183} INFO - Processing /opt/airflow/dags/ivory.py took 0.247 seconds
[2024-08-22T10:21:07.868+0000] {processor.py:161} INFO - Started process (PID=34352) to work on /opt/airflow/dags/ivory.py
[2024-08-22T10:21:07.869+0000] {processor.py:830} INFO - Processing file /opt/airflow/dags/ivory.py for tasks to queue
[2024-08-22T10:21:07.870+0000] {logging_mixin.py:188} INFO - [2024-08-22T10:21:07.870+0000] {dagbag.py:545} INFO - Filling up the DagBag from /opt/airflow/dags/ivory.py
[2024-08-22T10:21:07.899+0000] {processor.py:840} INFO - DAG(s) 'trino_query_dag_ivory' retrieved from /opt/airflow/dags/ivory.py
[2024-08-22T10:21:07.933+0000] {logging_mixin.py:188} INFO - [2024-08-22T10:21:07.932+0000] {dag.py:3089} INFO - Sync 1 DAGs
[2024-08-22T10:21:07.958+0000] {logging_mixin.py:188} INFO - [2024-08-22T10:21:07.958+0000] {dag.py:3947} INFO - Setting next_dagrun for trino_query_dag_ivory to 2024-08-22 00:00:00+00:00, run_after=2024-08-23 00:00:00+00:00
[2024-08-22T10:21:07.987+0000] {processor.py:183} INFO - Processing /opt/airflow/dags/ivory.py took 0.126 seconds
[2024-08-22T10:21:38.628+0000] {processor.py:161} INFO - Started process (PID=34367) to work on /opt/airflow/dags/ivory.py
[2024-08-22T10:21:38.630+0000] {processor.py:830} INFO - Processing file /opt/airflow/dags/ivory.py for tasks to queue
[2024-08-22T10:21:38.632+0000] {logging_mixin.py:188} INFO - [2024-08-22T10:21:38.631+0000] {dagbag.py:545} INFO - Filling up the DagBag from /opt/airflow/dags/ivory.py
[2024-08-22T10:21:38.664+0000] {processor.py:840} INFO - DAG(s) 'trino_query_dag_ivory' retrieved from /opt/airflow/dags/ivory.py
[2024-08-22T10:21:38.698+0000] {logging_mixin.py:188} INFO - [2024-08-22T10:21:38.697+0000] {dag.py:3089} INFO - Sync 1 DAGs
[2024-08-22T10:21:38.723+0000] {logging_mixin.py:188} INFO - [2024-08-22T10:21:38.723+0000] {dag.py:3947} INFO - Setting next_dagrun for trino_query_dag_ivory to 2024-08-22 00:00:00+00:00, run_after=2024-08-23 00:00:00+00:00
[2024-08-22T10:21:38.756+0000] {processor.py:183} INFO - Processing /opt/airflow/dags/ivory.py took 0.138 seconds
[2024-08-22T10:22:09.245+0000] {processor.py:161} INFO - Started process (PID=34382) to work on /opt/airflow/dags/ivory.py
[2024-08-22T10:22:09.246+0000] {processor.py:830} INFO - Processing file /opt/airflow/dags/ivory.py for tasks to queue
[2024-08-22T10:22:09.247+0000] {logging_mixin.py:188} INFO - [2024-08-22T10:22:09.247+0000] {dagbag.py:545} INFO - Filling up the DagBag from /opt/airflow/dags/ivory.py
[2024-08-22T10:22:09.276+0000] {processor.py:840} INFO - DAG(s) 'trino_query_dag_ivory' retrieved from /opt/airflow/dags/ivory.py
[2024-08-22T10:22:09.308+0000] {logging_mixin.py:188} INFO - [2024-08-22T10:22:09.307+0000] {dag.py:3089} INFO - Sync 1 DAGs
[2024-08-22T10:22:09.335+0000] {logging_mixin.py:188} INFO - [2024-08-22T10:22:09.335+0000] {dag.py:3947} INFO - Setting next_dagrun for trino_query_dag_ivory to 2024-08-22 00:00:00+00:00, run_after=2024-08-23 00:00:00+00:00
[2024-08-22T10:22:09.364+0000] {processor.py:183} INFO - Processing /opt/airflow/dags/ivory.py took 0.127 seconds
[2024-08-22T10:22:39.959+0000] {processor.py:161} INFO - Started process (PID=34397) to work on /opt/airflow/dags/ivory.py
[2024-08-22T10:22:39.960+0000] {processor.py:830} INFO - Processing file /opt/airflow/dags/ivory.py for tasks to queue
[2024-08-22T10:22:39.962+0000] {logging_mixin.py:188} INFO - [2024-08-22T10:22:39.961+0000] {dagbag.py:545} INFO - Filling up the DagBag from /opt/airflow/dags/ivory.py
[2024-08-22T10:22:39.991+0000] {processor.py:840} INFO - DAG(s) 'trino_query_dag_ivory' retrieved from /opt/airflow/dags/ivory.py
[2024-08-22T10:22:40.021+0000] {logging_mixin.py:188} INFO - [2024-08-22T10:22:40.020+0000] {dag.py:3089} INFO - Sync 1 DAGs
[2024-08-22T10:22:40.047+0000] {logging_mixin.py:188} INFO - [2024-08-22T10:22:40.046+0000] {dag.py:3947} INFO - Setting next_dagrun for trino_query_dag_ivory to 2024-08-22 00:00:00+00:00, run_after=2024-08-23 00:00:00+00:00
[2024-08-22T10:22:40.070+0000] {processor.py:183} INFO - Processing /opt/airflow/dags/ivory.py took 0.118 seconds
[2024-08-22T10:23:10.622+0000] {processor.py:161} INFO - Started process (PID=34412) to work on /opt/airflow/dags/ivory.py
[2024-08-22T10:23:10.623+0000] {processor.py:830} INFO - Processing file /opt/airflow/dags/ivory.py for tasks to queue
[2024-08-22T10:23:10.625+0000] {logging_mixin.py:188} INFO - [2024-08-22T10:23:10.624+0000] {dagbag.py:545} INFO - Filling up the DagBag from /opt/airflow/dags/ivory.py
[2024-08-22T10:23:10.659+0000] {processor.py:840} INFO - DAG(s) 'trino_query_dag_ivory' retrieved from /opt/airflow/dags/ivory.py
[2024-08-22T10:23:10.690+0000] {logging_mixin.py:188} INFO - [2024-08-22T10:23:10.689+0000] {dag.py:3089} INFO - Sync 1 DAGs
[2024-08-22T10:23:10.716+0000] {logging_mixin.py:188} INFO - [2024-08-22T10:23:10.716+0000] {dag.py:3947} INFO - Setting next_dagrun for trino_query_dag_ivory to 2024-08-22 00:00:00+00:00, run_after=2024-08-23 00:00:00+00:00
[2024-08-22T10:23:10.871+0000] {processor.py:183} INFO - Processing /opt/airflow/dags/ivory.py took 0.255 seconds
[2024-08-22T10:23:41.422+0000] {processor.py:161} INFO - Started process (PID=34427) to work on /opt/airflow/dags/ivory.py
[2024-08-22T10:23:41.423+0000] {processor.py:830} INFO - Processing file /opt/airflow/dags/ivory.py for tasks to queue
[2024-08-22T10:23:41.425+0000] {logging_mixin.py:188} INFO - [2024-08-22T10:23:41.424+0000] {dagbag.py:545} INFO - Filling up the DagBag from /opt/airflow/dags/ivory.py
[2024-08-22T10:23:41.454+0000] {processor.py:840} INFO - DAG(s) 'trino_query_dag_ivory' retrieved from /opt/airflow/dags/ivory.py
[2024-08-22T10:23:41.485+0000] {logging_mixin.py:188} INFO - [2024-08-22T10:23:41.485+0000] {dag.py:3089} INFO - Sync 1 DAGs
[2024-08-22T10:23:41.635+0000] {logging_mixin.py:188} INFO - [2024-08-22T10:23:41.635+0000] {dag.py:3947} INFO - Setting next_dagrun for trino_query_dag_ivory to 2024-08-22 00:00:00+00:00, run_after=2024-08-23 00:00:00+00:00
[2024-08-22T10:23:41.660+0000] {processor.py:183} INFO - Processing /opt/airflow/dags/ivory.py took 0.247 seconds
[2024-08-22T10:24:12.257+0000] {processor.py:161} INFO - Started process (PID=34442) to work on /opt/airflow/dags/ivory.py
[2024-08-22T10:24:12.259+0000] {processor.py:830} INFO - Processing file /opt/airflow/dags/ivory.py for tasks to queue
[2024-08-22T10:24:12.260+0000] {logging_mixin.py:188} INFO - [2024-08-22T10:24:12.260+0000] {dagbag.py:545} INFO - Filling up the DagBag from /opt/airflow/dags/ivory.py
[2024-08-22T10:24:12.290+0000] {processor.py:840} INFO - DAG(s) 'trino_query_dag_ivory' retrieved from /opt/airflow/dags/ivory.py
[2024-08-22T10:24:12.321+0000] {logging_mixin.py:188} INFO - [2024-08-22T10:24:12.321+0000] {dag.py:3089} INFO - Sync 1 DAGs
[2024-08-22T10:24:12.363+0000] {logging_mixin.py:188} INFO - [2024-08-22T10:24:12.363+0000] {dag.py:3947} INFO - Setting next_dagrun for trino_query_dag_ivory to 2024-08-22 00:00:00+00:00, run_after=2024-08-23 00:00:00+00:00
[2024-08-22T10:24:12.400+0000] {processor.py:183} INFO - Processing /opt/airflow/dags/ivory.py took 0.150 seconds
[2024-08-22T10:24:43.054+0000] {processor.py:161} INFO - Started process (PID=34457) to work on /opt/airflow/dags/ivory.py
[2024-08-22T10:24:43.056+0000] {processor.py:830} INFO - Processing file /opt/airflow/dags/ivory.py for tasks to queue
[2024-08-22T10:24:43.057+0000] {logging_mixin.py:188} INFO - [2024-08-22T10:24:43.057+0000] {dagbag.py:545} INFO - Filling up the DagBag from /opt/airflow/dags/ivory.py
[2024-08-22T10:24:43.090+0000] {processor.py:840} INFO - DAG(s) 'trino_query_dag_ivory' retrieved from /opt/airflow/dags/ivory.py
[2024-08-22T10:24:43.122+0000] {logging_mixin.py:188} INFO - [2024-08-22T10:24:43.122+0000] {dag.py:3089} INFO - Sync 1 DAGs
[2024-08-22T10:24:43.147+0000] {logging_mixin.py:188} INFO - [2024-08-22T10:24:43.147+0000] {dag.py:3947} INFO - Setting next_dagrun for trino_query_dag_ivory to 2024-08-22 00:00:00+00:00, run_after=2024-08-23 00:00:00+00:00
[2024-08-22T10:24:43.198+0000] {processor.py:183} INFO - Processing /opt/airflow/dags/ivory.py took 0.151 seconds
[2024-08-22T10:25:13.765+0000] {processor.py:161} INFO - Started process (PID=34472) to work on /opt/airflow/dags/ivory.py
[2024-08-22T10:25:13.766+0000] {processor.py:830} INFO - Processing file /opt/airflow/dags/ivory.py for tasks to queue
[2024-08-22T10:25:13.768+0000] {logging_mixin.py:188} INFO - [2024-08-22T10:25:13.767+0000] {dagbag.py:545} INFO - Filling up the DagBag from /opt/airflow/dags/ivory.py
[2024-08-22T10:25:13.798+0000] {processor.py:840} INFO - DAG(s) 'trino_query_dag_ivory' retrieved from /opt/airflow/dags/ivory.py
[2024-08-22T10:25:13.830+0000] {logging_mixin.py:188} INFO - [2024-08-22T10:25:13.829+0000] {dag.py:3089} INFO - Sync 1 DAGs
[2024-08-22T10:25:13.854+0000] {logging_mixin.py:188} INFO - [2024-08-22T10:25:13.854+0000] {dag.py:3947} INFO - Setting next_dagrun for trino_query_dag_ivory to 2024-08-22 00:00:00+00:00, run_after=2024-08-23 00:00:00+00:00
[2024-08-22T10:25:13.879+0000] {processor.py:183} INFO - Processing /opt/airflow/dags/ivory.py took 0.121 seconds
[2024-08-22T10:25:44.467+0000] {processor.py:161} INFO - Started process (PID=34487) to work on /opt/airflow/dags/ivory.py
[2024-08-22T10:25:44.469+0000] {processor.py:830} INFO - Processing file /opt/airflow/dags/ivory.py for tasks to queue
[2024-08-22T10:25:44.470+0000] {logging_mixin.py:188} INFO - [2024-08-22T10:25:44.470+0000] {dagbag.py:545} INFO - Filling up the DagBag from /opt/airflow/dags/ivory.py
[2024-08-22T10:25:44.499+0000] {processor.py:840} INFO - DAG(s) 'trino_query_dag_ivory' retrieved from /opt/airflow/dags/ivory.py
[2024-08-22T10:25:44.532+0000] {logging_mixin.py:188} INFO - [2024-08-22T10:25:44.532+0000] {dag.py:3089} INFO - Sync 1 DAGs
[2024-08-22T10:25:44.559+0000] {logging_mixin.py:188} INFO - [2024-08-22T10:25:44.559+0000] {dag.py:3947} INFO - Setting next_dagrun for trino_query_dag_ivory to 2024-08-22 00:00:00+00:00, run_after=2024-08-23 00:00:00+00:00
[2024-08-22T10:25:44.588+0000] {processor.py:183} INFO - Processing /opt/airflow/dags/ivory.py took 0.127 seconds
[2024-08-22T10:26:15.243+0000] {processor.py:161} INFO - Started process (PID=34502) to work on /opt/airflow/dags/ivory.py
[2024-08-22T10:26:15.244+0000] {processor.py:830} INFO - Processing file /opt/airflow/dags/ivory.py for tasks to queue
[2024-08-22T10:26:15.246+0000] {logging_mixin.py:188} INFO - [2024-08-22T10:26:15.245+0000] {dagbag.py:545} INFO - Filling up the DagBag from /opt/airflow/dags/ivory.py
[2024-08-22T10:26:15.279+0000] {processor.py:840} INFO - DAG(s) 'trino_query_dag_ivory' retrieved from /opt/airflow/dags/ivory.py
[2024-08-22T10:26:15.316+0000] {logging_mixin.py:188} INFO - [2024-08-22T10:26:15.316+0000] {dag.py:3089} INFO - Sync 1 DAGs
[2024-08-22T10:26:15.343+0000] {logging_mixin.py:188} INFO - [2024-08-22T10:26:15.343+0000] {dag.py:3947} INFO - Setting next_dagrun for trino_query_dag_ivory to 2024-08-22 00:00:00+00:00, run_after=2024-08-23 00:00:00+00:00
[2024-08-22T10:26:15.493+0000] {processor.py:183} INFO - Processing /opt/airflow/dags/ivory.py took 0.257 seconds
[2024-08-22T10:26:46.081+0000] {processor.py:161} INFO - Started process (PID=34517) to work on /opt/airflow/dags/ivory.py
[2024-08-22T10:26:46.083+0000] {processor.py:830} INFO - Processing file /opt/airflow/dags/ivory.py for tasks to queue
[2024-08-22T10:26:46.084+0000] {logging_mixin.py:188} INFO - [2024-08-22T10:26:46.084+0000] {dagbag.py:545} INFO - Filling up the DagBag from /opt/airflow/dags/ivory.py
[2024-08-22T10:26:46.113+0000] {processor.py:840} INFO - DAG(s) 'trino_query_dag_ivory' retrieved from /opt/airflow/dags/ivory.py
[2024-08-22T10:26:46.144+0000] {logging_mixin.py:188} INFO - [2024-08-22T10:26:46.144+0000] {dag.py:3089} INFO - Sync 1 DAGs
[2024-08-22T10:26:46.299+0000] {logging_mixin.py:188} INFO - [2024-08-22T10:26:46.299+0000] {dag.py:3947} INFO - Setting next_dagrun for trino_query_dag_ivory to 2024-08-22 00:00:00+00:00, run_after=2024-08-23 00:00:00+00:00
[2024-08-22T10:26:46.321+0000] {processor.py:183} INFO - Processing /opt/airflow/dags/ivory.py took 0.248 seconds
[2024-08-22T10:27:16.969+0000] {processor.py:161} INFO - Started process (PID=34532) to work on /opt/airflow/dags/ivory.py
[2024-08-22T10:27:16.971+0000] {processor.py:830} INFO - Processing file /opt/airflow/dags/ivory.py for tasks to queue
[2024-08-22T10:27:16.973+0000] {logging_mixin.py:188} INFO - [2024-08-22T10:27:16.973+0000] {dagbag.py:545} INFO - Filling up the DagBag from /opt/airflow/dags/ivory.py
[2024-08-22T10:27:17.003+0000] {processor.py:840} INFO - DAG(s) 'trino_query_dag_ivory' retrieved from /opt/airflow/dags/ivory.py
[2024-08-22T10:27:17.035+0000] {logging_mixin.py:188} INFO - [2024-08-22T10:27:17.035+0000] {dag.py:3089} INFO - Sync 1 DAGs
[2024-08-22T10:27:17.062+0000] {logging_mixin.py:188} INFO - [2024-08-22T10:27:17.062+0000] {dag.py:3947} INFO - Setting next_dagrun for trino_query_dag_ivory to 2024-08-22 00:00:00+00:00, run_after=2024-08-23 00:00:00+00:00
[2024-08-22T10:27:17.085+0000] {processor.py:183} INFO - Processing /opt/airflow/dags/ivory.py took 0.122 seconds
[2024-08-22T10:27:47.611+0000] {processor.py:161} INFO - Started process (PID=34547) to work on /opt/airflow/dags/ivory.py
[2024-08-22T10:27:47.612+0000] {processor.py:830} INFO - Processing file /opt/airflow/dags/ivory.py for tasks to queue
[2024-08-22T10:27:47.614+0000] {logging_mixin.py:188} INFO - [2024-08-22T10:27:47.613+0000] {dagbag.py:545} INFO - Filling up the DagBag from /opt/airflow/dags/ivory.py
[2024-08-22T10:27:47.645+0000] {processor.py:840} INFO - DAG(s) 'trino_query_dag_ivory' retrieved from /opt/airflow/dags/ivory.py
[2024-08-22T10:27:47.674+0000] {logging_mixin.py:188} INFO - [2024-08-22T10:27:47.674+0000] {dag.py:3089} INFO - Sync 1 DAGs
[2024-08-22T10:27:47.704+0000] {logging_mixin.py:188} INFO - [2024-08-22T10:27:47.704+0000] {dag.py:3947} INFO - Setting next_dagrun for trino_query_dag_ivory to 2024-08-22 00:00:00+00:00, run_after=2024-08-23 00:00:00+00:00
[2024-08-22T10:27:47.729+0000] {processor.py:183} INFO - Processing /opt/airflow/dags/ivory.py took 0.124 seconds
[2024-08-22T10:28:18.277+0000] {processor.py:161} INFO - Started process (PID=34562) to work on /opt/airflow/dags/ivory.py
[2024-08-22T10:28:18.279+0000] {processor.py:830} INFO - Processing file /opt/airflow/dags/ivory.py for tasks to queue
[2024-08-22T10:28:18.280+0000] {logging_mixin.py:188} INFO - [2024-08-22T10:28:18.280+0000] {dagbag.py:545} INFO - Filling up the DagBag from /opt/airflow/dags/ivory.py
[2024-08-22T10:28:18.312+0000] {processor.py:840} INFO - DAG(s) 'trino_query_dag_ivory' retrieved from /opt/airflow/dags/ivory.py
[2024-08-22T10:28:18.344+0000] {logging_mixin.py:188} INFO - [2024-08-22T10:28:18.344+0000] {dag.py:3089} INFO - Sync 1 DAGs
[2024-08-22T10:28:18.369+0000] {logging_mixin.py:188} INFO - [2024-08-22T10:28:18.369+0000] {dag.py:3947} INFO - Setting next_dagrun for trino_query_dag_ivory to 2024-08-22 00:00:00+00:00, run_after=2024-08-23 00:00:00+00:00
[2024-08-22T10:28:18.391+0000] {processor.py:183} INFO - Processing /opt/airflow/dags/ivory.py took 0.120 seconds
[2024-08-22T10:28:48.910+0000] {processor.py:161} INFO - Started process (PID=34577) to work on /opt/airflow/dags/ivory.py
[2024-08-22T10:28:48.912+0000] {processor.py:830} INFO - Processing file /opt/airflow/dags/ivory.py for tasks to queue
[2024-08-22T10:28:48.913+0000] {logging_mixin.py:188} INFO - [2024-08-22T10:28:48.913+0000] {dagbag.py:545} INFO - Filling up the DagBag from /opt/airflow/dags/ivory.py
[2024-08-22T10:28:48.941+0000] {processor.py:840} INFO - DAG(s) 'trino_query_dag_ivory' retrieved from /opt/airflow/dags/ivory.py
[2024-08-22T10:28:48.973+0000] {logging_mixin.py:188} INFO - [2024-08-22T10:28:48.973+0000] {dag.py:3089} INFO - Sync 1 DAGs
[2024-08-22T10:28:48.998+0000] {logging_mixin.py:188} INFO - [2024-08-22T10:28:48.998+0000] {dag.py:3947} INFO - Setting next_dagrun for trino_query_dag_ivory to 2024-08-22 00:00:00+00:00, run_after=2024-08-23 00:00:00+00:00
[2024-08-22T10:28:49.031+0000] {processor.py:183} INFO - Processing /opt/airflow/dags/ivory.py took 0.129 seconds
[2024-08-22T10:29:19.727+0000] {processor.py:161} INFO - Started process (PID=34592) to work on /opt/airflow/dags/ivory.py
[2024-08-22T10:29:19.729+0000] {processor.py:830} INFO - Processing file /opt/airflow/dags/ivory.py for tasks to queue
[2024-08-22T10:29:19.731+0000] {logging_mixin.py:188} INFO - [2024-08-22T10:29:19.731+0000] {dagbag.py:545} INFO - Filling up the DagBag from /opt/airflow/dags/ivory.py
[2024-08-22T10:29:19.759+0000] {processor.py:840} INFO - DAG(s) 'trino_query_dag_ivory' retrieved from /opt/airflow/dags/ivory.py
[2024-08-22T10:29:19.790+0000] {logging_mixin.py:188} INFO - [2024-08-22T10:29:19.789+0000] {dag.py:3089} INFO - Sync 1 DAGs
[2024-08-22T10:29:19.941+0000] {logging_mixin.py:188} INFO - [2024-08-22T10:29:19.941+0000] {dag.py:3947} INFO - Setting next_dagrun for trino_query_dag_ivory to 2024-08-22 00:00:00+00:00, run_after=2024-08-23 00:00:00+00:00
[2024-08-22T10:29:19.975+0000] {processor.py:183} INFO - Processing /opt/airflow/dags/ivory.py took 0.261 seconds
[2024-08-22T10:29:50.610+0000] {processor.py:161} INFO - Started process (PID=34607) to work on /opt/airflow/dags/ivory.py
[2024-08-22T10:29:50.612+0000] {processor.py:830} INFO - Processing file /opt/airflow/dags/ivory.py for tasks to queue
[2024-08-22T10:29:50.613+0000] {logging_mixin.py:188} INFO - [2024-08-22T10:29:50.612+0000] {dagbag.py:545} INFO - Filling up the DagBag from /opt/airflow/dags/ivory.py
[2024-08-22T10:29:50.654+0000] {processor.py:840} INFO - DAG(s) 'trino_query_dag_ivory' retrieved from /opt/airflow/dags/ivory.py
[2024-08-22T10:29:50.744+0000] {logging_mixin.py:188} INFO - [2024-08-22T10:29:50.744+0000] {dag.py:3089} INFO - Sync 1 DAGs
[2024-08-22T10:29:50.902+0000] {logging_mixin.py:188} INFO - [2024-08-22T10:29:50.901+0000] {dag.py:3947} INFO - Setting next_dagrun for trino_query_dag_ivory to 2024-08-22 00:00:00+00:00, run_after=2024-08-23 00:00:00+00:00
[2024-08-22T10:29:50.935+0000] {processor.py:183} INFO - Processing /opt/airflow/dags/ivory.py took 0.332 seconds
[2024-08-22T10:30:21.533+0000] {processor.py:161} INFO - Started process (PID=34622) to work on /opt/airflow/dags/ivory.py
[2024-08-22T10:30:21.535+0000] {processor.py:830} INFO - Processing file /opt/airflow/dags/ivory.py for tasks to queue
[2024-08-22T10:30:21.536+0000] {logging_mixin.py:188} INFO - [2024-08-22T10:30:21.535+0000] {dagbag.py:545} INFO - Filling up the DagBag from /opt/airflow/dags/ivory.py
[2024-08-22T10:30:21.568+0000] {processor.py:840} INFO - DAG(s) 'trino_query_dag_ivory' retrieved from /opt/airflow/dags/ivory.py
[2024-08-22T10:30:21.599+0000] {logging_mixin.py:188} INFO - [2024-08-22T10:30:21.599+0000] {dag.py:3089} INFO - Sync 1 DAGs
[2024-08-22T10:30:21.624+0000] {logging_mixin.py:188} INFO - [2024-08-22T10:30:21.623+0000] {dag.py:3947} INFO - Setting next_dagrun for trino_query_dag_ivory to 2024-08-22 00:00:00+00:00, run_after=2024-08-23 00:00:00+00:00
[2024-08-22T10:30:21.650+0000] {processor.py:183} INFO - Processing /opt/airflow/dags/ivory.py took 0.123 seconds
[2024-08-22T10:30:52.202+0000] {processor.py:161} INFO - Started process (PID=34637) to work on /opt/airflow/dags/ivory.py
[2024-08-22T10:30:52.204+0000] {processor.py:830} INFO - Processing file /opt/airflow/dags/ivory.py for tasks to queue
[2024-08-22T10:30:52.205+0000] {logging_mixin.py:188} INFO - [2024-08-22T10:30:52.205+0000] {dagbag.py:545} INFO - Filling up the DagBag from /opt/airflow/dags/ivory.py
[2024-08-22T10:30:52.239+0000] {processor.py:840} INFO - DAG(s) 'trino_query_dag_ivory' retrieved from /opt/airflow/dags/ivory.py
[2024-08-22T10:30:52.273+0000] {logging_mixin.py:188} INFO - [2024-08-22T10:30:52.272+0000] {dag.py:3089} INFO - Sync 1 DAGs
[2024-08-22T10:30:52.298+0000] {logging_mixin.py:188} INFO - [2024-08-22T10:30:52.298+0000] {dag.py:3947} INFO - Setting next_dagrun for trino_query_dag_ivory to 2024-08-22 00:00:00+00:00, run_after=2024-08-23 00:00:00+00:00
[2024-08-22T10:30:52.331+0000] {processor.py:183} INFO - Processing /opt/airflow/dags/ivory.py took 0.137 seconds
[2024-08-22T10:31:22.920+0000] {processor.py:161} INFO - Started process (PID=34652) to work on /opt/airflow/dags/ivory.py
[2024-08-22T10:31:22.921+0000] {processor.py:830} INFO - Processing file /opt/airflow/dags/ivory.py for tasks to queue
[2024-08-22T10:31:22.923+0000] {logging_mixin.py:188} INFO - [2024-08-22T10:31:22.922+0000] {dagbag.py:545} INFO - Filling up the DagBag from /opt/airflow/dags/ivory.py
[2024-08-22T10:31:22.954+0000] {processor.py:840} INFO - DAG(s) 'trino_query_dag_ivory' retrieved from /opt/airflow/dags/ivory.py
[2024-08-22T10:31:22.986+0000] {logging_mixin.py:188} INFO - [2024-08-22T10:31:22.986+0000] {dag.py:3089} INFO - Sync 1 DAGs
[2024-08-22T10:31:23.014+0000] {logging_mixin.py:188} INFO - [2024-08-22T10:31:23.013+0000] {dag.py:3947} INFO - Setting next_dagrun for trino_query_dag_ivory to 2024-08-22 00:00:00+00:00, run_after=2024-08-23 00:00:00+00:00
[2024-08-22T10:31:23.044+0000] {processor.py:183} INFO - Processing /opt/airflow/dags/ivory.py took 0.130 seconds
[2024-08-22T10:31:53.521+0000] {processor.py:161} INFO - Started process (PID=34667) to work on /opt/airflow/dags/ivory.py
[2024-08-22T10:31:53.522+0000] {processor.py:830} INFO - Processing file /opt/airflow/dags/ivory.py for tasks to queue
[2024-08-22T10:31:53.523+0000] {logging_mixin.py:188} INFO - [2024-08-22T10:31:53.523+0000] {dagbag.py:545} INFO - Filling up the DagBag from /opt/airflow/dags/ivory.py
[2024-08-22T10:31:53.558+0000] {processor.py:840} INFO - DAG(s) 'trino_query_dag_ivory' retrieved from /opt/airflow/dags/ivory.py
[2024-08-22T10:31:53.591+0000] {logging_mixin.py:188} INFO - [2024-08-22T10:31:53.590+0000] {dag.py:3089} INFO - Sync 1 DAGs
[2024-08-22T10:31:53.619+0000] {logging_mixin.py:188} INFO - [2024-08-22T10:31:53.618+0000] {dag.py:3947} INFO - Setting next_dagrun for trino_query_dag_ivory to 2024-08-22 00:00:00+00:00, run_after=2024-08-23 00:00:00+00:00
[2024-08-22T10:31:53.787+0000] {processor.py:183} INFO - Processing /opt/airflow/dags/ivory.py took 0.273 seconds
[2024-08-22T10:32:24.445+0000] {processor.py:161} INFO - Started process (PID=34682) to work on /opt/airflow/dags/ivory.py
[2024-08-22T10:32:24.446+0000] {processor.py:830} INFO - Processing file /opt/airflow/dags/ivory.py for tasks to queue
[2024-08-22T10:32:24.448+0000] {logging_mixin.py:188} INFO - [2024-08-22T10:32:24.447+0000] {dagbag.py:545} INFO - Filling up the DagBag from /opt/airflow/dags/ivory.py
[2024-08-22T10:32:24.482+0000] {processor.py:840} INFO - DAG(s) 'trino_query_dag_ivory' retrieved from /opt/airflow/dags/ivory.py
[2024-08-22T10:32:24.515+0000] {logging_mixin.py:188} INFO - [2024-08-22T10:32:24.515+0000] {dag.py:3089} INFO - Sync 1 DAGs
[2024-08-22T10:32:24.666+0000] {logging_mixin.py:188} INFO - [2024-08-22T10:32:24.666+0000] {dag.py:3947} INFO - Setting next_dagrun for trino_query_dag_ivory to 2024-08-22 00:00:00+00:00, run_after=2024-08-23 00:00:00+00:00
[2024-08-22T10:32:24.690+0000] {processor.py:183} INFO - Processing /opt/airflow/dags/ivory.py took 0.253 seconds
[2024-08-22T10:32:55.343+0000] {processor.py:161} INFO - Started process (PID=34697) to work on /opt/airflow/dags/ivory.py
[2024-08-22T10:32:55.344+0000] {processor.py:830} INFO - Processing file /opt/airflow/dags/ivory.py for tasks to queue
[2024-08-22T10:32:55.345+0000] {logging_mixin.py:188} INFO - [2024-08-22T10:32:55.345+0000] {dagbag.py:545} INFO - Filling up the DagBag from /opt/airflow/dags/ivory.py
[2024-08-22T10:32:55.377+0000] {processor.py:840} INFO - DAG(s) 'trino_query_dag_ivory' retrieved from /opt/airflow/dags/ivory.py
[2024-08-22T10:32:55.409+0000] {logging_mixin.py:188} INFO - [2024-08-22T10:32:55.409+0000] {dag.py:3089} INFO - Sync 1 DAGs
[2024-08-22T10:32:55.553+0000] {logging_mixin.py:188} INFO - [2024-08-22T10:32:55.553+0000] {dag.py:3947} INFO - Setting next_dagrun for trino_query_dag_ivory to 2024-08-22 00:00:00+00:00, run_after=2024-08-23 00:00:00+00:00
[2024-08-22T10:32:55.587+0000] {processor.py:183} INFO - Processing /opt/airflow/dags/ivory.py took 0.251 seconds
[2024-08-22T10:33:26.322+0000] {processor.py:161} INFO - Started process (PID=34712) to work on /opt/airflow/dags/ivory.py
[2024-08-22T10:33:26.324+0000] {processor.py:830} INFO - Processing file /opt/airflow/dags/ivory.py for tasks to queue
[2024-08-22T10:33:26.325+0000] {logging_mixin.py:188} INFO - [2024-08-22T10:33:26.325+0000] {dagbag.py:545} INFO - Filling up the DagBag from /opt/airflow/dags/ivory.py
[2024-08-22T10:33:26.359+0000] {processor.py:840} INFO - DAG(s) 'trino_query_dag_ivory' retrieved from /opt/airflow/dags/ivory.py
[2024-08-22T10:33:26.390+0000] {logging_mixin.py:188} INFO - [2024-08-22T10:33:26.390+0000] {dag.py:3089} INFO - Sync 1 DAGs
[2024-08-22T10:33:26.417+0000] {logging_mixin.py:188} INFO - [2024-08-22T10:33:26.417+0000] {dag.py:3947} INFO - Setting next_dagrun for trino_query_dag_ivory to 2024-08-22 00:00:00+00:00, run_after=2024-08-23 00:00:00+00:00
[2024-08-22T10:33:26.460+0000] {processor.py:183} INFO - Processing /opt/airflow/dags/ivory.py took 0.148 seconds
[2024-08-22T10:33:57.022+0000] {processor.py:161} INFO - Started process (PID=34727) to work on /opt/airflow/dags/ivory.py
[2024-08-22T10:33:57.023+0000] {processor.py:830} INFO - Processing file /opt/airflow/dags/ivory.py for tasks to queue
[2024-08-22T10:33:57.026+0000] {logging_mixin.py:188} INFO - [2024-08-22T10:33:57.025+0000] {dagbag.py:545} INFO - Filling up the DagBag from /opt/airflow/dags/ivory.py
[2024-08-22T10:33:57.056+0000] {processor.py:840} INFO - DAG(s) 'trino_query_dag_ivory' retrieved from /opt/airflow/dags/ivory.py
[2024-08-22T10:33:57.087+0000] {logging_mixin.py:188} INFO - [2024-08-22T10:33:57.086+0000] {dag.py:3089} INFO - Sync 1 DAGs
[2024-08-22T10:33:57.114+0000] {logging_mixin.py:188} INFO - [2024-08-22T10:33:57.114+0000] {dag.py:3947} INFO - Setting next_dagrun for trino_query_dag_ivory to 2024-08-22 00:00:00+00:00, run_after=2024-08-23 00:00:00+00:00
[2024-08-22T10:33:57.149+0000] {processor.py:183} INFO - Processing /opt/airflow/dags/ivory.py took 0.134 seconds
[2024-08-22T10:34:27.743+0000] {processor.py:161} INFO - Started process (PID=34742) to work on /opt/airflow/dags/ivory.py
[2024-08-22T10:34:27.743+0000] {processor.py:830} INFO - Processing file /opt/airflow/dags/ivory.py for tasks to queue
[2024-08-22T10:34:27.744+0000] {logging_mixin.py:188} INFO - [2024-08-22T10:34:27.743+0000] {dagbag.py:545} INFO - Filling up the DagBag from /opt/airflow/dags/ivory.py
[2024-08-22T10:34:27.781+0000] {processor.py:840} INFO - DAG(s) 'trino_query_dag_ivory' retrieved from /opt/airflow/dags/ivory.py
[2024-08-22T10:34:27.816+0000] {logging_mixin.py:188} INFO - [2024-08-22T10:34:27.816+0000] {dag.py:3089} INFO - Sync 1 DAGs
[2024-08-22T10:34:27.846+0000] {logging_mixin.py:188} INFO - [2024-08-22T10:34:27.845+0000] {dag.py:3947} INFO - Setting next_dagrun for trino_query_dag_ivory to 2024-08-22 00:00:00+00:00, run_after=2024-08-23 00:00:00+00:00
[2024-08-22T10:34:27.881+0000] {processor.py:183} INFO - Processing /opt/airflow/dags/ivory.py took 0.147 seconds
[2024-08-22T10:34:58.383+0000] {processor.py:161} INFO - Started process (PID=34757) to work on /opt/airflow/dags/ivory.py
[2024-08-22T10:34:58.384+0000] {processor.py:830} INFO - Processing file /opt/airflow/dags/ivory.py for tasks to queue
[2024-08-22T10:34:58.385+0000] {logging_mixin.py:188} INFO - [2024-08-22T10:34:58.385+0000] {dagbag.py:545} INFO - Filling up the DagBag from /opt/airflow/dags/ivory.py
[2024-08-22T10:34:58.412+0000] {processor.py:840} INFO - DAG(s) 'trino_query_dag_ivory' retrieved from /opt/airflow/dags/ivory.py
[2024-08-22T10:34:58.448+0000] {logging_mixin.py:188} INFO - [2024-08-22T10:34:58.448+0000] {dag.py:3089} INFO - Sync 1 DAGs
[2024-08-22T10:34:58.482+0000] {logging_mixin.py:188} INFO - [2024-08-22T10:34:58.481+0000] {dag.py:3947} INFO - Setting next_dagrun for trino_query_dag_ivory to 2024-08-22 00:00:00+00:00, run_after=2024-08-23 00:00:00+00:00
[2024-08-22T10:34:58.652+0000] {processor.py:183} INFO - Processing /opt/airflow/dags/ivory.py took 0.277 seconds
[2024-08-22T10:35:29.322+0000] {processor.py:161} INFO - Started process (PID=34772) to work on /opt/airflow/dags/ivory.py
[2024-08-22T10:35:29.323+0000] {processor.py:830} INFO - Processing file /opt/airflow/dags/ivory.py for tasks to queue
[2024-08-22T10:35:29.325+0000] {logging_mixin.py:188} INFO - [2024-08-22T10:35:29.324+0000] {dagbag.py:545} INFO - Filling up the DagBag from /opt/airflow/dags/ivory.py
[2024-08-22T10:35:29.359+0000] {processor.py:840} INFO - DAG(s) 'trino_query_dag_ivory' retrieved from /opt/airflow/dags/ivory.py
[2024-08-22T10:35:29.396+0000] {logging_mixin.py:188} INFO - [2024-08-22T10:35:29.395+0000] {dag.py:3089} INFO - Sync 1 DAGs
[2024-08-22T10:35:29.555+0000] {logging_mixin.py:188} INFO - [2024-08-22T10:35:29.555+0000] {dag.py:3947} INFO - Setting next_dagrun for trino_query_dag_ivory to 2024-08-22 00:00:00+00:00, run_after=2024-08-23 00:00:00+00:00
[2024-08-22T10:35:29.575+0000] {processor.py:183} INFO - Processing /opt/airflow/dags/ivory.py took 0.261 seconds
[2024-08-22T10:36:00.217+0000] {processor.py:161} INFO - Started process (PID=34787) to work on /opt/airflow/dags/ivory.py
[2024-08-22T10:36:00.218+0000] {processor.py:830} INFO - Processing file /opt/airflow/dags/ivory.py for tasks to queue
[2024-08-22T10:36:00.219+0000] {logging_mixin.py:188} INFO - [2024-08-22T10:36:00.219+0000] {dagbag.py:545} INFO - Filling up the DagBag from /opt/airflow/dags/ivory.py
[2024-08-22T10:36:00.254+0000] {processor.py:840} INFO - DAG(s) 'trino_query_dag_ivory' retrieved from /opt/airflow/dags/ivory.py
[2024-08-22T10:36:00.291+0000] {logging_mixin.py:188} INFO - [2024-08-22T10:36:00.291+0000] {dag.py:3089} INFO - Sync 1 DAGs
[2024-08-22T10:36:00.322+0000] {logging_mixin.py:188} INFO - [2024-08-22T10:36:00.321+0000] {dag.py:3947} INFO - Setting next_dagrun for trino_query_dag_ivory to 2024-08-22 00:00:00+00:00, run_after=2024-08-23 00:00:00+00:00
[2024-08-22T10:36:00.347+0000] {processor.py:183} INFO - Processing /opt/airflow/dags/ivory.py took 0.137 seconds
[2024-08-22T10:36:30.960+0000] {processor.py:161} INFO - Started process (PID=34802) to work on /opt/airflow/dags/ivory.py
[2024-08-22T10:36:30.961+0000] {processor.py:830} INFO - Processing file /opt/airflow/dags/ivory.py for tasks to queue
[2024-08-22T10:36:30.963+0000] {logging_mixin.py:188} INFO - [2024-08-22T10:36:30.962+0000] {dagbag.py:545} INFO - Filling up the DagBag from /opt/airflow/dags/ivory.py
[2024-08-22T10:36:30.994+0000] {processor.py:840} INFO - DAG(s) 'trino_query_dag_ivory' retrieved from /opt/airflow/dags/ivory.py
[2024-08-22T10:36:31.025+0000] {logging_mixin.py:188} INFO - [2024-08-22T10:36:31.025+0000] {dag.py:3089} INFO - Sync 1 DAGs
[2024-08-22T10:36:31.054+0000] {logging_mixin.py:188} INFO - [2024-08-22T10:36:31.054+0000] {dag.py:3947} INFO - Setting next_dagrun for trino_query_dag_ivory to 2024-08-22 00:00:00+00:00, run_after=2024-08-23 00:00:00+00:00
[2024-08-22T10:36:31.081+0000] {processor.py:183} INFO - Processing /opt/airflow/dags/ivory.py took 0.133 seconds
[2024-08-22T10:37:01.722+0000] {processor.py:161} INFO - Started process (PID=34817) to work on /opt/airflow/dags/ivory.py
[2024-08-22T10:37:01.723+0000] {processor.py:830} INFO - Processing file /opt/airflow/dags/ivory.py for tasks to queue
[2024-08-22T10:37:01.724+0000] {logging_mixin.py:188} INFO - [2024-08-22T10:37:01.724+0000] {dagbag.py:545} INFO - Filling up the DagBag from /opt/airflow/dags/ivory.py
[2024-08-22T10:37:01.756+0000] {processor.py:840} INFO - DAG(s) 'trino_query_dag_ivory' retrieved from /opt/airflow/dags/ivory.py
[2024-08-22T10:37:01.790+0000] {logging_mixin.py:188} INFO - [2024-08-22T10:37:01.790+0000] {dag.py:3089} INFO - Sync 1 DAGs
[2024-08-22T10:37:01.819+0000] {logging_mixin.py:188} INFO - [2024-08-22T10:37:01.819+0000] {dag.py:3947} INFO - Setting next_dagrun for trino_query_dag_ivory to 2024-08-22 00:00:00+00:00, run_after=2024-08-23 00:00:00+00:00
[2024-08-22T10:37:01.843+0000] {processor.py:183} INFO - Processing /opt/airflow/dags/ivory.py took 0.129 seconds
[2024-08-22T10:37:32.335+0000] {processor.py:161} INFO - Started process (PID=34832) to work on /opt/airflow/dags/ivory.py
[2024-08-22T10:37:32.336+0000] {processor.py:830} INFO - Processing file /opt/airflow/dags/ivory.py for tasks to queue
[2024-08-22T10:37:32.337+0000] {logging_mixin.py:188} INFO - [2024-08-22T10:37:32.337+0000] {dagbag.py:545} INFO - Filling up the DagBag from /opt/airflow/dags/ivory.py
[2024-08-22T10:37:32.373+0000] {processor.py:840} INFO - DAG(s) 'trino_query_dag_ivory' retrieved from /opt/airflow/dags/ivory.py
[2024-08-22T10:37:32.406+0000] {logging_mixin.py:188} INFO - [2024-08-22T10:37:32.405+0000] {dag.py:3089} INFO - Sync 1 DAGs
[2024-08-22T10:37:32.433+0000] {logging_mixin.py:188} INFO - [2024-08-22T10:37:32.432+0000] {dag.py:3947} INFO - Setting next_dagrun for trino_query_dag_ivory to 2024-08-22 00:00:00+00:00, run_after=2024-08-23 00:00:00+00:00
[2024-08-22T10:37:32.456+0000] {processor.py:183} INFO - Processing /opt/airflow/dags/ivory.py took 0.128 seconds
[2024-08-22T10:38:03.159+0000] {processor.py:161} INFO - Started process (PID=34847) to work on /opt/airflow/dags/ivory.py
[2024-08-22T10:38:03.161+0000] {processor.py:830} INFO - Processing file /opt/airflow/dags/ivory.py for tasks to queue
[2024-08-22T10:38:03.162+0000] {logging_mixin.py:188} INFO - [2024-08-22T10:38:03.162+0000] {dagbag.py:545} INFO - Filling up the DagBag from /opt/airflow/dags/ivory.py
[2024-08-22T10:38:03.190+0000] {processor.py:840} INFO - DAG(s) 'trino_query_dag_ivory' retrieved from /opt/airflow/dags/ivory.py
[2024-08-22T10:38:03.222+0000] {logging_mixin.py:188} INFO - [2024-08-22T10:38:03.222+0000] {dag.py:3089} INFO - Sync 1 DAGs
[2024-08-22T10:38:03.249+0000] {logging_mixin.py:188} INFO - [2024-08-22T10:38:03.248+0000] {dag.py:3947} INFO - Setting next_dagrun for trino_query_dag_ivory to 2024-08-22 00:00:00+00:00, run_after=2024-08-23 00:00:00+00:00
[2024-08-22T10:38:03.403+0000] {processor.py:183} INFO - Processing /opt/airflow/dags/ivory.py took 0.250 seconds
[2024-08-22T10:38:34.041+0000] {processor.py:161} INFO - Started process (PID=34862) to work on /opt/airflow/dags/ivory.py
[2024-08-22T10:38:34.042+0000] {processor.py:830} INFO - Processing file /opt/airflow/dags/ivory.py for tasks to queue
[2024-08-22T10:38:34.043+0000] {logging_mixin.py:188} INFO - [2024-08-22T10:38:34.043+0000] {dagbag.py:545} INFO - Filling up the DagBag from /opt/airflow/dags/ivory.py
[2024-08-22T10:38:34.077+0000] {processor.py:840} INFO - DAG(s) 'trino_query_dag_ivory' retrieved from /opt/airflow/dags/ivory.py
[2024-08-22T10:38:34.111+0000] {logging_mixin.py:188} INFO - [2024-08-22T10:38:34.111+0000] {dag.py:3089} INFO - Sync 1 DAGs
[2024-08-22T10:38:34.263+0000] {logging_mixin.py:188} INFO - [2024-08-22T10:38:34.262+0000] {dag.py:3947} INFO - Setting next_dagrun for trino_query_dag_ivory to 2024-08-22 00:00:00+00:00, run_after=2024-08-23 00:00:00+00:00
[2024-08-22T10:38:34.298+0000] {processor.py:183} INFO - Processing /opt/airflow/dags/ivory.py took 0.264 seconds
[2024-08-22T10:39:04.972+0000] {processor.py:161} INFO - Started process (PID=34877) to work on /opt/airflow/dags/ivory.py
[2024-08-22T10:39:04.973+0000] {processor.py:830} INFO - Processing file /opt/airflow/dags/ivory.py for tasks to queue
[2024-08-22T10:39:04.975+0000] {logging_mixin.py:188} INFO - [2024-08-22T10:39:04.974+0000] {dagbag.py:545} INFO - Filling up the DagBag from /opt/airflow/dags/ivory.py
[2024-08-22T10:39:05.006+0000] {processor.py:840} INFO - DAG(s) 'trino_query_dag_ivory' retrieved from /opt/airflow/dags/ivory.py
[2024-08-22T10:39:05.038+0000] {logging_mixin.py:188} INFO - [2024-08-22T10:39:05.037+0000] {dag.py:3089} INFO - Sync 1 DAGs
[2024-08-22T10:39:05.063+0000] {logging_mixin.py:188} INFO - [2024-08-22T10:39:05.063+0000] {dag.py:3947} INFO - Setting next_dagrun for trino_query_dag_ivory to 2024-08-22 00:00:00+00:00, run_after=2024-08-23 00:00:00+00:00
[2024-08-22T10:39:05.088+0000] {processor.py:183} INFO - Processing /opt/airflow/dags/ivory.py took 0.124 seconds
[2024-08-22T10:39:35.748+0000] {processor.py:161} INFO - Started process (PID=34892) to work on /opt/airflow/dags/ivory.py
[2024-08-22T10:39:35.749+0000] {processor.py:830} INFO - Processing file /opt/airflow/dags/ivory.py for tasks to queue
[2024-08-22T10:39:35.751+0000] {logging_mixin.py:188} INFO - [2024-08-22T10:39:35.750+0000] {dagbag.py:545} INFO - Filling up the DagBag from /opt/airflow/dags/ivory.py
[2024-08-22T10:39:35.781+0000] {processor.py:840} INFO - DAG(s) 'trino_query_dag_ivory' retrieved from /opt/airflow/dags/ivory.py
[2024-08-22T10:39:35.811+0000] {logging_mixin.py:188} INFO - [2024-08-22T10:39:35.811+0000] {dag.py:3089} INFO - Sync 1 DAGs
[2024-08-22T10:39:35.837+0000] {logging_mixin.py:188} INFO - [2024-08-22T10:39:35.837+0000] {dag.py:3947} INFO - Setting next_dagrun for trino_query_dag_ivory to 2024-08-22 00:00:00+00:00, run_after=2024-08-23 00:00:00+00:00
[2024-08-22T10:39:35.860+0000] {processor.py:183} INFO - Processing /opt/airflow/dags/ivory.py took 0.119 seconds
[2024-08-22T13:39:57.670+0000] {processor.py:161} INFO - Started process (PID=34907) to work on /opt/airflow/dags/ivory.py
[2024-08-22T13:39:58.031+0000] {processor.py:830} INFO - Processing file /opt/airflow/dags/ivory.py for tasks to queue
[2024-08-22T13:39:58.035+0000] {logging_mixin.py:188} INFO - [2024-08-22T13:39:58.035+0000] {dagbag.py:545} INFO - Filling up the DagBag from /opt/airflow/dags/ivory.py
[2024-08-22T13:39:58.090+0000] {processor.py:840} INFO - DAG(s) 'trino_query_dag_ivory' retrieved from /opt/airflow/dags/ivory.py
[2024-08-22T13:39:58.157+0000] {logging_mixin.py:188} INFO - [2024-08-22T13:39:58.157+0000] {dag.py:3089} INFO - Sync 1 DAGs
[2024-08-22T13:39:58.236+0000] {logging_mixin.py:188} INFO - [2024-08-22T13:39:58.236+0000] {dag.py:3947} INFO - Setting next_dagrun for trino_query_dag_ivory to 2024-08-22 00:00:00+00:00, run_after=2024-08-23 00:00:00+00:00
[2024-08-22T13:39:58.804+0000] {processor.py:183} INFO - Processing /opt/airflow/dags/ivory.py took 1.149 seconds
