[2024-08-30T01:14:55.126+0000] {local_task_job_runner.py:120} INFO - ::group::Pre task execution logs
[2024-08-30T01:14:56.073+0000] {taskinstance.py:2076} INFO - Dependencies all met for dep_context=non-requeueable deps ti=<TaskInstance: trino_query_dag_irene.insert_data_inc scheduled__2024-08-29T12:00:00+00:00 [queued]>
[2024-08-30T01:14:56.123+0000] {taskinstance.py:2076} INFO - Dependencies all met for dep_context=requeueable deps ti=<TaskInstance: trino_query_dag_irene.insert_data_inc scheduled__2024-08-29T12:00:00+00:00 [queued]>
[2024-08-30T01:14:56.596+0000] {taskinstance.py:2306} INFO - Starting attempt 1 of 2
[2024-08-30T01:15:01.106+0000] {taskinstance.py:2330} INFO - Executing <Task(TrinoOperator): insert_data_inc> on 2024-08-29 12:00:00+00:00
[2024-08-30T01:15:02.111+0000] {logging_mixin.py:188} WARNING - /home/airflow/.local/lib/python3.12/site-packages/airflow/task/task_runner/standard_task_runner.py:62 DeprecationWarning: This process (pid=89809) is multi-threaded, use of fork() may lead to deadlocks in the child.
[2024-08-30T01:15:02.113+0000] {standard_task_runner.py:64} INFO - Started process 89843 to run task
[2024-08-30T01:15:02.118+0000] {standard_task_runner.py:90} INFO - Running: ['airflow', 'tasks', 'run', 'trino_query_dag_irene', 'insert_data_inc', 'scheduled__2024-08-29T12:00:00+00:00', '--job-id', '902', '--raw', '--subdir', 'DAGS_FOLDER/irene.py', '--cfg-path', '/tmp/tmpfqoq4y8r']
[2024-08-30T01:15:02.353+0000] {standard_task_runner.py:91} INFO - Job 902: Subtask insert_data_inc
[2024-08-30T01:15:04.879+0000] {logging_mixin.py:188} WARNING - /home/airflow/.local/lib/python3.12/site-packages/airflow/settings.py:195 DeprecationWarning: The sql_alchemy_conn option in [core] has been moved to the sql_alchemy_conn option in [database] - the old setting has been used, but please update your config.
[2024-08-30T01:15:05.179+0000] {task_command.py:426} INFO - Running <TaskInstance: trino_query_dag_irene.insert_data_inc scheduled__2024-08-29T12:00:00+00:00 [running]> on host b476143e3d64
[2024-08-30T01:15:07.103+0000] {taskinstance.py:2648} INFO - Exporting env vars: AIRFLOW_CTX_DAG_OWNER='airflow' AIRFLOW_CTX_DAG_ID='trino_query_dag_irene' AIRFLOW_CTX_TASK_ID='insert_data_inc' AIRFLOW_CTX_EXECUTION_DATE='2024-08-29T12:00:00+00:00' AIRFLOW_CTX_TRY_NUMBER='1' AIRFLOW_CTX_DAG_RUN_ID='scheduled__2024-08-29T12:00:00+00:00'
[2024-08-30T01:15:07.218+0000] {taskinstance.py:430} INFO - ::endgroup::
[2024-08-30T01:15:07.399+0000] {sql.py:282} INFO - Executing: insert into hive.irene.sou select * from sqlserver.dbo.sou
[2024-08-30T01:15:07.601+0000] {base.py:84} INFO - Using connection ID 'my_trino_connection' for task execution.
[2024-08-30T01:15:07.736+0000] {base.py:84} INFO - Using connection ID 'my_trino_connection' for task execution.
[2024-08-30T01:15:07.805+0000] {base.py:84} INFO - Using connection ID 'my_trino_connection' for task execution.
[2024-08-30T01:15:07.890+0000] {sql.py:495} INFO - Running statement: insert into hive.irene.sou select * from sqlserver.dbo.sou, parameters: None
[2024-08-30T01:15:58.505+0000] {sql.py:504} INFO - Rows affected: 1048567
[2024-08-30T01:16:00.306+0000] {taskinstance.py:441} INFO - ::group::Post task execution logs
[2024-08-30T01:16:01.571+0000] {taskinstance.py:1206} INFO - Marking task as SUCCESS. dag_id=trino_query_dag_irene, task_id=insert_data_inc, run_id=scheduled__2024-08-29T12:00:00+00:00, execution_date=20240829T120000, start_date=20240830T011456, end_date=20240830T011601
[2024-08-30T01:16:03.331+0000] {local_task_job_runner.py:243} INFO - Task exited with return code 0
[2024-08-30T01:16:03.441+0000] {logging_mixin.py:188} WARNING - /home/airflow/.local/lib/python3.12/site-packages/airflow/models/baseoperator.py:1297 AirflowProviderDeprecationWarning: Call to deprecated class TrinoOperator. (Please use `airflow.providers.common.sql.operators.sql.SQLExecuteQueryOperator`.)
[2024-08-30T01:16:03.482+0000] {taskinstance.py:3503} INFO - 1 downstream tasks scheduled from follow-on schedule check
[2024-08-30T01:16:06.792+0000] {local_task_job_runner.py:222} INFO - ::endgroup::
