[2024-08-26T00:48:03.178+0000] {local_task_job_runner.py:120} INFO - ::group::Pre task execution logs
[2024-08-26T00:48:03.215+0000] {taskinstance.py:2076} INFO - Dependencies all met for dep_context=non-requeueable deps ti=<TaskInstance: trino_query_dag_ivy.print_start scheduled__2024-08-25T00:00:00+00:00 [queued]>
[2024-08-26T00:48:03.226+0000] {taskinstance.py:2076} INFO - Dependencies all met for dep_context=requeueable deps ti=<TaskInstance: trino_query_dag_ivy.print_start scheduled__2024-08-25T00:00:00+00:00 [queued]>
[2024-08-26T00:48:03.227+0000] {taskinstance.py:2306} INFO - Starting attempt 2 of 3
[2024-08-26T00:48:03.245+0000] {taskinstance.py:2330} INFO - Executing <Task(PythonOperator): print_start> on 2024-08-25 00:00:00+00:00
[2024-08-26T00:48:03.251+0000] {logging_mixin.py:188} WARNING - /home/airflow/.local/lib/python3.12/site-packages/airflow/task/task_runner/standard_task_runner.py:62 DeprecationWarning: This process (pid=325) is multi-threaded, use of fork() may lead to deadlocks in the child.
[2024-08-26T00:48:03.253+0000] {standard_task_runner.py:64} INFO - Started process 326 to run task
[2024-08-26T00:48:03.251+0000] {standard_task_runner.py:90} INFO - Running: ['airflow', 'tasks', 'run', 'trino_query_dag_ivy', 'print_start', 'scheduled__2024-08-25T00:00:00+00:00', '--job-id', '209', '--raw', '--subdir', 'DAGS_FOLDER/ivy.py', '--cfg-path', '/tmp/tmpph1r3e7c']
[2024-08-26T00:48:03.254+0000] {standard_task_runner.py:91} INFO - Job 209: Subtask print_start
[2024-08-26T00:48:03.276+0000] {logging_mixin.py:188} WARNING - /home/airflow/.local/lib/python3.12/site-packages/airflow/settings.py:195 DeprecationWarning: The sql_alchemy_conn option in [core] has been moved to the sql_alchemy_conn option in [database] - the old setting has been used, but please update your config.
[2024-08-26T00:48:03.312+0000] {task_command.py:426} INFO - Running <TaskInstance: trino_query_dag_ivy.print_start scheduled__2024-08-25T00:00:00+00:00 [running]> on host b476143e3d64
[2024-08-26T00:48:03.421+0000] {taskinstance.py:2648} INFO - Exporting env vars: AIRFLOW_CTX_DAG_OWNER='airflow' AIRFLOW_CTX_DAG_ID='trino_query_dag_ivy' AIRFLOW_CTX_TASK_ID='print_start' AIRFLOW_CTX_EXECUTION_DATE='2024-08-25T00:00:00+00:00' AIRFLOW_CTX_TRY_NUMBER='2' AIRFLOW_CTX_DAG_RUN_ID='scheduled__2024-08-25T00:00:00+00:00'
[2024-08-26T00:48:03.423+0000] {taskinstance.py:430} INFO - ::endgroup::
[2024-08-26T00:48:03.439+0000] {logging_mixin.py:188} INFO - Start of DAG execution
[2024-08-26T00:48:03.440+0000] {python.py:237} INFO - Done. Returned value was: None
[2024-08-26T00:48:03.441+0000] {taskinstance.py:441} INFO - ::group::Post task execution logs
[2024-08-26T00:48:03.453+0000] {taskinstance.py:1206} INFO - Marking task as SUCCESS. dag_id=trino_query_dag_ivy, task_id=print_start, run_id=scheduled__2024-08-25T00:00:00+00:00, execution_date=20240825T000000, start_date=20240826T004803, end_date=20240826T004803
[2024-08-26T00:48:03.507+0000] {local_task_job_runner.py:243} INFO - Task exited with return code 0
[2024-08-26T00:48:03.524+0000] {logging_mixin.py:188} WARNING - /home/airflow/.local/lib/python3.12/site-packages/airflow/models/baseoperator.py:1297 AirflowProviderDeprecationWarning: Call to deprecated class TrinoOperator. (Please use `airflow.providers.common.sql.operators.sql.SQLExecuteQueryOperator`.)
[2024-08-26T00:48:03.541+0000] {taskinstance.py:3503} INFO - 1 downstream tasks scheduled from follow-on schedule check
[2024-08-26T00:48:03.544+0000] {local_task_job_runner.py:222} INFO - ::endgroup::
