[2024-09-11T00:40:03.254+0000] {local_task_job_runner.py:120} INFO - ::group::Pre task execution logs
[2024-09-11T00:40:03.478+0000] {taskinstance.py:2076} INFO - Dependencies all met for dep_context=non-requeueable deps ti=<TaskInstance: trino_query_dag_ironmale.print_end scheduled__2024-09-10T00:00:00+00:00 [queued]>
[2024-09-11T00:40:03.513+0000] {taskinstance.py:2076} INFO - Dependencies all met for dep_context=requeueable deps ti=<TaskInstance: trino_query_dag_ironmale.print_end scheduled__2024-09-10T00:00:00+00:00 [queued]>
[2024-09-11T00:40:03.551+0000] {taskinstance.py:2306} INFO - Starting attempt 1 of 2
[2024-09-11T00:40:05.791+0000] {taskinstance.py:2330} INFO - Executing <Task(PythonOperator): print_end> on 2024-09-10 00:00:00+00:00
[2024-09-11T00:40:05.811+0000] {logging_mixin.py:188} WARNING - /home/airflow/.local/lib/python3.12/site-packages/airflow/task/task_runner/standard_task_runner.py:62 DeprecationWarning: This process (pid=58083) is multi-threaded, use of fork() may lead to deadlocks in the child.
[2024-09-11T00:40:05.816+0000] {standard_task_runner.py:90} INFO - Running: ['airflow', 'tasks', 'run', 'trino_query_dag_ironmale', 'print_end', 'scheduled__2024-09-10T00:00:00+00:00', '--job-id', '121', '--raw', '--subdir', 'DAGS_FOLDER/ironmale.py', '--cfg-path', '/tmp/tmp2ch5hxsu']
[2024-09-11T00:40:05.831+0000] {standard_task_runner.py:64} INFO - Started process 58110 to run task
[2024-09-11T00:40:05.831+0000] {standard_task_runner.py:91} INFO - Job 121: Subtask print_end
[2024-09-11T00:40:07.328+0000] {logging_mixin.py:188} WARNING - /home/airflow/.local/lib/python3.12/site-packages/airflow/settings.py:195 DeprecationWarning: The sql_alchemy_conn option in [core] has been moved to the sql_alchemy_conn option in [database] - the old setting has been used, but please update your config.
[2024-09-11T00:40:07.560+0000] {task_command.py:426} INFO - Running <TaskInstance: trino_query_dag_ironmale.print_end scheduled__2024-09-10T00:00:00+00:00 [running]> on host 92783cd12528
[2024-09-11T00:40:07.565+0000] {logging_mixin.py:188} WARNING - /home/airflow/.local/lib/python3.12/site-packages/airflow/settings.py:356 DeprecationWarning: The sql_engine_encoding option in [core] has been moved to the sql_engine_encoding option in [database] - the old setting has been used, but please update your config.
[2024-09-11T00:40:09.722+0000] {logging_mixin.py:188} WARNING - /home/airflow/.local/lib/python3.12/site-packages/airflow/utils/log/secrets_masker.py:84 DeprecationWarning: The sensitive_variable_fields option in [admin] has been moved to the sensitive_var_conn_names option in [core] - the old setting has been used, but please update your config.
[2024-09-11T00:40:10.745+0000] {taskinstance.py:2648} INFO - Exporting env vars: AIRFLOW_CTX_DAG_OWNER='airflow' AIRFLOW_CTX_DAG_ID='trino_query_dag_ironmale' AIRFLOW_CTX_TASK_ID='print_end' AIRFLOW_CTX_EXECUTION_DATE='2024-09-10T00:00:00+00:00' AIRFLOW_CTX_TRY_NUMBER='1' AIRFLOW_CTX_DAG_RUN_ID='scheduled__2024-09-10T00:00:00+00:00'
[2024-09-11T00:40:10.746+0000] {taskinstance.py:430} INFO - ::endgroup::
[2024-09-11T00:40:10.845+0000] {logging_mixin.py:188} INFO - End of DAG execution
[2024-09-11T00:40:10.872+0000] {python.py:237} INFO - Done. Returned value was: None
[2024-09-11T00:40:10.881+0000] {taskinstance.py:441} INFO - ::group::Post task execution logs
[2024-09-11T00:40:10.934+0000] {taskinstance.py:1206} INFO - Marking task as SUCCESS. dag_id=trino_query_dag_ironmale, task_id=print_end, run_id=scheduled__2024-09-10T00:00:00+00:00, execution_date=20240910T000000, start_date=20240911T004003, end_date=20240911T004010
[2024-09-11T00:40:11.144+0000] {local_task_job_runner.py:243} INFO - Task exited with return code 0
[2024-09-11T00:40:11.175+0000] {taskinstance.py:3503} INFO - 0 downstream tasks scheduled from follow-on schedule check
[2024-09-11T00:40:12.217+0000] {local_task_job_runner.py:222} INFO - ::endgroup::
