[2024-10-28T00:47:37.415+0000] {local_task_job_runner.py:120} INFO - ::group::Pre task execution logs
[2024-10-28T00:47:37.739+0000] {taskinstance.py:2076} INFO - Dependencies all met for dep_context=non-requeueable deps ti=<TaskInstance: query_dag_ipie.insert_data_inc scheduled__2024-10-27T00:00:00+00:00 [queued]>
[2024-10-28T00:47:37.908+0000] {taskinstance.py:2076} INFO - Dependencies all met for dep_context=requeueable deps ti=<TaskInstance: query_dag_ipie.insert_data_inc scheduled__2024-10-27T00:00:00+00:00 [queued]>
[2024-10-28T00:47:37.957+0000] {taskinstance.py:2306} INFO - Starting attempt 2 of 2
[2024-10-28T00:47:38.121+0000] {taskinstance.py:2330} INFO - Executing <Task(TrinoOperator): insert_data_inc> on 2024-10-27 00:00:00+00:00
[2024-10-28T00:47:38.132+0000] {logging_mixin.py:188} WARNING - /home/airflow/.local/lib/python3.12/site-packages/airflow/task/task_runner/standard_task_runner.py:62 DeprecationWarning: This process (pid=4974) is multi-threaded, use of fork() may lead to deadlocks in the child.
[2024-10-28T00:47:38.205+0000] {standard_task_runner.py:64} INFO - Started process 5000 to run task
[2024-10-28T00:47:38.189+0000] {standard_task_runner.py:90} INFO - Running: ['airflow', 'tasks', 'run', 'query_dag_ipie', 'insert_data_inc', 'scheduled__2024-10-27T00:00:00+00:00', '--job-id', '2019', '--raw', '--subdir', 'DAGS_FOLDER/ipie.py', '--cfg-path', '/tmp/tmputk955k8']
[2024-10-28T00:47:38.244+0000] {standard_task_runner.py:91} INFO - Job 2019: Subtask insert_data_inc
[2024-10-28T00:47:38.383+0000] {logging_mixin.py:188} WARNING - /home/airflow/.local/lib/python3.12/site-packages/airflow/settings.py:195 DeprecationWarning: The sql_alchemy_conn option in [core] has been moved to the sql_alchemy_conn option in [database] - the old setting has been used, but please update your config.
[2024-10-28T00:47:38.629+0000] {task_command.py:426} INFO - Running <TaskInstance: query_dag_ipie.insert_data_inc scheduled__2024-10-27T00:00:00+00:00 [running]> on host 92783cd12528
[2024-10-28T00:47:38.633+0000] {logging_mixin.py:188} WARNING - /home/airflow/.local/lib/python3.12/site-packages/airflow/settings.py:356 DeprecationWarning: The sql_engine_encoding option in [core] has been moved to the sql_engine_encoding option in [database] - the old setting has been used, but please update your config.
[2024-10-28T00:47:38.867+0000] {logging_mixin.py:188} WARNING - /home/airflow/.local/lib/python3.12/site-packages/airflow/utils/log/secrets_masker.py:84 DeprecationWarning: The sensitive_variable_fields option in [admin] has been moved to the sensitive_var_conn_names option in [core] - the old setting has been used, but please update your config.
[2024-10-28T00:47:38.975+0000] {taskinstance.py:2648} INFO - Exporting env vars: AIRFLOW_CTX_DAG_OWNER='airflow' AIRFLOW_CTX_DAG_ID='query_dag_ipie' AIRFLOW_CTX_TASK_ID='insert_data_inc' AIRFLOW_CTX_EXECUTION_DATE='2024-10-27T00:00:00+00:00' AIRFLOW_CTX_TRY_NUMBER='2' AIRFLOW_CTX_DAG_RUN_ID='scheduled__2024-10-27T00:00:00+00:00'
[2024-10-28T00:47:38.977+0000] {taskinstance.py:430} INFO - ::endgroup::
[2024-10-28T00:47:39.032+0000] {sql.py:282} INFO - Executing: insert into hive.ipie.Product_Master select * from sqlserver.dbo.Product_Master
[2024-10-28T00:47:39.076+0000] {base.py:84} INFO - Using connection ID 'my_trino_connection' for task execution.
[2024-10-28T00:47:39.085+0000] {base.py:84} INFO - Using connection ID 'my_trino_connection' for task execution.
[2024-10-28T00:47:39.109+0000] {base.py:84} INFO - Using connection ID 'my_trino_connection' for task execution.
[2024-10-28T00:47:39.115+0000] {sql.py:495} INFO - Running statement: insert into hive.ipie.Product_Master select * from sqlserver.dbo.Product_Master, parameters: None
[2024-10-28T00:48:28.581+0000] {sql.py:504} INFO - Rows affected: 100000
[2024-10-28T00:48:34.719+0000] {taskinstance.py:441} INFO - ::group::Post task execution logs
[2024-10-28T00:48:35.319+0000] {taskinstance.py:1206} INFO - Marking task as SUCCESS. dag_id=query_dag_ipie, task_id=insert_data_inc, run_id=scheduled__2024-10-27T00:00:00+00:00, execution_date=20241027T000000, start_date=20241028T004737, end_date=20241028T004835
[2024-10-28T00:48:35.934+0000] {local_task_job_runner.py:243} INFO - Task exited with return code 0
[2024-10-28T00:48:36.034+0000] {logging_mixin.py:188} WARNING - /home/airflow/.local/lib/python3.12/site-packages/airflow/models/baseoperator.py:1297 AirflowProviderDeprecationWarning: Call to deprecated class TrinoOperator. (Please use `airflow.providers.common.sql.operators.sql.SQLExecuteQueryOperator`.)
[2024-10-28T00:48:36.163+0000] {taskinstance.py:3503} INFO - 1 downstream tasks scheduled from follow-on schedule check
[2024-10-28T00:48:36.221+0000] {local_task_job_runner.py:222} INFO - ::endgroup::
