[2024-10-24T00:38:38.163+0000] {local_task_job_runner.py:120} INFO - ::group::Pre task execution logs
[2024-10-24T00:38:39.742+0000] {taskinstance.py:2076} INFO - Dependencies all met for dep_context=non-requeueable deps ti=<TaskInstance: query_dag_ipie.insert_data_inc scheduled__2024-10-23T00:00:00+00:00 [queued]>
[2024-10-24T00:38:41.533+0000] {taskinstance.py:2076} INFO - Dependencies all met for dep_context=requeueable deps ti=<TaskInstance: query_dag_ipie.insert_data_inc scheduled__2024-10-23T00:00:00+00:00 [queued]>
[2024-10-24T00:38:42.659+0000] {taskinstance.py:2306} INFO - Starting attempt 1 of 2
[2024-10-24T00:38:48.397+0000] {taskinstance.py:2330} INFO - Executing <Task(TrinoOperator): insert_data_inc> on 2024-10-23 00:00:00+00:00
[2024-10-24T00:38:48.416+0000] {logging_mixin.py:188} WARNING - /home/airflow/.local/lib/python3.12/site-packages/airflow/task/task_runner/standard_task_runner.py:62 DeprecationWarning: This process (pid=40886) is multi-threaded, use of fork() may lead to deadlocks in the child.
[2024-10-24T00:38:48.421+0000] {standard_task_runner.py:64} INFO - Started process 40936 to run task
[2024-10-24T00:38:48.436+0000] {standard_task_runner.py:90} INFO - Running: ['airflow', 'tasks', 'run', 'query_dag_ipie', 'insert_data_inc', 'scheduled__2024-10-23T00:00:00+00:00', '--job-id', '1768', '--raw', '--subdir', 'DAGS_FOLDER/ipie.py', '--cfg-path', '/tmp/tmpzco7vavq']
[2024-10-24T00:38:48.444+0000] {standard_task_runner.py:91} INFO - Job 1768: Subtask insert_data_inc
[2024-10-24T00:38:51.460+0000] {logging_mixin.py:188} WARNING - /home/airflow/.local/lib/python3.12/site-packages/airflow/settings.py:195 DeprecationWarning: The sql_alchemy_conn option in [core] has been moved to the sql_alchemy_conn option in [database] - the old setting has been used, but please update your config.
[2024-10-24T00:38:51.573+0000] {task_command.py:426} INFO - Running <TaskInstance: query_dag_ipie.insert_data_inc scheduled__2024-10-23T00:00:00+00:00 [running]> on host 92783cd12528
[2024-10-24T00:38:51.578+0000] {logging_mixin.py:188} WARNING - /home/airflow/.local/lib/python3.12/site-packages/airflow/settings.py:356 DeprecationWarning: The sql_engine_encoding option in [core] has been moved to the sql_engine_encoding option in [database] - the old setting has been used, but please update your config.
[2024-10-24T00:38:55.237+0000] {logging_mixin.py:188} WARNING - /home/airflow/.local/lib/python3.12/site-packages/airflow/utils/log/secrets_masker.py:84 DeprecationWarning: The sensitive_variable_fields option in [admin] has been moved to the sensitive_var_conn_names option in [core] - the old setting has been used, but please update your config.
[2024-10-24T00:38:57.720+0000] {taskinstance.py:2648} INFO - Exporting env vars: AIRFLOW_CTX_DAG_OWNER='airflow' AIRFLOW_CTX_DAG_ID='query_dag_ipie' AIRFLOW_CTX_TASK_ID='insert_data_inc' AIRFLOW_CTX_EXECUTION_DATE='2024-10-23T00:00:00+00:00' AIRFLOW_CTX_TRY_NUMBER='1' AIRFLOW_CTX_DAG_RUN_ID='scheduled__2024-10-23T00:00:00+00:00'
[2024-10-24T00:38:57.723+0000] {taskinstance.py:430} INFO - ::endgroup::
[2024-10-24T00:38:57.779+0000] {sql.py:282} INFO - Executing: insert into hive.ipie.Product_Master select * from sqlserver.dbo.Product_Master
[2024-10-24T00:38:57.821+0000] {base.py:84} INFO - Using connection ID 'my_trino_connection' for task execution.
[2024-10-24T00:38:57.856+0000] {base.py:84} INFO - Using connection ID 'my_trino_connection' for task execution.
[2024-10-24T00:38:57.881+0000] {base.py:84} INFO - Using connection ID 'my_trino_connection' for task execution.
[2024-10-24T00:38:57.891+0000] {sql.py:495} INFO - Running statement: insert into hive.ipie.Product_Master select * from sqlserver.dbo.Product_Master, parameters: None
[2024-10-24T00:39:38.157+0000] {sql.py:504} INFO - Rows affected: 100000
[2024-10-24T00:39:42.519+0000] {taskinstance.py:441} INFO - ::group::Post task execution logs
[2024-10-24T00:39:42.838+0000] {taskinstance.py:1206} INFO - Marking task as SUCCESS. dag_id=query_dag_ipie, task_id=insert_data_inc, run_id=scheduled__2024-10-23T00:00:00+00:00, execution_date=20241023T000000, start_date=20241024T003841, end_date=20241024T003942
[2024-10-24T00:39:47.630+0000] {local_task_job_runner.py:243} INFO - Task exited with return code 0
[2024-10-24T00:39:47.650+0000] {local_task_job_runner.py:222} INFO - ::endgroup::
