[2024-08-27T01:16:21.950+0000] {local_task_job_runner.py:120} INFO - ::group::Pre task execution logs
[2024-08-27T01:16:21.989+0000] {taskinstance.py:2076} INFO - Dependencies all met for dep_context=non-requeueable deps ti=<TaskInstance: trino_query_dag_ivory.print_start scheduled__2024-08-26T10:00:00+00:00 [queued]>
[2024-08-27T01:16:22.002+0000] {taskinstance.py:2076} INFO - Dependencies all met for dep_context=requeueable deps ti=<TaskInstance: trino_query_dag_ivory.print_start scheduled__2024-08-26T10:00:00+00:00 [queued]>
[2024-08-27T01:16:22.003+0000] {taskinstance.py:2306} INFO - Starting attempt 3 of 4
[2024-08-27T01:16:22.019+0000] {taskinstance.py:2330} INFO - Executing <Task(PythonOperator): print_start> on 2024-08-26 10:00:00+00:00
[2024-08-27T01:16:22.026+0000] {logging_mixin.py:188} WARNING - /home/airflow/.local/lib/python3.12/site-packages/airflow/task/task_runner/standard_task_runner.py:62 DeprecationWarning: This process (pid=18524) is multi-threaded, use of fork() may lead to deadlocks in the child.
[2024-08-27T01:16:22.027+0000] {standard_task_runner.py:64} INFO - Started process 18525 to run task
[2024-08-27T01:16:22.026+0000] {standard_task_runner.py:90} INFO - Running: ['airflow', 'tasks', 'run', 'trino_query_dag_ivory', 'print_start', 'scheduled__2024-08-26T10:00:00+00:00', '--job-id', '363', '--raw', '--subdir', 'DAGS_FOLDER/ivory.py', '--cfg-path', '/tmp/tmprkfedcx9']
[2024-08-27T01:16:22.029+0000] {standard_task_runner.py:91} INFO - Job 363: Subtask print_start
[2024-08-27T01:16:22.048+0000] {logging_mixin.py:188} WARNING - /home/airflow/.local/lib/python3.12/site-packages/airflow/settings.py:195 DeprecationWarning: The sql_alchemy_conn option in [core] has been moved to the sql_alchemy_conn option in [database] - the old setting has been used, but please update your config.
[2024-08-27T01:16:22.105+0000] {task_command.py:426} INFO - Running <TaskInstance: trino_query_dag_ivory.print_start scheduled__2024-08-26T10:00:00+00:00 [running]> on host b476143e3d64
[2024-08-27T01:16:22.267+0000] {taskinstance.py:2648} INFO - Exporting env vars: AIRFLOW_CTX_DAG_OWNER='airflow' AIRFLOW_CTX_DAG_ID='trino_query_dag_ivory' AIRFLOW_CTX_TASK_ID='print_start' AIRFLOW_CTX_EXECUTION_DATE='2024-08-26T10:00:00+00:00' AIRFLOW_CTX_TRY_NUMBER='3' AIRFLOW_CTX_DAG_RUN_ID='scheduled__2024-08-26T10:00:00+00:00'
[2024-08-27T01:16:22.268+0000] {taskinstance.py:430} INFO - ::endgroup::
[2024-08-27T01:16:22.287+0000] {logging_mixin.py:188} INFO - Start of DAG execution
[2024-08-27T01:16:22.287+0000] {python.py:237} INFO - Done. Returned value was: None
[2024-08-27T01:16:22.288+0000] {taskinstance.py:441} INFO - ::group::Post task execution logs
[2024-08-27T01:16:22.302+0000] {taskinstance.py:1206} INFO - Marking task as SUCCESS. dag_id=trino_query_dag_ivory, task_id=print_start, run_id=scheduled__2024-08-26T10:00:00+00:00, execution_date=20240826T100000, start_date=20240827T011621, end_date=20240827T011622
[2024-08-27T01:16:22.323+0000] {local_task_job_runner.py:243} INFO - Task exited with return code 0
[2024-08-27T01:16:22.337+0000] {logging_mixin.py:188} WARNING - /home/airflow/.local/lib/python3.12/site-packages/airflow/models/baseoperator.py:1297 AirflowProviderDeprecationWarning: Call to deprecated class TrinoOperator. (Please use `airflow.providers.common.sql.operators.sql.SQLExecuteQueryOperator`.)
[2024-08-27T01:16:22.361+0000] {taskinstance.py:3503} INFO - 1 downstream tasks scheduled from follow-on schedule check
[2024-08-27T01:16:22.363+0000] {local_task_job_runner.py:222} INFO - ::endgroup::
