[2024-08-28T01:03:48.439+0000] {local_task_job_runner.py:120} INFO - ::group::Pre task execution logs
[2024-08-28T01:03:48.480+0000] {taskinstance.py:2076} INFO - Dependencies all met for dep_context=non-requeueable deps ti=<TaskInstance: trino_query_dag_ironmale.insert_data_inc manual__2024-08-28T01:03:46.533254+00:00 [queued]>
[2024-08-28T01:03:48.491+0000] {taskinstance.py:2076} INFO - Dependencies all met for dep_context=requeueable deps ti=<TaskInstance: trino_query_dag_ironmale.insert_data_inc manual__2024-08-28T01:03:46.533254+00:00 [queued]>
[2024-08-28T01:03:48.495+0000] {taskinstance.py:2306} INFO - Starting attempt 1 of 2
[2024-08-28T01:03:48.512+0000] {taskinstance.py:2330} INFO - Executing <Task(TrinoOperator): insert_data_inc> on 2024-08-28 01:03:46.533254+00:00
[2024-08-28T01:03:48.522+0000] {logging_mixin.py:188} WARNING - /home/airflow/.local/lib/python3.12/site-packages/airflow/task/task_runner/standard_task_runner.py:62 DeprecationWarning: This process (pid=22901) is multi-threaded, use of fork() may lead to deadlocks in the child.
[2024-08-28T01:03:48.523+0000] {standard_task_runner.py:64} INFO - Started process 22902 to run task
[2024-08-28T01:03:48.522+0000] {standard_task_runner.py:90} INFO - Running: ['airflow', 'tasks', 'run', 'trino_query_dag_ironmale', 'insert_data_inc', 'manual__2024-08-28T01:03:46.533254+00:00', '--job-id', '589', '--raw', '--subdir', 'DAGS_FOLDER/ironmale.py', '--cfg-path', '/tmp/tmp8hbknnei']
[2024-08-28T01:03:48.525+0000] {standard_task_runner.py:91} INFO - Job 589: Subtask insert_data_inc
[2024-08-28T01:03:48.567+0000] {logging_mixin.py:188} WARNING - /home/airflow/.local/lib/python3.12/site-packages/airflow/settings.py:195 DeprecationWarning: The sql_alchemy_conn option in [core] has been moved to the sql_alchemy_conn option in [database] - the old setting has been used, but please update your config.
[2024-08-28T01:03:48.609+0000] {task_command.py:426} INFO - Running <TaskInstance: trino_query_dag_ironmale.insert_data_inc manual__2024-08-28T01:03:46.533254+00:00 [running]> on host b476143e3d64
[2024-08-28T01:03:48.744+0000] {taskinstance.py:2648} INFO - Exporting env vars: AIRFLOW_CTX_DAG_OWNER='airflow' AIRFLOW_CTX_DAG_ID='trino_query_dag_ironmale' AIRFLOW_CTX_TASK_ID='insert_data_inc' AIRFLOW_CTX_EXECUTION_DATE='2024-08-28T01:03:46.533254+00:00' AIRFLOW_CTX_TRY_NUMBER='1' AIRFLOW_CTX_DAG_RUN_ID='manual__2024-08-28T01:03:46.533254+00:00'
[2024-08-28T01:03:48.746+0000] {taskinstance.py:430} INFO - ::endgroup::
[2024-08-28T01:03:48.760+0000] {sql.py:282} INFO - Executing: insert into hive.ironmale.soul select * from sqlserver.dbo.soul  where hour = 22
[2024-08-28T01:03:48.780+0000] {base.py:84} INFO - Using connection ID 'my_trino_connection' for task execution.
[2024-08-28T01:03:48.789+0000] {base.py:84} INFO - Using connection ID 'my_trino_connection' for task execution.
[2024-08-28T01:03:48.798+0000] {base.py:84} INFO - Using connection ID 'my_trino_connection' for task execution.
[2024-08-28T01:03:48.802+0000] {sql.py:495} INFO - Running statement: insert into hive.ironmale.soul select * from sqlserver.dbo.soul  where hour = 22, parameters: None
[2024-08-28T01:03:53.447+0000] {sql.py:504} INFO - Rows affected: 2700
[2024-08-28T01:03:53.738+0000] {taskinstance.py:441} INFO - ::group::Post task execution logs
[2024-08-28T01:03:53.787+0000] {taskinstance.py:1206} INFO - Marking task as SUCCESS. dag_id=trino_query_dag_ironmale, task_id=insert_data_inc, run_id=manual__2024-08-28T01:03:46.533254+00:00, execution_date=20240828T010346, start_date=20240828T010348, end_date=20240828T010353
[2024-08-28T01:03:53.832+0000] {local_task_job_runner.py:243} INFO - Task exited with return code 0
[2024-08-28T01:03:53.843+0000] {logging_mixin.py:188} WARNING - /home/airflow/.local/lib/python3.12/site-packages/airflow/models/baseoperator.py:1297 AirflowProviderDeprecationWarning: Call to deprecated class TrinoOperator. (Please use `airflow.providers.common.sql.operators.sql.SQLExecuteQueryOperator`.)
[2024-08-28T01:03:53.858+0000] {taskinstance.py:3503} INFO - 1 downstream tasks scheduled from follow-on schedule check
[2024-08-28T01:03:53.861+0000] {local_task_job_runner.py:222} INFO - ::endgroup::
