[2024-08-30T01:20:50.043+0000] {local_task_job_runner.py:120} INFO - ::group::Pre task execution logs
[2024-08-30T01:20:50.079+0000] {taskinstance.py:2076} INFO - Dependencies all met for dep_context=non-requeueable deps ti=<TaskInstance: trino_query_dag_irene.insert_data_inc scheduled__2024-08-29T10:00:00+00:00 [queued]>
[2024-08-30T01:20:50.090+0000] {taskinstance.py:2076} INFO - Dependencies all met for dep_context=requeueable deps ti=<TaskInstance: trino_query_dag_irene.insert_data_inc scheduled__2024-08-29T10:00:00+00:00 [queued]>
[2024-08-30T01:20:50.091+0000] {taskinstance.py:2306} INFO - Starting attempt 2 of 2
[2024-08-30T01:20:50.119+0000] {taskinstance.py:2330} INFO - Executing <Task(TrinoOperator): insert_data_inc> on 2024-08-29 10:00:00+00:00
[2024-08-30T01:20:50.128+0000] {logging_mixin.py:188} WARNING - /home/airflow/.local/lib/python3.12/site-packages/airflow/task/task_runner/standard_task_runner.py:62 DeprecationWarning: This process (pid=90283) is multi-threaded, use of fork() may lead to deadlocks in the child.
[2024-08-30T01:20:50.127+0000] {standard_task_runner.py:90} INFO - Running: ['airflow', 'tasks', 'run', 'trino_query_dag_irene', 'insert_data_inc', 'scheduled__2024-08-29T10:00:00+00:00', '--job-id', '931', '--raw', '--subdir', 'DAGS_FOLDER/irene.py', '--cfg-path', '/tmp/tmphb7zrv5m']
[2024-08-30T01:20:50.129+0000] {standard_task_runner.py:64} INFO - Started process 90284 to run task
[2024-08-30T01:20:50.129+0000] {standard_task_runner.py:91} INFO - Job 931: Subtask insert_data_inc
[2024-08-30T01:20:50.153+0000] {logging_mixin.py:188} WARNING - /home/airflow/.local/lib/python3.12/site-packages/airflow/settings.py:195 DeprecationWarning: The sql_alchemy_conn option in [core] has been moved to the sql_alchemy_conn option in [database] - the old setting has been used, but please update your config.
[2024-08-30T01:20:50.189+0000] {task_command.py:426} INFO - Running <TaskInstance: trino_query_dag_irene.insert_data_inc scheduled__2024-08-29T10:00:00+00:00 [running]> on host b476143e3d64
[2024-08-30T01:20:50.288+0000] {taskinstance.py:2648} INFO - Exporting env vars: AIRFLOW_CTX_DAG_OWNER='airflow' AIRFLOW_CTX_DAG_ID='trino_query_dag_irene' AIRFLOW_CTX_TASK_ID='insert_data_inc' AIRFLOW_CTX_EXECUTION_DATE='2024-08-29T10:00:00+00:00' AIRFLOW_CTX_TRY_NUMBER='2' AIRFLOW_CTX_DAG_RUN_ID='scheduled__2024-08-29T10:00:00+00:00'
[2024-08-30T01:20:50.290+0000] {taskinstance.py:430} INFO - ::endgroup::
[2024-08-30T01:20:50.305+0000] {sql.py:282} INFO - Executing: insert into hive.irene.sou select * from sqlserver.dbo.sou
[2024-08-30T01:20:50.328+0000] {base.py:84} INFO - Using connection ID 'my_trino_connection' for task execution.
[2024-08-30T01:20:50.341+0000] {base.py:84} INFO - Using connection ID 'my_trino_connection' for task execution.
[2024-08-30T01:20:50.349+0000] {base.py:84} INFO - Using connection ID 'my_trino_connection' for task execution.
[2024-08-30T01:20:50.354+0000] {sql.py:495} INFO - Running statement: insert into hive.irene.sou select * from sqlserver.dbo.sou, parameters: None
[2024-08-30T01:20:56.953+0000] {sql.py:504} INFO - Rows affected: 1048567
[2024-08-30T01:20:57.116+0000] {taskinstance.py:441} INFO - ::group::Post task execution logs
[2024-08-30T01:20:57.139+0000] {taskinstance.py:1206} INFO - Marking task as SUCCESS. dag_id=trino_query_dag_irene, task_id=insert_data_inc, run_id=scheduled__2024-08-29T10:00:00+00:00, execution_date=20240829T100000, start_date=20240830T012050, end_date=20240830T012057
[2024-08-30T01:20:57.200+0000] {local_task_job_runner.py:243} INFO - Task exited with return code 0
[2024-08-30T01:20:57.213+0000] {local_task_job_runner.py:222} INFO - ::endgroup::
