[2024-09-26T00:37:17.426+0000] {local_task_job_runner.py:120} INFO - ::group::Pre task execution logs
[2024-09-26T00:37:17.889+0000] {taskinstance.py:2076} INFO - Dependencies all met for dep_context=non-requeueable deps ti=<TaskInstance: query_dag_ipie.print_start scheduled__2024-09-25T00:00:00+00:00 [queued]>
[2024-09-26T00:37:18.176+0000] {taskinstance.py:2076} INFO - Dependencies all met for dep_context=requeueable deps ti=<TaskInstance: query_dag_ipie.print_start scheduled__2024-09-25T00:00:00+00:00 [queued]>
[2024-09-26T00:37:18.805+0000] {taskinstance.py:2306} INFO - Starting attempt 1 of 2
[2024-09-26T00:37:20.479+0000] {taskinstance.py:2330} INFO - Executing <Task(PythonOperator): print_start> on 2024-09-25 00:00:00+00:00
[2024-09-26T00:37:20.604+0000] {logging_mixin.py:188} WARNING - /home/airflow/.local/lib/python3.12/site-packages/airflow/task/task_runner/standard_task_runner.py:62 DeprecationWarning: This process (pid=83677) is multi-threaded, use of fork() may lead to deadlocks in the child.
[2024-09-26T00:37:20.605+0000] {standard_task_runner.py:64} INFO - Started process 83697 to run task
[2024-09-26T00:37:20.599+0000] {standard_task_runner.py:90} INFO - Running: ['airflow', 'tasks', 'run', 'query_dag_ipie', 'print_start', 'scheduled__2024-09-25T00:00:00+00:00', '--job-id', '541', '--raw', '--subdir', 'DAGS_FOLDER/ipie.py', '--cfg-path', '/tmp/tmpioqx9nlh']
[2024-09-26T00:37:20.622+0000] {standard_task_runner.py:91} INFO - Job 541: Subtask print_start
[2024-09-26T00:37:23.295+0000] {logging_mixin.py:188} WARNING - /home/airflow/.local/lib/python3.12/site-packages/airflow/settings.py:195 DeprecationWarning: The sql_alchemy_conn option in [core] has been moved to the sql_alchemy_conn option in [database] - the old setting has been used, but please update your config.
[2024-09-26T00:37:23.423+0000] {task_command.py:426} INFO - Running <TaskInstance: query_dag_ipie.print_start scheduled__2024-09-25T00:00:00+00:00 [running]> on host 92783cd12528
[2024-09-26T00:37:23.436+0000] {logging_mixin.py:188} WARNING - /home/airflow/.local/lib/python3.12/site-packages/airflow/settings.py:356 DeprecationWarning: The sql_engine_encoding option in [core] has been moved to the sql_engine_encoding option in [database] - the old setting has been used, but please update your config.
[2024-09-26T00:37:25.531+0000] {logging_mixin.py:188} WARNING - /home/airflow/.local/lib/python3.12/site-packages/airflow/utils/log/secrets_masker.py:84 DeprecationWarning: The sensitive_variable_fields option in [admin] has been moved to the sensitive_var_conn_names option in [core] - the old setting has been used, but please update your config.
[2024-09-26T00:37:27.827+0000] {taskinstance.py:2648} INFO - Exporting env vars: AIRFLOW_CTX_DAG_OWNER='airflow' AIRFLOW_CTX_DAG_ID='query_dag_ipie' AIRFLOW_CTX_TASK_ID='print_start' AIRFLOW_CTX_EXECUTION_DATE='2024-09-25T00:00:00+00:00' AIRFLOW_CTX_TRY_NUMBER='1' AIRFLOW_CTX_DAG_RUN_ID='scheduled__2024-09-25T00:00:00+00:00'
[2024-09-26T00:37:27.832+0000] {taskinstance.py:430} INFO - ::endgroup::
[2024-09-26T00:37:27.865+0000] {logging_mixin.py:188} INFO - Start of DAG execution
[2024-09-26T00:37:27.993+0000] {python.py:237} INFO - Done. Returned value was: None
[2024-09-26T00:37:27.994+0000] {taskinstance.py:441} INFO - ::group::Post task execution logs
[2024-09-26T00:37:28.005+0000] {taskinstance.py:1206} INFO - Marking task as SUCCESS. dag_id=query_dag_ipie, task_id=print_start, run_id=scheduled__2024-09-25T00:00:00+00:00, execution_date=20240925T000000, start_date=20240926T003718, end_date=20240926T003728
[2024-09-26T00:37:31.512+0000] {local_task_job_runner.py:243} INFO - Task exited with return code 0
[2024-09-26T00:37:31.609+0000] {logging_mixin.py:188} WARNING - /home/airflow/.local/lib/python3.12/site-packages/airflow/models/baseoperator.py:1297 AirflowProviderDeprecationWarning: Call to deprecated class TrinoOperator. (Please use `airflow.providers.common.sql.operators.sql.SQLExecuteQueryOperator`.)
[2024-09-26T00:37:31.663+0000] {taskinstance.py:3503} INFO - 1 downstream tasks scheduled from follow-on schedule check
[2024-09-26T00:37:32.796+0000] {local_task_job_runner.py:222} INFO - ::endgroup::
