[2024-09-18T00:27:16.902+0000] {local_task_job_runner.py:120} INFO - ::group::Pre task execution logs
[2024-09-18T00:27:17.000+0000] {taskinstance.py:2076} INFO - Dependencies all met for dep_context=non-requeueable deps ti=<TaskInstance: query_dag_ironmale.insert_data_inc scheduled__2024-09-17T00:00:00+00:00 [queued]>
[2024-09-18T00:27:17.020+0000] {taskinstance.py:2076} INFO - Dependencies all met for dep_context=requeueable deps ti=<TaskInstance: query_dag_ironmale.insert_data_inc scheduled__2024-09-17T00:00:00+00:00 [queued]>
[2024-09-18T00:27:17.104+0000] {taskinstance.py:2306} INFO - Starting attempt 1 of 2
[2024-09-18T00:27:18.719+0000] {taskinstance.py:2330} INFO - Executing <Task(TrinoOperator): insert_data_inc> on 2024-09-17 00:00:00+00:00
[2024-09-18T00:27:18.772+0000] {standard_task_runner.py:90} INFO - Running: ['airflow', 'tasks', 'run', 'query_dag_ironmale', 'insert_data_inc', 'scheduled__2024-09-17T00:00:00+00:00', '--job-id', '289', '--raw', '--subdir', 'DAGS_FOLDER/ironmale.py', '--cfg-path', '/tmp/tmpe9czrnle']
[2024-09-18T00:27:18.798+0000] {logging_mixin.py:188} WARNING - /home/airflow/.local/lib/python3.12/site-packages/airflow/task/task_runner/standard_task_runner.py:62 DeprecationWarning: This process (pid=39035) is multi-threaded, use of fork() may lead to deadlocks in the child.
[2024-09-18T00:27:18.804+0000] {standard_task_runner.py:64} INFO - Started process 39065 to run task
[2024-09-18T00:27:18.806+0000] {standard_task_runner.py:91} INFO - Job 289: Subtask insert_data_inc
[2024-09-18T00:27:21.051+0000] {logging_mixin.py:188} WARNING - /home/airflow/.local/lib/python3.12/site-packages/airflow/settings.py:195 DeprecationWarning: The sql_alchemy_conn option in [core] has been moved to the sql_alchemy_conn option in [database] - the old setting has been used, but please update your config.
[2024-09-18T00:27:21.109+0000] {task_command.py:426} INFO - Running <TaskInstance: query_dag_ironmale.insert_data_inc scheduled__2024-09-17T00:00:00+00:00 [running]> on host 92783cd12528
[2024-09-18T00:27:21.114+0000] {logging_mixin.py:188} WARNING - /home/airflow/.local/lib/python3.12/site-packages/airflow/settings.py:356 DeprecationWarning: The sql_engine_encoding option in [core] has been moved to the sql_engine_encoding option in [database] - the old setting has been used, but please update your config.
[2024-09-18T00:27:23.369+0000] {logging_mixin.py:188} WARNING - /home/airflow/.local/lib/python3.12/site-packages/airflow/utils/log/secrets_masker.py:84 DeprecationWarning: The sensitive_variable_fields option in [admin] has been moved to the sensitive_var_conn_names option in [core] - the old setting has been used, but please update your config.
[2024-09-18T00:27:25.193+0000] {taskinstance.py:2648} INFO - Exporting env vars: AIRFLOW_CTX_DAG_OWNER='airflow' AIRFLOW_CTX_DAG_ID='query_dag_ironmale' AIRFLOW_CTX_TASK_ID='insert_data_inc' AIRFLOW_CTX_EXECUTION_DATE='2024-09-17T00:00:00+00:00' AIRFLOW_CTX_TRY_NUMBER='1' AIRFLOW_CTX_DAG_RUN_ID='scheduled__2024-09-17T00:00:00+00:00'
[2024-09-18T00:27:25.196+0000] {taskinstance.py:430} INFO - ::endgroup::
[2024-09-18T00:27:25.219+0000] {sql.py:282} INFO - Executing: insert into hive.ironmale.soul select * from sqlserver.dbo.soul  where hour = 22
[2024-09-18T00:27:25.419+0000] {base.py:84} INFO - Using connection ID 'my_trino_connection' for task execution.
[2024-09-18T00:27:25.429+0000] {base.py:84} INFO - Using connection ID 'my_trino_connection' for task execution.
[2024-09-18T00:27:25.452+0000] {base.py:84} INFO - Using connection ID 'my_trino_connection' for task execution.
[2024-09-18T00:27:25.958+0000] {sql.py:495} INFO - Running statement: insert into hive.ironmale.soul select * from sqlserver.dbo.soul  where hour = 22, parameters: None
[2024-09-18T00:28:59.700+0000] {sql.py:504} INFO - Rows affected: 2700
[2024-09-18T00:29:10.185+0000] {taskinstance.py:441} INFO - ::group::Post task execution logs
[2024-09-18T00:29:13.953+0000] {taskinstance.py:1206} INFO - Marking task as SUCCESS. dag_id=query_dag_ironmale, task_id=insert_data_inc, run_id=scheduled__2024-09-17T00:00:00+00:00, execution_date=20240917T000000, start_date=20240918T002717, end_date=20240918T002913
[2024-09-18T00:29:17.931+0000] {local_task_job_runner.py:243} INFO - Task exited with return code 0
[2024-09-18T00:29:18.042+0000] {logging_mixin.py:188} WARNING - /home/airflow/.local/lib/python3.12/site-packages/airflow/models/baseoperator.py:1297 AirflowProviderDeprecationWarning: Call to deprecated class TrinoOperator. (Please use `airflow.providers.common.sql.operators.sql.SQLExecuteQueryOperator`.)
[2024-09-18T00:29:18.170+0000] {taskinstance.py:3503} INFO - 1 downstream tasks scheduled from follow-on schedule check
[2024-09-18T00:29:18.775+0000] {local_task_job_runner.py:222} INFO - ::endgroup::
