[2024-10-14T01:00:11.850+0000] {local_task_job_runner.py:120} INFO - ::group::Pre task execution logs
[2024-10-14T01:00:16.311+0000] {taskinstance.py:2076} INFO - Dependencies all met for dep_context=non-requeueable deps ti=<TaskInstance: query_dag_ivy.insert_data_inc scheduled__2024-10-13T00:00:00+00:00 [queued]>
[2024-10-14T01:00:16.353+0000] {taskinstance.py:2076} INFO - Dependencies all met for dep_context=requeueable deps ti=<TaskInstance: query_dag_ivy.insert_data_inc scheduled__2024-10-13T00:00:00+00:00 [queued]>
[2024-10-14T01:00:17.521+0000] {taskinstance.py:2306} INFO - Starting attempt 1 of 2
[2024-10-14T01:00:23.101+0000] {taskinstance.py:2330} INFO - Executing <Task(TrinoOperator): insert_data_inc> on 2024-10-13 00:00:00+00:00
[2024-10-14T01:00:23.150+0000] {logging_mixin.py:188} WARNING - /home/airflow/.local/lib/python3.12/site-packages/airflow/task/task_runner/standard_task_runner.py:62 DeprecationWarning: This process (pid=208496) is multi-threaded, use of fork() may lead to deadlocks in the child.
[2024-10-14T01:00:23.188+0000] {standard_task_runner.py:64} INFO - Started process 208727 to run task
[2024-10-14T01:00:23.162+0000] {standard_task_runner.py:90} INFO - Running: ['airflow', 'tasks', 'run', 'query_dag_ivy', 'insert_data_inc', 'scheduled__2024-10-13T00:00:00+00:00', '--job-id', '1058', '--raw', '--subdir', 'DAGS_FOLDER/ivy.py', '--cfg-path', '/tmp/tmpdnss__a0']
[2024-10-14T01:00:23.190+0000] {standard_task_runner.py:91} INFO - Job 1058: Subtask insert_data_inc
[2024-10-14T01:00:27.567+0000] {logging_mixin.py:188} WARNING - /home/airflow/.local/lib/python3.12/site-packages/airflow/settings.py:195 DeprecationWarning: The sql_alchemy_conn option in [core] has been moved to the sql_alchemy_conn option in [database] - the old setting has been used, but please update your config.
[2024-10-14T01:00:27.905+0000] {task_command.py:426} INFO - Running <TaskInstance: query_dag_ivy.insert_data_inc scheduled__2024-10-13T00:00:00+00:00 [running]> on host 92783cd12528
[2024-10-14T01:00:27.914+0000] {logging_mixin.py:188} WARNING - /home/airflow/.local/lib/python3.12/site-packages/airflow/settings.py:356 DeprecationWarning: The sql_engine_encoding option in [core] has been moved to the sql_engine_encoding option in [database] - the old setting has been used, but please update your config.
[2024-10-14T01:00:30.861+0000] {logging_mixin.py:188} WARNING - /home/airflow/.local/lib/python3.12/site-packages/airflow/utils/log/secrets_masker.py:84 DeprecationWarning: The sensitive_variable_fields option in [admin] has been moved to the sensitive_var_conn_names option in [core] - the old setting has been used, but please update your config.
[2024-10-14T01:00:35.853+0000] {taskinstance.py:2648} INFO - Exporting env vars: AIRFLOW_CTX_DAG_OWNER='airflow' AIRFLOW_CTX_DAG_ID='query_dag_ivy' AIRFLOW_CTX_TASK_ID='insert_data_inc' AIRFLOW_CTX_EXECUTION_DATE='2024-10-13T00:00:00+00:00' AIRFLOW_CTX_TRY_NUMBER='1' AIRFLOW_CTX_DAG_RUN_ID='scheduled__2024-10-13T00:00:00+00:00'
[2024-10-14T01:00:36.367+0000] {taskinstance.py:430} INFO - ::endgroup::
[2024-10-14T01:00:36.439+0000] {sql.py:282} INFO - Executing: insert into hive.ivy.customer select *  from sqlserver.dbo.customer WHERE date = CAST('2023-11-25' AS DATE)
[2024-10-14T01:00:37.074+0000] {base.py:84} INFO - Using connection ID 'my_trino_connection' for task execution.
[2024-10-14T01:00:37.451+0000] {base.py:84} INFO - Using connection ID 'my_trino_connection' for task execution.
[2024-10-14T01:00:37.545+0000] {base.py:84} INFO - Using connection ID 'my_trino_connection' for task execution.
[2024-10-14T01:00:37.555+0000] {sql.py:495} INFO - Running statement: insert into hive.ivy.customer select *  from sqlserver.dbo.customer WHERE date = CAST('2023-11-25' AS DATE), parameters: None
[2024-10-14T01:01:31.281+0000] {sql.py:504} INFO - Rows affected: 4
[2024-10-14T01:01:36.997+0000] {taskinstance.py:441} INFO - ::group::Post task execution logs
[2024-10-14T01:01:41.609+0000] {taskinstance.py:1206} INFO - Marking task as SUCCESS. dag_id=query_dag_ivy, task_id=insert_data_inc, run_id=scheduled__2024-10-13T00:00:00+00:00, execution_date=20241013T000000, start_date=20241014T010016, end_date=20241014T010141
[2024-10-14T01:01:53.702+0000] {local_task_job_runner.py:243} INFO - Task exited with return code 0
[2024-10-14T01:01:53.756+0000] {logging_mixin.py:188} WARNING - /home/airflow/.local/lib/python3.12/site-packages/airflow/models/baseoperator.py:1297 AirflowProviderDeprecationWarning: Call to deprecated class TrinoOperator. (Please use `airflow.providers.common.sql.operators.sql.SQLExecuteQueryOperator`.)
[2024-10-14T01:01:53.787+0000] {taskinstance.py:3503} INFO - 1 downstream tasks scheduled from follow-on schedule check
[2024-10-14T01:02:00.462+0000] {local_task_job_runner.py:222} INFO - ::endgroup::
