[2024-09-16T01:56:01.371+0000] {local_task_job_runner.py:120} INFO - ::group::Pre task execution logs
[2024-09-16T01:56:01.694+0000] {taskinstance.py:2076} INFO - Dependencies all met for dep_context=non-requeueable deps ti=<TaskInstance: query_dag_iron.insert_data_inc manual__2024-09-16T01:55:52.158060+00:00 [queued]>
[2024-09-16T01:56:01.773+0000] {taskinstance.py:2076} INFO - Dependencies all met for dep_context=requeueable deps ti=<TaskInstance: query_dag_iron.insert_data_inc manual__2024-09-16T01:55:52.158060+00:00 [queued]>
[2024-09-16T01:56:01.782+0000] {taskinstance.py:2306} INFO - Starting attempt 1 of 2
[2024-09-16T01:56:02.006+0000] {taskinstance.py:2330} INFO - Executing <Task(TrinoOperator): insert_data_inc> on 2024-09-16 01:55:52.158060+00:00
[2024-09-16T01:56:02.034+0000] {logging_mixin.py:188} WARNING - /home/airflow/.local/lib/python3.12/site-packages/airflow/task/task_runner/standard_task_runner.py:62 DeprecationWarning: This process (pid=10651) is multi-threaded, use of fork() may lead to deadlocks in the child.
[2024-09-16T01:56:02.046+0000] {standard_task_runner.py:64} INFO - Started process 10681 to run task
[2024-09-16T01:56:02.044+0000] {standard_task_runner.py:90} INFO - Running: ['airflow', 'tasks', 'run', 'query_dag_iron', 'insert_data_inc', 'manual__2024-09-16T01:55:52.158060+00:00', '--job-id', '229', '--raw', '--subdir', 'DAGS_FOLDER/iron.py', '--cfg-path', '/tmp/tmp72tumsb9']
[2024-09-16T01:56:02.078+0000] {standard_task_runner.py:91} INFO - Job 229: Subtask insert_data_inc
[2024-09-16T01:56:02.174+0000] {logging_mixin.py:188} WARNING - /home/airflow/.local/lib/python3.12/site-packages/airflow/settings.py:195 DeprecationWarning: The sql_alchemy_conn option in [core] has been moved to the sql_alchemy_conn option in [database] - the old setting has been used, but please update your config.
[2024-09-16T01:56:02.722+0000] {task_command.py:426} INFO - Running <TaskInstance: query_dag_iron.insert_data_inc manual__2024-09-16T01:55:52.158060+00:00 [running]> on host 92783cd12528
[2024-09-16T01:56:03.096+0000] {logging_mixin.py:188} WARNING - /home/airflow/.local/lib/python3.12/site-packages/airflow/utils/log/secrets_masker.py:84 DeprecationWarning: The sensitive_variable_fields option in [admin] has been moved to the sensitive_var_conn_names option in [core] - the old setting has been used, but please update your config.
[2024-09-16T01:56:03.334+0000] {taskinstance.py:2648} INFO - Exporting env vars: AIRFLOW_CTX_DAG_OWNER='airflow' AIRFLOW_CTX_DAG_ID='query_dag_iron' AIRFLOW_CTX_TASK_ID='insert_data_inc' AIRFLOW_CTX_EXECUTION_DATE='2024-09-16T01:55:52.158060+00:00' AIRFLOW_CTX_TRY_NUMBER='1' AIRFLOW_CTX_DAG_RUN_ID='manual__2024-09-16T01:55:52.158060+00:00'
[2024-09-16T01:56:03.343+0000] {taskinstance.py:430} INFO - ::endgroup::
[2024-09-16T01:56:03.417+0000] {sql.py:282} INFO - Executing: insert into hive.iron.customer select *  from sqlserver.dbo.soul
[2024-09-16T01:56:03.503+0000] {base.py:84} INFO - Using connection ID 'my_trino_connection' for task execution.
[2024-09-16T01:56:03.531+0000] {base.py:84} INFO - Using connection ID 'my_trino_connection' for task execution.
[2024-09-16T01:56:03.628+0000] {base.py:84} INFO - Using connection ID 'my_trino_connection' for task execution.
[2024-09-16T01:56:03.644+0000] {sql.py:495} INFO - Running statement: insert into hive.iron.customer select *  from sqlserver.dbo.soul, parameters: None
[2024-09-16T01:56:36.516+0000] {sql.py:504} INFO - Rows affected: 65535
[2024-09-16T01:56:37.335+0000] {taskinstance.py:441} INFO - ::group::Post task execution logs
[2024-09-16T01:56:37.526+0000] {taskinstance.py:1206} INFO - Marking task as SUCCESS. dag_id=query_dag_iron, task_id=insert_data_inc, run_id=manual__2024-09-16T01:55:52.158060+00:00, execution_date=20240916T015552, start_date=20240916T015601, end_date=20240916T015637
[2024-09-16T01:56:37.713+0000] {local_task_job_runner.py:243} INFO - Task exited with return code 0
[2024-09-16T01:56:37.740+0000] {logging_mixin.py:188} WARNING - /home/airflow/.local/lib/python3.12/site-packages/airflow/models/baseoperator.py:1297 AirflowProviderDeprecationWarning: Call to deprecated class TrinoOperator. (Please use `airflow.providers.common.sql.operators.sql.SQLExecuteQueryOperator`.)
[2024-09-16T01:56:38.007+0000] {taskinstance.py:3503} INFO - 1 downstream tasks scheduled from follow-on schedule check
[2024-09-16T01:56:38.024+0000] {local_task_job_runner.py:222} INFO - ::endgroup::
