[2024-08-28T00:49:36.566+0000] {local_task_job_runner.py:120} INFO - ::group::Pre task execution logs
[2024-08-28T00:49:37.090+0000] {taskinstance.py:2076} INFO - Dependencies all met for dep_context=non-requeueable deps ti=<TaskInstance: trino_query_dag_irene.print_start scheduled__2024-08-27T11:00:00+00:00 [queued]>
[2024-08-28T00:49:37.402+0000] {taskinstance.py:2076} INFO - Dependencies all met for dep_context=requeueable deps ti=<TaskInstance: trino_query_dag_irene.print_start scheduled__2024-08-27T11:00:00+00:00 [queued]>
[2024-08-28T00:49:42.940+0000] {taskinstance.py:2306} INFO - Starting attempt 1 of 2
[2024-08-28T00:49:47.067+0000] {taskinstance.py:2330} INFO - Executing <Task(PythonOperator): print_start> on 2024-08-27 11:00:00+00:00
[2024-08-28T00:49:47.128+0000] {standard_task_runner.py:90} INFO - Running: ['airflow', 'tasks', 'run', 'trino_query_dag_irene', 'print_start', 'scheduled__2024-08-27T11:00:00+00:00', '--job-id', '518', '--raw', '--subdir', 'DAGS_FOLDER/irene.py', '--cfg-path', '/tmp/tmpslva3idd']
[2024-08-28T00:49:47.143+0000] {standard_task_runner.py:91} INFO - Job 518: Subtask print_start
[2024-08-28T00:49:47.167+0000] {logging_mixin.py:188} WARNING - /home/airflow/.local/lib/python3.12/site-packages/airflow/task/task_runner/standard_task_runner.py:62 DeprecationWarning: This process (pid=21641) is multi-threaded, use of fork() may lead to deadlocks in the child.
[2024-08-28T00:49:47.171+0000] {standard_task_runner.py:64} INFO - Started process 21673 to run task
[2024-08-28T00:49:50.166+0000] {logging_mixin.py:188} WARNING - /home/airflow/.local/lib/python3.12/site-packages/airflow/settings.py:195 DeprecationWarning: The sql_alchemy_conn option in [core] has been moved to the sql_alchemy_conn option in [database] - the old setting has been used, but please update your config.
[2024-08-28T00:49:50.233+0000] {task_command.py:426} INFO - Running <TaskInstance: trino_query_dag_irene.print_start scheduled__2024-08-27T11:00:00+00:00 [running]> on host b476143e3d64
[2024-08-28T00:49:55.315+0000] {taskinstance.py:2648} INFO - Exporting env vars: AIRFLOW_CTX_DAG_OWNER='airflow' AIRFLOW_CTX_DAG_ID='trino_query_dag_irene' AIRFLOW_CTX_TASK_ID='print_start' AIRFLOW_CTX_EXECUTION_DATE='2024-08-27T11:00:00+00:00' AIRFLOW_CTX_TRY_NUMBER='1' AIRFLOW_CTX_DAG_RUN_ID='scheduled__2024-08-27T11:00:00+00:00'
[2024-08-28T00:49:55.316+0000] {taskinstance.py:430} INFO - ::endgroup::
[2024-08-28T00:49:55.348+0000] {logging_mixin.py:188} INFO - Start of DAG execution
[2024-08-28T00:49:55.349+0000] {python.py:237} INFO - Done. Returned value was: None
[2024-08-28T00:49:55.365+0000] {taskinstance.py:441} INFO - ::group::Post task execution logs
[2024-08-28T00:49:55.390+0000] {taskinstance.py:1206} INFO - Marking task as SUCCESS. dag_id=trino_query_dag_irene, task_id=print_start, run_id=scheduled__2024-08-27T11:00:00+00:00, execution_date=20240827T110000, start_date=20240828T004937, end_date=20240828T004955
[2024-08-28T00:49:57.694+0000] {local_task_job_runner.py:243} INFO - Task exited with return code 0
[2024-08-28T00:49:57.752+0000] {logging_mixin.py:188} WARNING - /home/airflow/.local/lib/python3.12/site-packages/airflow/models/baseoperator.py:1297 AirflowProviderDeprecationWarning: Call to deprecated class TrinoOperator. (Please use `airflow.providers.common.sql.operators.sql.SQLExecuteQueryOperator`.)
[2024-08-28T00:49:57.788+0000] {taskinstance.py:3503} INFO - 1 downstream tasks scheduled from follow-on schedule check
[2024-08-28T00:50:00.366+0000] {local_task_job_runner.py:222} INFO - ::endgroup::
