[2024-08-30T09:06:10.936+0000] {local_task_job_runner.py:120} INFO - ::group::Pre task execution logs
[2024-08-30T09:06:10.980+0000] {taskinstance.py:2076} INFO - Dependencies all met for dep_context=non-requeueable deps ti=<TaskInstance: trino_query_dag_irene.print_end manual__2024-08-30T09:06:00.060924+00:00 [queued]>
[2024-08-30T09:06:10.991+0000] {taskinstance.py:2076} INFO - Dependencies all met for dep_context=requeueable deps ti=<TaskInstance: trino_query_dag_irene.print_end manual__2024-08-30T09:06:00.060924+00:00 [queued]>
[2024-08-30T09:06:10.992+0000] {taskinstance.py:2306} INFO - Starting attempt 1 of 2
[2024-08-30T09:06:11.011+0000] {taskinstance.py:2330} INFO - Executing <Task(PythonOperator): print_end> on 2024-08-30 09:06:00.060924+00:00
[2024-08-30T09:06:11.019+0000] {standard_task_runner.py:90} INFO - Running: ['airflow', 'tasks', 'run', 'trino_query_dag_irene', 'print_end', 'manual__2024-08-30T09:06:00.060924+00:00', '--job-id', '1013', '--raw', '--subdir', 'DAGS_FOLDER/irene.py', '--cfg-path', '/tmp/tmpnyw55axc']
[2024-08-30T09:06:11.022+0000] {standard_task_runner.py:91} INFO - Job 1013: Subtask print_end
[2024-08-30T09:06:11.022+0000] {logging_mixin.py:188} WARNING - /home/airflow/.local/lib/python3.12/site-packages/airflow/task/task_runner/standard_task_runner.py:62 DeprecationWarning: This process (pid=15982) is multi-threaded, use of fork() may lead to deadlocks in the child.
[2024-08-30T09:06:11.023+0000] {standard_task_runner.py:64} INFO - Started process 15983 to run task
[2024-08-30T09:06:11.044+0000] {logging_mixin.py:188} WARNING - /home/airflow/.local/lib/python3.12/site-packages/airflow/settings.py:195 DeprecationWarning: The sql_alchemy_conn option in [core] has been moved to the sql_alchemy_conn option in [database] - the old setting has been used, but please update your config.
[2024-08-30T09:06:11.090+0000] {task_command.py:426} INFO - Running <TaskInstance: trino_query_dag_irene.print_end manual__2024-08-30T09:06:00.060924+00:00 [running]> on host b476143e3d64
[2024-08-30T09:06:11.211+0000] {taskinstance.py:2648} INFO - Exporting env vars: AIRFLOW_CTX_DAG_OWNER='airflow' AIRFLOW_CTX_DAG_ID='trino_query_dag_irene' AIRFLOW_CTX_TASK_ID='print_end' AIRFLOW_CTX_EXECUTION_DATE='2024-08-30T09:06:00.060924+00:00' AIRFLOW_CTX_TRY_NUMBER='1' AIRFLOW_CTX_DAG_RUN_ID='manual__2024-08-30T09:06:00.060924+00:00'
[2024-08-30T09:06:11.212+0000] {taskinstance.py:430} INFO - ::endgroup::
[2024-08-30T09:06:11.228+0000] {logging_mixin.py:188} INFO - End of DAG execution
[2024-08-30T09:06:11.229+0000] {python.py:237} INFO - Done. Returned value was: None
[2024-08-30T09:06:11.230+0000] {taskinstance.py:441} INFO - ::group::Post task execution logs
[2024-08-30T09:06:11.242+0000] {taskinstance.py:1206} INFO - Marking task as SUCCESS. dag_id=trino_query_dag_irene, task_id=print_end, run_id=manual__2024-08-30T09:06:00.060924+00:00, execution_date=20240830T090600, start_date=20240830T090610, end_date=20240830T090611
[2024-08-30T09:06:11.278+0000] {local_task_job_runner.py:243} INFO - Task exited with return code 0
[2024-08-30T09:06:11.301+0000] {taskinstance.py:3503} INFO - 0 downstream tasks scheduled from follow-on schedule check
[2024-08-30T09:06:11.305+0000] {local_task_job_runner.py:222} INFO - ::endgroup::
