[2024-09-04T01:30:14.380+0000] {local_task_job_runner.py:120} INFO - ::group::Pre task execution logs
[2024-09-04T01:30:14.508+0000] {taskinstance.py:2076} INFO - Dependencies all met for dep_context=non-requeueable deps ti=<TaskInstance: trino_query_dag_ivory.insert_data_inc scheduled__2024-09-03T00:00:00+00:00 [queued]>
[2024-09-04T01:30:14.524+0000] {taskinstance.py:2076} INFO - Dependencies all met for dep_context=requeueable deps ti=<TaskInstance: trino_query_dag_ivory.insert_data_inc scheduled__2024-09-03T00:00:00+00:00 [queued]>
[2024-09-04T01:30:14.527+0000] {taskinstance.py:2306} INFO - Starting attempt 2 of 2
[2024-09-04T01:30:14.579+0000] {taskinstance.py:2330} INFO - Executing <Task(TrinoOperator): insert_data_inc> on 2024-09-03 00:00:00+00:00
[2024-09-04T01:30:14.586+0000] {logging_mixin.py:188} WARNING - /home/airflow/.local/lib/python3.12/site-packages/airflow/task/task_runner/standard_task_runner.py:62 DeprecationWarning: This process (pid=575) is multi-threaded, use of fork() may lead to deadlocks in the child.
[2024-09-04T01:30:14.588+0000] {standard_task_runner.py:64} INFO - Started process 590 to run task
[2024-09-04T01:30:14.609+0000] {standard_task_runner.py:90} INFO - Running: ['airflow', 'tasks', 'run', 'trino_query_dag_ivory', 'insert_data_inc', 'scheduled__2024-09-03T00:00:00+00:00', '--job-id', '1054', '--raw', '--subdir', 'DAGS_FOLDER/ivory.py', '--cfg-path', '/tmp/tmpzy7p803p']
[2024-09-04T01:30:14.626+0000] {standard_task_runner.py:91} INFO - Job 1054: Subtask insert_data_inc
[2024-09-04T01:30:14.681+0000] {logging_mixin.py:188} WARNING - /home/airflow/.local/lib/python3.12/site-packages/airflow/settings.py:195 DeprecationWarning: The sql_alchemy_conn option in [core] has been moved to the sql_alchemy_conn option in [database] - the old setting has been used, but please update your config.
[2024-09-04T01:30:14.754+0000] {task_command.py:426} INFO - Running <TaskInstance: trino_query_dag_ivory.insert_data_inc scheduled__2024-09-03T00:00:00+00:00 [running]> on host b476143e3d64
[2024-09-04T01:30:14.909+0000] {taskinstance.py:2648} INFO - Exporting env vars: AIRFLOW_CTX_DAG_OWNER='airflow' AIRFLOW_CTX_DAG_ID='trino_query_dag_ivory' AIRFLOW_CTX_TASK_ID='insert_data_inc' AIRFLOW_CTX_EXECUTION_DATE='2024-09-03T00:00:00+00:00' AIRFLOW_CTX_TRY_NUMBER='2' AIRFLOW_CTX_DAG_RUN_ID='scheduled__2024-09-03T00:00:00+00:00'
[2024-09-04T01:30:14.915+0000] {taskinstance.py:430} INFO - ::endgroup::
[2024-09-04T01:30:14.950+0000] {sql.py:282} INFO - Executing: insert into hive.ivory.customer select *  from sqlserver.dbo.customer
[2024-09-04T01:30:15.014+0000] {base.py:84} INFO - Using connection ID 'my_trino_connection' for task execution.
[2024-09-04T01:30:15.046+0000] {base.py:84} INFO - Using connection ID 'my_trino_connection' for task execution.
[2024-09-04T01:30:15.089+0000] {base.py:84} INFO - Using connection ID 'my_trino_connection' for task execution.
[2024-09-04T01:30:15.096+0000] {sql.py:495} INFO - Running statement: insert into hive.ivory.customer select *  from sqlserver.dbo.customer, parameters: None
[2024-09-04T01:30:22.875+0000] {sql.py:504} INFO - Rows affected: 13
[2024-09-04T01:30:24.365+0000] {taskinstance.py:441} INFO - ::group::Post task execution logs
[2024-09-04T01:30:24.442+0000] {taskinstance.py:1206} INFO - Marking task as SUCCESS. dag_id=trino_query_dag_ivory, task_id=insert_data_inc, run_id=scheduled__2024-09-03T00:00:00+00:00, execution_date=20240903T000000, start_date=20240904T013014, end_date=20240904T013024
[2024-09-04T01:30:24.568+0000] {local_task_job_runner.py:243} INFO - Task exited with return code 0
[2024-09-04T01:30:24.605+0000] {logging_mixin.py:188} WARNING - /home/airflow/.local/lib/python3.12/site-packages/airflow/models/baseoperator.py:1297 AirflowProviderDeprecationWarning: Call to deprecated class TrinoOperator. (Please use `airflow.providers.common.sql.operators.sql.SQLExecuteQueryOperator`.)
[2024-09-04T01:30:24.626+0000] {taskinstance.py:3503} INFO - 1 downstream tasks scheduled from follow-on schedule check
[2024-09-04T01:30:24.637+0000] {local_task_job_runner.py:222} INFO - ::endgroup::
