[2024-09-20T01:00:10.644+0000] {local_task_job_runner.py:120} INFO - ::group::Pre task execution logs
[2024-09-20T01:00:10.727+0000] {taskinstance.py:2076} INFO - Dependencies all met for dep_context=non-requeueable deps ti=<TaskInstance: query_dag.print_end scheduled__2024-09-19T00:00:00+00:00 [queued]>
[2024-09-20T01:00:10.741+0000] {taskinstance.py:2076} INFO - Dependencies all met for dep_context=requeueable deps ti=<TaskInstance: query_dag.print_end scheduled__2024-09-19T00:00:00+00:00 [queued]>
[2024-09-20T01:00:10.922+0000] {taskinstance.py:2306} INFO - Starting attempt 1 of 2
[2024-09-20T01:00:12.681+0000] {taskinstance.py:2330} INFO - Executing <Task(PythonOperator): print_end> on 2024-09-19 00:00:00+00:00
[2024-09-20T01:00:12.716+0000] {logging_mixin.py:188} WARNING - /home/airflow/.local/lib/python3.12/site-packages/airflow/task/task_runner/standard_task_runner.py:62 DeprecationWarning: This process (pid=45504) is multi-threaded, use of fork() may lead to deadlocks in the child.
[2024-09-20T01:00:12.731+0000] {standard_task_runner.py:90} INFO - Running: ['airflow', 'tasks', 'run', 'query_dag', 'print_end', 'scheduled__2024-09-19T00:00:00+00:00', '--job-id', '364', '--raw', '--subdir', 'DAGS_FOLDER/test.py', '--cfg-path', '/tmp/tmpxk5b94mp']
[2024-09-20T01:00:12.760+0000] {standard_task_runner.py:91} INFO - Job 364: Subtask print_end
[2024-09-20T01:00:12.744+0000] {standard_task_runner.py:64} INFO - Started process 45550 to run task
[2024-09-20T01:00:14.055+0000] {logging_mixin.py:188} WARNING - /home/airflow/.local/lib/python3.12/site-packages/airflow/settings.py:195 DeprecationWarning: The sql_alchemy_conn option in [core] has been moved to the sql_alchemy_conn option in [database] - the old setting has been used, but please update your config.
[2024-09-20T01:00:14.175+0000] {task_command.py:426} INFO - Running <TaskInstance: query_dag.print_end scheduled__2024-09-19T00:00:00+00:00 [running]> on host 92783cd12528
[2024-09-20T01:00:14.190+0000] {logging_mixin.py:188} WARNING - /home/airflow/.local/lib/python3.12/site-packages/airflow/settings.py:356 DeprecationWarning: The sql_engine_encoding option in [core] has been moved to the sql_engine_encoding option in [database] - the old setting has been used, but please update your config.
[2024-09-20T01:00:14.621+0000] {logging_mixin.py:188} WARNING - /home/airflow/.local/lib/python3.12/site-packages/airflow/utils/log/secrets_masker.py:84 DeprecationWarning: The sensitive_variable_fields option in [admin] has been moved to the sensitive_var_conn_names option in [core] - the old setting has been used, but please update your config.
[2024-09-20T01:00:17.639+0000] {taskinstance.py:2648} INFO - Exporting env vars: AIRFLOW_CTX_DAG_OWNER='airflow' AIRFLOW_CTX_DAG_ID='query_dag' AIRFLOW_CTX_TASK_ID='print_end' AIRFLOW_CTX_EXECUTION_DATE='2024-09-19T00:00:00+00:00' AIRFLOW_CTX_TRY_NUMBER='1' AIRFLOW_CTX_DAG_RUN_ID='scheduled__2024-09-19T00:00:00+00:00'
[2024-09-20T01:00:17.662+0000] {taskinstance.py:430} INFO - ::endgroup::
[2024-09-20T01:00:17.720+0000] {logging_mixin.py:188} INFO - End of DAG execution
[2024-09-20T01:00:17.726+0000] {python.py:237} INFO - Done. Returned value was: None
[2024-09-20T01:00:17.727+0000] {taskinstance.py:441} INFO - ::group::Post task execution logs
[2024-09-20T01:00:17.752+0000] {taskinstance.py:1206} INFO - Marking task as SUCCESS. dag_id=query_dag, task_id=print_end, run_id=scheduled__2024-09-19T00:00:00+00:00, execution_date=20240919T000000, start_date=20240920T010010, end_date=20240920T010017
[2024-09-20T01:00:18.533+0000] {local_task_job_runner.py:243} INFO - Task exited with return code 0
[2024-09-20T01:00:18.629+0000] {taskinstance.py:3503} INFO - 0 downstream tasks scheduled from follow-on schedule check
[2024-09-20T01:00:18.674+0000] {local_task_job_runner.py:222} INFO - ::endgroup::
