[2024-09-30T00:00:04.631+0000] {local_task_job_runner.py:120} INFO - ::group::Pre task execution logs
[2024-09-30T00:00:04.780+0000] {taskinstance.py:2076} INFO - Dependencies all met for dep_context=non-requeueable deps ti=<TaskInstance: query_dag_ivory.insert_data_inc scheduled__2024-09-29T00:00:00+00:00 [queued]>
[2024-09-30T00:00:04.832+0000] {taskinstance.py:2076} INFO - Dependencies all met for dep_context=requeueable deps ti=<TaskInstance: query_dag_ivory.insert_data_inc scheduled__2024-09-29T00:00:00+00:00 [queued]>
[2024-09-30T00:00:04.837+0000] {taskinstance.py:2306} INFO - Starting attempt 1 of 2
[2024-09-30T00:00:04.912+0000] {taskinstance.py:2330} INFO - Executing <Task(TrinoOperator): insert_data_inc> on 2024-09-29 00:00:00+00:00
[2024-09-30T00:00:04.956+0000] {logging_mixin.py:188} WARNING - /home/airflow/.local/lib/python3.12/site-packages/airflow/task/task_runner/standard_task_runner.py:62 DeprecationWarning: This process (pid=95677) is multi-threaded, use of fork() may lead to deadlocks in the child.
[2024-09-30T00:00:04.969+0000] {standard_task_runner.py:64} INFO - Started process 95698 to run task
[2024-09-30T00:00:04.971+0000] {standard_task_runner.py:90} INFO - Running: ['airflow', 'tasks', 'run', 'query_dag_ivory', 'insert_data_inc', 'scheduled__2024-09-29T00:00:00+00:00', '--job-id', '907', '--raw', '--subdir', 'DAGS_FOLDER/ivory.py', '--cfg-path', '/tmp/tmp1im6kajo']
[2024-09-30T00:00:04.978+0000] {standard_task_runner.py:91} INFO - Job 907: Subtask insert_data_inc
[2024-09-30T00:00:05.056+0000] {logging_mixin.py:188} WARNING - /home/airflow/.local/lib/python3.12/site-packages/airflow/settings.py:195 DeprecationWarning: The sql_alchemy_conn option in [core] has been moved to the sql_alchemy_conn option in [database] - the old setting has been used, but please update your config.
[2024-09-30T00:00:05.263+0000] {task_command.py:426} INFO - Running <TaskInstance: query_dag_ivory.insert_data_inc scheduled__2024-09-29T00:00:00+00:00 [running]> on host 92783cd12528
[2024-09-30T00:00:05.271+0000] {logging_mixin.py:188} WARNING - /home/airflow/.local/lib/python3.12/site-packages/airflow/settings.py:356 DeprecationWarning: The sql_engine_encoding option in [core] has been moved to the sql_engine_encoding option in [database] - the old setting has been used, but please update your config.
[2024-09-30T00:00:05.580+0000] {logging_mixin.py:188} WARNING - /home/airflow/.local/lib/python3.12/site-packages/airflow/utils/log/secrets_masker.py:84 DeprecationWarning: The sensitive_variable_fields option in [admin] has been moved to the sensitive_var_conn_names option in [core] - the old setting has been used, but please update your config.
[2024-09-30T00:00:05.660+0000] {taskinstance.py:2648} INFO - Exporting env vars: AIRFLOW_CTX_DAG_OWNER='airflow' AIRFLOW_CTX_DAG_ID='query_dag_ivory' AIRFLOW_CTX_TASK_ID='insert_data_inc' AIRFLOW_CTX_EXECUTION_DATE='2024-09-29T00:00:00+00:00' AIRFLOW_CTX_TRY_NUMBER='1' AIRFLOW_CTX_DAG_RUN_ID='scheduled__2024-09-29T00:00:00+00:00'
[2024-09-30T00:00:05.662+0000] {taskinstance.py:430} INFO - ::endgroup::
[2024-09-30T00:00:05.712+0000] {sql.py:282} INFO - Executing: insert into hive.ivory.customer select *  from sqlserver.dbo.customer
[2024-09-30T00:00:05.754+0000] {base.py:84} INFO - Using connection ID 'my_trino_connection' for task execution.
[2024-09-30T00:00:05.860+0000] {base.py:84} INFO - Using connection ID 'my_trino_connection' for task execution.
[2024-09-30T00:00:05.882+0000] {base.py:84} INFO - Using connection ID 'my_trino_connection' for task execution.
[2024-09-30T00:00:05.897+0000] {sql.py:495} INFO - Running statement: insert into hive.ivory.customer select *  from sqlserver.dbo.customer, parameters: None
[2024-09-30T00:00:09.305+0000] {sql.py:504} INFO - Rows affected: 13
[2024-09-30T00:00:09.930+0000] {taskinstance.py:441} INFO - ::group::Post task execution logs
[2024-09-30T00:00:10.035+0000] {taskinstance.py:1206} INFO - Marking task as SUCCESS. dag_id=query_dag_ivory, task_id=insert_data_inc, run_id=scheduled__2024-09-29T00:00:00+00:00, execution_date=20240929T000000, start_date=20240930T000004, end_date=20240930T000010
[2024-09-30T00:00:10.197+0000] {local_task_job_runner.py:243} INFO - Task exited with return code 0
[2024-09-30T00:00:10.216+0000] {local_task_job_runner.py:222} INFO - ::endgroup::
