[2024-09-13T00:00:05.831+0000] {local_task_job_runner.py:120} INFO - ::group::Pre task execution logs
[2024-09-13T00:00:05.914+0000] {taskinstance.py:2076} INFO - Dependencies all met for dep_context=non-requeueable deps ti=<TaskInstance: trino_query_dag.insert_data_inc scheduled__2024-09-12T00:00:00+00:00 [queued]>
[2024-09-13T00:00:05.933+0000] {taskinstance.py:2076} INFO - Dependencies all met for dep_context=requeueable deps ti=<TaskInstance: trino_query_dag.insert_data_inc scheduled__2024-09-12T00:00:00+00:00 [queued]>
[2024-09-13T00:00:05.935+0000] {taskinstance.py:2306} INFO - Starting attempt 1 of 2
[2024-09-13T00:00:05.996+0000] {taskinstance.py:2330} INFO - Executing <Task(TrinoOperator): insert_data_inc> on 2024-09-12 00:00:00+00:00
[2024-09-13T00:00:06.006+0000] {logging_mixin.py:188} WARNING - /home/airflow/.local/lib/python3.12/site-packages/airflow/task/task_runner/standard_task_runner.py:62 DeprecationWarning: This process (pid=58713) is multi-threaded, use of fork() may lead to deadlocks in the child.
[2024-09-13T00:00:06.013+0000] {standard_task_runner.py:64} INFO - Started process 58723 to run task
[2024-09-13T00:00:06.047+0000] {standard_task_runner.py:90} INFO - Running: ['airflow', 'tasks', 'run', 'trino_query_dag', 'insert_data_inc', 'scheduled__2024-09-12T00:00:00+00:00', '--job-id', '189', '--raw', '--subdir', 'DAGS_FOLDER/test.py', '--cfg-path', '/tmp/tmpznbu2ash']
[2024-09-13T00:00:06.070+0000] {standard_task_runner.py:91} INFO - Job 189: Subtask insert_data_inc
[2024-09-13T00:00:06.116+0000] {logging_mixin.py:188} WARNING - /home/airflow/.local/lib/python3.12/site-packages/airflow/settings.py:195 DeprecationWarning: The sql_alchemy_conn option in [core] has been moved to the sql_alchemy_conn option in [database] - the old setting has been used, but please update your config.
[2024-09-13T00:00:06.203+0000] {task_command.py:426} INFO - Running <TaskInstance: trino_query_dag.insert_data_inc scheduled__2024-09-12T00:00:00+00:00 [running]> on host 92783cd12528
[2024-09-13T00:00:06.207+0000] {logging_mixin.py:188} WARNING - /home/airflow/.local/lib/python3.12/site-packages/airflow/settings.py:356 DeprecationWarning: The sql_engine_encoding option in [core] has been moved to the sql_engine_encoding option in [database] - the old setting has been used, but please update your config.
[2024-09-13T00:00:06.465+0000] {logging_mixin.py:188} WARNING - /home/airflow/.local/lib/python3.12/site-packages/airflow/utils/log/secrets_masker.py:84 DeprecationWarning: The sensitive_variable_fields option in [admin] has been moved to the sensitive_var_conn_names option in [core] - the old setting has been used, but please update your config.
[2024-09-13T00:00:06.542+0000] {taskinstance.py:2648} INFO - Exporting env vars: AIRFLOW_CTX_DAG_OWNER='airflow' AIRFLOW_CTX_DAG_ID='trino_query_dag' AIRFLOW_CTX_TASK_ID='insert_data_inc' AIRFLOW_CTX_EXECUTION_DATE='2024-09-12T00:00:00+00:00' AIRFLOW_CTX_TRY_NUMBER='1' AIRFLOW_CTX_DAG_RUN_ID='scheduled__2024-09-12T00:00:00+00:00'
[2024-09-13T00:00:06.545+0000] {taskinstance.py:430} INFO - ::endgroup::
[2024-09-13T00:00:06.662+0000] {sql.py:282} INFO - Executing: insert into hive.test.nganhangso select * from sqlserver.dbo.nganhangso where date_format(d_date_time, '%Y%m%d') = '20240627'
[2024-09-13T00:00:06.735+0000] {base.py:84} INFO - Using connection ID 'my_trino_connection' for task execution.
[2024-09-13T00:00:06.787+0000] {base.py:84} INFO - Using connection ID 'my_trino_connection' for task execution.
[2024-09-13T00:00:06.813+0000] {base.py:84} INFO - Using connection ID 'my_trino_connection' for task execution.
[2024-09-13T00:00:07.340+0000] {sql.py:495} INFO - Running statement: insert into hive.test.nganhangso select * from sqlserver.dbo.nganhangso where date_format(d_date_time, '%Y%m%d') = '20240627', parameters: None
[2024-09-13T00:00:19.685+0000] {sql.py:504} INFO - Rows affected: 3490
[2024-09-13T00:00:26.495+0000] {taskinstance.py:441} INFO - ::group::Post task execution logs
[2024-09-13T00:00:26.579+0000] {taskinstance.py:1206} INFO - Marking task as SUCCESS. dag_id=trino_query_dag, task_id=insert_data_inc, run_id=scheduled__2024-09-12T00:00:00+00:00, execution_date=20240912T000000, start_date=20240913T000005, end_date=20240913T000026
[2024-09-13T00:00:26.792+0000] {local_task_job_runner.py:243} INFO - Task exited with return code 0
[2024-09-13T00:00:26.806+0000] {logging_mixin.py:188} WARNING - /home/airflow/.local/lib/python3.12/site-packages/airflow/models/baseoperator.py:1297 AirflowProviderDeprecationWarning: Call to deprecated class TrinoOperator. (Please use `airflow.providers.common.sql.operators.sql.SQLExecuteQueryOperator`.)
[2024-09-13T00:00:26.847+0000] {taskinstance.py:3503} INFO - 1 downstream tasks scheduled from follow-on schedule check
[2024-09-13T00:00:26.858+0000] {local_task_job_runner.py:222} INFO - ::endgroup::
