[2024-10-23T00:00:03.940+0000] {local_task_job_runner.py:120} INFO - ::group::Pre task execution logs
[2024-10-23T00:00:04.089+0000] {taskinstance.py:2076} INFO - Dependencies all met for dep_context=non-requeueable deps ti=<TaskInstance: query_dag_ipie.insert_data_inc scheduled__2024-10-22T00:00:00+00:00 [queued]>
[2024-10-23T00:00:04.101+0000] {taskinstance.py:2076} INFO - Dependencies all met for dep_context=requeueable deps ti=<TaskInstance: query_dag_ipie.insert_data_inc scheduled__2024-10-22T00:00:00+00:00 [queued]>
[2024-10-23T00:00:04.102+0000] {taskinstance.py:2306} INFO - Starting attempt 1 of 2
[2024-10-23T00:00:04.152+0000] {taskinstance.py:2330} INFO - Executing <Task(TrinoOperator): insert_data_inc> on 2024-10-22 00:00:00+00:00
[2024-10-23T00:00:04.171+0000] {logging_mixin.py:188} WARNING - /home/airflow/.local/lib/python3.12/site-packages/airflow/task/task_runner/standard_task_runner.py:62 DeprecationWarning: This process (pid=89159) is multi-threaded, use of fork() may lead to deadlocks in the child.
[2024-10-23T00:00:04.173+0000] {standard_task_runner.py:64} INFO - Started process 89186 to run task
[2024-10-23T00:00:04.178+0000] {standard_task_runner.py:90} INFO - Running: ['airflow', 'tasks', 'run', 'query_dag_ipie', 'insert_data_inc', 'scheduled__2024-10-22T00:00:00+00:00', '--job-id', '1709', '--raw', '--subdir', 'DAGS_FOLDER/ipie.py', '--cfg-path', '/tmp/tmpuzt5fvz2']
[2024-10-23T00:00:04.181+0000] {standard_task_runner.py:91} INFO - Job 1709: Subtask insert_data_inc
[2024-10-23T00:00:04.236+0000] {logging_mixin.py:188} WARNING - /home/airflow/.local/lib/python3.12/site-packages/airflow/settings.py:195 DeprecationWarning: The sql_alchemy_conn option in [core] has been moved to the sql_alchemy_conn option in [database] - the old setting has been used, but please update your config.
[2024-10-23T00:00:04.318+0000] {task_command.py:426} INFO - Running <TaskInstance: query_dag_ipie.insert_data_inc scheduled__2024-10-22T00:00:00+00:00 [running]> on host 92783cd12528
[2024-10-23T00:00:04.322+0000] {logging_mixin.py:188} WARNING - /home/airflow/.local/lib/python3.12/site-packages/airflow/settings.py:356 DeprecationWarning: The sql_engine_encoding option in [core] has been moved to the sql_engine_encoding option in [database] - the old setting has been used, but please update your config.
[2024-10-23T00:00:04.491+0000] {logging_mixin.py:188} WARNING - /home/airflow/.local/lib/python3.12/site-packages/airflow/utils/log/secrets_masker.py:84 DeprecationWarning: The sensitive_variable_fields option in [admin] has been moved to the sensitive_var_conn_names option in [core] - the old setting has been used, but please update your config.
[2024-10-23T00:00:04.683+0000] {taskinstance.py:2648} INFO - Exporting env vars: AIRFLOW_CTX_DAG_OWNER='airflow' AIRFLOW_CTX_DAG_ID='query_dag_ipie' AIRFLOW_CTX_TASK_ID='insert_data_inc' AIRFLOW_CTX_EXECUTION_DATE='2024-10-22T00:00:00+00:00' AIRFLOW_CTX_TRY_NUMBER='1' AIRFLOW_CTX_DAG_RUN_ID='scheduled__2024-10-22T00:00:00+00:00'
[2024-10-23T00:00:04.697+0000] {taskinstance.py:430} INFO - ::endgroup::
[2024-10-23T00:00:04.806+0000] {sql.py:282} INFO - Executing: insert into hive.ipie.Product_Master select * from sqlserver.dbo.Product_Master
[2024-10-23T00:00:04.875+0000] {base.py:84} INFO - Using connection ID 'my_trino_connection' for task execution.
[2024-10-23T00:00:04.963+0000] {base.py:84} INFO - Using connection ID 'my_trino_connection' for task execution.
[2024-10-23T00:00:05.021+0000] {base.py:84} INFO - Using connection ID 'my_trino_connection' for task execution.
[2024-10-23T00:00:05.032+0000] {sql.py:495} INFO - Running statement: insert into hive.ipie.Product_Master select * from sqlserver.dbo.Product_Master, parameters: None
[2024-10-23T00:00:13.461+0000] {sql.py:504} INFO - Rows affected: 100000
[2024-10-23T00:00:13.668+0000] {taskinstance.py:441} INFO - ::group::Post task execution logs
[2024-10-23T00:00:13.743+0000] {taskinstance.py:1206} INFO - Marking task as SUCCESS. dag_id=query_dag_ipie, task_id=insert_data_inc, run_id=scheduled__2024-10-22T00:00:00+00:00, execution_date=20241022T000000, start_date=20241023T000004, end_date=20241023T000013
[2024-10-23T00:00:14.003+0000] {local_task_job_runner.py:243} INFO - Task exited with return code 0
[2024-10-23T00:00:14.023+0000] {logging_mixin.py:188} WARNING - /home/airflow/.local/lib/python3.12/site-packages/airflow/models/baseoperator.py:1297 AirflowProviderDeprecationWarning: Call to deprecated class TrinoOperator. (Please use `airflow.providers.common.sql.operators.sql.SQLExecuteQueryOperator`.)
[2024-10-23T00:00:14.054+0000] {taskinstance.py:3503} INFO - 1 downstream tasks scheduled from follow-on schedule check
[2024-10-23T00:00:14.056+0000] {local_task_job_runner.py:222} INFO - ::endgroup::
