[2024-09-04T01:30:14.718+0000] {local_task_job_runner.py:120} INFO - ::group::Pre task execution logs
[2024-09-04T01:30:14.778+0000] {taskinstance.py:2076} INFO - Dependencies all met for dep_context=non-requeueable deps ti=<TaskInstance: trino_query_dag_ivy.insert_data_inc scheduled__2024-09-03T00:00:00+00:00 [queued]>
[2024-09-04T01:30:14.814+0000] {taskinstance.py:2076} INFO - Dependencies all met for dep_context=requeueable deps ti=<TaskInstance: trino_query_dag_ivy.insert_data_inc scheduled__2024-09-03T00:00:00+00:00 [queued]>
[2024-09-04T01:30:14.825+0000] {taskinstance.py:2306} INFO - Starting attempt 2 of 2
[2024-09-04T01:30:14.853+0000] {taskinstance.py:2330} INFO - Executing <Task(TrinoOperator): insert_data_inc> on 2024-09-03 00:00:00+00:00
[2024-09-04T01:30:14.867+0000] {logging_mixin.py:188} WARNING - /home/airflow/.local/lib/python3.12/site-packages/airflow/task/task_runner/standard_task_runner.py:62 DeprecationWarning: This process (pid=577) is multi-threaded, use of fork() may lead to deadlocks in the child.
[2024-09-04T01:30:14.868+0000] {standard_task_runner.py:64} INFO - Started process 595 to run task
[2024-09-04T01:30:14.865+0000] {standard_task_runner.py:90} INFO - Running: ['airflow', 'tasks', 'run', 'trino_query_dag_ivy', 'insert_data_inc', 'scheduled__2024-09-03T00:00:00+00:00', '--job-id', '1059', '--raw', '--subdir', 'DAGS_FOLDER/ivy.py', '--cfg-path', '/tmp/tmp2x6r17m1']
[2024-09-04T01:30:14.869+0000] {standard_task_runner.py:91} INFO - Job 1059: Subtask insert_data_inc
[2024-09-04T01:30:14.908+0000] {logging_mixin.py:188} WARNING - /home/airflow/.local/lib/python3.12/site-packages/airflow/settings.py:195 DeprecationWarning: The sql_alchemy_conn option in [core] has been moved to the sql_alchemy_conn option in [database] - the old setting has been used, but please update your config.
[2024-09-04T01:30:15.026+0000] {task_command.py:426} INFO - Running <TaskInstance: trino_query_dag_ivy.insert_data_inc scheduled__2024-09-03T00:00:00+00:00 [running]> on host b476143e3d64
[2024-09-04T01:30:15.788+0000] {taskinstance.py:2648} INFO - Exporting env vars: AIRFLOW_CTX_DAG_OWNER='airflow' AIRFLOW_CTX_DAG_ID='trino_query_dag_ivy' AIRFLOW_CTX_TASK_ID='insert_data_inc' AIRFLOW_CTX_EXECUTION_DATE='2024-09-03T00:00:00+00:00' AIRFLOW_CTX_TRY_NUMBER='2' AIRFLOW_CTX_DAG_RUN_ID='scheduled__2024-09-03T00:00:00+00:00'
[2024-09-04T01:30:15.805+0000] {taskinstance.py:430} INFO - ::endgroup::
[2024-09-04T01:30:15.903+0000] {sql.py:282} INFO - Executing: insert into hive.ivy.customer select *  from sqlserver.dbo.customer WHERE date = CAST('2023-11-25' AS DATE)
[2024-09-04T01:30:15.994+0000] {base.py:84} INFO - Using connection ID 'my_trino_connection' for task execution.
[2024-09-04T01:30:16.041+0000] {base.py:84} INFO - Using connection ID 'my_trino_connection' for task execution.
[2024-09-04T01:30:16.056+0000] {base.py:84} INFO - Using connection ID 'my_trino_connection' for task execution.
[2024-09-04T01:30:16.061+0000] {sql.py:495} INFO - Running statement: insert into hive.ivy.customer select *  from sqlserver.dbo.customer WHERE date = CAST('2023-11-25' AS DATE), parameters: None
[2024-09-04T01:30:22.709+0000] {sql.py:504} INFO - Rows affected: 4
[2024-09-04T01:30:24.120+0000] {taskinstance.py:441} INFO - ::group::Post task execution logs
[2024-09-04T01:30:24.385+0000] {taskinstance.py:1206} INFO - Marking task as SUCCESS. dag_id=trino_query_dag_ivy, task_id=insert_data_inc, run_id=scheduled__2024-09-03T00:00:00+00:00, execution_date=20240903T000000, start_date=20240904T013014, end_date=20240904T013024
[2024-09-04T01:30:24.507+0000] {local_task_job_runner.py:243} INFO - Task exited with return code 0
[2024-09-04T01:30:24.545+0000] {local_task_job_runner.py:222} INFO - ::endgroup::
