[2024-08-30T01:16:08.980+0000] {local_task_job_runner.py:120} INFO - ::group::Pre task execution logs
[2024-08-30T01:16:09.147+0000] {taskinstance.py:2076} INFO - Dependencies all met for dep_context=non-requeueable deps ti=<TaskInstance: trino_query_dag_iron.print_end scheduled__2024-08-29T00:00:00+00:00 [queued]>
[2024-08-30T01:16:09.827+0000] {taskinstance.py:2076} INFO - Dependencies all met for dep_context=requeueable deps ti=<TaskInstance: trino_query_dag_iron.print_end scheduled__2024-08-29T00:00:00+00:00 [queued]>
[2024-08-30T01:16:11.273+0000] {taskinstance.py:2306} INFO - Starting attempt 1 of 2
[2024-08-30T01:16:13.275+0000] {taskinstance.py:2330} INFO - Executing <Task(PythonOperator): print_end> on 2024-08-29 00:00:00+00:00
[2024-08-30T01:16:13.340+0000] {standard_task_runner.py:90} INFO - Running: ['airflow', 'tasks', 'run', 'trino_query_dag_iron', 'print_end', 'scheduled__2024-08-29T00:00:00+00:00', '--job-id', '921', '--raw', '--subdir', 'DAGS_FOLDER/iron.py', '--cfg-path', '/tmp/tmp_he6w7q5']
[2024-08-30T01:16:13.351+0000] {standard_task_runner.py:91} INFO - Job 921: Subtask print_end
[2024-08-30T01:16:13.352+0000] {logging_mixin.py:188} WARNING - /home/airflow/.local/lib/python3.12/site-packages/airflow/task/task_runner/standard_task_runner.py:62 DeprecationWarning: This process (pid=89933) is multi-threaded, use of fork() may lead to deadlocks in the child.
[2024-08-30T01:16:13.374+0000] {standard_task_runner.py:64} INFO - Started process 89962 to run task
[2024-08-30T01:16:15.778+0000] {logging_mixin.py:188} WARNING - /home/airflow/.local/lib/python3.12/site-packages/airflow/settings.py:195 DeprecationWarning: The sql_alchemy_conn option in [core] has been moved to the sql_alchemy_conn option in [database] - the old setting has been used, but please update your config.
[2024-08-30T01:16:16.800+0000] {task_command.py:426} INFO - Running <TaskInstance: trino_query_dag_iron.print_end scheduled__2024-08-29T00:00:00+00:00 [running]> on host b476143e3d64
[2024-08-30T01:16:20.593+0000] {taskinstance.py:2648} INFO - Exporting env vars: AIRFLOW_CTX_DAG_OWNER='airflow' AIRFLOW_CTX_DAG_ID='trino_query_dag_iron' AIRFLOW_CTX_TASK_ID='print_end' AIRFLOW_CTX_EXECUTION_DATE='2024-08-29T00:00:00+00:00' AIRFLOW_CTX_TRY_NUMBER='1' AIRFLOW_CTX_DAG_RUN_ID='scheduled__2024-08-29T00:00:00+00:00'
[2024-08-30T01:16:20.596+0000] {taskinstance.py:430} INFO - ::endgroup::
[2024-08-30T01:16:20.639+0000] {logging_mixin.py:188} INFO - End of DAG execution
[2024-08-30T01:16:20.640+0000] {python.py:237} INFO - Done. Returned value was: None
[2024-08-30T01:16:20.640+0000] {taskinstance.py:441} INFO - ::group::Post task execution logs
[2024-08-30T01:16:20.674+0000] {taskinstance.py:1206} INFO - Marking task as SUCCESS. dag_id=trino_query_dag_iron, task_id=print_end, run_id=scheduled__2024-08-29T00:00:00+00:00, execution_date=20240829T000000, start_date=20240830T011609, end_date=20240830T011620
[2024-08-30T01:16:21.608+0000] {local_task_job_runner.py:243} INFO - Task exited with return code 0
[2024-08-30T01:16:21.717+0000] {taskinstance.py:3503} INFO - 0 downstream tasks scheduled from follow-on schedule check
[2024-08-30T01:16:23.786+0000] {local_task_job_runner.py:222} INFO - ::endgroup::
