[2024-10-27T12:39:08.048+0000] {local_task_job_runner.py:120} INFO - ::group::Pre task execution logs
[2024-10-27T12:39:08.310+0000] {taskinstance.py:2076} INFO - Dependencies all met for dep_context=non-requeueable deps ti=<TaskInstance: query_dag_irene.insert_data_inc scheduled__2024-10-26T00:00:00+00:00 [queued]>
[2024-10-27T12:39:08.410+0000] {taskinstance.py:2076} INFO - Dependencies all met for dep_context=requeueable deps ti=<TaskInstance: query_dag_irene.insert_data_inc scheduled__2024-10-26T00:00:00+00:00 [queued]>
[2024-10-27T12:39:08.412+0000] {taskinstance.py:2306} INFO - Starting attempt 2 of 2
[2024-10-27T12:39:08.510+0000] {taskinstance.py:2330} INFO - Executing <Task(TrinoOperator): insert_data_inc> on 2024-10-26 00:00:00+00:00
[2024-10-27T12:39:08.525+0000] {logging_mixin.py:188} WARNING - /home/airflow/.local/lib/python3.12/site-packages/airflow/task/task_runner/standard_task_runner.py:62 DeprecationWarning: This process (pid=227) is multi-threaded, use of fork() may lead to deadlocks in the child.
[2024-10-27T12:39:08.563+0000] {standard_task_runner.py:64} INFO - Started process 246 to run task
[2024-10-27T12:39:08.560+0000] {standard_task_runner.py:90} INFO - Running: ['airflow', 'tasks', 'run', 'query_dag_irene', 'insert_data_inc', 'scheduled__2024-10-26T00:00:00+00:00', '--job-id', '1957', '--raw', '--subdir', 'DAGS_FOLDER/irene.py', '--cfg-path', '/tmp/tmpzy2mf5lf']
[2024-10-27T12:39:08.586+0000] {standard_task_runner.py:91} INFO - Job 1957: Subtask insert_data_inc
[2024-10-27T12:39:08.729+0000] {logging_mixin.py:188} WARNING - /home/airflow/.local/lib/python3.12/site-packages/airflow/settings.py:195 DeprecationWarning: The sql_alchemy_conn option in [core] has been moved to the sql_alchemy_conn option in [database] - the old setting has been used, but please update your config.
[2024-10-27T12:39:09.082+0000] {task_command.py:426} INFO - Running <TaskInstance: query_dag_irene.insert_data_inc scheduled__2024-10-26T00:00:00+00:00 [running]> on host 92783cd12528
[2024-10-27T12:39:09.086+0000] {logging_mixin.py:188} WARNING - /home/airflow/.local/lib/python3.12/site-packages/airflow/settings.py:356 DeprecationWarning: The sql_engine_encoding option in [core] has been moved to the sql_engine_encoding option in [database] - the old setting has been used, but please update your config.
[2024-10-27T12:39:09.655+0000] {logging_mixin.py:188} WARNING - /home/airflow/.local/lib/python3.12/site-packages/airflow/utils/log/secrets_masker.py:84 DeprecationWarning: The sensitive_variable_fields option in [admin] has been moved to the sensitive_var_conn_names option in [core] - the old setting has been used, but please update your config.
[2024-10-27T12:39:10.149+0000] {taskinstance.py:2648} INFO - Exporting env vars: AIRFLOW_CTX_DAG_OWNER='airflow' AIRFLOW_CTX_DAG_ID='query_dag_irene' AIRFLOW_CTX_TASK_ID='insert_data_inc' AIRFLOW_CTX_EXECUTION_DATE='2024-10-26T00:00:00+00:00' AIRFLOW_CTX_TRY_NUMBER='2' AIRFLOW_CTX_DAG_RUN_ID='scheduled__2024-10-26T00:00:00+00:00'
[2024-10-27T12:39:10.165+0000] {taskinstance.py:430} INFO - ::endgroup::
[2024-10-27T12:39:10.427+0000] {sql.py:282} INFO - Executing: insert into hive.irene.sou select * from sqlserver.dbo.sou
[2024-10-27T12:39:10.522+0000] {base.py:84} INFO - Using connection ID 'my_trino_connection' for task execution.
[2024-10-27T12:39:10.584+0000] {base.py:84} INFO - Using connection ID 'my_trino_connection' for task execution.
[2024-10-27T12:39:10.597+0000] {base.py:84} INFO - Using connection ID 'my_trino_connection' for task execution.
[2024-10-27T12:39:10.606+0000] {sql.py:495} INFO - Running statement: insert into hive.irene.sou select * from sqlserver.dbo.sou, parameters: None
[2024-10-27T12:43:26.760+0000] {sql.py:504} INFO - Rows affected: 1048571
[2024-10-27T12:43:47.838+0000] {taskinstance.py:441} INFO - ::group::Post task execution logs
[2024-10-27T12:43:49.315+0000] {taskinstance.py:1206} INFO - Marking task as SUCCESS. dag_id=query_dag_irene, task_id=insert_data_inc, run_id=scheduled__2024-10-26T00:00:00+00:00, execution_date=20241026T000000, start_date=20241027T123908, end_date=20241027T124349
[2024-10-27T12:43:49.562+0000] {local_task_job_runner.py:243} INFO - Task exited with return code 0
[2024-10-27T12:43:49.590+0000] {logging_mixin.py:188} WARNING - /home/airflow/.local/lib/python3.12/site-packages/airflow/models/baseoperator.py:1297 AirflowProviderDeprecationWarning: Call to deprecated class TrinoOperator. (Please use `airflow.providers.common.sql.operators.sql.SQLExecuteQueryOperator`.)
[2024-10-27T12:43:49.681+0000] {taskinstance.py:3503} INFO - 1 downstream tasks scheduled from follow-on schedule check
[2024-10-27T12:43:50.495+0000] {local_task_job_runner.py:222} INFO - ::endgroup::
