[2024-09-30T03:48:05.270+0000] {local_task_job_runner.py:120} INFO - ::group::Pre task execution logs
[2024-09-30T03:48:05.316+0000] {taskinstance.py:2076} INFO - Dependencies all met for dep_context=non-requeueable deps ti=<TaskInstance: query_dag_irenen.insert_data_inc scheduled__2024-09-28T00:00:00+00:00 [queued]>
[2024-09-30T03:48:05.331+0000] {taskinstance.py:2076} INFO - Dependencies all met for dep_context=requeueable deps ti=<TaskInstance: query_dag_irenen.insert_data_inc scheduled__2024-09-28T00:00:00+00:00 [queued]>
[2024-09-30T03:48:05.332+0000] {taskinstance.py:2306} INFO - Starting attempt 3 of 4
[2024-09-30T03:48:05.355+0000] {taskinstance.py:2330} INFO - Executing <Task(TrinoOperator): insert_data_inc> on 2024-09-28 00:00:00+00:00
[2024-09-30T03:48:05.364+0000] {logging_mixin.py:188} WARNING - /home/airflow/.local/lib/python3.12/site-packages/airflow/task/task_runner/standard_task_runner.py:62 DeprecationWarning: This process (pid=8671) is multi-threaded, use of fork() may lead to deadlocks in the child.
[2024-09-30T03:48:05.365+0000] {standard_task_runner.py:64} INFO - Started process 8690 to run task
[2024-09-30T03:48:05.364+0000] {standard_task_runner.py:90} INFO - Running: ['airflow', 'tasks', 'run', 'query_dag_irenen', 'insert_data_inc', 'scheduled__2024-09-28T00:00:00+00:00', '--job-id', '963', '--raw', '--subdir', 'DAGS_FOLDER/irenen.py', '--cfg-path', '/tmp/tmpzmq8t8n9']
[2024-09-30T03:48:05.367+0000] {standard_task_runner.py:91} INFO - Job 963: Subtask insert_data_inc
[2024-09-30T03:48:05.396+0000] {logging_mixin.py:188} WARNING - /home/airflow/.local/lib/python3.12/site-packages/airflow/settings.py:195 DeprecationWarning: The sql_alchemy_conn option in [core] has been moved to the sql_alchemy_conn option in [database] - the old setting has been used, but please update your config.
[2024-09-30T03:48:05.442+0000] {task_command.py:426} INFO - Running <TaskInstance: query_dag_irenen.insert_data_inc scheduled__2024-09-28T00:00:00+00:00 [running]> on host 92783cd12528
[2024-09-30T03:48:05.448+0000] {logging_mixin.py:188} WARNING - /home/airflow/.local/lib/python3.12/site-packages/airflow/settings.py:356 DeprecationWarning: The sql_engine_encoding option in [core] has been moved to the sql_engine_encoding option in [database] - the old setting has been used, but please update your config.
[2024-09-30T03:48:05.534+0000] {logging_mixin.py:188} WARNING - /home/airflow/.local/lib/python3.12/site-packages/airflow/utils/log/secrets_masker.py:84 DeprecationWarning: The sensitive_variable_fields option in [admin] has been moved to the sensitive_var_conn_names option in [core] - the old setting has been used, but please update your config.
[2024-09-30T03:48:05.572+0000] {taskinstance.py:2648} INFO - Exporting env vars: AIRFLOW_CTX_DAG_OWNER='airflow' AIRFLOW_CTX_DAG_ID='query_dag_irenen' AIRFLOW_CTX_TASK_ID='insert_data_inc' AIRFLOW_CTX_EXECUTION_DATE='2024-09-28T00:00:00+00:00' AIRFLOW_CTX_TRY_NUMBER='3' AIRFLOW_CTX_DAG_RUN_ID='scheduled__2024-09-28T00:00:00+00:00'
[2024-09-30T03:48:05.573+0000] {taskinstance.py:430} INFO - ::endgroup::
[2024-09-30T03:48:05.593+0000] {sql.py:282} INFO - Executing: insert into hive.irenen.sou         WITH sou_cte AS (         SELECT * FROM sqlserver.dbo.Sou         where hour =22        ) SELECT * FROM sou_cte
[2024-09-30T03:48:05.618+0000] {base.py:84} INFO - Using connection ID 'my_trino_connection' for task execution.
[2024-09-30T03:48:05.629+0000] {base.py:84} INFO - Using connection ID 'my_trino_connection' for task execution.
[2024-09-30T03:48:05.638+0000] {base.py:84} INFO - Using connection ID 'my_trino_connection' for task execution.
[2024-09-30T03:48:05.827+0000] {sql.py:495} INFO - Running statement: insert into hive.irenen.sou         WITH sou_cte AS (         SELECT * FROM sqlserver.dbo.Sou         where hour =22        ) SELECT * FROM sou_cte, parameters: None
[2024-09-30T03:48:15.533+0000] {sql.py:504} INFO - Rows affected: 1048567
[2024-09-30T03:48:18.678+0000] {taskinstance.py:441} INFO - ::group::Post task execution logs
[2024-09-30T03:48:18.719+0000] {taskinstance.py:1206} INFO - Marking task as SUCCESS. dag_id=query_dag_irenen, task_id=insert_data_inc, run_id=scheduled__2024-09-28T00:00:00+00:00, execution_date=20240928T000000, start_date=20240930T034805, end_date=20240930T034818
[2024-09-30T03:48:18.782+0000] {local_task_job_runner.py:243} INFO - Task exited with return code 0
[2024-09-30T03:48:18.807+0000] {logging_mixin.py:188} WARNING - /home/airflow/.local/lib/python3.12/site-packages/airflow/models/baseoperator.py:1297 AirflowProviderDeprecationWarning: Call to deprecated class TrinoOperator. (Please use `airflow.providers.common.sql.operators.sql.SQLExecuteQueryOperator`.)
[2024-09-30T03:48:18.824+0000] {taskinstance.py:3503} INFO - 1 downstream tasks scheduled from follow-on schedule check
[2024-09-30T03:48:18.833+0000] {local_task_job_runner.py:222} INFO - ::endgroup::
