[2024-08-28T03:00:02.439+0000] {local_task_job_runner.py:120} INFO - ::group::Pre task execution logs
[2024-08-28T03:00:02.527+0000] {taskinstance.py:2076} INFO - Dependencies all met for dep_context=non-requeueable deps ti=<TaskInstance: trino_query_dag_ironmale.insert_data_inc scheduled__2024-08-28T02:00:00+00:00 [queued]>
[2024-08-28T03:00:02.550+0000] {taskinstance.py:2076} INFO - Dependencies all met for dep_context=requeueable deps ti=<TaskInstance: trino_query_dag_ironmale.insert_data_inc scheduled__2024-08-28T02:00:00+00:00 [queued]>
[2024-08-28T03:00:02.558+0000] {taskinstance.py:2306} INFO - Starting attempt 1 of 2
[2024-08-28T03:00:02.629+0000] {taskinstance.py:2330} INFO - Executing <Task(TrinoOperator): insert_data_inc> on 2024-08-28 02:00:00+00:00
[2024-08-28T03:00:02.651+0000] {standard_task_runner.py:90} INFO - Running: ['airflow', 'tasks', 'run', 'trino_query_dag_ironmale', 'insert_data_inc', 'scheduled__2024-08-28T02:00:00+00:00', '--job-id', '608', '--raw', '--subdir', 'DAGS_FOLDER/ironmale.py', '--cfg-path', '/tmp/tmpul_t_wl3']
[2024-08-28T03:00:02.658+0000] {standard_task_runner.py:91} INFO - Job 608: Subtask insert_data_inc
[2024-08-28T03:00:02.679+0000] {logging_mixin.py:188} WARNING - /home/airflow/.local/lib/python3.12/site-packages/airflow/task/task_runner/standard_task_runner.py:62 DeprecationWarning: This process (pid=32113) is multi-threaded, use of fork() may lead to deadlocks in the child.
[2024-08-28T03:00:02.692+0000] {standard_task_runner.py:64} INFO - Started process 32116 to run task
[2024-08-28T03:00:02.744+0000] {logging_mixin.py:188} WARNING - /home/airflow/.local/lib/python3.12/site-packages/airflow/settings.py:195 DeprecationWarning: The sql_alchemy_conn option in [core] has been moved to the sql_alchemy_conn option in [database] - the old setting has been used, but please update your config.
[2024-08-28T03:00:02.920+0000] {task_command.py:426} INFO - Running <TaskInstance: trino_query_dag_ironmale.insert_data_inc scheduled__2024-08-28T02:00:00+00:00 [running]> on host b476143e3d64
[2024-08-28T03:00:03.178+0000] {taskinstance.py:2648} INFO - Exporting env vars: AIRFLOW_CTX_DAG_OWNER='airflow' AIRFLOW_CTX_DAG_ID='trino_query_dag_ironmale' AIRFLOW_CTX_TASK_ID='insert_data_inc' AIRFLOW_CTX_EXECUTION_DATE='2024-08-28T02:00:00+00:00' AIRFLOW_CTX_TRY_NUMBER='1' AIRFLOW_CTX_DAG_RUN_ID='scheduled__2024-08-28T02:00:00+00:00'
[2024-08-28T03:00:03.181+0000] {taskinstance.py:430} INFO - ::endgroup::
[2024-08-28T03:00:03.200+0000] {sql.py:282} INFO - Executing: insert into hive.ironmale.soul select * from sqlserver.dbo.soul  where hour = 22
[2024-08-28T03:00:03.250+0000] {base.py:84} INFO - Using connection ID 'my_trino_connection' for task execution.
[2024-08-28T03:00:03.286+0000] {base.py:84} INFO - Using connection ID 'my_trino_connection' for task execution.
[2024-08-28T03:00:03.313+0000] {base.py:84} INFO - Using connection ID 'my_trino_connection' for task execution.
[2024-08-28T03:00:03.370+0000] {sql.py:495} INFO - Running statement: insert into hive.ironmale.soul select * from sqlserver.dbo.soul  where hour = 22, parameters: None
[2024-08-28T03:00:06.527+0000] {sql.py:504} INFO - Rows affected: 2700
[2024-08-28T03:00:07.043+0000] {taskinstance.py:441} INFO - ::group::Post task execution logs
[2024-08-28T03:00:07.089+0000] {taskinstance.py:1206} INFO - Marking task as SUCCESS. dag_id=trino_query_dag_ironmale, task_id=insert_data_inc, run_id=scheduled__2024-08-28T02:00:00+00:00, execution_date=20240828T020000, start_date=20240828T030002, end_date=20240828T030007
[2024-08-28T03:00:07.147+0000] {local_task_job_runner.py:243} INFO - Task exited with return code 0
[2024-08-28T03:00:07.177+0000] {logging_mixin.py:188} WARNING - /home/airflow/.local/lib/python3.12/site-packages/airflow/models/baseoperator.py:1297 AirflowProviderDeprecationWarning: Call to deprecated class TrinoOperator. (Please use `airflow.providers.common.sql.operators.sql.SQLExecuteQueryOperator`.)
[2024-08-28T03:00:07.228+0000] {taskinstance.py:3503} INFO - 1 downstream tasks scheduled from follow-on schedule check
[2024-08-28T03:00:07.265+0000] {local_task_job_runner.py:222} INFO - ::endgroup::
