[2024-08-27T11:00:03.199+0000] {local_task_job_runner.py:120} INFO - ::group::Pre task execution logs
[2024-08-27T11:00:03.253+0000] {taskinstance.py:2076} INFO - Dependencies all met for dep_context=non-requeueable deps ti=<TaskInstance: trino_query_dag_irenen.insert_data_inc scheduled__2024-08-27T10:00:00+00:00 [queued]>
[2024-08-27T11:00:03.278+0000] {taskinstance.py:2076} INFO - Dependencies all met for dep_context=requeueable deps ti=<TaskInstance: trino_query_dag_irenen.insert_data_inc scheduled__2024-08-27T10:00:00+00:00 [queued]>
[2024-08-27T11:00:03.279+0000] {taskinstance.py:2306} INFO - Starting attempt 1 of 2
[2024-08-27T11:00:03.326+0000] {taskinstance.py:2330} INFO - Executing <Task(TrinoOperator): insert_data_inc> on 2024-08-27 10:00:00+00:00
[2024-08-27T11:00:03.338+0000] {logging_mixin.py:188} WARNING - /home/airflow/.local/lib/python3.12/site-packages/airflow/task/task_runner/standard_task_runner.py:62 DeprecationWarning: This process (pid=19831) is multi-threaded, use of fork() may lead to deadlocks in the child.
[2024-08-27T11:00:03.341+0000] {standard_task_runner.py:64} INFO - Started process 19835 to run task
[2024-08-27T11:00:03.342+0000] {standard_task_runner.py:90} INFO - Running: ['airflow', 'tasks', 'run', 'trino_query_dag_irenen', 'insert_data_inc', 'scheduled__2024-08-27T10:00:00+00:00', '--job-id', '508', '--raw', '--subdir', 'DAGS_FOLDER/irenen.py', '--cfg-path', '/tmp/tmptid7wxlp']
[2024-08-27T11:00:03.346+0000] {standard_task_runner.py:91} INFO - Job 508: Subtask insert_data_inc
[2024-08-27T11:00:03.370+0000] {logging_mixin.py:188} WARNING - /home/airflow/.local/lib/python3.12/site-packages/airflow/settings.py:195 DeprecationWarning: The sql_alchemy_conn option in [core] has been moved to the sql_alchemy_conn option in [database] - the old setting has been used, but please update your config.
[2024-08-27T11:00:03.445+0000] {task_command.py:426} INFO - Running <TaskInstance: trino_query_dag_irenen.insert_data_inc scheduled__2024-08-27T10:00:00+00:00 [running]> on host b476143e3d64
[2024-08-27T11:00:03.569+0000] {taskinstance.py:2648} INFO - Exporting env vars: AIRFLOW_CTX_DAG_OWNER='airflow' AIRFLOW_CTX_DAG_ID='trino_query_dag_irenen' AIRFLOW_CTX_TASK_ID='insert_data_inc' AIRFLOW_CTX_EXECUTION_DATE='2024-08-27T10:00:00+00:00' AIRFLOW_CTX_TRY_NUMBER='1' AIRFLOW_CTX_DAG_RUN_ID='scheduled__2024-08-27T10:00:00+00:00'
[2024-08-27T11:00:03.572+0000] {taskinstance.py:430} INFO - ::endgroup::
[2024-08-27T11:00:03.590+0000] {sql.py:282} INFO - Executing: insert into hive.irenen.sou select * from sqlserver.dbo.sou where sex in ('boy', 'girl')
[2024-08-27T11:00:03.614+0000] {base.py:84} INFO - Using connection ID 'my_trino_connection' for task execution.
[2024-08-27T11:00:03.643+0000] {base.py:84} INFO - Using connection ID 'my_trino_connection' for task execution.
[2024-08-27T11:00:03.658+0000] {base.py:84} INFO - Using connection ID 'my_trino_connection' for task execution.
[2024-08-27T11:00:03.664+0000] {sql.py:495} INFO - Running statement: insert into hive.irenen.sou select * from sqlserver.dbo.sou where sex in ('boy', 'girl'), parameters: None
[2024-08-27T11:00:05.124+0000] {sql.py:504} INFO - Rows affected: 4
[2024-08-27T11:00:05.901+0000] {taskinstance.py:441} INFO - ::group::Post task execution logs
[2024-08-27T11:00:05.947+0000] {taskinstance.py:1206} INFO - Marking task as SUCCESS. dag_id=trino_query_dag_irenen, task_id=insert_data_inc, run_id=scheduled__2024-08-27T10:00:00+00:00, execution_date=20240827T100000, start_date=20240827T110003, end_date=20240827T110005
[2024-08-27T11:00:06.006+0000] {local_task_job_runner.py:243} INFO - Task exited with return code 0
[2024-08-27T11:00:06.033+0000] {logging_mixin.py:188} WARNING - /home/airflow/.local/lib/python3.12/site-packages/airflow/models/baseoperator.py:1297 AirflowProviderDeprecationWarning: Call to deprecated class TrinoOperator. (Please use `airflow.providers.common.sql.operators.sql.SQLExecuteQueryOperator`.)
[2024-08-27T11:00:06.065+0000] {taskinstance.py:3503} INFO - 1 downstream tasks scheduled from follow-on schedule check
[2024-08-27T11:00:06.085+0000] {local_task_job_runner.py:222} INFO - ::endgroup::
