[2024-09-11T00:39:43.409+0000] {local_task_job_runner.py:120} INFO - ::group::Pre task execution logs
[2024-09-11T00:39:43.564+0000] {taskinstance.py:2076} INFO - Dependencies all met for dep_context=non-requeueable deps ti=<TaskInstance: trino_query_dag_ivory.insert_data_inc scheduled__2024-09-10T00:00:00+00:00 [queued]>
[2024-09-11T00:39:43.576+0000] {taskinstance.py:2076} INFO - Dependencies all met for dep_context=requeueable deps ti=<TaskInstance: trino_query_dag_ivory.insert_data_inc scheduled__2024-09-10T00:00:00+00:00 [queued]>
[2024-09-11T00:39:43.588+0000] {taskinstance.py:2306} INFO - Starting attempt 1 of 2
[2024-09-11T00:39:44.868+0000] {taskinstance.py:2330} INFO - Executing <Task(TrinoOperator): insert_data_inc> on 2024-09-10 00:00:00+00:00
[2024-09-11T00:39:44.984+0000] {standard_task_runner.py:90} INFO - Running: ['airflow', 'tasks', 'run', 'trino_query_dag_ivory', 'insert_data_inc', 'scheduled__2024-09-10T00:00:00+00:00', '--job-id', '115', '--raw', '--subdir', 'DAGS_FOLDER/ivory.py', '--cfg-path', '/tmp/tmpv7gf9rle']
[2024-09-11T00:39:45.098+0000] {standard_task_runner.py:91} INFO - Job 115: Subtask insert_data_inc
[2024-09-11T00:39:45.106+0000] {logging_mixin.py:188} WARNING - /home/airflow/.local/lib/python3.12/site-packages/airflow/task/task_runner/standard_task_runner.py:62 DeprecationWarning: This process (pid=57912) is multi-threaded, use of fork() may lead to deadlocks in the child.
[2024-09-11T00:39:45.128+0000] {standard_task_runner.py:64} INFO - Started process 57939 to run task
[2024-09-11T00:39:46.454+0000] {logging_mixin.py:188} WARNING - /home/airflow/.local/lib/python3.12/site-packages/airflow/settings.py:195 DeprecationWarning: The sql_alchemy_conn option in [core] has been moved to the sql_alchemy_conn option in [database] - the old setting has been used, but please update your config.
[2024-09-11T00:39:46.711+0000] {task_command.py:426} INFO - Running <TaskInstance: trino_query_dag_ivory.insert_data_inc scheduled__2024-09-10T00:00:00+00:00 [running]> on host 92783cd12528
[2024-09-11T00:39:46.716+0000] {logging_mixin.py:188} WARNING - /home/airflow/.local/lib/python3.12/site-packages/airflow/settings.py:356 DeprecationWarning: The sql_engine_encoding option in [core] has been moved to the sql_engine_encoding option in [database] - the old setting has been used, but please update your config.
[2024-09-11T00:39:47.117+0000] {logging_mixin.py:188} WARNING - /home/airflow/.local/lib/python3.12/site-packages/airflow/utils/log/secrets_masker.py:84 DeprecationWarning: The sensitive_variable_fields option in [admin] has been moved to the sensitive_var_conn_names option in [core] - the old setting has been used, but please update your config.
[2024-09-11T00:39:47.382+0000] {taskinstance.py:2648} INFO - Exporting env vars: AIRFLOW_CTX_DAG_OWNER='airflow' AIRFLOW_CTX_DAG_ID='trino_query_dag_ivory' AIRFLOW_CTX_TASK_ID='insert_data_inc' AIRFLOW_CTX_EXECUTION_DATE='2024-09-10T00:00:00+00:00' AIRFLOW_CTX_TRY_NUMBER='1' AIRFLOW_CTX_DAG_RUN_ID='scheduled__2024-09-10T00:00:00+00:00'
[2024-09-11T00:39:47.387+0000] {taskinstance.py:430} INFO - ::endgroup::
[2024-09-11T00:39:47.463+0000] {sql.py:282} INFO - Executing: insert into hive.ivory.customer select *  from sqlserver.dbo.customer
[2024-09-11T00:39:47.583+0000] {base.py:84} INFO - Using connection ID 'my_trino_connection' for task execution.
[2024-09-11T00:39:47.630+0000] {base.py:84} INFO - Using connection ID 'my_trino_connection' for task execution.
[2024-09-11T00:39:47.677+0000] {base.py:84} INFO - Using connection ID 'my_trino_connection' for task execution.
[2024-09-11T00:39:47.701+0000] {sql.py:495} INFO - Running statement: insert into hive.ivory.customer select *  from sqlserver.dbo.customer, parameters: None
[2024-09-11T00:39:59.474+0000] {sql.py:504} INFO - Rows affected: 13
[2024-09-11T00:40:00.353+0000] {taskinstance.py:441} INFO - ::group::Post task execution logs
[2024-09-11T00:40:00.468+0000] {taskinstance.py:1206} INFO - Marking task as SUCCESS. dag_id=trino_query_dag_ivory, task_id=insert_data_inc, run_id=scheduled__2024-09-10T00:00:00+00:00, execution_date=20240910T000000, start_date=20240911T003943, end_date=20240911T004000
[2024-09-11T00:40:00.797+0000] {local_task_job_runner.py:243} INFO - Task exited with return code 0
[2024-09-11T00:40:00.848+0000] {logging_mixin.py:188} WARNING - /home/airflow/.local/lib/python3.12/site-packages/airflow/models/baseoperator.py:1297 AirflowProviderDeprecationWarning: Call to deprecated class TrinoOperator. (Please use `airflow.providers.common.sql.operators.sql.SQLExecuteQueryOperator`.)
[2024-09-11T00:40:00.912+0000] {taskinstance.py:3503} INFO - 1 downstream tasks scheduled from follow-on schedule check
[2024-09-11T00:40:00.921+0000] {local_task_job_runner.py:222} INFO - ::endgroup::
