[2024-09-09T07:06:15.424+0000] {local_task_job_runner.py:120} INFO - ::group::Pre task execution logs
[2024-09-09T07:06:15.711+0000] {taskinstance.py:2076} INFO - Dependencies all met for dep_context=non-requeueable deps ti=<TaskInstance: trino_query_dag_iron.print_start manual__2024-09-09T07:06:10.347641+00:00 [queued]>
[2024-09-09T07:06:15.742+0000] {taskinstance.py:2076} INFO - Dependencies all met for dep_context=requeueable deps ti=<TaskInstance: trino_query_dag_iron.print_start manual__2024-09-09T07:06:10.347641+00:00 [queued]>
[2024-09-09T07:06:15.798+0000] {taskinstance.py:2306} INFO - Starting attempt 1 of 2
[2024-09-09T07:06:15.976+0000] {taskinstance.py:2330} INFO - Executing <Task(PythonOperator): print_start> on 2024-09-09 07:06:10.347641+00:00
[2024-09-09T07:06:16.028+0000] {standard_task_runner.py:90} INFO - Running: ['airflow', 'tasks', 'run', 'trino_query_dag_iron', 'print_start', 'manual__2024-09-09T07:06:10.347641+00:00', '--job-id', '56', '--raw', '--subdir', 'DAGS_FOLDER/iron.py', '--cfg-path', '/tmp/tmp3m6y67h7']
[2024-09-09T07:06:16.043+0000] {standard_task_runner.py:91} INFO - Job 56: Subtask print_start
[2024-09-09T07:06:16.044+0000] {logging_mixin.py:188} WARNING - /home/airflow/.local/lib/python3.12/site-packages/airflow/task/task_runner/standard_task_runner.py:62 DeprecationWarning: This process (pid=41213) is multi-threaded, use of fork() may lead to deadlocks in the child.
[2024-09-09T07:06:16.074+0000] {standard_task_runner.py:64} INFO - Started process 41241 to run task
[2024-09-09T07:06:16.263+0000] {logging_mixin.py:188} WARNING - /home/airflow/.local/lib/python3.12/site-packages/airflow/settings.py:195 DeprecationWarning: The sql_alchemy_conn option in [core] has been moved to the sql_alchemy_conn option in [database] - the old setting has been used, but please update your config.
[2024-09-09T07:06:16.548+0000] {task_command.py:426} INFO - Running <TaskInstance: trino_query_dag_iron.print_start manual__2024-09-09T07:06:10.347641+00:00 [running]> on host 92783cd12528
[2024-09-09T07:06:16.853+0000] {logging_mixin.py:188} WARNING - /home/airflow/.local/lib/python3.12/site-packages/airflow/utils/log/secrets_masker.py:84 DeprecationWarning: The sensitive_variable_fields option in [admin] has been moved to the sensitive_var_conn_names option in [core] - the old setting has been used, but please update your config.
[2024-09-09T07:06:17.106+0000] {taskinstance.py:2648} INFO - Exporting env vars: AIRFLOW_CTX_DAG_OWNER='airflow' AIRFLOW_CTX_DAG_ID='trino_query_dag_iron' AIRFLOW_CTX_TASK_ID='print_start' AIRFLOW_CTX_EXECUTION_DATE='2024-09-09T07:06:10.347641+00:00' AIRFLOW_CTX_TRY_NUMBER='1' AIRFLOW_CTX_DAG_RUN_ID='manual__2024-09-09T07:06:10.347641+00:00'
[2024-09-09T07:06:17.107+0000] {taskinstance.py:430} INFO - ::endgroup::
[2024-09-09T07:06:17.246+0000] {logging_mixin.py:188} INFO - Start of DAG execution
[2024-09-09T07:06:17.257+0000] {python.py:237} INFO - Done. Returned value was: None
[2024-09-09T07:06:17.292+0000] {taskinstance.py:441} INFO - ::group::Post task execution logs
[2024-09-09T07:06:17.335+0000] {taskinstance.py:1206} INFO - Marking task as SUCCESS. dag_id=trino_query_dag_iron, task_id=print_start, run_id=manual__2024-09-09T07:06:10.347641+00:00, execution_date=20240909T070610, start_date=20240909T070615, end_date=20240909T070617
[2024-09-09T07:06:17.559+0000] {local_task_job_runner.py:243} INFO - Task exited with return code 0
[2024-09-09T07:06:17.595+0000] {logging_mixin.py:188} WARNING - /home/airflow/.local/lib/python3.12/site-packages/airflow/models/baseoperator.py:1297 AirflowProviderDeprecationWarning: Call to deprecated class TrinoOperator. (Please use `airflow.providers.common.sql.operators.sql.SQLExecuteQueryOperator`.)
[2024-09-09T07:06:17.703+0000] {taskinstance.py:3503} INFO - 1 downstream tasks scheduled from follow-on schedule check
[2024-09-09T07:06:17.718+0000] {local_task_job_runner.py:222} INFO - ::endgroup::
