[2024-08-27T01:00:01.543+0000] {local_task_job_runner.py:120} INFO - ::group::Pre task execution logs
[2024-08-27T01:00:01.580+0000] {taskinstance.py:2076} INFO - Dependencies all met for dep_context=non-requeueable deps ti=<TaskInstance: trino_query_dag_ivy.print_start scheduled__2024-08-27T00:00:00+00:00 [queued]>
[2024-08-27T01:00:01.592+0000] {taskinstance.py:2076} INFO - Dependencies all met for dep_context=requeueable deps ti=<TaskInstance: trino_query_dag_ivy.print_start scheduled__2024-08-27T00:00:00+00:00 [queued]>
[2024-08-27T01:00:01.593+0000] {taskinstance.py:2306} INFO - Starting attempt 1 of 2
[2024-08-27T01:00:01.620+0000] {taskinstance.py:2330} INFO - Executing <Task(PythonOperator): print_start> on 2024-08-27 00:00:00+00:00
[2024-08-27T01:00:01.627+0000] {logging_mixin.py:188} WARNING - /home/airflow/.local/lib/python3.12/site-packages/airflow/task/task_runner/standard_task_runner.py:62 DeprecationWarning: This process (pid=18000) is multi-threaded, use of fork() may lead to deadlocks in the child.
[2024-08-27T01:00:01.628+0000] {standard_task_runner.py:64} INFO - Started process 18002 to run task
[2024-08-27T01:00:01.633+0000] {standard_task_runner.py:90} INFO - Running: ['airflow', 'tasks', 'run', 'trino_query_dag_ivy', 'print_start', 'scheduled__2024-08-27T00:00:00+00:00', '--job-id', '342', '--raw', '--subdir', 'DAGS_FOLDER/ivy.py', '--cfg-path', '/tmp/tmp8odn56kf']
[2024-08-27T01:00:01.636+0000] {standard_task_runner.py:91} INFO - Job 342: Subtask print_start
[2024-08-27T01:00:01.659+0000] {logging_mixin.py:188} WARNING - /home/airflow/.local/lib/python3.12/site-packages/airflow/settings.py:195 DeprecationWarning: The sql_alchemy_conn option in [core] has been moved to the sql_alchemy_conn option in [database] - the old setting has been used, but please update your config.
[2024-08-27T01:00:01.699+0000] {task_command.py:426} INFO - Running <TaskInstance: trino_query_dag_ivy.print_start scheduled__2024-08-27T00:00:00+00:00 [running]> on host b476143e3d64
[2024-08-27T01:00:01.818+0000] {taskinstance.py:2648} INFO - Exporting env vars: AIRFLOW_CTX_DAG_OWNER='airflow' AIRFLOW_CTX_DAG_ID='trino_query_dag_ivy' AIRFLOW_CTX_TASK_ID='print_start' AIRFLOW_CTX_EXECUTION_DATE='2024-08-27T00:00:00+00:00' AIRFLOW_CTX_TRY_NUMBER='1' AIRFLOW_CTX_DAG_RUN_ID='scheduled__2024-08-27T00:00:00+00:00'
[2024-08-27T01:00:01.819+0000] {taskinstance.py:430} INFO - ::endgroup::
[2024-08-27T01:00:01.837+0000] {logging_mixin.py:188} INFO - Start of DAG execution
[2024-08-27T01:00:01.838+0000] {python.py:237} INFO - Done. Returned value was: None
[2024-08-27T01:00:01.838+0000] {taskinstance.py:441} INFO - ::group::Post task execution logs
[2024-08-27T01:00:01.850+0000] {taskinstance.py:1206} INFO - Marking task as SUCCESS. dag_id=trino_query_dag_ivy, task_id=print_start, run_id=scheduled__2024-08-27T00:00:00+00:00, execution_date=20240827T000000, start_date=20240827T010001, end_date=20240827T010001
[2024-08-27T01:00:02.133+0000] {local_task_job_runner.py:243} INFO - Task exited with return code 0
[2024-08-27T01:00:02.152+0000] {logging_mixin.py:188} WARNING - /home/airflow/.local/lib/python3.12/site-packages/airflow/models/baseoperator.py:1297 AirflowProviderDeprecationWarning: Call to deprecated class TrinoOperator. (Please use `airflow.providers.common.sql.operators.sql.SQLExecuteQueryOperator`.)
[2024-08-27T01:00:02.178+0000] {taskinstance.py:3503} INFO - 1 downstream tasks scheduled from follow-on schedule check
[2024-08-27T01:00:02.403+0000] {local_task_job_runner.py:222} INFO - ::endgroup::
[2024-08-27T01:56:49.961+0000] {local_task_job_runner.py:120} INFO - ::group::Pre task execution logs
[2024-08-27T01:56:50.002+0000] {taskinstance.py:2076} INFO - Dependencies all met for dep_context=non-requeueable deps ti=<TaskInstance: trino_query_dag_ivy.print_start scheduled__2024-08-27T00:00:00+00:00 [queued]>
[2024-08-27T01:56:50.015+0000] {taskinstance.py:2076} INFO - Dependencies all met for dep_context=requeueable deps ti=<TaskInstance: trino_query_dag_ivy.print_start scheduled__2024-08-27T00:00:00+00:00 [queued]>
[2024-08-27T01:56:50.016+0000] {taskinstance.py:2306} INFO - Starting attempt 1 of 2
[2024-08-27T01:56:50.033+0000] {taskinstance.py:2330} INFO - Executing <Task(PythonOperator): print_start> on 2024-08-27 00:00:00+00:00
[2024-08-27T01:56:50.039+0000] {logging_mixin.py:188} WARNING - /home/airflow/.local/lib/python3.12/site-packages/airflow/task/task_runner/standard_task_runner.py:62 DeprecationWarning: This process (pid=19249) is multi-threaded, use of fork() may lead to deadlocks in the child.
[2024-08-27T01:56:50.040+0000] {standard_task_runner.py:64} INFO - Started process 19251 to run task
[2024-08-27T01:56:50.039+0000] {standard_task_runner.py:90} INFO - Running: ['airflow', 'tasks', 'run', 'trino_query_dag_ivy', 'print_start', 'scheduled__2024-08-27T00:00:00+00:00', '--job-id', '381', '--raw', '--subdir', 'DAGS_FOLDER/ivy.py', '--cfg-path', '/tmp/tmp0xjhi43g']
[2024-08-27T01:56:50.044+0000] {standard_task_runner.py:91} INFO - Job 381: Subtask print_start
[2024-08-27T01:56:50.060+0000] {logging_mixin.py:188} WARNING - /home/airflow/.local/lib/python3.12/site-packages/airflow/settings.py:195 DeprecationWarning: The sql_alchemy_conn option in [core] has been moved to the sql_alchemy_conn option in [database] - the old setting has been used, but please update your config.
[2024-08-27T01:56:50.100+0000] {task_command.py:426} INFO - Running <TaskInstance: trino_query_dag_ivy.print_start scheduled__2024-08-27T00:00:00+00:00 [running]> on host b476143e3d64
[2024-08-27T01:56:50.200+0000] {taskinstance.py:2648} INFO - Exporting env vars: AIRFLOW_CTX_DAG_OWNER='airflow' AIRFLOW_CTX_DAG_ID='trino_query_dag_ivy' AIRFLOW_CTX_TASK_ID='print_start' AIRFLOW_CTX_EXECUTION_DATE='2024-08-27T00:00:00+00:00' AIRFLOW_CTX_TRY_NUMBER='1' AIRFLOW_CTX_DAG_RUN_ID='scheduled__2024-08-27T00:00:00+00:00'
[2024-08-27T01:56:50.202+0000] {taskinstance.py:430} INFO - ::endgroup::
[2024-08-27T01:56:50.219+0000] {logging_mixin.py:188} INFO - Start of DAG execution
[2024-08-27T01:56:50.220+0000] {python.py:237} INFO - Done. Returned value was: None
[2024-08-27T01:56:50.221+0000] {taskinstance.py:441} INFO - ::group::Post task execution logs
[2024-08-27T01:56:50.232+0000] {taskinstance.py:1206} INFO - Marking task as SUCCESS. dag_id=trino_query_dag_ivy, task_id=print_start, run_id=scheduled__2024-08-27T00:00:00+00:00, execution_date=20240827T000000, start_date=20240827T015650, end_date=20240827T015650
[2024-08-27T01:56:50.267+0000] {local_task_job_runner.py:243} INFO - Task exited with return code 0
[2024-08-27T01:56:50.283+0000] {logging_mixin.py:188} WARNING - /home/airflow/.local/lib/python3.12/site-packages/airflow/models/baseoperator.py:1297 AirflowProviderDeprecationWarning: Call to deprecated class TrinoOperator. (Please use `airflow.providers.common.sql.operators.sql.SQLExecuteQueryOperator`.)
[2024-08-27T01:56:50.306+0000] {taskinstance.py:3503} INFO - 1 downstream tasks scheduled from follow-on schedule check
[2024-08-27T01:56:50.309+0000] {local_task_job_runner.py:222} INFO - ::endgroup::
