[2024-08-27T02:00:00.393+0000] {local_task_job_runner.py:120} INFO - ::group::Pre task execution logs
[2024-08-27T02:00:00.431+0000] {taskinstance.py:2076} INFO - Dependencies all met for dep_context=non-requeueable deps ti=<TaskInstance: trino_query_dag_ivory.print_start scheduled__2024-08-27T01:00:00+00:00 [queued]>
[2024-08-27T02:00:00.454+0000] {taskinstance.py:2076} INFO - Dependencies all met for dep_context=requeueable deps ti=<TaskInstance: trino_query_dag_ivory.print_start scheduled__2024-08-27T01:00:00+00:00 [queued]>
[2024-08-27T02:00:00.469+0000] {taskinstance.py:2306} INFO - Starting attempt 1 of 2
[2024-08-27T02:00:00.511+0000] {taskinstance.py:2330} INFO - Executing <Task(PythonOperator): print_start> on 2024-08-27 01:00:00+00:00
[2024-08-27T02:00:00.518+0000] {logging_mixin.py:188} WARNING - /home/airflow/.local/lib/python3.12/site-packages/airflow/task/task_runner/standard_task_runner.py:62 DeprecationWarning: This process (pid=19346) is multi-threaded, use of fork() may lead to deadlocks in the child.
[2024-08-27T02:00:00.525+0000] {standard_task_runner.py:64} INFO - Started process 19348 to run task
[2024-08-27T02:00:00.522+0000] {standard_task_runner.py:90} INFO - Running: ['airflow', 'tasks', 'run', 'trino_query_dag_ivory', 'print_start', 'scheduled__2024-08-27T01:00:00+00:00', '--job-id', '384', '--raw', '--subdir', 'DAGS_FOLDER/ivory.py', '--cfg-path', '/tmp/tmpnbhdf8h4']
[2024-08-27T02:00:00.527+0000] {standard_task_runner.py:91} INFO - Job 384: Subtask print_start
[2024-08-27T02:00:00.564+0000] {logging_mixin.py:188} WARNING - /home/airflow/.local/lib/python3.12/site-packages/airflow/settings.py:195 DeprecationWarning: The sql_alchemy_conn option in [core] has been moved to the sql_alchemy_conn option in [database] - the old setting has been used, but please update your config.
[2024-08-27T02:00:00.613+0000] {task_command.py:426} INFO - Running <TaskInstance: trino_query_dag_ivory.print_start scheduled__2024-08-27T01:00:00+00:00 [running]> on host b476143e3d64
[2024-08-27T02:00:00.720+0000] {taskinstance.py:2648} INFO - Exporting env vars: AIRFLOW_CTX_DAG_OWNER='airflow' AIRFLOW_CTX_DAG_ID='trino_query_dag_ivory' AIRFLOW_CTX_TASK_ID='print_start' AIRFLOW_CTX_EXECUTION_DATE='2024-08-27T01:00:00+00:00' AIRFLOW_CTX_TRY_NUMBER='1' AIRFLOW_CTX_DAG_RUN_ID='scheduled__2024-08-27T01:00:00+00:00'
[2024-08-27T02:00:00.721+0000] {taskinstance.py:430} INFO - ::endgroup::
[2024-08-27T02:00:00.735+0000] {logging_mixin.py:188} INFO - Start of DAG execution
[2024-08-27T02:00:00.736+0000] {python.py:237} INFO - Done. Returned value was: None
[2024-08-27T02:00:00.737+0000] {taskinstance.py:441} INFO - ::group::Post task execution logs
[2024-08-27T02:00:00.749+0000] {taskinstance.py:1206} INFO - Marking task as SUCCESS. dag_id=trino_query_dag_ivory, task_id=print_start, run_id=scheduled__2024-08-27T01:00:00+00:00, execution_date=20240827T010000, start_date=20240827T020000, end_date=20240827T020000
[2024-08-27T02:00:00.795+0000] {local_task_job_runner.py:243} INFO - Task exited with return code 0
[2024-08-27T02:00:00.808+0000] {logging_mixin.py:188} WARNING - /home/airflow/.local/lib/python3.12/site-packages/airflow/models/baseoperator.py:1297 AirflowProviderDeprecationWarning: Call to deprecated class TrinoOperator. (Please use `airflow.providers.common.sql.operators.sql.SQLExecuteQueryOperator`.)
[2024-08-27T02:00:00.827+0000] {taskinstance.py:3503} INFO - 1 downstream tasks scheduled from follow-on schedule check
[2024-08-27T02:00:00.829+0000] {local_task_job_runner.py:222} INFO - ::endgroup::
[2024-08-27T02:09:48.753+0000] {local_task_job_runner.py:120} INFO - ::group::Pre task execution logs
[2024-08-27T02:09:48.802+0000] {taskinstance.py:2076} INFO - Dependencies all met for dep_context=non-requeueable deps ti=<TaskInstance: trino_query_dag_ivory.print_start scheduled__2024-08-27T01:00:00+00:00 [queued]>
[2024-08-27T02:09:48.813+0000] {taskinstance.py:2076} INFO - Dependencies all met for dep_context=requeueable deps ti=<TaskInstance: trino_query_dag_ivory.print_start scheduled__2024-08-27T01:00:00+00:00 [queued]>
[2024-08-27T02:09:48.814+0000] {taskinstance.py:2306} INFO - Starting attempt 1 of 2
[2024-08-27T02:09:48.830+0000] {taskinstance.py:2330} INFO - Executing <Task(PythonOperator): print_start> on 2024-08-27 01:00:00+00:00
[2024-08-27T02:09:48.837+0000] {standard_task_runner.py:90} INFO - Running: ['airflow', 'tasks', 'run', 'trino_query_dag_ivory', 'print_start', 'scheduled__2024-08-27T01:00:00+00:00', '--job-id', '393', '--raw', '--subdir', 'DAGS_FOLDER/ivory.py', '--cfg-path', '/tmp/tmp4t9iu1wb']
[2024-08-27T02:09:48.837+0000] {logging_mixin.py:188} WARNING - /home/airflow/.local/lib/python3.12/site-packages/airflow/task/task_runner/standard_task_runner.py:62 DeprecationWarning: This process (pid=19657) is multi-threaded, use of fork() may lead to deadlocks in the child.
[2024-08-27T02:09:48.845+0000] {standard_task_runner.py:64} INFO - Started process 19660 to run task
[2024-08-27T02:09:48.844+0000] {standard_task_runner.py:91} INFO - Job 393: Subtask print_start
[2024-08-27T02:09:48.868+0000] {logging_mixin.py:188} WARNING - /home/airflow/.local/lib/python3.12/site-packages/airflow/settings.py:195 DeprecationWarning: The sql_alchemy_conn option in [core] has been moved to the sql_alchemy_conn option in [database] - the old setting has been used, but please update your config.
[2024-08-27T02:09:48.915+0000] {task_command.py:426} INFO - Running <TaskInstance: trino_query_dag_ivory.print_start scheduled__2024-08-27T01:00:00+00:00 [running]> on host b476143e3d64
[2024-08-27T02:09:49.040+0000] {taskinstance.py:2648} INFO - Exporting env vars: AIRFLOW_CTX_DAG_OWNER='airflow' AIRFLOW_CTX_DAG_ID='trino_query_dag_ivory' AIRFLOW_CTX_TASK_ID='print_start' AIRFLOW_CTX_EXECUTION_DATE='2024-08-27T01:00:00+00:00' AIRFLOW_CTX_TRY_NUMBER='1' AIRFLOW_CTX_DAG_RUN_ID='scheduled__2024-08-27T01:00:00+00:00'
[2024-08-27T02:09:49.042+0000] {taskinstance.py:430} INFO - ::endgroup::
[2024-08-27T02:09:49.057+0000] {logging_mixin.py:188} INFO - Start of DAG execution
[2024-08-27T02:09:49.057+0000] {python.py:237} INFO - Done. Returned value was: None
[2024-08-27T02:09:49.058+0000] {taskinstance.py:441} INFO - ::group::Post task execution logs
[2024-08-27T02:09:49.067+0000] {taskinstance.py:1206} INFO - Marking task as SUCCESS. dag_id=trino_query_dag_ivory, task_id=print_start, run_id=scheduled__2024-08-27T01:00:00+00:00, execution_date=20240827T010000, start_date=20240827T020948, end_date=20240827T020949
[2024-08-27T02:09:49.116+0000] {local_task_job_runner.py:243} INFO - Task exited with return code 0
[2024-08-27T02:09:49.139+0000] {logging_mixin.py:188} WARNING - /home/airflow/.local/lib/python3.12/site-packages/airflow/models/baseoperator.py:1297 AirflowProviderDeprecationWarning: Call to deprecated class TrinoOperator. (Please use `airflow.providers.common.sql.operators.sql.SQLExecuteQueryOperator`.)
[2024-08-27T02:09:49.164+0000] {taskinstance.py:3503} INFO - 1 downstream tasks scheduled from follow-on schedule check
[2024-08-27T02:09:49.176+0000] {local_task_job_runner.py:222} INFO - ::endgroup::
[2024-08-27T02:24:38.682+0000] {local_task_job_runner.py:120} INFO - ::group::Pre task execution logs
[2024-08-27T02:24:38.759+0000] {taskinstance.py:2076} INFO - Dependencies all met for dep_context=non-requeueable deps ti=<TaskInstance: trino_query_dag_ivory.print_start scheduled__2024-08-27T01:00:00+00:00 [queued]>
[2024-08-27T02:24:38.892+0000] {taskinstance.py:2076} INFO - Dependencies all met for dep_context=requeueable deps ti=<TaskInstance: trino_query_dag_ivory.print_start scheduled__2024-08-27T01:00:00+00:00 [queued]>
[2024-08-27T02:24:38.898+0000] {taskinstance.py:2306} INFO - Starting attempt 1 of 2
[2024-08-27T02:24:38.925+0000] {taskinstance.py:2330} INFO - Executing <Task(PythonOperator): print_start> on 2024-08-27 01:00:00+00:00
[2024-08-27T02:24:38.932+0000] {standard_task_runner.py:90} INFO - Running: ['airflow', 'tasks', 'run', 'trino_query_dag_ivory', 'print_start', 'scheduled__2024-08-27T01:00:00+00:00', '--job-id', '404', '--raw', '--subdir', 'DAGS_FOLDER/ivory.py', '--cfg-path', '/tmp/tmpunv5s7fw']
[2024-08-27T02:24:38.938+0000] {standard_task_runner.py:91} INFO - Job 404: Subtask print_start
[2024-08-27T02:24:38.932+0000] {logging_mixin.py:188} WARNING - /home/airflow/.local/lib/python3.12/site-packages/airflow/task/task_runner/standard_task_runner.py:62 DeprecationWarning: This process (pid=20116) is multi-threaded, use of fork() may lead to deadlocks in the child.
[2024-08-27T02:24:38.942+0000] {standard_task_runner.py:64} INFO - Started process 20118 to run task
[2024-08-27T02:24:38.975+0000] {logging_mixin.py:188} WARNING - /home/airflow/.local/lib/python3.12/site-packages/airflow/settings.py:195 DeprecationWarning: The sql_alchemy_conn option in [core] has been moved to the sql_alchemy_conn option in [database] - the old setting has been used, but please update your config.
[2024-08-27T02:24:39.058+0000] {task_command.py:426} INFO - Running <TaskInstance: trino_query_dag_ivory.print_start scheduled__2024-08-27T01:00:00+00:00 [running]> on host b476143e3d64
[2024-08-27T02:24:39.179+0000] {taskinstance.py:2648} INFO - Exporting env vars: AIRFLOW_CTX_DAG_OWNER='airflow' AIRFLOW_CTX_DAG_ID='trino_query_dag_ivory' AIRFLOW_CTX_TASK_ID='print_start' AIRFLOW_CTX_EXECUTION_DATE='2024-08-27T01:00:00+00:00' AIRFLOW_CTX_TRY_NUMBER='1' AIRFLOW_CTX_DAG_RUN_ID='scheduled__2024-08-27T01:00:00+00:00'
[2024-08-27T02:24:39.180+0000] {taskinstance.py:430} INFO - ::endgroup::
[2024-08-27T02:24:39.199+0000] {logging_mixin.py:188} INFO - Start of DAG execution
[2024-08-27T02:24:39.201+0000] {python.py:237} INFO - Done. Returned value was: None
[2024-08-27T02:24:39.202+0000] {taskinstance.py:441} INFO - ::group::Post task execution logs
[2024-08-27T02:24:39.213+0000] {taskinstance.py:1206} INFO - Marking task as SUCCESS. dag_id=trino_query_dag_ivory, task_id=print_start, run_id=scheduled__2024-08-27T01:00:00+00:00, execution_date=20240827T010000, start_date=20240827T022438, end_date=20240827T022439
[2024-08-27T02:24:39.237+0000] {local_task_job_runner.py:243} INFO - Task exited with return code 0
[2024-08-27T02:24:39.249+0000] {logging_mixin.py:188} WARNING - /home/airflow/.local/lib/python3.12/site-packages/airflow/models/baseoperator.py:1297 AirflowProviderDeprecationWarning: Call to deprecated class TrinoOperator. (Please use `airflow.providers.common.sql.operators.sql.SQLExecuteQueryOperator`.)
[2024-08-27T02:24:39.275+0000] {taskinstance.py:3503} INFO - 1 downstream tasks scheduled from follow-on schedule check
[2024-08-27T02:24:39.280+0000] {local_task_job_runner.py:222} INFO - ::endgroup::
