[2024-08-30T06:09:58.623+0000] {local_task_job_runner.py:120} INFO - ::group::Pre task execution logs
[2024-08-30T06:09:58.774+0000] {taskinstance.py:2076} INFO - Dependencies all met for dep_context=non-requeueable deps ti=<TaskInstance: trino_query_dag_irenen.print_end scheduled__2024-08-30T05:00:00+00:00 [queued]>
[2024-08-30T06:09:58.816+0000] {taskinstance.py:2076} INFO - Dependencies all met for dep_context=requeueable deps ti=<TaskInstance: trino_query_dag_irenen.print_end scheduled__2024-08-30T05:00:00+00:00 [queued]>
[2024-08-30T06:09:58.817+0000] {taskinstance.py:2306} INFO - Starting attempt 1 of 2
[2024-08-30T06:09:58.890+0000] {taskinstance.py:2330} INFO - Executing <Task(PythonOperator): print_end> on 2024-08-30 05:00:00+00:00
[2024-08-30T06:09:58.901+0000] {logging_mixin.py:188} WARNING - /home/airflow/.local/lib/python3.12/site-packages/airflow/task/task_runner/standard_task_runner.py:62 DeprecationWarning: This process (pid=3650) is multi-threaded, use of fork() may lead to deadlocks in the child.
[2024-08-30T06:09:58.904+0000] {standard_task_runner.py:64} INFO - Started process 3657 to run task
[2024-08-30T06:09:58.914+0000] {standard_task_runner.py:90} INFO - Running: ['airflow', 'tasks', 'run', 'trino_query_dag_irenen', 'print_end', 'scheduled__2024-08-30T05:00:00+00:00', '--job-id', '988', '--raw', '--subdir', 'DAGS_FOLDER/irenen.py', '--cfg-path', '/tmp/tmp44p4cco0']
[2024-08-30T06:09:58.959+0000] {standard_task_runner.py:91} INFO - Job 988: Subtask print_end
[2024-08-30T06:09:59.086+0000] {logging_mixin.py:188} WARNING - /home/airflow/.local/lib/python3.12/site-packages/airflow/settings.py:195 DeprecationWarning: The sql_alchemy_conn option in [core] has been moved to the sql_alchemy_conn option in [database] - the old setting has been used, but please update your config.
[2024-08-30T06:09:59.405+0000] {task_command.py:426} INFO - Running <TaskInstance: trino_query_dag_irenen.print_end scheduled__2024-08-30T05:00:00+00:00 [running]> on host b476143e3d64
[2024-08-30T06:09:59.815+0000] {taskinstance.py:2648} INFO - Exporting env vars: AIRFLOW_CTX_DAG_OWNER='airflow' AIRFLOW_CTX_DAG_ID='trino_query_dag_irenen' AIRFLOW_CTX_TASK_ID='print_end' AIRFLOW_CTX_EXECUTION_DATE='2024-08-30T05:00:00+00:00' AIRFLOW_CTX_TRY_NUMBER='1' AIRFLOW_CTX_DAG_RUN_ID='scheduled__2024-08-30T05:00:00+00:00'
[2024-08-30T06:09:59.820+0000] {taskinstance.py:430} INFO - ::endgroup::
[2024-08-30T06:09:59.872+0000] {logging_mixin.py:188} INFO - End of DAG execution
[2024-08-30T06:09:59.873+0000] {python.py:237} INFO - Done. Returned value was: None
[2024-08-30T06:09:59.873+0000] {taskinstance.py:441} INFO - ::group::Post task execution logs
[2024-08-30T06:09:59.893+0000] {taskinstance.py:1206} INFO - Marking task as SUCCESS. dag_id=trino_query_dag_irenen, task_id=print_end, run_id=scheduled__2024-08-30T05:00:00+00:00, execution_date=20240830T050000, start_date=20240830T060958, end_date=20240830T060959
[2024-08-30T06:09:59.997+0000] {local_task_job_runner.py:243} INFO - Task exited with return code 0
[2024-08-30T06:10:00.050+0000] {taskinstance.py:3503} INFO - 0 downstream tasks scheduled from follow-on schedule check
[2024-08-30T06:10:00.068+0000] {local_task_job_runner.py:222} INFO - ::endgroup::
