[2024-09-09T07:06:22.263+0000] {local_task_job_runner.py:120} INFO - ::group::Pre task execution logs
[2024-09-09T07:06:22.480+0000] {taskinstance.py:2076} INFO - Dependencies all met for dep_context=non-requeueable deps ti=<TaskInstance: trino_query_dag_iron.insert_data_inc scheduled__2024-09-08T00:00:00+00:00 [queued]>
[2024-09-09T07:06:22.503+0000] {taskinstance.py:2076} INFO - Dependencies all met for dep_context=requeueable deps ti=<TaskInstance: trino_query_dag_iron.insert_data_inc scheduled__2024-09-08T00:00:00+00:00 [queued]>
[2024-09-09T07:06:22.504+0000] {taskinstance.py:2306} INFO - Starting attempt 1 of 2
[2024-09-09T07:06:22.548+0000] {taskinstance.py:2330} INFO - Executing <Task(TrinoOperator): insert_data_inc> on 2024-09-08 00:00:00+00:00
[2024-09-09T07:06:22.613+0000] {standard_task_runner.py:90} INFO - Running: ['airflow', 'tasks', 'run', 'trino_query_dag_iron', 'insert_data_inc', 'scheduled__2024-09-08T00:00:00+00:00', '--job-id', '63', '--raw', '--subdir', 'DAGS_FOLDER/iron.py', '--cfg-path', '/tmp/tmp2jpq7ivr']
[2024-09-09T07:06:22.649+0000] {standard_task_runner.py:91} INFO - Job 63: Subtask insert_data_inc
[2024-09-09T07:06:22.620+0000] {logging_mixin.py:188} WARNING - /home/airflow/.local/lib/python3.12/site-packages/airflow/task/task_runner/standard_task_runner.py:62 DeprecationWarning: This process (pid=41277) is multi-threaded, use of fork() may lead to deadlocks in the child.
[2024-09-09T07:06:22.651+0000] {standard_task_runner.py:64} INFO - Started process 41294 to run task
[2024-09-09T07:06:22.753+0000] {logging_mixin.py:188} WARNING - /home/airflow/.local/lib/python3.12/site-packages/airflow/settings.py:195 DeprecationWarning: The sql_alchemy_conn option in [core] has been moved to the sql_alchemy_conn option in [database] - the old setting has been used, but please update your config.
[2024-09-09T07:06:23.113+0000] {task_command.py:426} INFO - Running <TaskInstance: trino_query_dag_iron.insert_data_inc scheduled__2024-09-08T00:00:00+00:00 [running]> on host 92783cd12528
[2024-09-09T07:06:23.126+0000] {logging_mixin.py:188} WARNING - /home/airflow/.local/lib/python3.12/site-packages/airflow/settings.py:356 DeprecationWarning: The sql_engine_encoding option in [core] has been moved to the sql_engine_encoding option in [database] - the old setting has been used, but please update your config.
[2024-09-09T07:06:23.612+0000] {logging_mixin.py:188} WARNING - /home/airflow/.local/lib/python3.12/site-packages/airflow/utils/log/secrets_masker.py:84 DeprecationWarning: The sensitive_variable_fields option in [admin] has been moved to the sensitive_var_conn_names option in [core] - the old setting has been used, but please update your config.
[2024-09-09T07:06:24.033+0000] {taskinstance.py:2648} INFO - Exporting env vars: AIRFLOW_CTX_DAG_OWNER='airflow' AIRFLOW_CTX_DAG_ID='trino_query_dag_iron' AIRFLOW_CTX_TASK_ID='insert_data_inc' AIRFLOW_CTX_EXECUTION_DATE='2024-09-08T00:00:00+00:00' AIRFLOW_CTX_TRY_NUMBER='1' AIRFLOW_CTX_DAG_RUN_ID='scheduled__2024-09-08T00:00:00+00:00'
[2024-09-09T07:06:24.035+0000] {taskinstance.py:430} INFO - ::endgroup::
[2024-09-09T07:06:24.059+0000] {sql.py:282} INFO - Executing: insert into hive.iron.customer select *  from sqlserver.dbo.soul
[2024-09-09T07:06:24.109+0000] {base.py:84} INFO - Using connection ID 'my_trino_connection' for task execution.
[2024-09-09T07:06:24.123+0000] {base.py:84} INFO - Using connection ID 'my_trino_connection' for task execution.
[2024-09-09T07:06:24.192+0000] {base.py:84} INFO - Using connection ID 'my_trino_connection' for task execution.
[2024-09-09T07:06:24.240+0000] {sql.py:495} INFO - Running statement: insert into hive.iron.customer select *  from sqlserver.dbo.soul, parameters: None
[2024-09-09T07:06:32.321+0000] {sql.py:504} INFO - Rows affected: 65535
[2024-09-09T07:06:34.179+0000] {taskinstance.py:441} INFO - ::group::Post task execution logs
[2024-09-09T07:06:34.485+0000] {taskinstance.py:1206} INFO - Marking task as SUCCESS. dag_id=trino_query_dag_iron, task_id=insert_data_inc, run_id=scheduled__2024-09-08T00:00:00+00:00, execution_date=20240908T000000, start_date=20240909T070622, end_date=20240909T070634
[2024-09-09T07:06:34.916+0000] {local_task_job_runner.py:243} INFO - Task exited with return code 0
[2024-09-09T07:06:34.940+0000] {logging_mixin.py:188} WARNING - /home/airflow/.local/lib/python3.12/site-packages/airflow/models/baseoperator.py:1297 AirflowProviderDeprecationWarning: Call to deprecated class TrinoOperator. (Please use `airflow.providers.common.sql.operators.sql.SQLExecuteQueryOperator`.)
[2024-09-09T07:06:35.032+0000] {taskinstance.py:3503} INFO - 1 downstream tasks scheduled from follow-on schedule check
[2024-09-09T07:06:35.059+0000] {local_task_job_runner.py:222} INFO - ::endgroup::
