[2024-08-27T04:00:01.003+0000] {local_task_job_runner.py:120} INFO - ::group::Pre task execution logs
[2024-08-27T04:00:01.051+0000] {taskinstance.py:2076} INFO - Dependencies all met for dep_context=non-requeueable deps ti=<TaskInstance: trino_query_dag_ivy.print_start scheduled__2024-08-27T03:00:00+00:00 [queued]>
[2024-08-27T04:00:01.071+0000] {taskinstance.py:2076} INFO - Dependencies all met for dep_context=requeueable deps ti=<TaskInstance: trino_query_dag_ivy.print_start scheduled__2024-08-27T03:00:00+00:00 [queued]>
[2024-08-27T04:00:01.072+0000] {taskinstance.py:2306} INFO - Starting attempt 1 of 2
[2024-08-27T04:00:01.088+0000] {taskinstance.py:2330} INFO - Executing <Task(PythonOperator): print_start> on 2024-08-27 03:00:00+00:00
[2024-08-27T04:00:01.095+0000] {standard_task_runner.py:90} INFO - Running: ['airflow', 'tasks', 'run', 'trino_query_dag_ivy', 'print_start', 'scheduled__2024-08-27T03:00:00+00:00', '--job-id', '429', '--raw', '--subdir', 'DAGS_FOLDER/ivy.py', '--cfg-path', '/tmp/tmprs8mbgwc']
[2024-08-27T04:00:01.100+0000] {logging_mixin.py:188} WARNING - /home/airflow/.local/lib/python3.12/site-packages/airflow/task/task_runner/standard_task_runner.py:62 DeprecationWarning: This process (pid=23926) is multi-threaded, use of fork() may lead to deadlocks in the child.
[2024-08-27T04:00:01.101+0000] {standard_task_runner.py:91} INFO - Job 429: Subtask print_start
[2024-08-27T04:00:01.101+0000] {standard_task_runner.py:64} INFO - Started process 23928 to run task
[2024-08-27T04:00:01.120+0000] {logging_mixin.py:188} WARNING - /home/airflow/.local/lib/python3.12/site-packages/airflow/settings.py:195 DeprecationWarning: The sql_alchemy_conn option in [core] has been moved to the sql_alchemy_conn option in [database] - the old setting has been used, but please update your config.
[2024-08-27T04:00:01.168+0000] {task_command.py:426} INFO - Running <TaskInstance: trino_query_dag_ivy.print_start scheduled__2024-08-27T03:00:00+00:00 [running]> on host b476143e3d64
[2024-08-27T04:00:01.293+0000] {taskinstance.py:2648} INFO - Exporting env vars: AIRFLOW_CTX_DAG_OWNER='airflow' AIRFLOW_CTX_DAG_ID='trino_query_dag_ivy' AIRFLOW_CTX_TASK_ID='print_start' AIRFLOW_CTX_EXECUTION_DATE='2024-08-27T03:00:00+00:00' AIRFLOW_CTX_TRY_NUMBER='1' AIRFLOW_CTX_DAG_RUN_ID='scheduled__2024-08-27T03:00:00+00:00'
[2024-08-27T04:00:01.294+0000] {taskinstance.py:430} INFO - ::endgroup::
[2024-08-27T04:00:01.318+0000] {logging_mixin.py:188} INFO - Start of DAG execution
[2024-08-27T04:00:01.318+0000] {python.py:237} INFO - Done. Returned value was: None
[2024-08-27T04:00:01.319+0000] {taskinstance.py:441} INFO - ::group::Post task execution logs
[2024-08-27T04:00:01.330+0000] {taskinstance.py:1206} INFO - Marking task as SUCCESS. dag_id=trino_query_dag_ivy, task_id=print_start, run_id=scheduled__2024-08-27T03:00:00+00:00, execution_date=20240827T030000, start_date=20240827T040001, end_date=20240827T040001
[2024-08-27T04:00:01.356+0000] {local_task_job_runner.py:243} INFO - Task exited with return code 0
[2024-08-27T04:00:01.369+0000] {logging_mixin.py:188} WARNING - /home/airflow/.local/lib/python3.12/site-packages/airflow/models/baseoperator.py:1297 AirflowProviderDeprecationWarning: Call to deprecated class TrinoOperator. (Please use `airflow.providers.common.sql.operators.sql.SQLExecuteQueryOperator`.)
[2024-08-27T04:00:01.389+0000] {taskinstance.py:3503} INFO - 1 downstream tasks scheduled from follow-on schedule check
[2024-08-27T04:00:01.391+0000] {local_task_job_runner.py:222} INFO - ::endgroup::
