[2024-08-26T06:00:01.477+0000] {local_task_job_runner.py:120} INFO - ::group::Pre task execution logs
[2024-08-26T06:00:01.543+0000] {taskinstance.py:2076} INFO - Dependencies all met for dep_context=non-requeueable deps ti=<TaskInstance: trino_query_dag_ivory.insert_data_inc scheduled__2024-08-26T05:00:00+00:00 [queued]>
[2024-08-26T06:00:01.556+0000] {taskinstance.py:2076} INFO - Dependencies all met for dep_context=requeueable deps ti=<TaskInstance: trino_query_dag_ivory.insert_data_inc scheduled__2024-08-26T05:00:00+00:00 [queued]>
[2024-08-26T06:00:01.558+0000] {taskinstance.py:2306} INFO - Starting attempt 1 of 2
[2024-08-26T06:00:01.572+0000] {taskinstance.py:2330} INFO - Executing <Task(TrinoOperator): insert_data_inc> on 2024-08-26 05:00:00+00:00
[2024-08-26T06:00:01.579+0000] {logging_mixin.py:188} WARNING - /home/airflow/.local/lib/python3.12/site-packages/airflow/task/task_runner/standard_task_runner.py:62 DeprecationWarning: This process (pid=9638) is multi-threaded, use of fork() may lead to deadlocks in the child.
[2024-08-26T06:00:01.580+0000] {standard_task_runner.py:64} INFO - Started process 9639 to run task
[2024-08-26T06:00:01.579+0000] {standard_task_runner.py:90} INFO - Running: ['airflow', 'tasks', 'run', 'trino_query_dag_ivory', 'insert_data_inc', 'scheduled__2024-08-26T05:00:00+00:00', '--job-id', '246', '--raw', '--subdir', 'DAGS_FOLDER/ivory.py', '--cfg-path', '/tmp/tmpp0l5_0ab']
[2024-08-26T06:00:01.581+0000] {standard_task_runner.py:91} INFO - Job 246: Subtask insert_data_inc
[2024-08-26T06:00:01.598+0000] {logging_mixin.py:188} WARNING - /home/airflow/.local/lib/python3.12/site-packages/airflow/settings.py:195 DeprecationWarning: The sql_alchemy_conn option in [core] has been moved to the sql_alchemy_conn option in [database] - the old setting has been used, but please update your config.
[2024-08-26T06:00:01.632+0000] {task_command.py:426} INFO - Running <TaskInstance: trino_query_dag_ivory.insert_data_inc scheduled__2024-08-26T05:00:00+00:00 [running]> on host b476143e3d64
[2024-08-26T06:00:01.999+0000] {taskinstance.py:2648} INFO - Exporting env vars: AIRFLOW_CTX_DAG_OWNER='airflow' AIRFLOW_CTX_DAG_ID='trino_query_dag_ivory' AIRFLOW_CTX_TASK_ID='insert_data_inc' AIRFLOW_CTX_EXECUTION_DATE='2024-08-26T05:00:00+00:00' AIRFLOW_CTX_TRY_NUMBER='1' AIRFLOW_CTX_DAG_RUN_ID='scheduled__2024-08-26T05:00:00+00:00'
[2024-08-26T06:00:02.000+0000] {taskinstance.py:430} INFO - ::endgroup::
[2024-08-26T06:00:02.014+0000] {sql.py:282} INFO - Executing: insert into hive.ivory.customer select *  from sqlserver.dbo.customer
[2024-08-26T06:00:02.032+0000] {base.py:84} INFO - Using connection ID 'my_trino_connection' for task execution.
[2024-08-26T06:00:02.041+0000] {base.py:84} INFO - Using connection ID 'my_trino_connection' for task execution.
[2024-08-26T06:00:02.049+0000] {base.py:84} INFO - Using connection ID 'my_trino_connection' for task execution.
[2024-08-26T06:00:02.053+0000] {sql.py:495} INFO - Running statement: insert into hive.ivory.customer select *  from sqlserver.dbo.customer, parameters: None
[2024-08-26T06:00:02.735+0000] {sql.py:504} INFO - Rows affected: 16
[2024-08-26T06:00:02.890+0000] {taskinstance.py:441} INFO - ::group::Post task execution logs
[2024-08-26T06:00:02.918+0000] {taskinstance.py:1206} INFO - Marking task as SUCCESS. dag_id=trino_query_dag_ivory, task_id=insert_data_inc, run_id=scheduled__2024-08-26T05:00:00+00:00, execution_date=20240826T050000, start_date=20240826T060001, end_date=20240826T060002
[2024-08-26T06:00:02.963+0000] {local_task_job_runner.py:243} INFO - Task exited with return code 0
[2024-08-26T06:00:02.978+0000] {logging_mixin.py:188} WARNING - /home/airflow/.local/lib/python3.12/site-packages/airflow/models/baseoperator.py:1297 AirflowProviderDeprecationWarning: Call to deprecated class TrinoOperator. (Please use `airflow.providers.common.sql.operators.sql.SQLExecuteQueryOperator`.)
[2024-08-26T06:00:02.992+0000] {taskinstance.py:3503} INFO - 1 downstream tasks scheduled from follow-on schedule check
[2024-08-26T06:00:03.005+0000] {local_task_job_runner.py:222} INFO - ::endgroup::
