[2024-08-26T00:49:06.806+0000] {local_task_job_runner.py:120} INFO - ::group::Pre task execution logs
[2024-08-26T00:49:06.848+0000] {taskinstance.py:2076} INFO - Dependencies all met for dep_context=non-requeueable deps ti=<TaskInstance: trino_query_dag_ivory.insert_data_inc scheduled__2024-08-25T00:00:00+00:00 [queued]>
[2024-08-26T00:49:06.860+0000] {taskinstance.py:2076} INFO - Dependencies all met for dep_context=requeueable deps ti=<TaskInstance: trino_query_dag_ivory.insert_data_inc scheduled__2024-08-25T00:00:00+00:00 [queued]>
[2024-08-26T00:49:06.862+0000] {taskinstance.py:2306} INFO - Starting attempt 3 of 4
[2024-08-26T00:49:06.878+0000] {taskinstance.py:2330} INFO - Executing <Task(TrinoOperator): insert_data_inc> on 2024-08-25 00:00:00+00:00
[2024-08-26T00:49:06.884+0000] {logging_mixin.py:188} WARNING - /home/airflow/.local/lib/python3.12/site-packages/airflow/task/task_runner/standard_task_runner.py:62 DeprecationWarning: This process (pid=387) is multi-threaded, use of fork() may lead to deadlocks in the child.
[2024-08-26T00:49:06.886+0000] {standard_task_runner.py:64} INFO - Started process 388 to run task
[2024-08-26T00:49:06.884+0000] {standard_task_runner.py:90} INFO - Running: ['airflow', 'tasks', 'run', 'trino_query_dag_ivory', 'insert_data_inc', 'scheduled__2024-08-25T00:00:00+00:00', '--job-id', '225', '--raw', '--subdir', 'DAGS_FOLDER/ivory.py', '--cfg-path', '/tmp/tmpzyc8a11z']
[2024-08-26T00:49:06.887+0000] {standard_task_runner.py:91} INFO - Job 225: Subtask insert_data_inc
[2024-08-26T00:49:06.912+0000] {logging_mixin.py:188} WARNING - /home/airflow/.local/lib/python3.12/site-packages/airflow/settings.py:195 DeprecationWarning: The sql_alchemy_conn option in [core] has been moved to the sql_alchemy_conn option in [database] - the old setting has been used, but please update your config.
[2024-08-26T00:49:06.952+0000] {task_command.py:426} INFO - Running <TaskInstance: trino_query_dag_ivory.insert_data_inc scheduled__2024-08-25T00:00:00+00:00 [running]> on host b476143e3d64
[2024-08-26T00:49:07.056+0000] {taskinstance.py:2648} INFO - Exporting env vars: AIRFLOW_CTX_DAG_OWNER='airflow' AIRFLOW_CTX_DAG_ID='trino_query_dag_ivory' AIRFLOW_CTX_TASK_ID='insert_data_inc' AIRFLOW_CTX_EXECUTION_DATE='2024-08-25T00:00:00+00:00' AIRFLOW_CTX_TRY_NUMBER='3' AIRFLOW_CTX_DAG_RUN_ID='scheduled__2024-08-25T00:00:00+00:00'
[2024-08-26T00:49:07.057+0000] {taskinstance.py:430} INFO - ::endgroup::
[2024-08-26T00:49:07.072+0000] {sql.py:282} INFO - Executing: insert into hive.ivory.customer select *  from sqlserver.dbo.customer
[2024-08-26T00:49:07.089+0000] {base.py:84} INFO - Using connection ID 'my_trino_connection' for task execution.
[2024-08-26T00:49:07.100+0000] {base.py:84} INFO - Using connection ID 'my_trino_connection' for task execution.
[2024-08-26T00:49:07.108+0000] {base.py:84} INFO - Using connection ID 'my_trino_connection' for task execution.
[2024-08-26T00:49:07.116+0000] {sql.py:495} INFO - Running statement: insert into hive.ivory.customer select *  from sqlserver.dbo.customer, parameters: None
[2024-08-26T00:49:07.548+0000] {sql.py:504} INFO - Rows affected: 16
[2024-08-26T00:49:07.816+0000] {taskinstance.py:441} INFO - ::group::Post task execution logs
[2024-08-26T00:49:07.841+0000] {taskinstance.py:1206} INFO - Marking task as SUCCESS. dag_id=trino_query_dag_ivory, task_id=insert_data_inc, run_id=scheduled__2024-08-25T00:00:00+00:00, execution_date=20240825T000000, start_date=20240826T004906, end_date=20240826T004907
[2024-08-26T00:49:07.875+0000] {local_task_job_runner.py:243} INFO - Task exited with return code 0
[2024-08-26T00:49:07.889+0000] {logging_mixin.py:188} WARNING - /home/airflow/.local/lib/python3.12/site-packages/airflow/models/baseoperator.py:1297 AirflowProviderDeprecationWarning: Call to deprecated class TrinoOperator. (Please use `airflow.providers.common.sql.operators.sql.SQLExecuteQueryOperator`.)
[2024-08-26T00:49:07.902+0000] {taskinstance.py:3503} INFO - 1 downstream tasks scheduled from follow-on schedule check
[2024-08-26T00:49:07.904+0000] {local_task_job_runner.py:222} INFO - ::endgroup::
