[2024-10-25T01:08:37.881+0000] {local_task_job_runner.py:120} INFO - ::group::Pre task execution logs
[2024-10-25T01:08:38.019+0000] {taskinstance.py:2076} INFO - Dependencies all met for dep_context=non-requeueable deps ti=<TaskInstance: query_dag_irenen.print_end scheduled__2024-10-24T00:00:00+00:00 [queued]>
[2024-10-25T01:08:38.037+0000] {taskinstance.py:2076} INFO - Dependencies all met for dep_context=requeueable deps ti=<TaskInstance: query_dag_irenen.print_end scheduled__2024-10-24T00:00:00+00:00 [queued]>
[2024-10-25T01:08:40.011+0000] {taskinstance.py:2306} INFO - Starting attempt 1 of 2
[2024-10-25T01:08:42.589+0000] {taskinstance.py:2330} INFO - Executing <Task(PythonOperator): print_end> on 2024-10-24 00:00:00+00:00
[2024-10-25T01:08:42.662+0000] {logging_mixin.py:188} WARNING - /home/airflow/.local/lib/python3.12/site-packages/airflow/task/task_runner/standard_task_runner.py:62 DeprecationWarning: This process (pid=16530) is multi-threaded, use of fork() may lead to deadlocks in the child.
[2024-10-25T01:08:42.665+0000] {standard_task_runner.py:64} INFO - Started process 16570 to run task
[2024-10-25T01:08:42.662+0000] {standard_task_runner.py:90} INFO - Running: ['airflow', 'tasks', 'run', 'query_dag_irenen', 'print_end', 'scheduled__2024-10-24T00:00:00+00:00', '--job-id', '1853', '--raw', '--subdir', 'DAGS_FOLDER/irenen.py', '--cfg-path', '/tmp/tmp6ifpl2p3']
[2024-10-25T01:08:42.668+0000] {standard_task_runner.py:91} INFO - Job 1853: Subtask print_end
[2024-10-25T01:08:44.315+0000] {logging_mixin.py:188} WARNING - /home/airflow/.local/lib/python3.12/site-packages/airflow/settings.py:195 DeprecationWarning: The sql_alchemy_conn option in [core] has been moved to the sql_alchemy_conn option in [database] - the old setting has been used, but please update your config.
[2024-10-25T01:08:44.368+0000] {task_command.py:426} INFO - Running <TaskInstance: query_dag_irenen.print_end scheduled__2024-10-24T00:00:00+00:00 [running]> on host 92783cd12528
[2024-10-25T01:08:44.372+0000] {logging_mixin.py:188} WARNING - /home/airflow/.local/lib/python3.12/site-packages/airflow/settings.py:356 DeprecationWarning: The sql_engine_encoding option in [core] has been moved to the sql_engine_encoding option in [database] - the old setting has been used, but please update your config.
[2024-10-25T01:08:47.663+0000] {logging_mixin.py:188} WARNING - /home/airflow/.local/lib/python3.12/site-packages/airflow/utils/log/secrets_masker.py:84 DeprecationWarning: The sensitive_variable_fields option in [admin] has been moved to the sensitive_var_conn_names option in [core] - the old setting has been used, but please update your config.
[2024-10-25T01:08:54.864+0000] {taskinstance.py:2648} INFO - Exporting env vars: AIRFLOW_CTX_DAG_OWNER='airflow' AIRFLOW_CTX_DAG_ID='query_dag_irenen' AIRFLOW_CTX_TASK_ID='print_end' AIRFLOW_CTX_EXECUTION_DATE='2024-10-24T00:00:00+00:00' AIRFLOW_CTX_TRY_NUMBER='1' AIRFLOW_CTX_DAG_RUN_ID='scheduled__2024-10-24T00:00:00+00:00'
[2024-10-25T01:08:54.865+0000] {taskinstance.py:430} INFO - ::endgroup::
[2024-10-25T01:08:54.887+0000] {logging_mixin.py:188} INFO - End of DAG execution
[2024-10-25T01:08:54.888+0000] {python.py:237} INFO - Done. Returned value was: None
[2024-10-25T01:08:54.889+0000] {taskinstance.py:441} INFO - ::group::Post task execution logs
[2024-10-25T01:08:54.899+0000] {taskinstance.py:1206} INFO - Marking task as SUCCESS. dag_id=query_dag_irenen, task_id=print_end, run_id=scheduled__2024-10-24T00:00:00+00:00, execution_date=20241024T000000, start_date=20241025T010838, end_date=20241025T010854
[2024-10-25T01:08:58.222+0000] {local_task_job_runner.py:243} INFO - Task exited with return code 0
[2024-10-25T01:08:58.237+0000] {taskinstance.py:3503} INFO - 0 downstream tasks scheduled from follow-on schedule check
[2024-10-25T01:08:59.843+0000] {local_task_job_runner.py:222} INFO - ::endgroup::
