[2024-09-12T03:00:13.175+0000] {local_task_job_runner.py:120} INFO - ::group::Pre task execution logs
[2024-09-12T03:00:13.221+0000] {taskinstance.py:2076} INFO - Dependencies all met for dep_context=non-requeueable deps ti=<TaskInstance: trino_query_dag_ironmale.print_end scheduled__2024-09-11T00:00:00+00:00 [queued]>
[2024-09-12T03:00:13.231+0000] {taskinstance.py:2076} INFO - Dependencies all met for dep_context=requeueable deps ti=<TaskInstance: trino_query_dag_ironmale.print_end scheduled__2024-09-11T00:00:00+00:00 [queued]>
[2024-09-12T03:00:13.792+0000] {taskinstance.py:2306} INFO - Starting attempt 1 of 2
[2024-09-12T03:00:14.160+0000] {taskinstance.py:2330} INFO - Executing <Task(PythonOperator): print_end> on 2024-09-11 00:00:00+00:00
[2024-09-12T03:00:14.167+0000] {logging_mixin.py:188} WARNING - /home/airflow/.local/lib/python3.12/site-packages/airflow/task/task_runner/standard_task_runner.py:62 DeprecationWarning: This process (pid=1897) is multi-threaded, use of fork() may lead to deadlocks in the child.
[2024-09-12T03:00:14.169+0000] {standard_task_runner.py:64} INFO - Started process 1915 to run task
[2024-09-12T03:00:14.167+0000] {standard_task_runner.py:90} INFO - Running: ['airflow', 'tasks', 'run', 'trino_query_dag_ironmale', 'print_end', 'scheduled__2024-09-11T00:00:00+00:00', '--job-id', '162', '--raw', '--subdir', 'DAGS_FOLDER/ironmale.py', '--cfg-path', '/tmp/tmpte41t9es']
[2024-09-12T03:00:14.171+0000] {standard_task_runner.py:91} INFO - Job 162: Subtask print_end
[2024-09-12T03:00:14.273+0000] {logging_mixin.py:188} WARNING - /home/airflow/.local/lib/python3.12/site-packages/airflow/settings.py:195 DeprecationWarning: The sql_alchemy_conn option in [core] has been moved to the sql_alchemy_conn option in [database] - the old setting has been used, but please update your config.
[2024-09-12T03:00:14.329+0000] {task_command.py:426} INFO - Running <TaskInstance: trino_query_dag_ironmale.print_end scheduled__2024-09-11T00:00:00+00:00 [running]> on host 92783cd12528
[2024-09-12T03:00:14.334+0000] {logging_mixin.py:188} WARNING - /home/airflow/.local/lib/python3.12/site-packages/airflow/settings.py:356 DeprecationWarning: The sql_engine_encoding option in [core] has been moved to the sql_engine_encoding option in [database] - the old setting has been used, but please update your config.
[2024-09-12T03:00:14.419+0000] {logging_mixin.py:188} WARNING - /home/airflow/.local/lib/python3.12/site-packages/airflow/utils/log/secrets_masker.py:84 DeprecationWarning: The sensitive_variable_fields option in [admin] has been moved to the sensitive_var_conn_names option in [core] - the old setting has been used, but please update your config.
[2024-09-12T03:00:14.457+0000] {taskinstance.py:2648} INFO - Exporting env vars: AIRFLOW_CTX_DAG_OWNER='airflow' AIRFLOW_CTX_DAG_ID='trino_query_dag_ironmale' AIRFLOW_CTX_TASK_ID='print_end' AIRFLOW_CTX_EXECUTION_DATE='2024-09-11T00:00:00+00:00' AIRFLOW_CTX_TRY_NUMBER='1' AIRFLOW_CTX_DAG_RUN_ID='scheduled__2024-09-11T00:00:00+00:00'
[2024-09-12T03:00:14.458+0000] {taskinstance.py:430} INFO - ::endgroup::
[2024-09-12T03:00:14.478+0000] {logging_mixin.py:188} INFO - End of DAG execution
[2024-09-12T03:00:14.479+0000] {python.py:237} INFO - Done. Returned value was: None
[2024-09-12T03:00:14.485+0000] {taskinstance.py:441} INFO - ::group::Post task execution logs
[2024-09-12T03:00:14.496+0000] {taskinstance.py:1206} INFO - Marking task as SUCCESS. dag_id=trino_query_dag_ironmale, task_id=print_end, run_id=scheduled__2024-09-11T00:00:00+00:00, execution_date=20240911T000000, start_date=20240912T030013, end_date=20240912T030014
[2024-09-12T03:00:14.546+0000] {local_task_job_runner.py:243} INFO - Task exited with return code 0
[2024-09-12T03:00:14.566+0000] {taskinstance.py:3503} INFO - 0 downstream tasks scheduled from follow-on schedule check
[2024-09-12T03:00:14.572+0000] {local_task_job_runner.py:222} INFO - ::endgroup::
