[2024-10-30T01:02:22.182+0000] {local_task_job_runner.py:120} INFO - ::group::Pre task execution logs
[2024-10-30T01:02:22.300+0000] {taskinstance.py:2076} INFO - Dependencies all met for dep_context=non-requeueable deps ti=<TaskInstance: query_dag_ivy.insert_data_inc scheduled__2024-10-29T00:00:00+00:00 [queued]>
[2024-10-30T01:02:22.313+0000] {taskinstance.py:2076} INFO - Dependencies all met for dep_context=requeueable deps ti=<TaskInstance: query_dag_ivy.insert_data_inc scheduled__2024-10-29T00:00:00+00:00 [queued]>
[2024-10-30T01:02:22.612+0000] {taskinstance.py:2306} INFO - Starting attempt 1 of 2
[2024-10-30T01:02:25.725+0000] {taskinstance.py:2330} INFO - Executing <Task(TrinoOperator): insert_data_inc> on 2024-10-29 00:00:00+00:00
[2024-10-30T01:02:25.769+0000] {logging_mixin.py:188} WARNING - /home/airflow/.local/lib/python3.12/site-packages/airflow/task/task_runner/standard_task_runner.py:62 DeprecationWarning: This process (pid=92935) is multi-threaded, use of fork() may lead to deadlocks in the child.
[2024-10-30T01:02:25.847+0000] {standard_task_runner.py:90} INFO - Running: ['airflow', 'tasks', 'run', 'query_dag_ivy', 'insert_data_inc', 'scheduled__2024-10-29T00:00:00+00:00', '--job-id', '2149', '--raw', '--subdir', 'DAGS_FOLDER/ivy.py', '--cfg-path', '/tmp/tmpth4vkx6m']
[2024-10-30T01:02:26.471+0000] {standard_task_runner.py:91} INFO - Job 2149: Subtask insert_data_inc
[2024-10-30T01:02:26.467+0000] {standard_task_runner.py:64} INFO - Started process 92971 to run task
[2024-10-30T01:02:29.383+0000] {logging_mixin.py:188} WARNING - /home/airflow/.local/lib/python3.12/site-packages/airflow/settings.py:195 DeprecationWarning: The sql_alchemy_conn option in [core] has been moved to the sql_alchemy_conn option in [database] - the old setting has been used, but please update your config.
[2024-10-30T01:02:29.870+0000] {task_command.py:426} INFO - Running <TaskInstance: query_dag_ivy.insert_data_inc scheduled__2024-10-29T00:00:00+00:00 [running]> on host 92783cd12528
[2024-10-30T01:02:29.888+0000] {logging_mixin.py:188} WARNING - /home/airflow/.local/lib/python3.12/site-packages/airflow/settings.py:356 DeprecationWarning: The sql_engine_encoding option in [core] has been moved to the sql_engine_encoding option in [database] - the old setting has been used, but please update your config.
[2024-10-30T01:02:31.249+0000] {logging_mixin.py:188} WARNING - /home/airflow/.local/lib/python3.12/site-packages/airflow/utils/log/secrets_masker.py:84 DeprecationWarning: The sensitive_variable_fields option in [admin] has been moved to the sensitive_var_conn_names option in [core] - the old setting has been used, but please update your config.
[2024-10-30T01:02:36.573+0000] {taskinstance.py:2648} INFO - Exporting env vars: AIRFLOW_CTX_DAG_OWNER='airflow' AIRFLOW_CTX_DAG_ID='query_dag_ivy' AIRFLOW_CTX_TASK_ID='insert_data_inc' AIRFLOW_CTX_EXECUTION_DATE='2024-10-29T00:00:00+00:00' AIRFLOW_CTX_TRY_NUMBER='1' AIRFLOW_CTX_DAG_RUN_ID='scheduled__2024-10-29T00:00:00+00:00'
[2024-10-30T01:02:36.599+0000] {taskinstance.py:430} INFO - ::endgroup::
[2024-10-30T01:02:36.678+0000] {sql.py:282} INFO - Executing: insert into hive.ivy.customer select *  from sqlserver.dbo.customer WHERE date = CAST('2023-11-25' AS DATE)
[2024-10-30T01:02:36.722+0000] {base.py:84} INFO - Using connection ID 'my_trino_connection' for task execution.
[2024-10-30T01:02:36.743+0000] {base.py:84} INFO - Using connection ID 'my_trino_connection' for task execution.
[2024-10-30T01:02:36.781+0000] {base.py:84} INFO - Using connection ID 'my_trino_connection' for task execution.
[2024-10-30T01:02:36.788+0000] {sql.py:495} INFO - Running statement: insert into hive.ivy.customer select *  from sqlserver.dbo.customer WHERE date = CAST('2023-11-25' AS DATE), parameters: None
[2024-10-30T01:02:45.854+0000] {sql.py:504} INFO - Rows affected: 4
[2024-10-30T01:02:55.588+0000] {taskinstance.py:441} INFO - ::group::Post task execution logs
[2024-10-30T01:02:58.645+0000] {taskinstance.py:1206} INFO - Marking task as SUCCESS. dag_id=query_dag_ivy, task_id=insert_data_inc, run_id=scheduled__2024-10-29T00:00:00+00:00, execution_date=20241029T000000, start_date=20241030T010222, end_date=20241030T010258
[2024-10-30T01:03:02.310+0000] {local_task_job_runner.py:243} INFO - Task exited with return code 0
[2024-10-30T01:03:02.797+0000] {local_task_job_runner.py:222} INFO - ::endgroup::
