[2024-10-16T01:02:57.946+0000] {local_task_job_runner.py:120} INFO - ::group::Pre task execution logs
[2024-10-16T01:02:58.283+0000] {taskinstance.py:2076} INFO - Dependencies all met for dep_context=non-requeueable deps ti=<TaskInstance: query_dag_irene.insert_data_inc scheduled__2024-10-15T00:00:00+00:00 [queued]>
[2024-10-16T01:02:58.300+0000] {taskinstance.py:2076} INFO - Dependencies all met for dep_context=requeueable deps ti=<TaskInstance: query_dag_irene.insert_data_inc scheduled__2024-10-15T00:00:00+00:00 [queued]>
[2024-10-16T01:02:59.503+0000] {taskinstance.py:2306} INFO - Starting attempt 1 of 2
[2024-10-16T01:03:01.838+0000] {taskinstance.py:2330} INFO - Executing <Task(TrinoOperator): insert_data_inc> on 2024-10-15 00:00:00+00:00
[2024-10-16T01:03:02.093+0000] {logging_mixin.py:188} WARNING - /home/airflow/.local/lib/python3.12/site-packages/airflow/task/task_runner/standard_task_runner.py:62 DeprecationWarning: This process (pid=82110) is multi-threaded, use of fork() may lead to deadlocks in the child.
[2024-10-16T01:03:02.098+0000] {standard_task_runner.py:64} INFO - Started process 82153 to run task
[2024-10-16T01:03:02.113+0000] {standard_task_runner.py:90} INFO - Running: ['airflow', 'tasks', 'run', 'query_dag_irene', 'insert_data_inc', 'scheduled__2024-10-15T00:00:00+00:00', '--job-id', '1239', '--raw', '--subdir', 'DAGS_FOLDER/irene.py', '--cfg-path', '/tmp/tmpjjjcjpyl']
[2024-10-16T01:03:02.132+0000] {standard_task_runner.py:91} INFO - Job 1239: Subtask insert_data_inc
[2024-10-16T01:03:16.027+0000] {logging_mixin.py:188} WARNING - /home/airflow/.local/lib/python3.12/site-packages/airflow/settings.py:195 DeprecationWarning: The sql_alchemy_conn option in [core] has been moved to the sql_alchemy_conn option in [database] - the old setting has been used, but please update your config.
[2024-10-16T01:03:16.280+0000] {task_command.py:426} INFO - Running <TaskInstance: query_dag_irene.insert_data_inc scheduled__2024-10-15T00:00:00+00:00 [running]> on host 92783cd12528
[2024-10-16T01:03:16.285+0000] {logging_mixin.py:188} WARNING - /home/airflow/.local/lib/python3.12/site-packages/airflow/settings.py:356 DeprecationWarning: The sql_engine_encoding option in [core] has been moved to the sql_engine_encoding option in [database] - the old setting has been used, but please update your config.
[2024-10-16T01:03:18.893+0000] {logging_mixin.py:188} WARNING - /home/airflow/.local/lib/python3.12/site-packages/airflow/utils/log/secrets_masker.py:84 DeprecationWarning: The sensitive_variable_fields option in [admin] has been moved to the sensitive_var_conn_names option in [core] - the old setting has been used, but please update your config.
[2024-10-16T01:03:21.490+0000] {taskinstance.py:2648} INFO - Exporting env vars: AIRFLOW_CTX_DAG_OWNER='airflow' AIRFLOW_CTX_DAG_ID='query_dag_irene' AIRFLOW_CTX_TASK_ID='insert_data_inc' AIRFLOW_CTX_EXECUTION_DATE='2024-10-15T00:00:00+00:00' AIRFLOW_CTX_TRY_NUMBER='1' AIRFLOW_CTX_DAG_RUN_ID='scheduled__2024-10-15T00:00:00+00:00'
[2024-10-16T01:03:21.492+0000] {taskinstance.py:430} INFO - ::endgroup::
[2024-10-16T01:03:21.599+0000] {sql.py:282} INFO - Executing: insert into hive.irene.sou select * from sqlserver.dbo.sou
[2024-10-16T01:03:21.634+0000] {base.py:84} INFO - Using connection ID 'my_trino_connection' for task execution.
[2024-10-16T01:03:22.099+0000] {base.py:84} INFO - Using connection ID 'my_trino_connection' for task execution.
[2024-10-16T01:03:22.125+0000] {base.py:84} INFO - Using connection ID 'my_trino_connection' for task execution.
[2024-10-16T01:03:22.152+0000] {sql.py:495} INFO - Running statement: insert into hive.irene.sou select * from sqlserver.dbo.sou, parameters: None
[2024-10-16T01:04:19.063+0000] {sql.py:504} INFO - Rows affected: 1048571
[2024-10-16T01:04:24.817+0000] {taskinstance.py:441} INFO - ::group::Post task execution logs
[2024-10-16T01:04:26.089+0000] {taskinstance.py:1206} INFO - Marking task as SUCCESS. dag_id=query_dag_irene, task_id=insert_data_inc, run_id=scheduled__2024-10-15T00:00:00+00:00, execution_date=20241015T000000, start_date=20241016T010258, end_date=20241016T010426
[2024-10-16T01:04:26.462+0000] {local_task_job_runner.py:243} INFO - Task exited with return code 0
[2024-10-16T01:04:26.623+0000] {logging_mixin.py:188} WARNING - /home/airflow/.local/lib/python3.12/site-packages/airflow/models/baseoperator.py:1297 AirflowProviderDeprecationWarning: Call to deprecated class TrinoOperator. (Please use `airflow.providers.common.sql.operators.sql.SQLExecuteQueryOperator`.)
[2024-10-16T01:04:26.678+0000] {taskinstance.py:3503} INFO - 1 downstream tasks scheduled from follow-on schedule check
[2024-10-16T01:04:26.750+0000] {local_task_job_runner.py:222} INFO - ::endgroup::
