[2024-10-29T00:31:35.535+0000] {local_task_job_runner.py:120} INFO - ::group::Pre task execution logs
[2024-10-29T00:31:35.648+0000] {taskinstance.py:2076} INFO - Dependencies all met for dep_context=non-requeueable deps ti=<TaskInstance: query_dag_iron.print_start scheduled__2024-10-28T00:00:00+00:00 [queued]>
[2024-10-29T00:31:35.689+0000] {taskinstance.py:2076} INFO - Dependencies all met for dep_context=requeueable deps ti=<TaskInstance: query_dag_iron.print_start scheduled__2024-10-28T00:00:00+00:00 [queued]>
[2024-10-29T00:31:35.962+0000] {taskinstance.py:2306} INFO - Starting attempt 1 of 2
[2024-10-29T00:31:39.023+0000] {taskinstance.py:2330} INFO - Executing <Task(PythonOperator): print_start> on 2024-10-28 00:00:00+00:00
[2024-10-29T00:31:39.107+0000] {standard_task_runner.py:90} INFO - Running: ['airflow', 'tasks', 'run', 'query_dag_iron', 'print_start', 'scheduled__2024-10-28T00:00:00+00:00', '--job-id', '2080', '--raw', '--subdir', 'DAGS_FOLDER/iron.py', '--cfg-path', '/tmp/tmpzd2piwu5']
[2024-10-29T00:31:39.120+0000] {standard_task_runner.py:91} INFO - Job 2080: Subtask print_start
[2024-10-29T00:31:39.115+0000] {logging_mixin.py:188} WARNING - /home/airflow/.local/lib/python3.12/site-packages/airflow/task/task_runner/standard_task_runner.py:62 DeprecationWarning: This process (pid=48657) is multi-threaded, use of fork() may lead to deadlocks in the child.
[2024-10-29T00:31:39.124+0000] {standard_task_runner.py:64} INFO - Started process 48691 to run task
[2024-10-29T00:31:46.098+0000] {logging_mixin.py:188} WARNING - /home/airflow/.local/lib/python3.12/site-packages/airflow/settings.py:195 DeprecationWarning: The sql_alchemy_conn option in [core] has been moved to the sql_alchemy_conn option in [database] - the old setting has been used, but please update your config.
[2024-10-29T00:31:46.400+0000] {task_command.py:426} INFO - Running <TaskInstance: query_dag_iron.print_start scheduled__2024-10-28T00:00:00+00:00 [running]> on host 92783cd12528
[2024-10-29T00:31:46.413+0000] {logging_mixin.py:188} WARNING - /home/airflow/.local/lib/python3.12/site-packages/airflow/settings.py:356 DeprecationWarning: The sql_engine_encoding option in [core] has been moved to the sql_engine_encoding option in [database] - the old setting has been used, but please update your config.
[2024-10-29T00:31:49.614+0000] {logging_mixin.py:188} WARNING - /home/airflow/.local/lib/python3.12/site-packages/airflow/utils/log/secrets_masker.py:84 DeprecationWarning: The sensitive_variable_fields option in [admin] has been moved to the sensitive_var_conn_names option in [core] - the old setting has been used, but please update your config.
[2024-10-29T00:31:56.641+0000] {taskinstance.py:2648} INFO - Exporting env vars: AIRFLOW_CTX_DAG_OWNER='airflow' AIRFLOW_CTX_DAG_ID='query_dag_iron' AIRFLOW_CTX_TASK_ID='print_start' AIRFLOW_CTX_EXECUTION_DATE='2024-10-28T00:00:00+00:00' AIRFLOW_CTX_TRY_NUMBER='1' AIRFLOW_CTX_DAG_RUN_ID='scheduled__2024-10-28T00:00:00+00:00'
[2024-10-29T00:31:56.664+0000] {taskinstance.py:430} INFO - ::endgroup::
[2024-10-29T00:31:56.740+0000] {logging_mixin.py:188} INFO - Start of DAG execution
[2024-10-29T00:31:56.752+0000] {python.py:237} INFO - Done. Returned value was: None
[2024-10-29T00:31:56.768+0000] {taskinstance.py:441} INFO - ::group::Post task execution logs
[2024-10-29T00:31:56.848+0000] {taskinstance.py:1206} INFO - Marking task as SUCCESS. dag_id=query_dag_iron, task_id=print_start, run_id=scheduled__2024-10-28T00:00:00+00:00, execution_date=20241028T000000, start_date=20241029T003135, end_date=20241029T003156
[2024-10-29T00:31:59.289+0000] {local_task_job_runner.py:243} INFO - Task exited with return code 0
[2024-10-29T00:31:59.314+0000] {logging_mixin.py:188} WARNING - /home/airflow/.local/lib/python3.12/site-packages/airflow/models/baseoperator.py:1297 AirflowProviderDeprecationWarning: Call to deprecated class TrinoOperator. (Please use `airflow.providers.common.sql.operators.sql.SQLExecuteQueryOperator`.)
[2024-10-29T00:31:59.334+0000] {taskinstance.py:3503} INFO - 1 downstream tasks scheduled from follow-on schedule check
[2024-10-29T00:32:02.207+0000] {local_task_job_runner.py:222} INFO - ::endgroup::
