[2024-09-12T03:04:24.536+0000] {local_task_job_runner.py:120} INFO - ::group::Pre task execution logs
[2024-09-12T03:04:24.648+0000] {taskinstance.py:2076} INFO - Dependencies all met for dep_context=non-requeueable deps ti=<TaskInstance: trino_query_dag_irenen.insert_data_inc scheduled__2024-09-11T00:00:00+00:00 [queued]>
[2024-09-12T03:04:24.802+0000] {taskinstance.py:2076} INFO - Dependencies all met for dep_context=requeueable deps ti=<TaskInstance: trino_query_dag_irenen.insert_data_inc scheduled__2024-09-11T00:00:00+00:00 [queued]>
[2024-09-12T03:04:24.806+0000] {taskinstance.py:2306} INFO - Starting attempt 2 of 2
[2024-09-12T03:04:24.863+0000] {taskinstance.py:2330} INFO - Executing <Task(TrinoOperator): insert_data_inc> on 2024-09-11 00:00:00+00:00
[2024-09-12T03:04:24.881+0000] {logging_mixin.py:188} WARNING - /home/airflow/.local/lib/python3.12/site-packages/airflow/task/task_runner/standard_task_runner.py:62 DeprecationWarning: This process (pid=10573) is multi-threaded, use of fork() may lead to deadlocks in the child.
[2024-09-12T03:04:24.891+0000] {standard_task_runner.py:64} INFO - Started process 10590 to run task
[2024-09-12T03:04:24.930+0000] {standard_task_runner.py:90} INFO - Running: ['airflow', 'tasks', 'run', 'trino_query_dag_irenen', 'insert_data_inc', 'scheduled__2024-09-11T00:00:00+00:00', '--job-id', '164', '--raw', '--subdir', 'DAGS_FOLDER/irenen.py', '--cfg-path', '/tmp/tmp14wcetmf']
[2024-09-12T03:04:24.936+0000] {standard_task_runner.py:91} INFO - Job 164: Subtask insert_data_inc
[2024-09-12T03:04:25.046+0000] {logging_mixin.py:188} WARNING - /home/airflow/.local/lib/python3.12/site-packages/airflow/settings.py:195 DeprecationWarning: The sql_alchemy_conn option in [core] has been moved to the sql_alchemy_conn option in [database] - the old setting has been used, but please update your config.
[2024-09-12T03:04:25.349+0000] {task_command.py:426} INFO - Running <TaskInstance: trino_query_dag_irenen.insert_data_inc scheduled__2024-09-11T00:00:00+00:00 [running]> on host 92783cd12528
[2024-09-12T03:04:25.364+0000] {logging_mixin.py:188} WARNING - /home/airflow/.local/lib/python3.12/site-packages/airflow/settings.py:356 DeprecationWarning: The sql_engine_encoding option in [core] has been moved to the sql_engine_encoding option in [database] - the old setting has been used, but please update your config.
[2024-09-12T03:04:26.006+0000] {logging_mixin.py:188} WARNING - /home/airflow/.local/lib/python3.12/site-packages/airflow/utils/log/secrets_masker.py:84 DeprecationWarning: The sensitive_variable_fields option in [admin] has been moved to the sensitive_var_conn_names option in [core] - the old setting has been used, but please update your config.
[2024-09-12T03:04:26.095+0000] {taskinstance.py:2648} INFO - Exporting env vars: AIRFLOW_CTX_DAG_OWNER='airflow' AIRFLOW_CTX_DAG_ID='trino_query_dag_irenen' AIRFLOW_CTX_TASK_ID='insert_data_inc' AIRFLOW_CTX_EXECUTION_DATE='2024-09-11T00:00:00+00:00' AIRFLOW_CTX_TRY_NUMBER='2' AIRFLOW_CTX_DAG_RUN_ID='scheduled__2024-09-11T00:00:00+00:00'
[2024-09-12T03:04:26.097+0000] {taskinstance.py:430} INFO - ::endgroup::
[2024-09-12T03:04:26.125+0000] {sql.py:282} INFO - Executing: insert into hive.irenen.sou         WITH sou_cte AS (         SELECT * FROM sqlserver.dbo.Sou         where hour =22        ) SELECT * FROM sou_cte
[2024-09-12T03:04:26.191+0000] {base.py:84} INFO - Using connection ID 'my_trino_connection' for task execution.
[2024-09-12T03:04:26.219+0000] {base.py:84} INFO - Using connection ID 'my_trino_connection' for task execution.
[2024-09-12T03:04:26.247+0000] {base.py:84} INFO - Using connection ID 'my_trino_connection' for task execution.
[2024-09-12T03:04:26.254+0000] {sql.py:495} INFO - Running statement: insert into hive.irenen.sou         WITH sou_cte AS (         SELECT * FROM sqlserver.dbo.Sou         where hour =22        ) SELECT * FROM sou_cte, parameters: None
[2024-09-12T03:05:02.440+0000] {sql.py:504} INFO - Rows affected: 1048567
[2024-09-12T03:05:02.985+0000] {taskinstance.py:441} INFO - ::group::Post task execution logs
[2024-09-12T03:05:03.034+0000] {taskinstance.py:1206} INFO - Marking task as SUCCESS. dag_id=trino_query_dag_irenen, task_id=insert_data_inc, run_id=scheduled__2024-09-11T00:00:00+00:00, execution_date=20240911T000000, start_date=20240912T030424, end_date=20240912T030503
[2024-09-12T03:05:03.114+0000] {local_task_job_runner.py:243} INFO - Task exited with return code 0
[2024-09-12T03:05:03.399+0000] {local_task_job_runner.py:222} INFO - ::endgroup::
