[2024-09-25T00:39:28.564+0000] {local_task_job_runner.py:120} INFO - ::group::Pre task execution logs
[2024-09-25T00:39:31.526+0000] {taskinstance.py:2076} INFO - Dependencies all met for dep_context=non-requeueable deps ti=<TaskInstance: query_dag_irie.print_start scheduled__2024-09-24T00:00:00+00:00 [queued]>
[2024-09-25T00:39:31.539+0000] {taskinstance.py:2076} INFO - Dependencies all met for dep_context=requeueable deps ti=<TaskInstance: query_dag_irie.print_start scheduled__2024-09-24T00:00:00+00:00 [queued]>
[2024-09-25T00:39:32.000+0000] {taskinstance.py:2306} INFO - Starting attempt 1 of 2
[2024-09-25T00:39:32.778+0000] {taskinstance.py:2330} INFO - Executing <Task(PythonOperator): print_start> on 2024-09-24 00:00:00+00:00
[2024-09-25T00:39:32.841+0000] {standard_task_runner.py:90} INFO - Running: ['airflow', 'tasks', 'run', 'query_dag_irie', 'print_start', 'scheduled__2024-09-24T00:00:00+00:00', '--job-id', '478', '--raw', '--subdir', 'DAGS_FOLDER/irie.py', '--cfg-path', '/tmp/tmp8sg1z5yx']
[2024-09-25T00:39:32.851+0000] {standard_task_runner.py:91} INFO - Job 478: Subtask print_start
[2024-09-25T00:39:32.839+0000] {logging_mixin.py:188} WARNING - /home/airflow/.local/lib/python3.12/site-packages/airflow/task/task_runner/standard_task_runner.py:62 DeprecationWarning: This process (pid=51042) is multi-threaded, use of fork() may lead to deadlocks in the child.
[2024-09-25T00:39:32.872+0000] {standard_task_runner.py:64} INFO - Started process 51069 to run task
[2024-09-25T00:39:34.114+0000] {logging_mixin.py:188} WARNING - /home/airflow/.local/lib/python3.12/site-packages/airflow/settings.py:195 DeprecationWarning: The sql_alchemy_conn option in [core] has been moved to the sql_alchemy_conn option in [database] - the old setting has been used, but please update your config.
[2024-09-25T00:39:34.928+0000] {task_command.py:426} INFO - Running <TaskInstance: query_dag_irie.print_start scheduled__2024-09-24T00:00:00+00:00 [running]> on host 92783cd12528
[2024-09-25T00:39:35.152+0000] {logging_mixin.py:188} WARNING - /home/airflow/.local/lib/python3.12/site-packages/airflow/settings.py:356 DeprecationWarning: The sql_engine_encoding option in [core] has been moved to the sql_engine_encoding option in [database] - the old setting has been used, but please update your config.
[2024-09-25T00:39:40.645+0000] {logging_mixin.py:188} WARNING - /home/airflow/.local/lib/python3.12/site-packages/airflow/utils/log/secrets_masker.py:84 DeprecationWarning: The sensitive_variable_fields option in [admin] has been moved to the sensitive_var_conn_names option in [core] - the old setting has been used, but please update your config.
[2024-09-25T00:39:41.545+0000] {taskinstance.py:2648} INFO - Exporting env vars: AIRFLOW_CTX_DAG_OWNER='airflow' AIRFLOW_CTX_DAG_ID='query_dag_irie' AIRFLOW_CTX_TASK_ID='print_start' AIRFLOW_CTX_EXECUTION_DATE='2024-09-24T00:00:00+00:00' AIRFLOW_CTX_TRY_NUMBER='1' AIRFLOW_CTX_DAG_RUN_ID='scheduled__2024-09-24T00:00:00+00:00'
[2024-09-25T00:39:41.561+0000] {taskinstance.py:430} INFO - ::endgroup::
[2024-09-25T00:39:41.756+0000] {logging_mixin.py:188} INFO - Start of DAG execution
[2024-09-25T00:39:41.984+0000] {python.py:237} INFO - Done. Returned value was: None
[2024-09-25T00:39:42.002+0000] {taskinstance.py:441} INFO - ::group::Post task execution logs
[2024-09-25T00:39:42.032+0000] {taskinstance.py:1206} INFO - Marking task as SUCCESS. dag_id=query_dag_irie, task_id=print_start, run_id=scheduled__2024-09-24T00:00:00+00:00, execution_date=20240924T000000, start_date=20240925T003931, end_date=20240925T003942
[2024-09-25T00:39:44.156+0000] {local_task_job_runner.py:243} INFO - Task exited with return code 0
[2024-09-25T00:39:44.268+0000] {logging_mixin.py:188} WARNING - /home/airflow/.local/lib/python3.12/site-packages/airflow/models/baseoperator.py:1297 AirflowProviderDeprecationWarning: Call to deprecated class TrinoOperator. (Please use `airflow.providers.common.sql.operators.sql.SQLExecuteQueryOperator`.)
[2024-09-25T00:39:44.475+0000] {taskinstance.py:3503} INFO - 1 downstream tasks scheduled from follow-on schedule check
[2024-09-25T00:39:44.531+0000] {local_task_job_runner.py:222} INFO - ::endgroup::
