[2024-11-04T09:07:54.967+0000] {local_task_job_runner.py:120} INFO - ::group::Pre task execution logs
[2024-11-04T09:07:55.498+0000] {taskinstance.py:2076} INFO - Dependencies all met for dep_context=non-requeueable deps ti=<TaskInstance: query_dag_ironmale.insert_data_inc scheduled__2024-11-03T00:00:00+00:00 [queued]>
[2024-11-04T09:07:55.669+0000] {taskinstance.py:2076} INFO - Dependencies all met for dep_context=requeueable deps ti=<TaskInstance: query_dag_ironmale.insert_data_inc scheduled__2024-11-03T00:00:00+00:00 [queued]>
[2024-11-04T09:07:55.686+0000] {taskinstance.py:2306} INFO - Starting attempt 1 of 2
[2024-11-04T09:07:57.100+0000] {taskinstance.py:2330} INFO - Executing <Task(TrinoOperator): insert_data_inc> on 2024-11-03 00:00:00+00:00
[2024-11-04T09:07:57.423+0000] {logging_mixin.py:188} WARNING - /home/airflow/.local/lib/python3.12/site-packages/airflow/task/task_runner/standard_task_runner.py:62 DeprecationWarning: This process (pid=269) is multi-threaded, use of fork() may lead to deadlocks in the child.
[2024-11-04T09:07:57.426+0000] {standard_task_runner.py:64} INFO - Started process 311 to run task
[2024-11-04T09:07:57.476+0000] {standard_task_runner.py:90} INFO - Running: ['airflow', 'tasks', 'run', 'query_dag_ironmale', 'insert_data_inc', 'scheduled__2024-11-03T00:00:00+00:00', '--job-id', '2384', '--raw', '--subdir', 'DAGS_FOLDER/ironmale.py', '--cfg-path', '/tmp/tmpcwqt7dm6']
[2024-11-04T09:07:57.528+0000] {standard_task_runner.py:91} INFO - Job 2384: Subtask insert_data_inc
[2024-11-04T09:07:57.761+0000] {logging_mixin.py:188} WARNING - /home/airflow/.local/lib/python3.12/site-packages/airflow/settings.py:195 DeprecationWarning: The sql_alchemy_conn option in [core] has been moved to the sql_alchemy_conn option in [database] - the old setting has been used, but please update your config.
[2024-11-04T09:07:58.072+0000] {task_command.py:426} INFO - Running <TaskInstance: query_dag_ironmale.insert_data_inc scheduled__2024-11-03T00:00:00+00:00 [running]> on host 92783cd12528
[2024-11-04T09:07:58.081+0000] {logging_mixin.py:188} WARNING - /home/airflow/.local/lib/python3.12/site-packages/airflow/settings.py:356 DeprecationWarning: The sql_engine_encoding option in [core] has been moved to the sql_engine_encoding option in [database] - the old setting has been used, but please update your config.
[2024-11-04T09:07:58.661+0000] {logging_mixin.py:188} WARNING - /home/airflow/.local/lib/python3.12/site-packages/airflow/utils/log/secrets_masker.py:84 DeprecationWarning: The sensitive_variable_fields option in [admin] has been moved to the sensitive_var_conn_names option in [core] - the old setting has been used, but please update your config.
[2024-11-04T09:07:59.682+0000] {taskinstance.py:2648} INFO - Exporting env vars: AIRFLOW_CTX_DAG_OWNER='airflow' AIRFLOW_CTX_DAG_ID='query_dag_ironmale' AIRFLOW_CTX_TASK_ID='insert_data_inc' AIRFLOW_CTX_EXECUTION_DATE='2024-11-03T00:00:00+00:00' AIRFLOW_CTX_TRY_NUMBER='1' AIRFLOW_CTX_DAG_RUN_ID='scheduled__2024-11-03T00:00:00+00:00'
[2024-11-04T09:07:59.693+0000] {taskinstance.py:430} INFO - ::endgroup::
[2024-11-04T09:08:00.035+0000] {sql.py:282} INFO - Executing: insert into hive.ironmale.soul select * from sqlserver.dbo.soul  where hour = 22
[2024-11-04T09:08:00.116+0000] {base.py:84} INFO - Using connection ID 'my_trino_connection' for task execution.
[2024-11-04T09:08:00.171+0000] {base.py:84} INFO - Using connection ID 'my_trino_connection' for task execution.
[2024-11-04T09:08:00.231+0000] {base.py:84} INFO - Using connection ID 'my_trino_connection' for task execution.
[2024-11-04T09:08:00.239+0000] {sql.py:495} INFO - Running statement: insert into hive.ironmale.soul select * from sqlserver.dbo.soul  where hour = 22, parameters: None
[2024-11-04T09:08:00.291+0000] {taskinstance.py:441} INFO - ::group::Post task execution logs
[2024-11-04T09:08:00.292+0000] {taskinstance.py:2905} ERROR - Task failed with exception
Traceback (most recent call last):
  File "/home/airflow/.local/lib/python3.12/site-packages/airflow/models/taskinstance.py", line 465, in _execute_task
    result = _execute_callable(context=context, **execute_callable_kwargs)
             ^^^^^^^^^^^^^^^^^^^^^^^^^^^^^^^^^^^^^^^^^^^^^^^^^^^^^^^^^^^^^
  File "/home/airflow/.local/lib/python3.12/site-packages/airflow/models/taskinstance.py", line 432, in _execute_callable
    return execute_callable(context=context, **execute_callable_kwargs)
           ^^^^^^^^^^^^^^^^^^^^^^^^^^^^^^^^^^^^^^^^^^^^^^^^^^^^^^^^^^^^
  File "/home/airflow/.local/lib/python3.12/site-packages/airflow/models/baseoperator.py", line 401, in wrapper
    return func(self, *args, **kwargs)
           ^^^^^^^^^^^^^^^^^^^^^^^^^^^
  File "/home/airflow/.local/lib/python3.12/site-packages/airflow/providers/common/sql/operators/sql.py", line 288, in execute
    output = hook.run(
             ^^^^^^^^^
  File "/home/airflow/.local/lib/python3.12/site-packages/airflow/providers/common/sql/hooks/sql.py", line 442, in run
    self._run_command(cur, sql_statement, parameters)
  File "/home/airflow/.local/lib/python3.12/site-packages/airflow/providers/common/sql/hooks/sql.py", line 500, in _run_command
    cur.execute(sql_statement)
  File "/home/airflow/.local/lib/python3.12/site-packages/trino/dbapi.py", line 589, in execute
    self._iterator = iter(self._query.execute())
                          ^^^^^^^^^^^^^^^^^^^^^
  File "/home/airflow/.local/lib/python3.12/site-packages/trino/client.py", line 819, in execute
    self._result.rows += self.fetch()
                         ^^^^^^^^^^^^
  File "/home/airflow/.local/lib/python3.12/site-packages/trino/client.py", line 839, in fetch
    status = self._request.process(response)
             ^^^^^^^^^^^^^^^^^^^^^^^^^^^^^^^
  File "/home/airflow/.local/lib/python3.12/site-packages/trino/client.py", line 611, in process
    raise self._process_error(response["error"], response.get("id"))
trino.exceptions.TrinoQueryError: TrinoQueryError(type=INTERNAL_ERROR, name=SERVER_STARTING_UP, message="Trino server is still initializing", query_id=20241104_090800_00031_mypk2)
[2024-11-04T09:08:00.345+0000] {taskinstance.py:1206} INFO - Marking task as UP_FOR_RETRY. dag_id=query_dag_ironmale, task_id=insert_data_inc, run_id=scheduled__2024-11-03T00:00:00+00:00, execution_date=20241103T000000, start_date=20241104T090755, end_date=20241104T090800
[2024-11-04T09:08:01.310+0000] {standard_task_runner.py:110} ERROR - Failed to execute job 2384 for task insert_data_inc (TrinoQueryError(type=INTERNAL_ERROR, name=SERVER_STARTING_UP, message="Trino server is still initializing", query_id=20241104_090800_00031_mypk2); 311)
[2024-11-04T09:08:01.371+0000] {local_task_job_runner.py:243} INFO - Task exited with return code 1
[2024-11-04T09:08:01.393+0000] {logging_mixin.py:188} WARNING - /home/airflow/.local/lib/python3.12/site-packages/airflow/models/baseoperator.py:1297 AirflowProviderDeprecationWarning: Call to deprecated class TrinoOperator. (Please use `airflow.providers.common.sql.operators.sql.SQLExecuteQueryOperator`.)
[2024-11-04T09:08:01.416+0000] {taskinstance.py:3503} INFO - 0 downstream tasks scheduled from follow-on schedule check
[2024-11-04T09:08:02.334+0000] {local_task_job_runner.py:222} INFO - ::endgroup::
