[2024-10-21T00:51:54.479+0000] {local_task_job_runner.py:120} INFO - ::group::Pre task execution logs
[2024-10-21T00:51:54.628+0000] {taskinstance.py:2076} INFO - Dependencies all met for dep_context=non-requeueable deps ti=<TaskInstance: query_dag_ipie.insert_data_inc scheduled__2024-10-18T00:00:00+00:00 [queued]>
[2024-10-21T00:51:54.963+0000] {taskinstance.py:2076} INFO - Dependencies all met for dep_context=requeueable deps ti=<TaskInstance: query_dag_ipie.insert_data_inc scheduled__2024-10-18T00:00:00+00:00 [queued]>
[2024-10-21T00:51:55.854+0000] {taskinstance.py:2306} INFO - Starting attempt 1 of 2
[2024-10-21T00:51:59.794+0000] {taskinstance.py:2330} INFO - Executing <Task(TrinoOperator): insert_data_inc> on 2024-10-18 00:00:00+00:00
[2024-10-21T00:51:59.849+0000] {logging_mixin.py:188} WARNING - /home/airflow/.local/lib/python3.12/site-packages/airflow/task/task_runner/standard_task_runner.py:62 DeprecationWarning: This process (pid=18795) is multi-threaded, use of fork() may lead to deadlocks in the child.
[2024-10-21T00:51:59.866+0000] {standard_task_runner.py:64} INFO - Started process 18838 to run task
[2024-10-21T00:51:59.927+0000] {standard_task_runner.py:90} INFO - Running: ['airflow', 'tasks', 'run', 'query_dag_ipie', 'insert_data_inc', 'scheduled__2024-10-18T00:00:00+00:00', '--job-id', '1473', '--raw', '--subdir', 'DAGS_FOLDER/ipie.py', '--cfg-path', '/tmp/tmprwp1b0pt']
[2024-10-21T00:51:59.951+0000] {standard_task_runner.py:91} INFO - Job 1473: Subtask insert_data_inc
[2024-10-21T00:52:02.951+0000] {logging_mixin.py:188} WARNING - /home/airflow/.local/lib/python3.12/site-packages/airflow/settings.py:195 DeprecationWarning: The sql_alchemy_conn option in [core] has been moved to the sql_alchemy_conn option in [database] - the old setting has been used, but please update your config.
[2024-10-21T00:52:03.249+0000] {task_command.py:426} INFO - Running <TaskInstance: query_dag_ipie.insert_data_inc scheduled__2024-10-18T00:00:00+00:00 [running]> on host 92783cd12528
[2024-10-21T00:52:03.268+0000] {logging_mixin.py:188} WARNING - /home/airflow/.local/lib/python3.12/site-packages/airflow/settings.py:356 DeprecationWarning: The sql_engine_encoding option in [core] has been moved to the sql_engine_encoding option in [database] - the old setting has been used, but please update your config.
[2024-10-21T00:52:05.131+0000] {logging_mixin.py:188} WARNING - /home/airflow/.local/lib/python3.12/site-packages/airflow/utils/log/secrets_masker.py:84 DeprecationWarning: The sensitive_variable_fields option in [admin] has been moved to the sensitive_var_conn_names option in [core] - the old setting has been used, but please update your config.
[2024-10-21T00:52:06.446+0000] {taskinstance.py:2648} INFO - Exporting env vars: AIRFLOW_CTX_DAG_OWNER='airflow' AIRFLOW_CTX_DAG_ID='query_dag_ipie' AIRFLOW_CTX_TASK_ID='insert_data_inc' AIRFLOW_CTX_EXECUTION_DATE='2024-10-18T00:00:00+00:00' AIRFLOW_CTX_TRY_NUMBER='1' AIRFLOW_CTX_DAG_RUN_ID='scheduled__2024-10-18T00:00:00+00:00'
[2024-10-21T00:52:06.460+0000] {taskinstance.py:430} INFO - ::endgroup::
[2024-10-21T00:52:06.524+0000] {sql.py:282} INFO - Executing: insert into hive.ipie.Product_Master select * from sqlserver.dbo.Product_Master
[2024-10-21T00:52:06.574+0000] {base.py:84} INFO - Using connection ID 'my_trino_connection' for task execution.
[2024-10-21T00:52:06.640+0000] {base.py:84} INFO - Using connection ID 'my_trino_connection' for task execution.
[2024-10-21T00:52:06.665+0000] {base.py:84} INFO - Using connection ID 'my_trino_connection' for task execution.
[2024-10-21T00:52:06.678+0000] {sql.py:495} INFO - Running statement: insert into hive.ipie.Product_Master select * from sqlserver.dbo.Product_Master, parameters: None
[2024-10-21T00:53:44.633+0000] {sql.py:504} INFO - Rows affected: 100000
[2024-10-21T00:53:48.084+0000] {taskinstance.py:441} INFO - ::group::Post task execution logs
[2024-10-21T00:53:49.119+0000] {local_task_job_runner.py:124} ERROR - Received SIGTERM. Terminating subprocesses
[2024-10-21T00:53:49.728+0000] {process_utils.py:132} INFO - Sending 15 to group 18838. PIDs of all processes in the group: [18838]
[2024-10-21T00:53:49.811+0000] {process_utils.py:87} INFO - Sending the signal 15 to group 18838
[2024-10-21T00:53:49.825+0000] {taskinstance.py:2611} ERROR - Received SIGTERM. Terminating subprocesses.
[2024-10-21T00:53:49.839+0000] {trino.py:70} INFO - Stopping query run with queryId - 
[2024-10-21T00:53:49.907+0000] {base.py:84} INFO - Using connection ID 'my_trino_connection' for task execution.
