[2024-10-21T02:28:04.695+0000] {local_task_job_runner.py:120} INFO - ::group::Pre task execution logs
[2024-10-21T02:28:04.753+0000] {taskinstance.py:2076} INFO - Dependencies all met for dep_context=non-requeueable deps ti=<TaskInstance: query_dag_ipie.insert_data_inc scheduled__2024-10-18T00:00:00+00:00 [queued]>
[2024-10-21T02:28:04.766+0000] {taskinstance.py:2076} INFO - Dependencies all met for dep_context=requeueable deps ti=<TaskInstance: query_dag_ipie.insert_data_inc scheduled__2024-10-18T00:00:00+00:00 [queued]>
[2024-10-21T02:28:04.768+0000] {taskinstance.py:2306} INFO - Starting attempt 3 of 4
[2024-10-21T02:28:04.785+0000] {taskinstance.py:2330} INFO - Executing <Task(TrinoOperator): insert_data_inc> on 2024-10-18 00:00:00+00:00
[2024-10-21T02:28:04.794+0000] {logging_mixin.py:188} WARNING - /home/airflow/.local/lib/python3.12/site-packages/airflow/task/task_runner/standard_task_runner.py:62 DeprecationWarning: This process (pid=14628) is multi-threaded, use of fork() may lead to deadlocks in the child.
[2024-10-21T02:28:04.795+0000] {standard_task_runner.py:64} INFO - Started process 14646 to run task
[2024-10-21T02:28:04.794+0000] {standard_task_runner.py:90} INFO - Running: ['airflow', 'tasks', 'run', 'query_dag_ipie', 'insert_data_inc', 'scheduled__2024-10-18T00:00:00+00:00', '--job-id', '1519', '--raw', '--subdir', 'DAGS_FOLDER/ipie.py', '--cfg-path', '/tmp/tmp2ccxo2x2']
[2024-10-21T02:28:04.796+0000] {standard_task_runner.py:91} INFO - Job 1519: Subtask insert_data_inc
[2024-10-21T02:28:04.815+0000] {logging_mixin.py:188} WARNING - /home/airflow/.local/lib/python3.12/site-packages/airflow/settings.py:195 DeprecationWarning: The sql_alchemy_conn option in [core] has been moved to the sql_alchemy_conn option in [database] - the old setting has been used, but please update your config.
[2024-10-21T02:28:04.851+0000] {task_command.py:426} INFO - Running <TaskInstance: query_dag_ipie.insert_data_inc scheduled__2024-10-18T00:00:00+00:00 [running]> on host 92783cd12528
[2024-10-21T02:28:04.854+0000] {logging_mixin.py:188} WARNING - /home/airflow/.local/lib/python3.12/site-packages/airflow/settings.py:356 DeprecationWarning: The sql_engine_encoding option in [core] has been moved to the sql_engine_encoding option in [database] - the old setting has been used, but please update your config.
[2024-10-21T02:28:04.924+0000] {logging_mixin.py:188} WARNING - /home/airflow/.local/lib/python3.12/site-packages/airflow/utils/log/secrets_masker.py:84 DeprecationWarning: The sensitive_variable_fields option in [admin] has been moved to the sensitive_var_conn_names option in [core] - the old setting has been used, but please update your config.
[2024-10-21T02:28:04.966+0000] {taskinstance.py:2648} INFO - Exporting env vars: AIRFLOW_CTX_DAG_OWNER='airflow' AIRFLOW_CTX_DAG_ID='query_dag_ipie' AIRFLOW_CTX_TASK_ID='insert_data_inc' AIRFLOW_CTX_EXECUTION_DATE='2024-10-18T00:00:00+00:00' AIRFLOW_CTX_TRY_NUMBER='3' AIRFLOW_CTX_DAG_RUN_ID='scheduled__2024-10-18T00:00:00+00:00'
[2024-10-21T02:28:04.967+0000] {taskinstance.py:430} INFO - ::endgroup::
[2024-10-21T02:28:04.984+0000] {sql.py:282} INFO - Executing: insert into hive.ipie.Product_Master select * from sqlserver.dbo.Product_Master
[2024-10-21T02:28:05.003+0000] {base.py:84} INFO - Using connection ID 'my_trino_connection' for task execution.
[2024-10-21T02:28:05.019+0000] {base.py:84} INFO - Using connection ID 'my_trino_connection' for task execution.
[2024-10-21T02:28:05.031+0000] {base.py:84} INFO - Using connection ID 'my_trino_connection' for task execution.
[2024-10-21T02:28:05.035+0000] {sql.py:495} INFO - Running statement: insert into hive.ipie.Product_Master select * from sqlserver.dbo.Product_Master, parameters: None
[2024-10-21T02:28:10.360+0000] {sql.py:504} INFO - Rows affected: 100000
[2024-10-21T02:28:10.881+0000] {taskinstance.py:441} INFO - ::group::Post task execution logs
[2024-10-21T02:28:10.925+0000] {taskinstance.py:1206} INFO - Marking task as SUCCESS. dag_id=query_dag_ipie, task_id=insert_data_inc, run_id=scheduled__2024-10-18T00:00:00+00:00, execution_date=20241018T000000, start_date=20241021T022804, end_date=20241021T022810
[2024-10-21T02:28:10.984+0000] {local_task_job_runner.py:243} INFO - Task exited with return code 0
[2024-10-21T02:28:11.001+0000] {logging_mixin.py:188} WARNING - /home/airflow/.local/lib/python3.12/site-packages/airflow/models/baseoperator.py:1297 AirflowProviderDeprecationWarning: Call to deprecated class TrinoOperator. (Please use `airflow.providers.common.sql.operators.sql.SQLExecuteQueryOperator`.)
[2024-10-21T02:28:11.024+0000] {taskinstance.py:3503} INFO - 1 downstream tasks scheduled from follow-on schedule check
[2024-10-21T02:28:11.036+0000] {local_task_job_runner.py:222} INFO - ::endgroup::
