[2024-08-30T01:16:03.267+0000] {local_task_job_runner.py:120} INFO - ::group::Pre task execution logs
[2024-08-30T01:16:03.508+0000] {taskinstance.py:2076} INFO - Dependencies all met for dep_context=non-requeueable deps ti=<TaskInstance: trino_query_dag_irenen.print_end scheduled__2024-08-29T10:00:00+00:00 [queued]>
[2024-08-30T01:16:03.533+0000] {taskinstance.py:2076} INFO - Dependencies all met for dep_context=requeueable deps ti=<TaskInstance: trino_query_dag_irenen.print_end scheduled__2024-08-29T10:00:00+00:00 [queued]>
[2024-08-30T01:16:04.014+0000] {taskinstance.py:2306} INFO - Starting attempt 1 of 2
[2024-08-30T01:16:06.885+0000] {taskinstance.py:2330} INFO - Executing <Task(PythonOperator): print_end> on 2024-08-29 10:00:00+00:00
[2024-08-30T01:16:06.992+0000] {logging_mixin.py:188} WARNING - /home/airflow/.local/lib/python3.12/site-packages/airflow/task/task_runner/standard_task_runner.py:62 DeprecationWarning: This process (pid=89919) is multi-threaded, use of fork() may lead to deadlocks in the child.
[2024-08-30T01:16:07.000+0000] {standard_task_runner.py:64} INFO - Started process 89950 to run task
[2024-08-30T01:16:06.984+0000] {standard_task_runner.py:90} INFO - Running: ['airflow', 'tasks', 'run', 'trino_query_dag_irenen', 'print_end', 'scheduled__2024-08-29T10:00:00+00:00', '--job-id', '918', '--raw', '--subdir', 'DAGS_FOLDER/irenen.py', '--cfg-path', '/tmp/tmprus914pd']
[2024-08-30T01:16:07.019+0000] {standard_task_runner.py:91} INFO - Job 918: Subtask print_end
[2024-08-30T01:16:08.441+0000] {logging_mixin.py:188} WARNING - /home/airflow/.local/lib/python3.12/site-packages/airflow/settings.py:195 DeprecationWarning: The sql_alchemy_conn option in [core] has been moved to the sql_alchemy_conn option in [database] - the old setting has been used, but please update your config.
[2024-08-30T01:16:08.832+0000] {task_command.py:426} INFO - Running <TaskInstance: trino_query_dag_irenen.print_end scheduled__2024-08-29T10:00:00+00:00 [running]> on host b476143e3d64
[2024-08-30T01:16:15.514+0000] {taskinstance.py:2648} INFO - Exporting env vars: AIRFLOW_CTX_DAG_OWNER='airflow' AIRFLOW_CTX_DAG_ID='trino_query_dag_irenen' AIRFLOW_CTX_TASK_ID='print_end' AIRFLOW_CTX_EXECUTION_DATE='2024-08-29T10:00:00+00:00' AIRFLOW_CTX_TRY_NUMBER='1' AIRFLOW_CTX_DAG_RUN_ID='scheduled__2024-08-29T10:00:00+00:00'
[2024-08-30T01:16:15.543+0000] {taskinstance.py:430} INFO - ::endgroup::
[2024-08-30T01:16:15.610+0000] {logging_mixin.py:188} INFO - End of DAG execution
[2024-08-30T01:16:15.617+0000] {python.py:237} INFO - Done. Returned value was: None
[2024-08-30T01:16:15.618+0000] {taskinstance.py:441} INFO - ::group::Post task execution logs
[2024-08-30T01:16:15.636+0000] {taskinstance.py:1206} INFO - Marking task as SUCCESS. dag_id=trino_query_dag_irenen, task_id=print_end, run_id=scheduled__2024-08-29T10:00:00+00:00, execution_date=20240829T100000, start_date=20240830T011603, end_date=20240830T011615
[2024-08-30T01:16:18.379+0000] {local_task_job_runner.py:243} INFO - Task exited with return code 0
[2024-08-30T01:16:18.407+0000] {taskinstance.py:3503} INFO - 0 downstream tasks scheduled from follow-on schedule check
[2024-08-30T01:16:20.546+0000] {local_task_job_runner.py:222} INFO - ::endgroup::
