[2024-09-11T00:39:52.170+0000] {local_task_job_runner.py:120} INFO - ::group::Pre task execution logs
[2024-09-11T00:39:52.399+0000] {taskinstance.py:2076} INFO - Dependencies all met for dep_context=non-requeueable deps ti=<TaskInstance: trino_query_dag_irene.insert_data_inc scheduled__2024-09-10T00:00:00+00:00 [queued]>
[2024-09-11T00:39:52.421+0000] {taskinstance.py:2076} INFO - Dependencies all met for dep_context=requeueable deps ti=<TaskInstance: trino_query_dag_irene.insert_data_inc scheduled__2024-09-10T00:00:00+00:00 [queued]>
[2024-09-11T00:39:52.542+0000] {taskinstance.py:2306} INFO - Starting attempt 1 of 2
[2024-09-11T00:39:52.700+0000] {taskinstance.py:2330} INFO - Executing <Task(TrinoOperator): insert_data_inc> on 2024-09-10 00:00:00+00:00
[2024-09-11T00:39:52.765+0000] {standard_task_runner.py:90} INFO - Running: ['airflow', 'tasks', 'run', 'trino_query_dag_irene', 'insert_data_inc', 'scheduled__2024-09-10T00:00:00+00:00', '--job-id', '118', '--raw', '--subdir', 'DAGS_FOLDER/irene.py', '--cfg-path', '/tmp/tmpda50z11s']
[2024-09-11T00:39:52.772+0000] {logging_mixin.py:188} WARNING - /home/airflow/.local/lib/python3.12/site-packages/airflow/task/task_runner/standard_task_runner.py:62 DeprecationWarning: This process (pid=57974) is multi-threaded, use of fork() may lead to deadlocks in the child.
[2024-09-11T00:39:52.774+0000] {standard_task_runner.py:91} INFO - Job 118: Subtask insert_data_inc
[2024-09-11T00:39:52.775+0000] {standard_task_runner.py:64} INFO - Started process 57990 to run task
[2024-09-11T00:39:52.929+0000] {logging_mixin.py:188} WARNING - /home/airflow/.local/lib/python3.12/site-packages/airflow/settings.py:195 DeprecationWarning: The sql_alchemy_conn option in [core] has been moved to the sql_alchemy_conn option in [database] - the old setting has been used, but please update your config.
[2024-09-11T00:39:53.128+0000] {task_command.py:426} INFO - Running <TaskInstance: trino_query_dag_irene.insert_data_inc scheduled__2024-09-10T00:00:00+00:00 [running]> on host 92783cd12528
[2024-09-11T00:39:53.146+0000] {logging_mixin.py:188} WARNING - /home/airflow/.local/lib/python3.12/site-packages/airflow/settings.py:356 DeprecationWarning: The sql_engine_encoding option in [core] has been moved to the sql_engine_encoding option in [database] - the old setting has been used, but please update your config.
[2024-09-11T00:39:53.638+0000] {logging_mixin.py:188} WARNING - /home/airflow/.local/lib/python3.12/site-packages/airflow/utils/log/secrets_masker.py:84 DeprecationWarning: The sensitive_variable_fields option in [admin] has been moved to the sensitive_var_conn_names option in [core] - the old setting has been used, but please update your config.
[2024-09-11T00:39:53.913+0000] {taskinstance.py:2648} INFO - Exporting env vars: AIRFLOW_CTX_DAG_OWNER='airflow' AIRFLOW_CTX_DAG_ID='trino_query_dag_irene' AIRFLOW_CTX_TASK_ID='insert_data_inc' AIRFLOW_CTX_EXECUTION_DATE='2024-09-10T00:00:00+00:00' AIRFLOW_CTX_TRY_NUMBER='1' AIRFLOW_CTX_DAG_RUN_ID='scheduled__2024-09-10T00:00:00+00:00'
[2024-09-11T00:39:53.925+0000] {taskinstance.py:430} INFO - ::endgroup::
[2024-09-11T00:39:53.998+0000] {sql.py:282} INFO - Executing: insert into hive.irene.sou select * from sqlserver.dbo.sou
[2024-09-11T00:39:54.214+0000] {base.py:84} INFO - Using connection ID 'my_trino_connection' for task execution.
[2024-09-11T00:39:54.308+0000] {base.py:84} INFO - Using connection ID 'my_trino_connection' for task execution.
[2024-09-11T00:39:54.435+0000] {base.py:84} INFO - Using connection ID 'my_trino_connection' for task execution.
[2024-09-11T00:39:54.453+0000] {sql.py:495} INFO - Running statement: insert into hive.irene.sou select * from sqlserver.dbo.sou, parameters: None
[2024-09-11T00:40:14.400+0000] {sql.py:504} INFO - Rows affected: 1048567
[2024-09-11T00:40:15.267+0000] {taskinstance.py:441} INFO - ::group::Post task execution logs
[2024-09-11T00:40:15.798+0000] {taskinstance.py:1206} INFO - Marking task as SUCCESS. dag_id=trino_query_dag_irene, task_id=insert_data_inc, run_id=scheduled__2024-09-10T00:00:00+00:00, execution_date=20240910T000000, start_date=20240911T003952, end_date=20240911T004015
[2024-09-11T00:40:15.965+0000] {local_task_job_runner.py:243} INFO - Task exited with return code 0
[2024-09-11T00:40:15.989+0000] {logging_mixin.py:188} WARNING - /home/airflow/.local/lib/python3.12/site-packages/airflow/models/baseoperator.py:1297 AirflowProviderDeprecationWarning: Call to deprecated class TrinoOperator. (Please use `airflow.providers.common.sql.operators.sql.SQLExecuteQueryOperator`.)
[2024-09-11T00:40:16.022+0000] {taskinstance.py:3503} INFO - 1 downstream tasks scheduled from follow-on schedule check
[2024-09-11T00:40:16.473+0000] {local_task_job_runner.py:222} INFO - ::endgroup::
