[2024-10-16T01:04:24.045+0000] {local_task_job_runner.py:120} INFO - ::group::Pre task execution logs
[2024-10-16T01:04:24.579+0000] {taskinstance.py:2076} INFO - Dependencies all met for dep_context=non-requeueable deps ti=<TaskInstance: query_dag_ivy.print_end scheduled__2024-10-15T00:00:00+00:00 [queued]>
[2024-10-16T01:04:24.590+0000] {taskinstance.py:2076} INFO - Dependencies all met for dep_context=requeueable deps ti=<TaskInstance: query_dag_ivy.print_end scheduled__2024-10-15T00:00:00+00:00 [queued]>
[2024-10-16T01:04:24.788+0000] {taskinstance.py:2306} INFO - Starting attempt 1 of 2
[2024-10-16T01:04:26.006+0000] {taskinstance.py:2330} INFO - Executing <Task(PythonOperator): print_end> on 2024-10-15 00:00:00+00:00
[2024-10-16T01:04:26.089+0000] {standard_task_runner.py:90} INFO - Running: ['airflow', 'tasks', 'run', 'query_dag_ivy', 'print_end', 'scheduled__2024-10-15T00:00:00+00:00', '--job-id', '1248', '--raw', '--subdir', 'DAGS_FOLDER/ivy.py', '--cfg-path', '/tmp/tmp77j85lsd']
[2024-10-16T01:04:26.110+0000] {standard_task_runner.py:91} INFO - Job 1248: Subtask print_end
[2024-10-16T01:04:26.044+0000] {logging_mixin.py:188} WARNING - /home/airflow/.local/lib/python3.12/site-packages/airflow/task/task_runner/standard_task_runner.py:62 DeprecationWarning: This process (pid=82326) is multi-threaded, use of fork() may lead to deadlocks in the child.
[2024-10-16T01:04:26.114+0000] {standard_task_runner.py:64} INFO - Started process 82370 to run task
[2024-10-16T01:04:26.397+0000] {logging_mixin.py:188} WARNING - /home/airflow/.local/lib/python3.12/site-packages/airflow/settings.py:195 DeprecationWarning: The sql_alchemy_conn option in [core] has been moved to the sql_alchemy_conn option in [database] - the old setting has been used, but please update your config.
[2024-10-16T01:04:26.826+0000] {task_command.py:426} INFO - Running <TaskInstance: query_dag_ivy.print_end scheduled__2024-10-15T00:00:00+00:00 [running]> on host 92783cd12528
[2024-10-16T01:04:26.830+0000] {logging_mixin.py:188} WARNING - /home/airflow/.local/lib/python3.12/site-packages/airflow/settings.py:356 DeprecationWarning: The sql_engine_encoding option in [core] has been moved to the sql_engine_encoding option in [database] - the old setting has been used, but please update your config.
[2024-10-16T01:04:28.849+0000] {logging_mixin.py:188} WARNING - /home/airflow/.local/lib/python3.12/site-packages/airflow/utils/log/secrets_masker.py:84 DeprecationWarning: The sensitive_variable_fields option in [admin] has been moved to the sensitive_var_conn_names option in [core] - the old setting has been used, but please update your config.
[2024-10-16T01:04:29.389+0000] {taskinstance.py:2648} INFO - Exporting env vars: AIRFLOW_CTX_DAG_OWNER='airflow' AIRFLOW_CTX_DAG_ID='query_dag_ivy' AIRFLOW_CTX_TASK_ID='print_end' AIRFLOW_CTX_EXECUTION_DATE='2024-10-15T00:00:00+00:00' AIRFLOW_CTX_TRY_NUMBER='1' AIRFLOW_CTX_DAG_RUN_ID='scheduled__2024-10-15T00:00:00+00:00'
[2024-10-16T01:04:29.405+0000] {taskinstance.py:430} INFO - ::endgroup::
[2024-10-16T01:04:29.645+0000] {logging_mixin.py:188} INFO - End of DAG execution
[2024-10-16T01:04:29.659+0000] {python.py:237} INFO - Done. Returned value was: None
[2024-10-16T01:04:29.675+0000] {taskinstance.py:441} INFO - ::group::Post task execution logs
[2024-10-16T01:04:29.708+0000] {taskinstance.py:1206} INFO - Marking task as SUCCESS. dag_id=query_dag_ivy, task_id=print_end, run_id=scheduled__2024-10-15T00:00:00+00:00, execution_date=20241015T000000, start_date=20241016T010424, end_date=20241016T010429
[2024-10-16T01:04:30.632+0000] {local_task_job_runner.py:243} INFO - Task exited with return code 0
[2024-10-16T01:04:30.750+0000] {local_task_job_runner.py:222} INFO - ::endgroup::
