[2024-08-20T07:44:24.490+0000] {local_task_job_runner.py:120} INFO - ::group::Pre task execution logs
[2024-08-20T07:44:24.528+0000] {taskinstance.py:2076} INFO - Dependencies all met for dep_context=non-requeueable deps ti=<TaskInstance: trino_query_dag.print_start_1 manual__2024-08-20T07:38:04.005618+00:00 [queued]>
[2024-08-20T07:44:24.539+0000] {taskinstance.py:2076} INFO - Dependencies all met for dep_context=requeueable deps ti=<TaskInstance: trino_query_dag.print_start_1 manual__2024-08-20T07:38:04.005618+00:00 [queued]>
[2024-08-20T07:44:24.541+0000] {taskinstance.py:2306} INFO - Starting attempt 2 of 3
[2024-08-20T07:44:24.557+0000] {taskinstance.py:2330} INFO - Executing <Task(PythonOperator): print_start_1> on 2024-08-20 07:38:04.005618+00:00
[2024-08-20T07:44:24.569+0000] {logging_mixin.py:188} WARNING - /home/airflow/.local/lib/python3.12/site-packages/airflow/task/task_runner/standard_task_runner.py:62 DeprecationWarning: This process (pid=6560) is multi-threaded, use of fork() may lead to deadlocks in the child.
[2024-08-20T07:44:24.568+0000] {standard_task_runner.py:90} INFO - Running: ['airflow', 'tasks', 'run', 'trino_query_dag', 'print_start_1', 'manual__2024-08-20T07:38:04.005618+00:00', '--job-id', '53', '--raw', '--subdir', 'DAGS_FOLDER/ABB.py', '--cfg-path', '/tmp/tmprg2l5ouj']
[2024-08-20T07:44:24.570+0000] {standard_task_runner.py:64} INFO - Started process 6561 to run task
[2024-08-20T07:44:24.571+0000] {standard_task_runner.py:91} INFO - Job 53: Subtask print_start_1
[2024-08-20T07:44:24.592+0000] {logging_mixin.py:188} WARNING - /home/airflow/.local/lib/python3.12/site-packages/airflow/settings.py:195 DeprecationWarning: The sql_alchemy_conn option in [core] has been moved to the sql_alchemy_conn option in [database] - the old setting has been used, but please update your config.
[2024-08-20T07:44:24.635+0000] {task_command.py:426} INFO - Running <TaskInstance: trino_query_dag.print_start_1 manual__2024-08-20T07:38:04.005618+00:00 [running]> on host b476143e3d64
[2024-08-20T07:44:24.750+0000] {taskinstance.py:2648} INFO - Exporting env vars: AIRFLOW_CTX_DAG_OWNER='airflow' AIRFLOW_CTX_DAG_ID='trino_query_dag' AIRFLOW_CTX_TASK_ID='print_start_1' AIRFLOW_CTX_EXECUTION_DATE='2024-08-20T07:38:04.005618+00:00' AIRFLOW_CTX_TRY_NUMBER='2' AIRFLOW_CTX_DAG_RUN_ID='manual__2024-08-20T07:38:04.005618+00:00'
[2024-08-20T07:44:24.751+0000] {taskinstance.py:430} INFO - ::endgroup::
[2024-08-20T07:44:24.767+0000] {logging_mixin.py:188} INFO - Start of DAG execution
[2024-08-20T07:44:24.768+0000] {python.py:237} INFO - Done. Returned value was: None
[2024-08-20T07:44:24.769+0000] {taskinstance.py:441} INFO - ::group::Post task execution logs
[2024-08-20T07:44:24.783+0000] {taskinstance.py:1206} INFO - Marking task as SUCCESS. dag_id=trino_query_dag, task_id=print_start_1, run_id=manual__2024-08-20T07:38:04.005618+00:00, execution_date=20240820T073804, start_date=20240820T074424, end_date=20240820T074424
[2024-08-20T07:44:24.826+0000] {local_task_job_runner.py:243} INFO - Task exited with return code 0
[2024-08-20T07:44:24.840+0000] {logging_mixin.py:188} WARNING - /home/airflow/.local/lib/python3.12/site-packages/airflow/models/baseoperator.py:1297 AirflowProviderDeprecationWarning: Call to deprecated class TrinoOperator. (Please use `airflow.providers.common.sql.operators.sql.SQLExecuteQueryOperator`.)
[2024-08-20T07:44:24.859+0000] {taskinstance.py:3503} INFO - 1 downstream tasks scheduled from follow-on schedule check
[2024-08-20T07:44:24.863+0000] {local_task_job_runner.py:222} INFO - ::endgroup::
