[2024-08-28T10:00:29.769+0000] {local_task_job_runner.py:120} INFO - ::group::Pre task execution logs
[2024-08-28T10:00:30.380+0000] {taskinstance.py:2076} INFO - Dependencies all met for dep_context=non-requeueable deps ti=<TaskInstance: trino_query_dag_ironmale.print_end scheduled__2024-08-28T09:00:00+00:00 [queued]>
[2024-08-28T10:00:30.393+0000] {taskinstance.py:2076} INFO - Dependencies all met for dep_context=requeueable deps ti=<TaskInstance: trino_query_dag_ironmale.print_end scheduled__2024-08-28T09:00:00+00:00 [queued]>
[2024-08-28T10:00:30.543+0000] {taskinstance.py:2306} INFO - Starting attempt 1 of 2
[2024-08-28T10:00:31.088+0000] {taskinstance.py:2330} INFO - Executing <Task(PythonOperator): print_end> on 2024-08-28 09:00:00+00:00
[2024-08-28T10:00:31.109+0000] {logging_mixin.py:188} WARNING - /home/airflow/.local/lib/python3.12/site-packages/airflow/task/task_runner/standard_task_runner.py:62 DeprecationWarning: This process (pid=56145) is multi-threaded, use of fork() may lead to deadlocks in the child.
[2024-08-28T10:00:31.122+0000] {standard_task_runner.py:64} INFO - Started process 56147 to run task
[2024-08-28T10:00:31.115+0000] {standard_task_runner.py:90} INFO - Running: ['airflow', 'tasks', 'run', 'trino_query_dag_ironmale', 'print_end', 'scheduled__2024-08-28T09:00:00+00:00', '--job-id', '700', '--raw', '--subdir', 'DAGS_FOLDER/ironmale.py', '--cfg-path', '/tmp/tmphghe2jdr']
[2024-08-28T10:00:31.125+0000] {standard_task_runner.py:91} INFO - Job 700: Subtask print_end
[2024-08-28T10:00:31.450+0000] {logging_mixin.py:188} WARNING - /home/airflow/.local/lib/python3.12/site-packages/airflow/settings.py:195 DeprecationWarning: The sql_alchemy_conn option in [core] has been moved to the sql_alchemy_conn option in [database] - the old setting has been used, but please update your config.
[2024-08-28T10:00:31.597+0000] {task_command.py:426} INFO - Running <TaskInstance: trino_query_dag_ironmale.print_end scheduled__2024-08-28T09:00:00+00:00 [running]> on host b476143e3d64
[2024-08-28T10:00:32.122+0000] {taskinstance.py:2648} INFO - Exporting env vars: AIRFLOW_CTX_DAG_OWNER='airflow' AIRFLOW_CTX_DAG_ID='trino_query_dag_ironmale' AIRFLOW_CTX_TASK_ID='print_end' AIRFLOW_CTX_EXECUTION_DATE='2024-08-28T09:00:00+00:00' AIRFLOW_CTX_TRY_NUMBER='1' AIRFLOW_CTX_DAG_RUN_ID='scheduled__2024-08-28T09:00:00+00:00'
[2024-08-28T10:00:32.127+0000] {taskinstance.py:430} INFO - ::endgroup::
[2024-08-28T10:00:32.153+0000] {logging_mixin.py:188} INFO - End of DAG execution
[2024-08-28T10:00:32.154+0000] {python.py:237} INFO - Done. Returned value was: None
[2024-08-28T10:00:32.155+0000] {taskinstance.py:441} INFO - ::group::Post task execution logs
[2024-08-28T10:00:32.168+0000] {taskinstance.py:1206} INFO - Marking task as SUCCESS. dag_id=trino_query_dag_ironmale, task_id=print_end, run_id=scheduled__2024-08-28T09:00:00+00:00, execution_date=20240828T090000, start_date=20240828T100030, end_date=20240828T100032
[2024-08-28T10:00:33.198+0000] {local_task_job_runner.py:243} INFO - Task exited with return code 0
[2024-08-28T10:00:33.223+0000] {taskinstance.py:3503} INFO - 0 downstream tasks scheduled from follow-on schedule check
[2024-08-28T10:00:33.464+0000] {local_task_job_runner.py:222} INFO - ::endgroup::
