[2024-08-29T09:50:15.102+0000] {local_task_job_runner.py:120} INFO - ::group::Pre task execution logs
[2024-08-29T09:50:15.405+0000] {taskinstance.py:2076} INFO - Dependencies all met for dep_context=non-requeueable deps ti=<TaskInstance: trino_query_dag_ivy.insert_data_inc scheduled__2024-08-29T08:00:00+00:00 [queued]>
[2024-08-29T09:50:15.502+0000] {taskinstance.py:2076} INFO - Dependencies all met for dep_context=requeueable deps ti=<TaskInstance: trino_query_dag_ivy.insert_data_inc scheduled__2024-08-29T08:00:00+00:00 [queued]>
[2024-08-29T09:50:15.516+0000] {taskinstance.py:2306} INFO - Starting attempt 1 of 2
[2024-08-29T09:50:16.079+0000] {taskinstance.py:2330} INFO - Executing <Task(TrinoOperator): insert_data_inc> on 2024-08-29 08:00:00+00:00
[2024-08-29T09:50:16.199+0000] {logging_mixin.py:188} WARNING - /home/airflow/.local/lib/python3.12/site-packages/airflow/task/task_runner/standard_task_runner.py:62 DeprecationWarning: This process (pid=86437) is multi-threaded, use of fork() may lead to deadlocks in the child.
[2024-08-29T09:50:16.200+0000] {standard_task_runner.py:64} INFO - Started process 86448 to run task
[2024-08-29T09:50:16.159+0000] {standard_task_runner.py:90} INFO - Running: ['airflow', 'tasks', 'run', 'trino_query_dag_ivy', 'insert_data_inc', 'scheduled__2024-08-29T08:00:00+00:00', '--job-id', '860', '--raw', '--subdir', 'DAGS_FOLDER/ivy.py', '--cfg-path', '/tmp/tmpbg_77i6x']
[2024-08-29T09:50:16.216+0000] {standard_task_runner.py:91} INFO - Job 860: Subtask insert_data_inc
[2024-08-29T09:50:16.304+0000] {logging_mixin.py:188} WARNING - /home/airflow/.local/lib/python3.12/site-packages/airflow/settings.py:195 DeprecationWarning: The sql_alchemy_conn option in [core] has been moved to the sql_alchemy_conn option in [database] - the old setting has been used, but please update your config.
[2024-08-29T09:50:16.553+0000] {task_command.py:426} INFO - Running <TaskInstance: trino_query_dag_ivy.insert_data_inc scheduled__2024-08-29T08:00:00+00:00 [running]> on host b476143e3d64
[2024-08-29T09:50:17.532+0000] {taskinstance.py:2648} INFO - Exporting env vars: AIRFLOW_CTX_DAG_OWNER='airflow' AIRFLOW_CTX_DAG_ID='trino_query_dag_ivy' AIRFLOW_CTX_TASK_ID='insert_data_inc' AIRFLOW_CTX_EXECUTION_DATE='2024-08-29T08:00:00+00:00' AIRFLOW_CTX_TRY_NUMBER='1' AIRFLOW_CTX_DAG_RUN_ID='scheduled__2024-08-29T08:00:00+00:00'
[2024-08-29T09:50:17.548+0000] {taskinstance.py:430} INFO - ::endgroup::
[2024-08-29T09:50:17.599+0000] {sql.py:282} INFO - Executing: insert into hive.ivy.customer select *  from sqlserver.dbo.customer WHERE date = CAST('2023-11-25' AS DATE)
[2024-08-29T09:50:17.733+0000] {base.py:84} INFO - Using connection ID 'my_trino_connection' for task execution.
[2024-08-29T09:50:17.784+0000] {base.py:84} INFO - Using connection ID 'my_trino_connection' for task execution.
[2024-08-29T09:50:17.801+0000] {base.py:84} INFO - Using connection ID 'my_trino_connection' for task execution.
[2024-08-29T09:50:17.814+0000] {sql.py:495} INFO - Running statement: insert into hive.ivy.customer select *  from sqlserver.dbo.customer WHERE date = CAST('2023-11-25' AS DATE), parameters: None
[2024-08-29T09:50:25.238+0000] {sql.py:504} INFO - Rows affected: 4
[2024-08-29T09:50:27.218+0000] {taskinstance.py:441} INFO - ::group::Post task execution logs
[2024-08-29T09:50:27.499+0000] {taskinstance.py:1206} INFO - Marking task as SUCCESS. dag_id=trino_query_dag_ivy, task_id=insert_data_inc, run_id=scheduled__2024-08-29T08:00:00+00:00, execution_date=20240829T080000, start_date=20240829T095015, end_date=20240829T095027
[2024-08-29T09:50:27.646+0000] {local_task_job_runner.py:243} INFO - Task exited with return code 0
[2024-08-29T09:50:27.668+0000] {logging_mixin.py:188} WARNING - /home/airflow/.local/lib/python3.12/site-packages/airflow/models/baseoperator.py:1297 AirflowProviderDeprecationWarning: Call to deprecated class TrinoOperator. (Please use `airflow.providers.common.sql.operators.sql.SQLExecuteQueryOperator`.)
[2024-08-29T09:50:27.738+0000] {taskinstance.py:3503} INFO - 1 downstream tasks scheduled from follow-on schedule check
[2024-08-29T09:50:27.754+0000] {local_task_job_runner.py:222} INFO - ::endgroup::
