[2024-10-21T00:52:13.235+0000] {local_task_job_runner.py:120} INFO - ::group::Pre task execution logs
[2024-10-21T00:52:13.755+0000] {taskinstance.py:2076} INFO - Dependencies all met for dep_context=non-requeueable deps ti=<TaskInstance: query_dag_irene.insert_data_inc scheduled__2024-10-20T00:00:00+00:00 [queued]>
[2024-10-21T00:52:13.769+0000] {taskinstance.py:2076} INFO - Dependencies all met for dep_context=requeueable deps ti=<TaskInstance: query_dag_irene.insert_data_inc scheduled__2024-10-20T00:00:00+00:00 [queued]>
[2024-10-21T00:52:13.997+0000] {taskinstance.py:2306} INFO - Starting attempt 1 of 2
[2024-10-21T00:52:16.058+0000] {taskinstance.py:2330} INFO - Executing <Task(TrinoOperator): insert_data_inc> on 2024-10-20 00:00:00+00:00
[2024-10-21T00:52:16.180+0000] {logging_mixin.py:188} WARNING - /home/airflow/.local/lib/python3.12/site-packages/airflow/task/task_runner/standard_task_runner.py:62 DeprecationWarning: This process (pid=18836) is multi-threaded, use of fork() may lead to deadlocks in the child.
[2024-10-21T00:52:16.183+0000] {standard_task_runner.py:64} INFO - Started process 18920 to run task
[2024-10-21T00:52:16.162+0000] {standard_task_runner.py:90} INFO - Running: ['airflow', 'tasks', 'run', 'query_dag_irene', 'insert_data_inc', 'scheduled__2024-10-20T00:00:00+00:00', '--job-id', '1478', '--raw', '--subdir', 'DAGS_FOLDER/irene.py', '--cfg-path', '/tmp/tmpcd5v7agf']
[2024-10-21T00:52:16.185+0000] {standard_task_runner.py:91} INFO - Job 1478: Subtask insert_data_inc
[2024-10-21T00:52:19.974+0000] {logging_mixin.py:188} WARNING - /home/airflow/.local/lib/python3.12/site-packages/airflow/settings.py:195 DeprecationWarning: The sql_alchemy_conn option in [core] has been moved to the sql_alchemy_conn option in [database] - the old setting has been used, but please update your config.
[2024-10-21T00:52:20.696+0000] {task_command.py:426} INFO - Running <TaskInstance: query_dag_irene.insert_data_inc scheduled__2024-10-20T00:00:00+00:00 [running]> on host 92783cd12528
[2024-10-21T00:52:20.703+0000] {logging_mixin.py:188} WARNING - /home/airflow/.local/lib/python3.12/site-packages/airflow/settings.py:356 DeprecationWarning: The sql_engine_encoding option in [core] has been moved to the sql_engine_encoding option in [database] - the old setting has been used, but please update your config.
[2024-10-21T00:52:22.073+0000] {logging_mixin.py:188} WARNING - /home/airflow/.local/lib/python3.12/site-packages/airflow/utils/log/secrets_masker.py:84 DeprecationWarning: The sensitive_variable_fields option in [admin] has been moved to the sensitive_var_conn_names option in [core] - the old setting has been used, but please update your config.
[2024-10-21T00:52:24.801+0000] {taskinstance.py:2648} INFO - Exporting env vars: AIRFLOW_CTX_DAG_OWNER='airflow' AIRFLOW_CTX_DAG_ID='query_dag_irene' AIRFLOW_CTX_TASK_ID='insert_data_inc' AIRFLOW_CTX_EXECUTION_DATE='2024-10-20T00:00:00+00:00' AIRFLOW_CTX_TRY_NUMBER='1' AIRFLOW_CTX_DAG_RUN_ID='scheduled__2024-10-20T00:00:00+00:00'
[2024-10-21T00:52:24.817+0000] {taskinstance.py:430} INFO - ::endgroup::
[2024-10-21T00:52:24.920+0000] {sql.py:282} INFO - Executing: insert into hive.irene.sou select * from sqlserver.dbo.sou
[2024-10-21T00:52:25.058+0000] {base.py:84} INFO - Using connection ID 'my_trino_connection' for task execution.
[2024-10-21T00:52:25.314+0000] {base.py:84} INFO - Using connection ID 'my_trino_connection' for task execution.
[2024-10-21T00:52:25.486+0000] {base.py:84} INFO - Using connection ID 'my_trino_connection' for task execution.
[2024-10-21T00:52:25.526+0000] {sql.py:495} INFO - Running statement: insert into hive.irene.sou select * from sqlserver.dbo.sou, parameters: None
[2024-10-21T00:53:44.867+0000] {sql.py:504} INFO - Rows affected: 1048571
[2024-10-21T00:53:48.986+0000] {local_task_job_runner.py:124} ERROR - Received SIGTERM. Terminating subprocesses
[2024-10-21T00:53:49.083+0000] {process_utils.py:132} INFO - Sending 15 to group 18920. PIDs of all processes in the group: [18920]
[2024-10-21T00:53:49.675+0000] {client.py:899} INFO - failed after 3 attempts
[2024-10-21T00:53:49.745+0000] {process_utils.py:87} INFO - Sending the signal 15 to group 18920
[2024-10-21T00:53:49.802+0000] {taskinstance.py:2611} ERROR - Received SIGTERM. Terminating subprocesses.
[2024-10-21T00:53:49.809+0000] {trino.py:70} INFO - Stopping query run with queryId - 
[2024-10-21T00:53:49.889+0000] {base.py:84} INFO - Using connection ID 'my_trino_connection' for task execution.
