[2024-08-30T01:15:10.771+0000] {local_task_job_runner.py:120} INFO - ::group::Pre task execution logs
[2024-08-30T01:15:11.003+0000] {taskinstance.py:2076} INFO - Dependencies all met for dep_context=non-requeueable deps ti=<TaskInstance: trino_query_dag_iron.insert_data_inc scheduled__2024-08-29T00:00:00+00:00 [queued]>
[2024-08-30T01:15:11.203+0000] {taskinstance.py:2076} INFO - Dependencies all met for dep_context=requeueable deps ti=<TaskInstance: trino_query_dag_iron.insert_data_inc scheduled__2024-08-29T00:00:00+00:00 [queued]>
[2024-08-30T01:15:11.438+0000] {taskinstance.py:2306} INFO - Starting attempt 1 of 2
[2024-08-30T01:15:16.906+0000] {taskinstance.py:2330} INFO - Executing <Task(TrinoOperator): insert_data_inc> on 2024-08-29 00:00:00+00:00
[2024-08-30T01:15:17.106+0000] {standard_task_runner.py:90} INFO - Running: ['airflow', 'tasks', 'run', 'trino_query_dag_iron', 'insert_data_inc', 'scheduled__2024-08-29T00:00:00+00:00', '--job-id', '910', '--raw', '--subdir', 'DAGS_FOLDER/iron.py', '--cfg-path', '/tmp/tmpgf_gt7jr']
[2024-08-30T01:15:17.109+0000] {logging_mixin.py:188} WARNING - /home/airflow/.local/lib/python3.12/site-packages/airflow/task/task_runner/standard_task_runner.py:62 DeprecationWarning: This process (pid=89850) is multi-threaded, use of fork() may lead to deadlocks in the child.
[2024-08-30T01:15:17.151+0000] {standard_task_runner.py:91} INFO - Job 910: Subtask insert_data_inc
[2024-08-30T01:15:17.175+0000] {standard_task_runner.py:64} INFO - Started process 89871 to run task
[2024-08-30T01:15:18.800+0000] {logging_mixin.py:188} WARNING - /home/airflow/.local/lib/python3.12/site-packages/airflow/settings.py:195 DeprecationWarning: The sql_alchemy_conn option in [core] has been moved to the sql_alchemy_conn option in [database] - the old setting has been used, but please update your config.
[2024-08-30T01:15:19.161+0000] {task_command.py:426} INFO - Running <TaskInstance: trino_query_dag_iron.insert_data_inc scheduled__2024-08-29T00:00:00+00:00 [running]> on host b476143e3d64
[2024-08-30T01:15:26.495+0000] {taskinstance.py:2648} INFO - Exporting env vars: AIRFLOW_CTX_DAG_OWNER='airflow' AIRFLOW_CTX_DAG_ID='trino_query_dag_iron' AIRFLOW_CTX_TASK_ID='insert_data_inc' AIRFLOW_CTX_EXECUTION_DATE='2024-08-29T00:00:00+00:00' AIRFLOW_CTX_TRY_NUMBER='1' AIRFLOW_CTX_DAG_RUN_ID='scheduled__2024-08-29T00:00:00+00:00'
[2024-08-30T01:15:26.497+0000] {taskinstance.py:430} INFO - ::endgroup::
[2024-08-30T01:15:26.532+0000] {sql.py:282} INFO - Executing: insert into hive.iron.customer select *  from sqlserver.dbo.soul
[2024-08-30T01:15:26.593+0000] {base.py:84} INFO - Using connection ID 'my_trino_connection' for task execution.
[2024-08-30T01:15:26.602+0000] {base.py:84} INFO - Using connection ID 'my_trino_connection' for task execution.
[2024-08-30T01:15:26.611+0000] {base.py:84} INFO - Using connection ID 'my_trino_connection' for task execution.
[2024-08-30T01:15:26.616+0000] {sql.py:495} INFO - Running statement: insert into hive.iron.customer select *  from sqlserver.dbo.soul, parameters: None
[2024-08-30T01:15:49.019+0000] {sql.py:504} INFO - Rows affected: 65535
[2024-08-30T01:15:55.613+0000] {taskinstance.py:441} INFO - ::group::Post task execution logs
[2024-08-30T01:15:56.334+0000] {taskinstance.py:1206} INFO - Marking task as SUCCESS. dag_id=trino_query_dag_iron, task_id=insert_data_inc, run_id=scheduled__2024-08-29T00:00:00+00:00, execution_date=20240829T000000, start_date=20240830T011511, end_date=20240830T011556
[2024-08-30T01:15:57.919+0000] {local_task_job_runner.py:243} INFO - Task exited with return code 0
[2024-08-30T01:15:58.075+0000] {logging_mixin.py:188} WARNING - /home/airflow/.local/lib/python3.12/site-packages/airflow/models/baseoperator.py:1297 AirflowProviderDeprecationWarning: Call to deprecated class TrinoOperator. (Please use `airflow.providers.common.sql.operators.sql.SQLExecuteQueryOperator`.)
[2024-08-30T01:15:58.337+0000] {taskinstance.py:3503} INFO - 1 downstream tasks scheduled from follow-on schedule check
[2024-08-30T01:15:58.601+0000] {local_task_job_runner.py:222} INFO - ::endgroup::
