[2024-10-30T01:03:28.928+0000] {local_task_job_runner.py:120} INFO - ::group::Pre task execution logs
[2024-10-30T01:03:28.992+0000] {taskinstance.py:2076} INFO - Dependencies all met for dep_context=non-requeueable deps ti=<TaskInstance: query_dag_irenen.print_end scheduled__2024-10-29T00:00:00+00:00 [queued]>
[2024-10-30T01:03:29.007+0000] {taskinstance.py:2076} INFO - Dependencies all met for dep_context=requeueable deps ti=<TaskInstance: query_dag_irenen.print_end scheduled__2024-10-29T00:00:00+00:00 [queued]>
[2024-10-30T01:03:29.410+0000] {taskinstance.py:2306} INFO - Starting attempt 1 of 2
[2024-10-30T01:03:32.674+0000] {taskinstance.py:2330} INFO - Executing <Task(PythonOperator): print_end> on 2024-10-29 00:00:00+00:00
[2024-10-30T01:03:33.323+0000] {logging_mixin.py:188} WARNING - /home/airflow/.local/lib/python3.12/site-packages/airflow/task/task_runner/standard_task_runner.py:62 DeprecationWarning: This process (pid=93174) is multi-threaded, use of fork() may lead to deadlocks in the child.
[2024-10-30T01:03:33.328+0000] {standard_task_runner.py:90} INFO - Running: ['airflow', 'tasks', 'run', 'query_dag_irenen', 'print_end', 'scheduled__2024-10-29T00:00:00+00:00', '--job-id', '2165', '--raw', '--subdir', 'DAGS_FOLDER/irenen.py', '--cfg-path', '/tmp/tmpzji4lrk9']
[2024-10-30T01:03:33.341+0000] {standard_task_runner.py:64} INFO - Started process 93209 to run task
[2024-10-30T01:03:33.343+0000] {standard_task_runner.py:91} INFO - Job 2165: Subtask print_end
[2024-10-30T01:03:33.831+0000] {logging_mixin.py:188} WARNING - /home/airflow/.local/lib/python3.12/site-packages/airflow/settings.py:195 DeprecationWarning: The sql_alchemy_conn option in [core] has been moved to the sql_alchemy_conn option in [database] - the old setting has been used, but please update your config.
[2024-10-30T01:03:33.928+0000] {task_command.py:426} INFO - Running <TaskInstance: query_dag_irenen.print_end scheduled__2024-10-29T00:00:00+00:00 [running]> on host 92783cd12528
[2024-10-30T01:03:33.932+0000] {logging_mixin.py:188} WARNING - /home/airflow/.local/lib/python3.12/site-packages/airflow/settings.py:356 DeprecationWarning: The sql_engine_encoding option in [core] has been moved to the sql_engine_encoding option in [database] - the old setting has been used, but please update your config.
[2024-10-30T01:03:35.868+0000] {logging_mixin.py:188} WARNING - /home/airflow/.local/lib/python3.12/site-packages/airflow/utils/log/secrets_masker.py:84 DeprecationWarning: The sensitive_variable_fields option in [admin] has been moved to the sensitive_var_conn_names option in [core] - the old setting has been used, but please update your config.
[2024-10-30T01:03:37.830+0000] {taskinstance.py:2648} INFO - Exporting env vars: AIRFLOW_CTX_DAG_OWNER='airflow' AIRFLOW_CTX_DAG_ID='query_dag_irenen' AIRFLOW_CTX_TASK_ID='print_end' AIRFLOW_CTX_EXECUTION_DATE='2024-10-29T00:00:00+00:00' AIRFLOW_CTX_TRY_NUMBER='1' AIRFLOW_CTX_DAG_RUN_ID='scheduled__2024-10-29T00:00:00+00:00'
[2024-10-30T01:03:37.853+0000] {taskinstance.py:430} INFO - ::endgroup::
[2024-10-30T01:03:37.886+0000] {logging_mixin.py:188} INFO - End of DAG execution
[2024-10-30T01:03:37.899+0000] {python.py:237} INFO - Done. Returned value was: None
[2024-10-30T01:03:37.906+0000] {taskinstance.py:441} INFO - ::group::Post task execution logs
[2024-10-30T01:03:37.973+0000] {taskinstance.py:1206} INFO - Marking task as SUCCESS. dag_id=query_dag_irenen, task_id=print_end, run_id=scheduled__2024-10-29T00:00:00+00:00, execution_date=20241029T000000, start_date=20241030T010328, end_date=20241030T010337
[2024-10-30T01:03:39.359+0000] {local_task_job_runner.py:243} INFO - Task exited with return code 0
[2024-10-30T01:03:39.623+0000] {taskinstance.py:3503} INFO - 0 downstream tasks scheduled from follow-on schedule check
[2024-10-30T01:03:40.353+0000] {local_task_job_runner.py:222} INFO - ::endgroup::
