[2024-09-19T01:31:24.446+0000] {local_task_job_runner.py:120} INFO - ::group::Pre task execution logs
[2024-09-19T01:31:24.557+0000] {taskinstance.py:2076} INFO - Dependencies all met for dep_context=non-requeueable deps ti=<TaskInstance: query_dag_irenen.print_start scheduled__2024-09-18T00:00:00+00:00 [queued]>
[2024-09-19T01:31:24.600+0000] {taskinstance.py:2076} INFO - Dependencies all met for dep_context=requeueable deps ti=<TaskInstance: query_dag_irenen.print_start scheduled__2024-09-18T00:00:00+00:00 [queued]>
[2024-09-19T01:31:27.022+0000] {taskinstance.py:2306} INFO - Starting attempt 1 of 2
[2024-09-19T01:31:29.837+0000] {taskinstance.py:2330} INFO - Executing <Task(PythonOperator): print_start> on 2024-09-18 00:00:00+00:00
[2024-09-19T01:31:29.948+0000] {logging_mixin.py:188} WARNING - /home/airflow/.local/lib/python3.12/site-packages/airflow/task/task_runner/standard_task_runner.py:62 DeprecationWarning: This process (pid=20928) is multi-threaded, use of fork() may lead to deadlocks in the child.
[2024-09-19T01:31:30.009+0000] {standard_task_runner.py:64} INFO - Started process 20935 to run task
[2024-09-19T01:31:29.997+0000] {standard_task_runner.py:90} INFO - Running: ['airflow', 'tasks', 'run', 'query_dag_irenen', 'print_start', 'scheduled__2024-09-18T00:00:00+00:00', '--job-id', '316', '--raw', '--subdir', 'DAGS_FOLDER/irenen.py', '--cfg-path', '/tmp/tmpgntwoei5']
[2024-09-19T01:31:30.098+0000] {standard_task_runner.py:91} INFO - Job 316: Subtask print_start
[2024-09-19T01:31:34.043+0000] {logging_mixin.py:188} WARNING - /home/airflow/.local/lib/python3.12/site-packages/airflow/settings.py:195 DeprecationWarning: The sql_alchemy_conn option in [core] has been moved to the sql_alchemy_conn option in [database] - the old setting has been used, but please update your config.
[2024-09-19T01:31:34.282+0000] {task_command.py:426} INFO - Running <TaskInstance: query_dag_irenen.print_start scheduled__2024-09-18T00:00:00+00:00 [running]> on host 92783cd12528
[2024-09-19T01:31:34.301+0000] {logging_mixin.py:188} WARNING - /home/airflow/.local/lib/python3.12/site-packages/airflow/settings.py:356 DeprecationWarning: The sql_engine_encoding option in [core] has been moved to the sql_engine_encoding option in [database] - the old setting has been used, but please update your config.
[2024-09-19T01:31:36.891+0000] {logging_mixin.py:188} WARNING - /home/airflow/.local/lib/python3.12/site-packages/airflow/utils/log/secrets_masker.py:84 DeprecationWarning: The sensitive_variable_fields option in [admin] has been moved to the sensitive_var_conn_names option in [core] - the old setting has been used, but please update your config.
[2024-09-19T01:31:38.550+0000] {taskinstance.py:2648} INFO - Exporting env vars: AIRFLOW_CTX_DAG_OWNER='airflow' AIRFLOW_CTX_DAG_ID='query_dag_irenen' AIRFLOW_CTX_TASK_ID='print_start' AIRFLOW_CTX_EXECUTION_DATE='2024-09-18T00:00:00+00:00' AIRFLOW_CTX_TRY_NUMBER='1' AIRFLOW_CTX_DAG_RUN_ID='scheduled__2024-09-18T00:00:00+00:00'
[2024-09-19T01:31:39.093+0000] {taskinstance.py:430} INFO - ::endgroup::
[2024-09-19T01:31:39.482+0000] {logging_mixin.py:188} INFO - Start of DAG execution
[2024-09-19T01:31:39.483+0000] {python.py:237} INFO - Done. Returned value was: None
[2024-09-19T01:31:39.484+0000] {taskinstance.py:441} INFO - ::group::Post task execution logs
[2024-09-19T01:31:39.513+0000] {taskinstance.py:1206} INFO - Marking task as SUCCESS. dag_id=query_dag_irenen, task_id=print_start, run_id=scheduled__2024-09-18T00:00:00+00:00, execution_date=20240918T000000, start_date=20240919T013124, end_date=20240919T013139
[2024-09-19T01:31:41.171+0000] {local_task_job_runner.py:243} INFO - Task exited with return code 0
[2024-09-19T01:31:41.198+0000] {logging_mixin.py:188} WARNING - /home/airflow/.local/lib/python3.12/site-packages/airflow/models/baseoperator.py:1297 AirflowProviderDeprecationWarning: Call to deprecated class TrinoOperator. (Please use `airflow.providers.common.sql.operators.sql.SQLExecuteQueryOperator`.)
[2024-09-19T01:31:41.246+0000] {taskinstance.py:3503} INFO - 1 downstream tasks scheduled from follow-on schedule check
[2024-09-19T01:31:44.349+0000] {local_task_job_runner.py:222} INFO - ::endgroup::
