[2024-10-24T00:38:38.161+0000] {local_task_job_runner.py:120} INFO - ::group::Pre task execution logs
[2024-10-24T00:38:39.756+0000] {taskinstance.py:2076} INFO - Dependencies all met for dep_context=non-requeueable deps ti=<TaskInstance: query_dag_irene.insert_data_inc scheduled__2024-10-23T00:00:00+00:00 [queued]>
[2024-10-24T00:38:41.527+0000] {taskinstance.py:2076} INFO - Dependencies all met for dep_context=requeueable deps ti=<TaskInstance: query_dag_irene.insert_data_inc scheduled__2024-10-23T00:00:00+00:00 [queued]>
[2024-10-24T00:38:42.659+0000] {taskinstance.py:2306} INFO - Starting attempt 1 of 2
[2024-10-24T00:38:48.398+0000] {taskinstance.py:2330} INFO - Executing <Task(TrinoOperator): insert_data_inc> on 2024-10-23 00:00:00+00:00
[2024-10-24T00:38:48.409+0000] {logging_mixin.py:188} WARNING - /home/airflow/.local/lib/python3.12/site-packages/airflow/task/task_runner/standard_task_runner.py:62 DeprecationWarning: This process (pid=40888) is multi-threaded, use of fork() may lead to deadlocks in the child.
[2024-10-24T00:38:48.415+0000] {standard_task_runner.py:64} INFO - Started process 40934 to run task
[2024-10-24T00:38:48.426+0000] {standard_task_runner.py:90} INFO - Running: ['airflow', 'tasks', 'run', 'query_dag_irene', 'insert_data_inc', 'scheduled__2024-10-23T00:00:00+00:00', '--job-id', '1775', '--raw', '--subdir', 'DAGS_FOLDER/irene.py', '--cfg-path', '/tmp/tmp29h9hgqj']
[2024-10-24T00:38:48.433+0000] {standard_task_runner.py:91} INFO - Job 1775: Subtask insert_data_inc
[2024-10-24T00:38:51.472+0000] {logging_mixin.py:188} WARNING - /home/airflow/.local/lib/python3.12/site-packages/airflow/settings.py:195 DeprecationWarning: The sql_alchemy_conn option in [core] has been moved to the sql_alchemy_conn option in [database] - the old setting has been used, but please update your config.
[2024-10-24T00:38:51.595+0000] {task_command.py:426} INFO - Running <TaskInstance: query_dag_irene.insert_data_inc scheduled__2024-10-23T00:00:00+00:00 [running]> on host 92783cd12528
[2024-10-24T00:38:51.599+0000] {logging_mixin.py:188} WARNING - /home/airflow/.local/lib/python3.12/site-packages/airflow/settings.py:356 DeprecationWarning: The sql_engine_encoding option in [core] has been moved to the sql_engine_encoding option in [database] - the old setting has been used, but please update your config.
[2024-10-24T00:38:55.218+0000] {logging_mixin.py:188} WARNING - /home/airflow/.local/lib/python3.12/site-packages/airflow/utils/log/secrets_masker.py:84 DeprecationWarning: The sensitive_variable_fields option in [admin] has been moved to the sensitive_var_conn_names option in [core] - the old setting has been used, but please update your config.
[2024-10-24T00:38:57.712+0000] {taskinstance.py:2648} INFO - Exporting env vars: AIRFLOW_CTX_DAG_OWNER='airflow' AIRFLOW_CTX_DAG_ID='query_dag_irene' AIRFLOW_CTX_TASK_ID='insert_data_inc' AIRFLOW_CTX_EXECUTION_DATE='2024-10-23T00:00:00+00:00' AIRFLOW_CTX_TRY_NUMBER='1' AIRFLOW_CTX_DAG_RUN_ID='scheduled__2024-10-23T00:00:00+00:00'
[2024-10-24T00:38:57.723+0000] {taskinstance.py:430} INFO - ::endgroup::
[2024-10-24T00:38:57.772+0000] {sql.py:282} INFO - Executing: insert into hive.irene.sou select * from sqlserver.dbo.sou
[2024-10-24T00:38:57.810+0000] {base.py:84} INFO - Using connection ID 'my_trino_connection' for task execution.
[2024-10-24T00:38:57.836+0000] {base.py:84} INFO - Using connection ID 'my_trino_connection' for task execution.
[2024-10-24T00:38:57.858+0000] {base.py:84} INFO - Using connection ID 'my_trino_connection' for task execution.
[2024-10-24T00:38:57.866+0000] {sql.py:495} INFO - Running statement: insert into hive.irene.sou select * from sqlserver.dbo.sou, parameters: None
[2024-10-24T00:39:37.403+0000] {sql.py:504} INFO - Rows affected: 1048571
[2024-10-24T00:39:38.174+0000] {taskinstance.py:441} INFO - ::group::Post task execution logs
[2024-10-24T00:39:38.753+0000] {taskinstance.py:1206} INFO - Marking task as SUCCESS. dag_id=query_dag_irene, task_id=insert_data_inc, run_id=scheduled__2024-10-23T00:00:00+00:00, execution_date=20241023T000000, start_date=20241024T003841, end_date=20241024T003938
[2024-10-24T00:39:42.532+0000] {local_task_job_runner.py:243} INFO - Task exited with return code 0
[2024-10-24T00:39:42.546+0000] {logging_mixin.py:188} WARNING - /home/airflow/.local/lib/python3.12/site-packages/airflow/models/baseoperator.py:1297 AirflowProviderDeprecationWarning: Call to deprecated class TrinoOperator. (Please use `airflow.providers.common.sql.operators.sql.SQLExecuteQueryOperator`.)
[2024-10-24T00:39:42.560+0000] {taskinstance.py:3503} INFO - 1 downstream tasks scheduled from follow-on schedule check
[2024-10-24T00:39:42.813+0000] {local_task_job_runner.py:222} INFO - ::endgroup::
