[2024-08-21T07:05:56.839+0000] {local_task_job_runner.py:120} INFO - ::group::Pre task execution logs
[2024-08-21T07:05:56.884+0000] {taskinstance.py:2076} INFO - Dependencies all met for dep_context=non-requeueable deps ti=<TaskInstance: trino_query_dag_irene.print_start_irene manual__2024-08-21T06:47:17.417444+00:00 [queued]>
[2024-08-21T07:05:56.896+0000] {taskinstance.py:2076} INFO - Dependencies all met for dep_context=requeueable deps ti=<TaskInstance: trino_query_dag_irene.print_start_irene manual__2024-08-21T06:47:17.417444+00:00 [queued]>
[2024-08-21T07:05:56.898+0000] {taskinstance.py:2306} INFO - Starting attempt 4 of 5
[2024-08-21T07:05:56.916+0000] {taskinstance.py:2330} INFO - Executing <Task(PythonOperator): print_start_irene> on 2024-08-21 06:47:17.417444+00:00
[2024-08-21T07:05:56.925+0000] {standard_task_runner.py:90} INFO - Running: ['airflow', 'tasks', 'run', 'trino_query_dag_irene', 'print_start_irene', 'manual__2024-08-21T06:47:17.417444+00:00', '--job-id', '109', '--raw', '--subdir', 'DAGS_FOLDER/irene.py', '--cfg-path', '/tmp/tmpzwo1l_6q']
[2024-08-21T07:05:56.928+0000] {standard_task_runner.py:91} INFO - Job 109: Subtask print_start_irene
[2024-08-21T07:05:56.928+0000] {logging_mixin.py:188} WARNING - /home/airflow/.local/lib/python3.12/site-packages/airflow/task/task_runner/standard_task_runner.py:62 DeprecationWarning: This process (pid=15979) is multi-threaded, use of fork() may lead to deadlocks in the child.
[2024-08-21T07:05:56.930+0000] {standard_task_runner.py:64} INFO - Started process 15980 to run task
[2024-08-21T07:05:56.945+0000] {logging_mixin.py:188} WARNING - /home/airflow/.local/lib/python3.12/site-packages/airflow/settings.py:195 DeprecationWarning: The sql_alchemy_conn option in [core] has been moved to the sql_alchemy_conn option in [database] - the old setting has been used, but please update your config.
[2024-08-21T07:05:56.990+0000] {task_command.py:426} INFO - Running <TaskInstance: trino_query_dag_irene.print_start_irene manual__2024-08-21T06:47:17.417444+00:00 [running]> on host b476143e3d64
[2024-08-21T07:05:57.083+0000] {taskinstance.py:2648} INFO - Exporting env vars: AIRFLOW_CTX_DAG_OWNER='airflow' AIRFLOW_CTX_DAG_ID='trino_query_dag_irene' AIRFLOW_CTX_TASK_ID='print_start_irene' AIRFLOW_CTX_EXECUTION_DATE='2024-08-21T06:47:17.417444+00:00' AIRFLOW_CTX_TRY_NUMBER='4' AIRFLOW_CTX_DAG_RUN_ID='manual__2024-08-21T06:47:17.417444+00:00'
[2024-08-21T07:05:57.085+0000] {taskinstance.py:430} INFO - ::endgroup::
[2024-08-21T07:05:57.100+0000] {logging_mixin.py:188} INFO - Start of DAG execution
[2024-08-21T07:05:57.100+0000] {python.py:237} INFO - Done. Returned value was: None
[2024-08-21T07:05:57.101+0000] {taskinstance.py:441} INFO - ::group::Post task execution logs
[2024-08-21T07:05:57.111+0000] {taskinstance.py:1206} INFO - Marking task as SUCCESS. dag_id=trino_query_dag_irene, task_id=print_start_irene, run_id=manual__2024-08-21T06:47:17.417444+00:00, execution_date=20240821T064717, start_date=20240821T070556, end_date=20240821T070557
[2024-08-21T07:05:57.145+0000] {local_task_job_runner.py:243} INFO - Task exited with return code 0
[2024-08-21T07:05:57.159+0000] {logging_mixin.py:188} WARNING - /home/airflow/.local/lib/python3.12/site-packages/airflow/models/baseoperator.py:1297 AirflowProviderDeprecationWarning: Call to deprecated class TrinoOperator. (Please use `airflow.providers.common.sql.operators.sql.SQLExecuteQueryOperator`.)
[2024-08-21T07:05:57.184+0000] {taskinstance.py:3503} INFO - 1 downstream tasks scheduled from follow-on schedule check
[2024-08-21T07:05:57.187+0000] {local_task_job_runner.py:222} INFO - ::endgroup::
