[2024-08-21T07:03:50.688+0000] {local_task_job_runner.py:120} INFO - ::group::Pre task execution logs
[2024-08-21T07:03:50.732+0000] {taskinstance.py:2076} INFO - Dependencies all met for dep_context=non-requeueable deps ti=<TaskInstance: trino_query_dag_irene.print_start_irene manual__2024-08-21T06:47:17.417444+00:00 [queued]>
[2024-08-21T07:03:50.745+0000] {taskinstance.py:2076} INFO - Dependencies all met for dep_context=requeueable deps ti=<TaskInstance: trino_query_dag_irene.print_start_irene manual__2024-08-21T06:47:17.417444+00:00 [queued]>
[2024-08-21T07:03:50.747+0000] {taskinstance.py:2306} INFO - Starting attempt 3 of 4
[2024-08-21T07:03:50.765+0000] {taskinstance.py:2330} INFO - Executing <Task(PythonOperator): print_start_irene> on 2024-08-21 06:47:17.417444+00:00
[2024-08-21T07:03:50.775+0000] {logging_mixin.py:188} WARNING - /home/airflow/.local/lib/python3.12/site-packages/airflow/task/task_runner/standard_task_runner.py:62 DeprecationWarning: This process (pid=15911) is multi-threaded, use of fork() may lead to deadlocks in the child.
[2024-08-21T07:03:50.774+0000] {standard_task_runner.py:90} INFO - Running: ['airflow', 'tasks', 'run', 'trino_query_dag_irene', 'print_start_irene', 'manual__2024-08-21T06:47:17.417444+00:00', '--job-id', '105', '--raw', '--subdir', 'DAGS_FOLDER/irene.py', '--cfg-path', '/tmp/tmp6gvk2sbl']
[2024-08-21T07:03:50.776+0000] {standard_task_runner.py:64} INFO - Started process 15912 to run task
[2024-08-21T07:03:50.777+0000] {standard_task_runner.py:91} INFO - Job 105: Subtask print_start_irene
[2024-08-21T07:03:50.799+0000] {logging_mixin.py:188} WARNING - /home/airflow/.local/lib/python3.12/site-packages/airflow/settings.py:195 DeprecationWarning: The sql_alchemy_conn option in [core] has been moved to the sql_alchemy_conn option in [database] - the old setting has been used, but please update your config.
[2024-08-21T07:03:50.843+0000] {task_command.py:426} INFO - Running <TaskInstance: trino_query_dag_irene.print_start_irene manual__2024-08-21T06:47:17.417444+00:00 [running]> on host b476143e3d64
[2024-08-21T07:03:50.941+0000] {taskinstance.py:2648} INFO - Exporting env vars: AIRFLOW_CTX_DAG_OWNER='airflow' AIRFLOW_CTX_DAG_ID='trino_query_dag_irene' AIRFLOW_CTX_TASK_ID='print_start_irene' AIRFLOW_CTX_EXECUTION_DATE='2024-08-21T06:47:17.417444+00:00' AIRFLOW_CTX_TRY_NUMBER='3' AIRFLOW_CTX_DAG_RUN_ID='manual__2024-08-21T06:47:17.417444+00:00'
[2024-08-21T07:03:50.942+0000] {taskinstance.py:430} INFO - ::endgroup::
[2024-08-21T07:03:50.956+0000] {logging_mixin.py:188} INFO - Start of DAG execution
[2024-08-21T07:03:50.957+0000] {python.py:237} INFO - Done. Returned value was: None
[2024-08-21T07:03:50.958+0000] {taskinstance.py:441} INFO - ::group::Post task execution logs
[2024-08-21T07:03:50.969+0000] {taskinstance.py:1206} INFO - Marking task as SUCCESS. dag_id=trino_query_dag_irene, task_id=print_start_irene, run_id=manual__2024-08-21T06:47:17.417444+00:00, execution_date=20240821T064717, start_date=20240821T070350, end_date=20240821T070350
[2024-08-21T07:03:50.992+0000] {local_task_job_runner.py:243} INFO - Task exited with return code 0
[2024-08-21T07:03:51.005+0000] {logging_mixin.py:188} WARNING - /home/airflow/.local/lib/python3.12/site-packages/airflow/models/baseoperator.py:1297 AirflowProviderDeprecationWarning: Call to deprecated class TrinoOperator. (Please use `airflow.providers.common.sql.operators.sql.SQLExecuteQueryOperator`.)
[2024-08-21T07:03:51.025+0000] {taskinstance.py:3503} INFO - 1 downstream tasks scheduled from follow-on schedule check
[2024-08-21T07:03:51.028+0000] {local_task_job_runner.py:222} INFO - ::endgroup::
