[2024-08-21T08:32:58.509+0000] {local_task_job_runner.py:120} INFO - ::group::Pre task execution logs
[2024-08-21T08:32:58.560+0000] {taskinstance.py:2076} INFO - Dependencies all met for dep_context=non-requeueable deps ti=<TaskInstance: trino_query_dag_irene.print_start_irene manual__2024-08-21T06:47:17.417444+00:00 [queued]>
[2024-08-21T08:32:58.572+0000] {taskinstance.py:2076} INFO - Dependencies all met for dep_context=requeueable deps ti=<TaskInstance: trino_query_dag_irene.print_start_irene manual__2024-08-21T06:47:17.417444+00:00 [queued]>
[2024-08-21T08:32:58.574+0000] {taskinstance.py:2306} INFO - Starting attempt 5 of 6
[2024-08-21T08:32:58.592+0000] {taskinstance.py:2330} INFO - Executing <Task(PythonOperator): print_start_irene> on 2024-08-21 06:47:17.417444+00:00
[2024-08-21T08:32:58.600+0000] {standard_task_runner.py:90} INFO - Running: ['airflow', 'tasks', 'run', 'trino_query_dag_irene', 'print_start_irene', 'manual__2024-08-21T06:47:17.417444+00:00', '--job-id', '123', '--raw', '--subdir', 'DAGS_FOLDER/irene.py', '--cfg-path', '/tmp/tmp3z3l663k']
[2024-08-21T08:32:58.602+0000] {standard_task_runner.py:91} INFO - Job 123: Subtask print_start_irene
[2024-08-21T08:32:58.603+0000] {logging_mixin.py:188} WARNING - /home/airflow/.local/lib/python3.12/site-packages/airflow/task/task_runner/standard_task_runner.py:62 DeprecationWarning: This process (pid=19337) is multi-threaded, use of fork() may lead to deadlocks in the child.
[2024-08-21T08:32:58.604+0000] {standard_task_runner.py:64} INFO - Started process 19338 to run task
[2024-08-21T08:32:58.621+0000] {logging_mixin.py:188} WARNING - /home/airflow/.local/lib/python3.12/site-packages/airflow/settings.py:195 DeprecationWarning: The sql_alchemy_conn option in [core] has been moved to the sql_alchemy_conn option in [database] - the old setting has been used, but please update your config.
[2024-08-21T08:32:58.666+0000] {task_command.py:426} INFO - Running <TaskInstance: trino_query_dag_irene.print_start_irene manual__2024-08-21T06:47:17.417444+00:00 [running]> on host b476143e3d64
[2024-08-21T08:32:58.775+0000] {taskinstance.py:2648} INFO - Exporting env vars: AIRFLOW_CTX_DAG_OWNER='airflow' AIRFLOW_CTX_DAG_ID='trino_query_dag_irene' AIRFLOW_CTX_TASK_ID='print_start_irene' AIRFLOW_CTX_EXECUTION_DATE='2024-08-21T06:47:17.417444+00:00' AIRFLOW_CTX_TRY_NUMBER='5' AIRFLOW_CTX_DAG_RUN_ID='manual__2024-08-21T06:47:17.417444+00:00'
[2024-08-21T08:32:58.777+0000] {taskinstance.py:430} INFO - ::endgroup::
[2024-08-21T08:32:58.792+0000] {logging_mixin.py:188} INFO - Start of DAG execution
[2024-08-21T08:32:58.793+0000] {python.py:237} INFO - Done. Returned value was: None
[2024-08-21T08:32:58.794+0000] {taskinstance.py:441} INFO - ::group::Post task execution logs
[2024-08-21T08:32:58.806+0000] {taskinstance.py:1206} INFO - Marking task as SUCCESS. dag_id=trino_query_dag_irene, task_id=print_start_irene, run_id=manual__2024-08-21T06:47:17.417444+00:00, execution_date=20240821T064717, start_date=20240821T083258, end_date=20240821T083258
[2024-08-21T08:32:58.859+0000] {local_task_job_runner.py:243} INFO - Task exited with return code 0
[2024-08-21T08:32:58.871+0000] {logging_mixin.py:188} WARNING - /home/airflow/.local/lib/python3.12/site-packages/airflow/models/baseoperator.py:1297 AirflowProviderDeprecationWarning: Call to deprecated class TrinoOperator. (Please use `airflow.providers.common.sql.operators.sql.SQLExecuteQueryOperator`.)
[2024-08-21T08:32:58.893+0000] {taskinstance.py:3503} INFO - 1 downstream tasks scheduled from follow-on schedule check
[2024-08-21T08:32:58.902+0000] {local_task_job_runner.py:222} INFO - ::endgroup::
