[2024-08-28T00:50:27.734+0000] {local_task_job_runner.py:120} INFO - ::group::Pre task execution logs
[2024-08-28T00:50:27.830+0000] {taskinstance.py:2076} INFO - Dependencies all met for dep_context=non-requeueable deps ti=<TaskInstance: trino_query_dag_ironmale.insert_data_inc scheduled__2024-08-27T14:00:00+00:00 [queued]>
[2024-08-28T00:50:27.845+0000] {taskinstance.py:2076} INFO - Dependencies all met for dep_context=requeueable deps ti=<TaskInstance: trino_query_dag_ironmale.insert_data_inc scheduled__2024-08-27T14:00:00+00:00 [queued]>
[2024-08-28T00:50:28.232+0000] {taskinstance.py:2306} INFO - Starting attempt 1 of 2
[2024-08-28T00:50:29.505+0000] {taskinstance.py:2330} INFO - Executing <Task(TrinoOperator): insert_data_inc> on 2024-08-27 14:00:00+00:00
[2024-08-28T00:50:29.527+0000] {logging_mixin.py:188} WARNING - /home/airflow/.local/lib/python3.12/site-packages/airflow/task/task_runner/standard_task_runner.py:62 DeprecationWarning: This process (pid=21763) is multi-threaded, use of fork() may lead to deadlocks in the child.
[2024-08-28T00:50:29.541+0000] {standard_task_runner.py:90} INFO - Running: ['airflow', 'tasks', 'run', 'trino_query_dag_ironmale', 'insert_data_inc', 'scheduled__2024-08-27T14:00:00+00:00', '--job-id', '547', '--raw', '--subdir', 'DAGS_FOLDER/ironmale.py', '--cfg-path', '/tmp/tmplf6th9j_']
[2024-08-28T00:50:29.553+0000] {standard_task_runner.py:64} INFO - Started process 21789 to run task
[2024-08-28T00:50:29.563+0000] {standard_task_runner.py:91} INFO - Job 547: Subtask insert_data_inc
[2024-08-28T00:50:33.949+0000] {logging_mixin.py:188} WARNING - /home/airflow/.local/lib/python3.12/site-packages/airflow/settings.py:195 DeprecationWarning: The sql_alchemy_conn option in [core] has been moved to the sql_alchemy_conn option in [database] - the old setting has been used, but please update your config.
[2024-08-28T00:50:34.052+0000] {task_command.py:426} INFO - Running <TaskInstance: trino_query_dag_ironmale.insert_data_inc scheduled__2024-08-27T14:00:00+00:00 [running]> on host b476143e3d64
[2024-08-28T00:50:54.441+0000] {taskinstance.py:2648} INFO - Exporting env vars: AIRFLOW_CTX_DAG_OWNER='airflow' AIRFLOW_CTX_DAG_ID='trino_query_dag_ironmale' AIRFLOW_CTX_TASK_ID='insert_data_inc' AIRFLOW_CTX_EXECUTION_DATE='2024-08-27T14:00:00+00:00' AIRFLOW_CTX_TRY_NUMBER='1' AIRFLOW_CTX_DAG_RUN_ID='scheduled__2024-08-27T14:00:00+00:00'
[2024-08-28T00:50:54.451+0000] {taskinstance.py:430} INFO - ::endgroup::
[2024-08-28T00:50:54.470+0000] {sql.py:282} INFO - Executing: insert into hive.ironmale.soul select * from sqlserver.dbo.soul  where hour = 22 and birth_year = 20 and sex = 'male'
[2024-08-28T00:50:54.511+0000] {base.py:84} INFO - Using connection ID 'my_trino_connection' for task execution.
[2024-08-28T00:50:54.526+0000] {base.py:84} INFO - Using connection ID 'my_trino_connection' for task execution.
[2024-08-28T00:50:54.542+0000] {base.py:84} INFO - Using connection ID 'my_trino_connection' for task execution.
[2024-08-28T00:50:54.551+0000] {sql.py:495} INFO - Running statement: insert into hive.ironmale.soul select * from sqlserver.dbo.soul  where hour = 22 and birth_year = 20 and sex = 'male', parameters: None
[2024-08-28T00:51:23.865+0000] {sql.py:504} INFO - Rows affected: 225
[2024-08-28T00:51:31.156+0000] {taskinstance.py:441} INFO - ::group::Post task execution logs
[2024-08-28T00:51:34.235+0000] {taskinstance.py:1206} INFO - Marking task as SUCCESS. dag_id=trino_query_dag_ironmale, task_id=insert_data_inc, run_id=scheduled__2024-08-27T14:00:00+00:00, execution_date=20240827T140000, start_date=20240828T005027, end_date=20240828T005134
[2024-08-28T00:51:57.528+0000] {local_task_job_runner.py:243} INFO - Task exited with return code 0
[2024-08-28T00:51:57.547+0000] {logging_mixin.py:188} WARNING - /home/airflow/.local/lib/python3.12/site-packages/airflow/models/baseoperator.py:1297 AirflowProviderDeprecationWarning: Call to deprecated class TrinoOperator. (Please use `airflow.providers.common.sql.operators.sql.SQLExecuteQueryOperator`.)
[2024-08-28T00:51:57.568+0000] {taskinstance.py:3503} INFO - 1 downstream tasks scheduled from follow-on schedule check
[2024-08-28T00:51:59.830+0000] {local_task_job_runner.py:222} INFO - ::endgroup::
