[2024-08-27T02:00:01.667+0000] {local_task_job_runner.py:120} INFO - ::group::Pre task execution logs
[2024-08-27T02:00:01.730+0000] {taskinstance.py:2076} INFO - Dependencies all met for dep_context=non-requeueable deps ti=<TaskInstance: trino_query_dag_ivory.insert_data_inc scheduled__2024-08-27T01:00:00+00:00 [queued]>
[2024-08-27T02:00:01.741+0000] {taskinstance.py:2076} INFO - Dependencies all met for dep_context=requeueable deps ti=<TaskInstance: trino_query_dag_ivory.insert_data_inc scheduled__2024-08-27T01:00:00+00:00 [queued]>
[2024-08-27T02:00:01.742+0000] {taskinstance.py:2306} INFO - Starting attempt 1 of 2
[2024-08-27T02:00:01.757+0000] {taskinstance.py:2330} INFO - Executing <Task(TrinoOperator): insert_data_inc> on 2024-08-27 01:00:00+00:00
[2024-08-27T02:00:01.764+0000] {logging_mixin.py:188} WARNING - /home/airflow/.local/lib/python3.12/site-packages/airflow/task/task_runner/standard_task_runner.py:62 DeprecationWarning: This process (pid=19350) is multi-threaded, use of fork() may lead to deadlocks in the child.
[2024-08-27T02:00:01.765+0000] {standard_task_runner.py:64} INFO - Started process 19353 to run task
[2024-08-27T02:00:01.764+0000] {standard_task_runner.py:90} INFO - Running: ['airflow', 'tasks', 'run', 'trino_query_dag_ivory', 'insert_data_inc', 'scheduled__2024-08-27T01:00:00+00:00', '--job-id', '387', '--raw', '--subdir', 'DAGS_FOLDER/ivory.py', '--cfg-path', '/tmp/tmpmteswt9u']
[2024-08-27T02:00:01.766+0000] {standard_task_runner.py:91} INFO - Job 387: Subtask insert_data_inc
[2024-08-27T02:00:01.781+0000] {logging_mixin.py:188} WARNING - /home/airflow/.local/lib/python3.12/site-packages/airflow/settings.py:195 DeprecationWarning: The sql_alchemy_conn option in [core] has been moved to the sql_alchemy_conn option in [database] - the old setting has been used, but please update your config.
[2024-08-27T02:00:01.829+0000] {task_command.py:426} INFO - Running <TaskInstance: trino_query_dag_ivory.insert_data_inc scheduled__2024-08-27T01:00:00+00:00 [running]> on host b476143e3d64
[2024-08-27T02:00:01.919+0000] {taskinstance.py:2648} INFO - Exporting env vars: AIRFLOW_CTX_DAG_OWNER='airflow' AIRFLOW_CTX_DAG_ID='trino_query_dag_ivory' AIRFLOW_CTX_TASK_ID='insert_data_inc' AIRFLOW_CTX_EXECUTION_DATE='2024-08-27T01:00:00+00:00' AIRFLOW_CTX_TRY_NUMBER='1' AIRFLOW_CTX_DAG_RUN_ID='scheduled__2024-08-27T01:00:00+00:00'
[2024-08-27T02:00:01.921+0000] {taskinstance.py:430} INFO - ::endgroup::
[2024-08-27T02:00:01.937+0000] {sql.py:282} INFO - Executing: insert into hive.ivory.customer select *  from sqlserver.dbo.customer
[2024-08-27T02:00:01.953+0000] {base.py:84} INFO - Using connection ID 'my_trino_connection' for task execution.
[2024-08-27T02:00:01.961+0000] {base.py:84} INFO - Using connection ID 'my_trino_connection' for task execution.
[2024-08-27T02:00:01.969+0000] {base.py:84} INFO - Using connection ID 'my_trino_connection' for task execution.
[2024-08-27T02:00:01.973+0000] {sql.py:495} INFO - Running statement: insert into hive.ivory.customer select *  from sqlserver.dbo.customer, parameters: None
[2024-08-27T02:00:02.245+0000] {taskinstance.py:441} INFO - ::group::Post task execution logs
[2024-08-27T02:00:02.246+0000] {taskinstance.py:2905} ERROR - Task failed with exception
Traceback (most recent call last):
  File "/home/airflow/.local/lib/python3.12/site-packages/airflow/models/taskinstance.py", line 465, in _execute_task
    result = _execute_callable(context=context, **execute_callable_kwargs)
             ^^^^^^^^^^^^^^^^^^^^^^^^^^^^^^^^^^^^^^^^^^^^^^^^^^^^^^^^^^^^^
  File "/home/airflow/.local/lib/python3.12/site-packages/airflow/models/taskinstance.py", line 432, in _execute_callable
    return execute_callable(context=context, **execute_callable_kwargs)
           ^^^^^^^^^^^^^^^^^^^^^^^^^^^^^^^^^^^^^^^^^^^^^^^^^^^^^^^^^^^^
  File "/home/airflow/.local/lib/python3.12/site-packages/airflow/models/baseoperator.py", line 401, in wrapper
    return func(self, *args, **kwargs)
           ^^^^^^^^^^^^^^^^^^^^^^^^^^^
  File "/home/airflow/.local/lib/python3.12/site-packages/airflow/providers/common/sql/operators/sql.py", line 288, in execute
    output = hook.run(
             ^^^^^^^^^
  File "/home/airflow/.local/lib/python3.12/site-packages/airflow/providers/common/sql/hooks/sql.py", line 442, in run
    self._run_command(cur, sql_statement, parameters)
  File "/home/airflow/.local/lib/python3.12/site-packages/airflow/providers/common/sql/hooks/sql.py", line 500, in _run_command
    cur.execute(sql_statement)
  File "/home/airflow/.local/lib/python3.12/site-packages/trino/dbapi.py", line 589, in execute
    self._iterator = iter(self._query.execute())
                          ^^^^^^^^^^^^^^^^^^^^^
  File "/home/airflow/.local/lib/python3.12/site-packages/trino/client.py", line 819, in execute
    self._result.rows += self.fetch()
                         ^^^^^^^^^^^^
  File "/home/airflow/.local/lib/python3.12/site-packages/trino/client.py", line 839, in fetch
    status = self._request.process(response)
             ^^^^^^^^^^^^^^^^^^^^^^^^^^^^^^^
  File "/home/airflow/.local/lib/python3.12/site-packages/trino/client.py", line 611, in process
    raise self._process_error(response["error"], response.get("id"))
trino.exceptions.TrinoUserError: TrinoUserError(type=USER_ERROR, name=TYPE_MISMATCH, message="Insert query has mismatched column types: Table: [integer, date, varchar(50), varchar(100), varchar(50), varchar(10), varchar(50), varchar(20), varchar(50)], Query: [double, timestamp(3), varchar(255), varchar(255), varchar(255), double, varchar(255), double, varchar(255)]", query_id=20240826_112002_00130_kfczv)
[2024-08-27T02:00:02.268+0000] {taskinstance.py:1206} INFO - Marking task as UP_FOR_RETRY. dag_id=trino_query_dag_ivory, task_id=insert_data_inc, run_id=scheduled__2024-08-27T01:00:00+00:00, execution_date=20240827T010000, start_date=20240827T020001, end_date=20240827T020002
[2024-08-27T02:00:02.283+0000] {standard_task_runner.py:110} ERROR - Failed to execute job 387 for task insert_data_inc (TrinoUserError(type=USER_ERROR, name=TYPE_MISMATCH, message="Insert query has mismatched column types: Table: [integer, date, varchar(50), varchar(100), varchar(50), varchar(10), varchar(50), varchar(20), varchar(50)], Query: [double, timestamp(3), varchar(255), varchar(255), varchar(255), double, varchar(255), double, varchar(255)]", query_id=20240826_112002_00130_kfczv); 19353)
[2024-08-27T02:00:02.303+0000] {local_task_job_runner.py:243} INFO - Task exited with return code 1
[2024-08-27T02:00:02.314+0000] {logging_mixin.py:188} WARNING - /home/airflow/.local/lib/python3.12/site-packages/airflow/models/baseoperator.py:1297 AirflowProviderDeprecationWarning: Call to deprecated class TrinoOperator. (Please use `airflow.providers.common.sql.operators.sql.SQLExecuteQueryOperator`.)
[2024-08-27T02:00:02.331+0000] {taskinstance.py:3503} INFO - 0 downstream tasks scheduled from follow-on schedule check
[2024-08-27T02:00:02.333+0000] {local_task_job_runner.py:222} INFO - ::endgroup::
[2024-08-27T02:09:50.119+0000] {local_task_job_runner.py:120} INFO - ::group::Pre task execution logs
[2024-08-27T02:09:50.207+0000] {taskinstance.py:2076} INFO - Dependencies all met for dep_context=non-requeueable deps ti=<TaskInstance: trino_query_dag_ivory.insert_data_inc scheduled__2024-08-27T01:00:00+00:00 [queued]>
[2024-08-27T02:09:50.234+0000] {taskinstance.py:2076} INFO - Dependencies all met for dep_context=requeueable deps ti=<TaskInstance: trino_query_dag_ivory.insert_data_inc scheduled__2024-08-27T01:00:00+00:00 [queued]>
[2024-08-27T02:09:50.234+0000] {taskinstance.py:2306} INFO - Starting attempt 1 of 2
[2024-08-27T02:09:50.265+0000] {taskinstance.py:2330} INFO - Executing <Task(TrinoOperator): insert_data_inc> on 2024-08-27 01:00:00+00:00
[2024-08-27T02:09:50.276+0000] {logging_mixin.py:188} WARNING - /home/airflow/.local/lib/python3.12/site-packages/airflow/task/task_runner/standard_task_runner.py:62 DeprecationWarning: This process (pid=19662) is multi-threaded, use of fork() may lead to deadlocks in the child.
[2024-08-27T02:09:50.278+0000] {standard_task_runner.py:64} INFO - Started process 19669 to run task
[2024-08-27T02:09:50.282+0000] {standard_task_runner.py:90} INFO - Running: ['airflow', 'tasks', 'run', 'trino_query_dag_ivory', 'insert_data_inc', 'scheduled__2024-08-27T01:00:00+00:00', '--job-id', '395', '--raw', '--subdir', 'DAGS_FOLDER/ivory.py', '--cfg-path', '/tmp/tmp3jnre561']
[2024-08-27T02:09:50.284+0000] {standard_task_runner.py:91} INFO - Job 395: Subtask insert_data_inc
[2024-08-27T02:09:50.336+0000] {logging_mixin.py:188} WARNING - /home/airflow/.local/lib/python3.12/site-packages/airflow/settings.py:195 DeprecationWarning: The sql_alchemy_conn option in [core] has been moved to the sql_alchemy_conn option in [database] - the old setting has been used, but please update your config.
[2024-08-27T02:09:50.446+0000] {task_command.py:426} INFO - Running <TaskInstance: trino_query_dag_ivory.insert_data_inc scheduled__2024-08-27T01:00:00+00:00 [running]> on host b476143e3d64
[2024-08-27T02:09:50.607+0000] {taskinstance.py:2648} INFO - Exporting env vars: AIRFLOW_CTX_DAG_OWNER='airflow' AIRFLOW_CTX_DAG_ID='trino_query_dag_ivory' AIRFLOW_CTX_TASK_ID='insert_data_inc' AIRFLOW_CTX_EXECUTION_DATE='2024-08-27T01:00:00+00:00' AIRFLOW_CTX_TRY_NUMBER='1' AIRFLOW_CTX_DAG_RUN_ID='scheduled__2024-08-27T01:00:00+00:00'
[2024-08-27T02:09:50.610+0000] {taskinstance.py:430} INFO - ::endgroup::
[2024-08-27T02:09:50.634+0000] {sql.py:282} INFO - Executing: insert into hive.ivory.customer select *  from sqlserver.dbo.customer
[2024-08-27T02:09:50.663+0000] {base.py:84} INFO - Using connection ID 'my_trino_connection' for task execution.
[2024-08-27T02:09:50.691+0000] {base.py:84} INFO - Using connection ID 'my_trino_connection' for task execution.
[2024-08-27T02:09:50.713+0000] {base.py:84} INFO - Using connection ID 'my_trino_connection' for task execution.
[2024-08-27T02:09:50.723+0000] {sql.py:495} INFO - Running statement: insert into hive.ivory.customer select *  from sqlserver.dbo.customer, parameters: None
[2024-08-27T02:09:50.976+0000] {taskinstance.py:441} INFO - ::group::Post task execution logs
[2024-08-27T02:09:50.976+0000] {taskinstance.py:2905} ERROR - Task failed with exception
Traceback (most recent call last):
  File "/home/airflow/.local/lib/python3.12/site-packages/airflow/models/taskinstance.py", line 465, in _execute_task
    result = _execute_callable(context=context, **execute_callable_kwargs)
             ^^^^^^^^^^^^^^^^^^^^^^^^^^^^^^^^^^^^^^^^^^^^^^^^^^^^^^^^^^^^^
  File "/home/airflow/.local/lib/python3.12/site-packages/airflow/models/taskinstance.py", line 432, in _execute_callable
    return execute_callable(context=context, **execute_callable_kwargs)
           ^^^^^^^^^^^^^^^^^^^^^^^^^^^^^^^^^^^^^^^^^^^^^^^^^^^^^^^^^^^^
  File "/home/airflow/.local/lib/python3.12/site-packages/airflow/models/baseoperator.py", line 401, in wrapper
    return func(self, *args, **kwargs)
           ^^^^^^^^^^^^^^^^^^^^^^^^^^^
  File "/home/airflow/.local/lib/python3.12/site-packages/airflow/providers/common/sql/operators/sql.py", line 288, in execute
    output = hook.run(
             ^^^^^^^^^
  File "/home/airflow/.local/lib/python3.12/site-packages/airflow/providers/common/sql/hooks/sql.py", line 442, in run
    self._run_command(cur, sql_statement, parameters)
  File "/home/airflow/.local/lib/python3.12/site-packages/airflow/providers/common/sql/hooks/sql.py", line 500, in _run_command
    cur.execute(sql_statement)
  File "/home/airflow/.local/lib/python3.12/site-packages/trino/dbapi.py", line 589, in execute
    self._iterator = iter(self._query.execute())
                          ^^^^^^^^^^^^^^^^^^^^^
  File "/home/airflow/.local/lib/python3.12/site-packages/trino/client.py", line 819, in execute
    self._result.rows += self.fetch()
                         ^^^^^^^^^^^^
  File "/home/airflow/.local/lib/python3.12/site-packages/trino/client.py", line 839, in fetch
    status = self._request.process(response)
             ^^^^^^^^^^^^^^^^^^^^^^^^^^^^^^^
  File "/home/airflow/.local/lib/python3.12/site-packages/trino/client.py", line 611, in process
    raise self._process_error(response["error"], response.get("id"))
trino.exceptions.TrinoUserError: TrinoUserError(type=USER_ERROR, name=TYPE_MISMATCH, message="Insert query has mismatched column types: Table: [integer, date, varchar(50), varchar(100), varchar(50), varchar(10), varchar(50), varchar(20), varchar(50)], Query: [double, timestamp(3), varchar(255), varchar(255), varchar(255), double, varchar(255), double, varchar(255)]", query_id=20240826_112951_00136_kfczv)
[2024-08-27T02:09:50.987+0000] {taskinstance.py:1206} INFO - Marking task as UP_FOR_RETRY. dag_id=trino_query_dag_ivory, task_id=insert_data_inc, run_id=scheduled__2024-08-27T01:00:00+00:00, execution_date=20240827T010000, start_date=20240827T020950, end_date=20240827T020950
[2024-08-27T02:09:51.002+0000] {standard_task_runner.py:110} ERROR - Failed to execute job 395 for task insert_data_inc (TrinoUserError(type=USER_ERROR, name=TYPE_MISMATCH, message="Insert query has mismatched column types: Table: [integer, date, varchar(50), varchar(100), varchar(50), varchar(10), varchar(50), varchar(20), varchar(50)], Query: [double, timestamp(3), varchar(255), varchar(255), varchar(255), double, varchar(255), double, varchar(255)]", query_id=20240826_112951_00136_kfczv); 19669)
[2024-08-27T02:09:51.022+0000] {local_task_job_runner.py:243} INFO - Task exited with return code 1
[2024-08-27T02:09:51.035+0000] {logging_mixin.py:188} WARNING - /home/airflow/.local/lib/python3.12/site-packages/airflow/models/baseoperator.py:1297 AirflowProviderDeprecationWarning: Call to deprecated class TrinoOperator. (Please use `airflow.providers.common.sql.operators.sql.SQLExecuteQueryOperator`.)
[2024-08-27T02:09:51.053+0000] {taskinstance.py:3503} INFO - 0 downstream tasks scheduled from follow-on schedule check
[2024-08-27T02:09:51.059+0000] {local_task_job_runner.py:222} INFO - ::endgroup::
[2024-08-27T02:24:39.862+0000] {local_task_job_runner.py:120} INFO - ::group::Pre task execution logs
[2024-08-27T02:24:39.921+0000] {taskinstance.py:2076} INFO - Dependencies all met for dep_context=non-requeueable deps ti=<TaskInstance: trino_query_dag_ivory.insert_data_inc scheduled__2024-08-27T01:00:00+00:00 [queued]>
[2024-08-27T02:24:39.934+0000] {taskinstance.py:2076} INFO - Dependencies all met for dep_context=requeueable deps ti=<TaskInstance: trino_query_dag_ivory.insert_data_inc scheduled__2024-08-27T01:00:00+00:00 [queued]>
[2024-08-27T02:24:39.935+0000] {taskinstance.py:2306} INFO - Starting attempt 1 of 2
[2024-08-27T02:24:39.954+0000] {taskinstance.py:2330} INFO - Executing <Task(TrinoOperator): insert_data_inc> on 2024-08-27 01:00:00+00:00
[2024-08-27T02:24:39.961+0000] {logging_mixin.py:188} WARNING - /home/airflow/.local/lib/python3.12/site-packages/airflow/task/task_runner/standard_task_runner.py:62 DeprecationWarning: This process (pid=20122) is multi-threaded, use of fork() may lead to deadlocks in the child.
[2024-08-27T02:24:39.962+0000] {standard_task_runner.py:64} INFO - Started process 20126 to run task
[2024-08-27T02:24:39.972+0000] {standard_task_runner.py:90} INFO - Running: ['airflow', 'tasks', 'run', 'trino_query_dag_ivory', 'insert_data_inc', 'scheduled__2024-08-27T01:00:00+00:00', '--job-id', '408', '--raw', '--subdir', 'DAGS_FOLDER/ivory.py', '--cfg-path', '/tmp/tmpms7q_7ud']
[2024-08-27T02:24:39.975+0000] {standard_task_runner.py:91} INFO - Job 408: Subtask insert_data_inc
[2024-08-27T02:24:40.006+0000] {logging_mixin.py:188} WARNING - /home/airflow/.local/lib/python3.12/site-packages/airflow/settings.py:195 DeprecationWarning: The sql_alchemy_conn option in [core] has been moved to the sql_alchemy_conn option in [database] - the old setting has been used, but please update your config.
[2024-08-27T02:24:40.134+0000] {task_command.py:426} INFO - Running <TaskInstance: trino_query_dag_ivory.insert_data_inc scheduled__2024-08-27T01:00:00+00:00 [running]> on host b476143e3d64
[2024-08-27T02:24:40.373+0000] {taskinstance.py:2648} INFO - Exporting env vars: AIRFLOW_CTX_DAG_OWNER='airflow' AIRFLOW_CTX_DAG_ID='trino_query_dag_ivory' AIRFLOW_CTX_TASK_ID='insert_data_inc' AIRFLOW_CTX_EXECUTION_DATE='2024-08-27T01:00:00+00:00' AIRFLOW_CTX_TRY_NUMBER='1' AIRFLOW_CTX_DAG_RUN_ID='scheduled__2024-08-27T01:00:00+00:00'
[2024-08-27T02:24:40.390+0000] {taskinstance.py:430} INFO - ::endgroup::
[2024-08-27T02:24:40.409+0000] {sql.py:282} INFO - Executing: insert into hive.ivory.customer select *  from sqlserver.dbo.customer
[2024-08-27T02:24:40.439+0000] {base.py:84} INFO - Using connection ID 'my_trino_connection' for task execution.
[2024-08-27T02:24:40.449+0000] {base.py:84} INFO - Using connection ID 'my_trino_connection' for task execution.
[2024-08-27T02:24:40.464+0000] {base.py:84} INFO - Using connection ID 'my_trino_connection' for task execution.
[2024-08-27T02:24:40.469+0000] {sql.py:495} INFO - Running statement: insert into hive.ivory.customer select *  from sqlserver.dbo.customer, parameters: None
[2024-08-27T02:24:41.386+0000] {sql.py:504} INFO - Rows affected: 11
[2024-08-27T02:24:41.608+0000] {taskinstance.py:441} INFO - ::group::Post task execution logs
[2024-08-27T02:24:41.671+0000] {taskinstance.py:1206} INFO - Marking task as SUCCESS. dag_id=trino_query_dag_ivory, task_id=insert_data_inc, run_id=scheduled__2024-08-27T01:00:00+00:00, execution_date=20240827T010000, start_date=20240827T022439, end_date=20240827T022441
[2024-08-27T02:24:41.705+0000] {local_task_job_runner.py:243} INFO - Task exited with return code 0
[2024-08-27T02:24:41.719+0000] {logging_mixin.py:188} WARNING - /home/airflow/.local/lib/python3.12/site-packages/airflow/models/baseoperator.py:1297 AirflowProviderDeprecationWarning: Call to deprecated class TrinoOperator. (Please use `airflow.providers.common.sql.operators.sql.SQLExecuteQueryOperator`.)
[2024-08-27T02:24:41.745+0000] {taskinstance.py:3503} INFO - 1 downstream tasks scheduled from follow-on schedule check
[2024-08-27T02:24:41.761+0000] {local_task_job_runner.py:222} INFO - ::endgroup::
