[2024-08-17T16:09:43.945+0000] {local_task_job_runner.py:120} INFO - ::group::Pre task execution logs
[2024-08-17T16:09:43.987+0000] {taskinstance.py:2076} INFO - Dependencies all met for dep_context=non-requeueable deps ti=<TaskInstance: trino_query_dag.print_start manual__2024-08-17T16:09:42.899943+00:00 [queued]>
[2024-08-17T16:09:43.998+0000] {taskinstance.py:2076} INFO - Dependencies all met for dep_context=requeueable deps ti=<TaskInstance: trino_query_dag.print_start manual__2024-08-17T16:09:42.899943+00:00 [queued]>
[2024-08-17T16:09:43.999+0000] {taskinstance.py:2306} INFO - Starting attempt 1 of 2
[2024-08-17T16:09:44.015+0000] {taskinstance.py:2330} INFO - Executing <Task(PythonOperator): print_start> on 2024-08-17 16:09:42.899943+00:00
[2024-08-17T16:09:44.024+0000] {logging_mixin.py:188} WARNING - /home/airflow/.local/lib/python3.12/site-packages/airflow/task/task_runner/standard_task_runner.py:62 DeprecationWarning: This process (pid=213) is multi-threaded, use of fork() may lead to deadlocks in the child.
[2024-08-17T16:09:44.025+0000] {standard_task_runner.py:64} INFO - Started process 214 to run task
[2024-08-17T16:09:44.024+0000] {standard_task_runner.py:90} INFO - Running: ['airflow', 'tasks', 'run', 'trino_query_dag', 'print_start', 'manual__2024-08-17T16:09:42.899943+00:00', '--job-id', '15', '--raw', '--subdir', 'DAGS_FOLDER/test.py', '--cfg-path', '/tmp/tmpioy51f71']
[2024-08-17T16:09:44.026+0000] {standard_task_runner.py:91} INFO - Job 15: Subtask print_start
[2024-08-17T16:09:44.046+0000] {logging_mixin.py:188} WARNING - /home/airflow/.local/lib/python3.12/site-packages/airflow/settings.py:195 DeprecationWarning: The sql_alchemy_conn option in [core] has been moved to the sql_alchemy_conn option in [database] - the old setting has been used, but please update your config.
[2024-08-17T16:09:44.091+0000] {task_command.py:426} INFO - Running <TaskInstance: trino_query_dag.print_start manual__2024-08-17T16:09:42.899943+00:00 [running]> on host 1377ae4f1b48
[2024-08-17T16:09:44.286+0000] {taskinstance.py:2648} INFO - Exporting env vars: AIRFLOW_CTX_DAG_OWNER='airflow' AIRFLOW_CTX_DAG_ID='trino_query_dag' AIRFLOW_CTX_TASK_ID='print_start' AIRFLOW_CTX_EXECUTION_DATE='2024-08-17T16:09:42.899943+00:00' AIRFLOW_CTX_TRY_NUMBER='1' AIRFLOW_CTX_DAG_RUN_ID='manual__2024-08-17T16:09:42.899943+00:00'
[2024-08-17T16:09:44.289+0000] {taskinstance.py:430} INFO - ::endgroup::
[2024-08-17T16:09:44.332+0000] {logging_mixin.py:188} INFO - Start of DAG execution
[2024-08-17T16:09:44.333+0000] {python.py:237} INFO - Done. Returned value was: None
[2024-08-17T16:09:44.334+0000] {taskinstance.py:441} INFO - ::group::Post task execution logs
[2024-08-17T16:09:44.347+0000] {taskinstance.py:1206} INFO - Marking task as SUCCESS. dag_id=trino_query_dag, task_id=print_start, run_id=manual__2024-08-17T16:09:42.899943+00:00, execution_date=20240817T160942, start_date=20240817T160943, end_date=20240817T160944
[2024-08-17T16:09:44.602+0000] {local_task_job_runner.py:243} INFO - Task exited with return code 0
[2024-08-17T16:09:44.623+0000] {logging_mixin.py:188} WARNING - /home/airflow/.local/lib/python3.12/site-packages/airflow/models/baseoperator.py:1297 AirflowProviderDeprecationWarning: Call to deprecated class TrinoOperator. (Please use `airflow.providers.common.sql.operators.sql.SQLExecuteQueryOperator`.)
[2024-08-17T16:09:44.680+0000] {taskinstance.py:3503} INFO - 1 downstream tasks scheduled from follow-on schedule check
[2024-08-17T16:09:45.076+0000] {local_task_job_runner.py:222} INFO - ::endgroup::
