[2024-09-11T00:39:43.420+0000] {local_task_job_runner.py:120} INFO - ::group::Pre task execution logs
[2024-09-11T00:39:43.537+0000] {taskinstance.py:2076} INFO - Dependencies all met for dep_context=non-requeueable deps ti=<TaskInstance: trino_query_dag_irenen.insert_data_inc scheduled__2024-09-10T00:00:00+00:00 [queued]>
[2024-09-11T00:39:43.566+0000] {taskinstance.py:2076} INFO - Dependencies all met for dep_context=requeueable deps ti=<TaskInstance: trino_query_dag_irenen.insert_data_inc scheduled__2024-09-10T00:00:00+00:00 [queued]>
[2024-09-11T00:39:43.591+0000] {taskinstance.py:2306} INFO - Starting attempt 1 of 2
[2024-09-11T00:39:44.866+0000] {taskinstance.py:2330} INFO - Executing <Task(TrinoOperator): insert_data_inc> on 2024-09-10 00:00:00+00:00
[2024-09-11T00:39:45.200+0000] {logging_mixin.py:188} WARNING - /home/airflow/.local/lib/python3.12/site-packages/airflow/task/task_runner/standard_task_runner.py:62 DeprecationWarning: This process (pid=57919) is multi-threaded, use of fork() may lead to deadlocks in the child.
[2024-09-11T00:39:45.260+0000] {standard_task_runner.py:64} INFO - Started process 57948 to run task
[2024-09-11T00:39:45.410+0000] {standard_task_runner.py:90} INFO - Running: ['airflow', 'tasks', 'run', 'trino_query_dag_irenen', 'insert_data_inc', 'scheduled__2024-09-10T00:00:00+00:00', '--job-id', '113', '--raw', '--subdir', 'DAGS_FOLDER/irenen.py', '--cfg-path', '/tmp/tmp99v3o714']
[2024-09-11T00:39:45.439+0000] {standard_task_runner.py:91} INFO - Job 113: Subtask insert_data_inc
[2024-09-11T00:39:46.471+0000] {logging_mixin.py:188} WARNING - /home/airflow/.local/lib/python3.12/site-packages/airflow/settings.py:195 DeprecationWarning: The sql_alchemy_conn option in [core] has been moved to the sql_alchemy_conn option in [database] - the old setting has been used, but please update your config.
[2024-09-11T00:39:46.696+0000] {task_command.py:426} INFO - Running <TaskInstance: trino_query_dag_irenen.insert_data_inc scheduled__2024-09-10T00:00:00+00:00 [running]> on host 92783cd12528
[2024-09-11T00:39:46.709+0000] {logging_mixin.py:188} WARNING - /home/airflow/.local/lib/python3.12/site-packages/airflow/settings.py:356 DeprecationWarning: The sql_engine_encoding option in [core] has been moved to the sql_engine_encoding option in [database] - the old setting has been used, but please update your config.
[2024-09-11T00:39:47.206+0000] {logging_mixin.py:188} WARNING - /home/airflow/.local/lib/python3.12/site-packages/airflow/utils/log/secrets_masker.py:84 DeprecationWarning: The sensitive_variable_fields option in [admin] has been moved to the sensitive_var_conn_names option in [core] - the old setting has been used, but please update your config.
[2024-09-11T00:39:47.465+0000] {taskinstance.py:2648} INFO - Exporting env vars: AIRFLOW_CTX_DAG_OWNER='airflow' AIRFLOW_CTX_DAG_ID='trino_query_dag_irenen' AIRFLOW_CTX_TASK_ID='insert_data_inc' AIRFLOW_CTX_EXECUTION_DATE='2024-09-10T00:00:00+00:00' AIRFLOW_CTX_TRY_NUMBER='1' AIRFLOW_CTX_DAG_RUN_ID='scheduled__2024-09-10T00:00:00+00:00'
[2024-09-11T00:39:47.479+0000] {taskinstance.py:430} INFO - ::endgroup::
[2024-09-11T00:39:47.521+0000] {sql.py:282} INFO - Executing: insert into hive.irenen.sou         WITH sou_cte AS (         SELECT * FROM sqlserver.dbo.Sou         where hour =22        ) SELECT * FROM sou_cte
[2024-09-11T00:39:47.583+0000] {base.py:84} INFO - Using connection ID 'my_trino_connection' for task execution.
[2024-09-11T00:39:47.663+0000] {base.py:84} INFO - Using connection ID 'my_trino_connection' for task execution.
[2024-09-11T00:39:47.710+0000] {base.py:84} INFO - Using connection ID 'my_trino_connection' for task execution.
[2024-09-11T00:39:47.749+0000] {sql.py:495} INFO - Running statement: insert into hive.irenen.sou         WITH sou_cte AS (         SELECT * FROM sqlserver.dbo.Sou         where hour =22        ) SELECT * FROM sou_cte, parameters: None
[2024-09-11T00:40:14.388+0000] {sql.py:504} INFO - Rows affected: 1048567
[2024-09-11T00:40:15.264+0000] {taskinstance.py:441} INFO - ::group::Post task execution logs
[2024-09-11T00:40:15.806+0000] {taskinstance.py:1206} INFO - Marking task as SUCCESS. dag_id=trino_query_dag_irenen, task_id=insert_data_inc, run_id=scheduled__2024-09-10T00:00:00+00:00, execution_date=20240910T000000, start_date=20240911T003943, end_date=20240911T004015
[2024-09-11T00:40:15.968+0000] {local_task_job_runner.py:243} INFO - Task exited with return code 0
[2024-09-11T00:40:15.996+0000] {logging_mixin.py:188} WARNING - /home/airflow/.local/lib/python3.12/site-packages/airflow/models/baseoperator.py:1297 AirflowProviderDeprecationWarning: Call to deprecated class TrinoOperator. (Please use `airflow.providers.common.sql.operators.sql.SQLExecuteQueryOperator`.)
[2024-09-11T00:40:16.022+0000] {taskinstance.py:3503} INFO - 1 downstream tasks scheduled from follow-on schedule check
[2024-09-11T00:40:16.463+0000] {local_task_job_runner.py:222} INFO - ::endgroup::
