[2024-09-16T01:55:55.081+0000] {local_task_job_runner.py:120} INFO - ::group::Pre task execution logs
[2024-09-16T01:55:55.307+0000] {taskinstance.py:2076} INFO - Dependencies all met for dep_context=non-requeueable deps ti=<TaskInstance: query_dag_irene.insert_data_inc manual__2024-09-16T01:55:47.177458+00:00 [queued]>
[2024-09-16T01:55:55.349+0000] {taskinstance.py:2076} INFO - Dependencies all met for dep_context=requeueable deps ti=<TaskInstance: query_dag_irene.insert_data_inc manual__2024-09-16T01:55:47.177458+00:00 [queued]>
[2024-09-16T01:55:55.517+0000] {taskinstance.py:2306} INFO - Starting attempt 1 of 2
[2024-09-16T01:55:55.831+0000] {taskinstance.py:2330} INFO - Executing <Task(TrinoOperator): insert_data_inc> on 2024-09-16 01:55:47.177458+00:00
[2024-09-16T01:55:55.853+0000] {logging_mixin.py:188} WARNING - /home/airflow/.local/lib/python3.12/site-packages/airflow/task/task_runner/standard_task_runner.py:62 DeprecationWarning: This process (pid=10599) is multi-threaded, use of fork() may lead to deadlocks in the child.
[2024-09-16T01:55:55.924+0000] {standard_task_runner.py:64} INFO - Started process 10626 to run task
[2024-09-16T01:55:55.926+0000] {standard_task_runner.py:90} INFO - Running: ['airflow', 'tasks', 'run', 'query_dag_irene', 'insert_data_inc', 'manual__2024-09-16T01:55:47.177458+00:00', '--job-id', '223', '--raw', '--subdir', 'DAGS_FOLDER/irene.py', '--cfg-path', '/tmp/tmpf9z5gh2l']
[2024-09-16T01:55:55.939+0000] {standard_task_runner.py:91} INFO - Job 223: Subtask insert_data_inc
[2024-09-16T01:55:55.984+0000] {logging_mixin.py:188} WARNING - /home/airflow/.local/lib/python3.12/site-packages/airflow/settings.py:195 DeprecationWarning: The sql_alchemy_conn option in [core] has been moved to the sql_alchemy_conn option in [database] - the old setting has been used, but please update your config.
[2024-09-16T01:55:56.151+0000] {task_command.py:426} INFO - Running <TaskInstance: query_dag_irene.insert_data_inc manual__2024-09-16T01:55:47.177458+00:00 [running]> on host 92783cd12528
[2024-09-16T01:55:56.354+0000] {logging_mixin.py:188} WARNING - /home/airflow/.local/lib/python3.12/site-packages/airflow/utils/log/secrets_masker.py:84 DeprecationWarning: The sensitive_variable_fields option in [admin] has been moved to the sensitive_var_conn_names option in [core] - the old setting has been used, but please update your config.
[2024-09-16T01:55:57.089+0000] {taskinstance.py:2648} INFO - Exporting env vars: AIRFLOW_CTX_DAG_OWNER='airflow' AIRFLOW_CTX_DAG_ID='query_dag_irene' AIRFLOW_CTX_TASK_ID='insert_data_inc' AIRFLOW_CTX_EXECUTION_DATE='2024-09-16T01:55:47.177458+00:00' AIRFLOW_CTX_TRY_NUMBER='1' AIRFLOW_CTX_DAG_RUN_ID='manual__2024-09-16T01:55:47.177458+00:00'
[2024-09-16T01:55:57.144+0000] {taskinstance.py:430} INFO - ::endgroup::
[2024-09-16T01:55:57.324+0000] {sql.py:282} INFO - Executing: insert into hive.irene.sou select * from sqlserver.dbo.sou
[2024-09-16T01:55:57.507+0000] {base.py:84} INFO - Using connection ID 'my_trino_connection' for task execution.
[2024-09-16T01:55:57.598+0000] {base.py:84} INFO - Using connection ID 'my_trino_connection' for task execution.
[2024-09-16T01:55:57.694+0000] {base.py:84} INFO - Using connection ID 'my_trino_connection' for task execution.
[2024-09-16T01:55:57.750+0000] {sql.py:495} INFO - Running statement: insert into hive.irene.sou select * from sqlserver.dbo.sou, parameters: None
[2024-09-16T01:56:59.360+0000] {sql.py:504} INFO - Rows affected: 1048571
[2024-09-16T01:56:59.950+0000] {taskinstance.py:441} INFO - ::group::Post task execution logs
[2024-09-16T01:57:00.169+0000] {taskinstance.py:1206} INFO - Marking task as SUCCESS. dag_id=query_dag_irene, task_id=insert_data_inc, run_id=manual__2024-09-16T01:55:47.177458+00:00, execution_date=20240916T015547, start_date=20240916T015555, end_date=20240916T015700
[2024-09-16T01:57:00.346+0000] {local_task_job_runner.py:243} INFO - Task exited with return code 0
[2024-09-16T01:57:00.412+0000] {local_task_job_runner.py:222} INFO - ::endgroup::
