[2024-10-27T12:43:59.134+0000] {local_task_job_runner.py:120} INFO - ::group::Pre task execution logs
[2024-10-27T12:43:59.294+0000] {taskinstance.py:2076} INFO - Dependencies all met for dep_context=non-requeueable deps ti=<TaskInstance: query_dag_ivy.print_end scheduled__2024-10-25T00:00:00+00:00 [queued]>
[2024-10-27T12:43:59.341+0000] {taskinstance.py:2076} INFO - Dependencies all met for dep_context=requeueable deps ti=<TaskInstance: query_dag_ivy.print_end scheduled__2024-10-25T00:00:00+00:00 [queued]>
[2024-10-27T12:44:00.460+0000] {taskinstance.py:2306} INFO - Starting attempt 1 of 2
[2024-10-27T12:44:01.425+0000] {taskinstance.py:2330} INFO - Executing <Task(PythonOperator): print_end> on 2024-10-25 00:00:00+00:00
[2024-10-27T12:44:01.459+0000] {logging_mixin.py:188} WARNING - /home/airflow/.local/lib/python3.12/site-packages/airflow/task/task_runner/standard_task_runner.py:62 DeprecationWarning: This process (pid=2001) is multi-threaded, use of fork() may lead to deadlocks in the child.
[2024-10-27T12:44:01.461+0000] {standard_task_runner.py:64} INFO - Started process 2041 to run task
[2024-10-27T12:44:01.542+0000] {standard_task_runner.py:90} INFO - Running: ['airflow', 'tasks', 'run', 'query_dag_ivy', 'print_end', 'scheduled__2024-10-25T00:00:00+00:00', '--job-id', '1974', '--raw', '--subdir', 'DAGS_FOLDER/ivy.py', '--cfg-path', '/tmp/tmpu7vhwp55']
[2024-10-27T12:44:01.566+0000] {standard_task_runner.py:91} INFO - Job 1974: Subtask print_end
[2024-10-27T12:44:02.421+0000] {logging_mixin.py:188} WARNING - /home/airflow/.local/lib/python3.12/site-packages/airflow/settings.py:195 DeprecationWarning: The sql_alchemy_conn option in [core] has been moved to the sql_alchemy_conn option in [database] - the old setting has been used, but please update your config.
[2024-10-27T12:44:02.713+0000] {task_command.py:426} INFO - Running <TaskInstance: query_dag_ivy.print_end scheduled__2024-10-25T00:00:00+00:00 [running]> on host 92783cd12528
[2024-10-27T12:44:02.723+0000] {logging_mixin.py:188} WARNING - /home/airflow/.local/lib/python3.12/site-packages/airflow/settings.py:356 DeprecationWarning: The sql_engine_encoding option in [core] has been moved to the sql_engine_encoding option in [database] - the old setting has been used, but please update your config.
[2024-10-27T12:44:04.762+0000] {logging_mixin.py:188} WARNING - /home/airflow/.local/lib/python3.12/site-packages/airflow/utils/log/secrets_masker.py:84 DeprecationWarning: The sensitive_variable_fields option in [admin] has been moved to the sensitive_var_conn_names option in [core] - the old setting has been used, but please update your config.
[2024-10-27T12:44:06.085+0000] {taskinstance.py:2648} INFO - Exporting env vars: AIRFLOW_CTX_DAG_OWNER='airflow' AIRFLOW_CTX_DAG_ID='query_dag_ivy' AIRFLOW_CTX_TASK_ID='print_end' AIRFLOW_CTX_EXECUTION_DATE='2024-10-25T00:00:00+00:00' AIRFLOW_CTX_TRY_NUMBER='1' AIRFLOW_CTX_DAG_RUN_ID='scheduled__2024-10-25T00:00:00+00:00'
[2024-10-27T12:44:06.088+0000] {taskinstance.py:430} INFO - ::endgroup::
[2024-10-27T12:44:06.124+0000] {logging_mixin.py:188} INFO - End of DAG execution
[2024-10-27T12:44:06.131+0000] {python.py:237} INFO - Done. Returned value was: None
[2024-10-27T12:44:06.135+0000] {taskinstance.py:441} INFO - ::group::Post task execution logs
[2024-10-27T12:44:06.145+0000] {taskinstance.py:1206} INFO - Marking task as SUCCESS. dag_id=query_dag_ivy, task_id=print_end, run_id=scheduled__2024-10-25T00:00:00+00:00, execution_date=20241025T000000, start_date=20241027T124359, end_date=20241027T124406
[2024-10-27T12:44:07.189+0000] {local_task_job_runner.py:243} INFO - Task exited with return code 0
[2024-10-27T12:44:07.332+0000] {taskinstance.py:3503} INFO - 0 downstream tasks scheduled from follow-on schedule check
[2024-10-27T12:44:07.447+0000] {local_task_job_runner.py:222} INFO - ::endgroup::
