[2024-09-23T01:08:46.986+0000] {local_task_job_runner.py:120} INFO - ::group::Pre task execution logs
[2024-09-23T01:08:47.047+0000] {taskinstance.py:2076} INFO - Dependencies all met for dep_context=non-requeueable deps ti=<TaskInstance: query_dag_ivy.insert_data_inc scheduled__2024-09-22T00:00:00+00:00 [queued]>
[2024-09-23T01:08:47.063+0000] {taskinstance.py:2076} INFO - Dependencies all met for dep_context=requeueable deps ti=<TaskInstance: query_dag_ivy.insert_data_inc scheduled__2024-09-22T00:00:00+00:00 [queued]>
[2024-09-23T01:08:47.119+0000] {taskinstance.py:2306} INFO - Starting attempt 2 of 2
[2024-09-23T01:08:47.657+0000] {taskinstance.py:2330} INFO - Executing <Task(TrinoOperator): insert_data_inc> on 2024-09-22 00:00:00+00:00
[2024-09-23T01:08:47.703+0000] {standard_task_runner.py:90} INFO - Running: ['airflow', 'tasks', 'run', 'query_dag_ivy', 'insert_data_inc', 'scheduled__2024-09-22T00:00:00+00:00', '--job-id', '394', '--raw', '--subdir', 'DAGS_FOLDER/ivy.py', '--cfg-path', '/tmp/tmp49e6xob5']
[2024-09-23T01:08:47.707+0000] {standard_task_runner.py:91} INFO - Job 394: Subtask insert_data_inc
[2024-09-23T01:08:47.717+0000] {logging_mixin.py:188} WARNING - /home/airflow/.local/lib/python3.12/site-packages/airflow/task/task_runner/standard_task_runner.py:62 DeprecationWarning: This process (pid=12882) is multi-threaded, use of fork() may lead to deadlocks in the child.
[2024-09-23T01:08:47.724+0000] {standard_task_runner.py:64} INFO - Started process 12915 to run task
[2024-09-23T01:08:47.972+0000] {logging_mixin.py:188} WARNING - /home/airflow/.local/lib/python3.12/site-packages/airflow/settings.py:195 DeprecationWarning: The sql_alchemy_conn option in [core] has been moved to the sql_alchemy_conn option in [database] - the old setting has been used, but please update your config.
[2024-09-23T01:08:48.086+0000] {task_command.py:426} INFO - Running <TaskInstance: query_dag_ivy.insert_data_inc scheduled__2024-09-22T00:00:00+00:00 [running]> on host 92783cd12528
[2024-09-23T01:08:48.090+0000] {logging_mixin.py:188} WARNING - /home/airflow/.local/lib/python3.12/site-packages/airflow/settings.py:356 DeprecationWarning: The sql_engine_encoding option in [core] has been moved to the sql_engine_encoding option in [database] - the old setting has been used, but please update your config.
[2024-09-23T01:08:49.101+0000] {logging_mixin.py:188} WARNING - /home/airflow/.local/lib/python3.12/site-packages/airflow/utils/log/secrets_masker.py:84 DeprecationWarning: The sensitive_variable_fields option in [admin] has been moved to the sensitive_var_conn_names option in [core] - the old setting has been used, but please update your config.
[2024-09-23T01:08:49.260+0000] {taskinstance.py:2648} INFO - Exporting env vars: AIRFLOW_CTX_DAG_OWNER='airflow' AIRFLOW_CTX_DAG_ID='query_dag_ivy' AIRFLOW_CTX_TASK_ID='insert_data_inc' AIRFLOW_CTX_EXECUTION_DATE='2024-09-22T00:00:00+00:00' AIRFLOW_CTX_TRY_NUMBER='2' AIRFLOW_CTX_DAG_RUN_ID='scheduled__2024-09-22T00:00:00+00:00'
[2024-09-23T01:08:49.261+0000] {taskinstance.py:430} INFO - ::endgroup::
[2024-09-23T01:08:49.316+0000] {sql.py:282} INFO - Executing: insert into hive.ivy.customer select *  from sqlserver.dbo.customer WHERE date = CAST('2023-11-25' AS DATE)
[2024-09-23T01:08:49.359+0000] {base.py:84} INFO - Using connection ID 'my_trino_connection' for task execution.
[2024-09-23T01:08:49.418+0000] {base.py:84} INFO - Using connection ID 'my_trino_connection' for task execution.
[2024-09-23T01:08:49.443+0000] {base.py:84} INFO - Using connection ID 'my_trino_connection' for task execution.
[2024-09-23T01:08:49.452+0000] {sql.py:495} INFO - Running statement: insert into hive.ivy.customer select *  from sqlserver.dbo.customer WHERE date = CAST('2023-11-25' AS DATE), parameters: None
[2024-09-23T01:09:01.683+0000] {sql.py:504} INFO - Rows affected: 4
[2024-09-23T01:09:02.908+0000] {taskinstance.py:441} INFO - ::group::Post task execution logs
[2024-09-23T01:09:03.013+0000] {taskinstance.py:1206} INFO - Marking task as SUCCESS. dag_id=query_dag_ivy, task_id=insert_data_inc, run_id=scheduled__2024-09-22T00:00:00+00:00, execution_date=20240922T000000, start_date=20240923T010847, end_date=20240923T010903
[2024-09-23T01:09:03.141+0000] {local_task_job_runner.py:243} INFO - Task exited with return code 0
[2024-09-23T01:09:03.163+0000] {local_task_job_runner.py:222} INFO - ::endgroup::
