[2024-08-29T02:00:07.585+0000] {local_task_job_runner.py:120} INFO - ::group::Pre task execution logs
[2024-08-29T02:00:07.694+0000] {taskinstance.py:2076} INFO - Dependencies all met for dep_context=non-requeueable deps ti=<TaskInstance: trino_query_dag_ironmale.print_end scheduled__2024-08-29T01:00:00+00:00 [queued]>
[2024-08-29T02:00:07.723+0000] {taskinstance.py:2076} INFO - Dependencies all met for dep_context=requeueable deps ti=<TaskInstance: trino_query_dag_ironmale.print_end scheduled__2024-08-29T01:00:00+00:00 [queued]>
[2024-08-29T02:00:07.725+0000] {taskinstance.py:2306} INFO - Starting attempt 1 of 2
[2024-08-29T02:00:07.770+0000] {taskinstance.py:2330} INFO - Executing <Task(PythonOperator): print_end> on 2024-08-29 01:00:00+00:00
[2024-08-29T02:00:07.779+0000] {standard_task_runner.py:90} INFO - Running: ['airflow', 'tasks', 'run', 'trino_query_dag_ironmale', 'print_end', 'scheduled__2024-08-29T01:00:00+00:00', '--job-id', '780', '--raw', '--subdir', 'DAGS_FOLDER/ironmale.py', '--cfg-path', '/tmp/tmpc_3fmjha']
[2024-08-29T02:00:07.782+0000] {standard_task_runner.py:91} INFO - Job 780: Subtask print_end
[2024-08-29T02:00:07.790+0000] {logging_mixin.py:188} WARNING - /home/airflow/.local/lib/python3.12/site-packages/airflow/task/task_runner/standard_task_runner.py:62 DeprecationWarning: This process (pid=68161) is multi-threaded, use of fork() may lead to deadlocks in the child.
[2024-08-29T02:00:07.791+0000] {standard_task_runner.py:64} INFO - Started process 68163 to run task
[2024-08-29T02:00:07.806+0000] {logging_mixin.py:188} WARNING - /home/airflow/.local/lib/python3.12/site-packages/airflow/settings.py:195 DeprecationWarning: The sql_alchemy_conn option in [core] has been moved to the sql_alchemy_conn option in [database] - the old setting has been used, but please update your config.
[2024-08-29T02:00:07.844+0000] {task_command.py:426} INFO - Running <TaskInstance: trino_query_dag_ironmale.print_end scheduled__2024-08-29T01:00:00+00:00 [running]> on host b476143e3d64
[2024-08-29T02:00:08.047+0000] {taskinstance.py:2648} INFO - Exporting env vars: AIRFLOW_CTX_DAG_OWNER='airflow' AIRFLOW_CTX_DAG_ID='trino_query_dag_ironmale' AIRFLOW_CTX_TASK_ID='print_end' AIRFLOW_CTX_EXECUTION_DATE='2024-08-29T01:00:00+00:00' AIRFLOW_CTX_TRY_NUMBER='1' AIRFLOW_CTX_DAG_RUN_ID='scheduled__2024-08-29T01:00:00+00:00'
[2024-08-29T02:00:08.048+0000] {taskinstance.py:430} INFO - ::endgroup::
[2024-08-29T02:00:08.064+0000] {logging_mixin.py:188} INFO - End of DAG execution
[2024-08-29T02:00:08.065+0000] {python.py:237} INFO - Done. Returned value was: None
[2024-08-29T02:00:08.066+0000] {taskinstance.py:441} INFO - ::group::Post task execution logs
[2024-08-29T02:00:08.079+0000] {taskinstance.py:1206} INFO - Marking task as SUCCESS. dag_id=trino_query_dag_ironmale, task_id=print_end, run_id=scheduled__2024-08-29T01:00:00+00:00, execution_date=20240829T010000, start_date=20240829T020007, end_date=20240829T020008
[2024-08-29T02:00:08.103+0000] {local_task_job_runner.py:243} INFO - Task exited with return code 0
[2024-08-29T02:00:08.132+0000] {taskinstance.py:3503} INFO - 0 downstream tasks scheduled from follow-on schedule check
[2024-08-29T02:00:08.142+0000] {local_task_job_runner.py:222} INFO - ::endgroup::
