[2024-09-10T01:06:44.872+0000] {local_task_job_runner.py:120} INFO - ::group::Pre task execution logs
[2024-09-10T01:06:44.949+0000] {taskinstance.py:2076} INFO - Dependencies all met for dep_context=non-requeueable deps ti=<TaskInstance: trino_query_dag_irene.print_start scheduled__2024-09-09T00:00:00+00:00 [queued]>
[2024-09-10T01:06:44.962+0000] {taskinstance.py:2076} INFO - Dependencies all met for dep_context=requeueable deps ti=<TaskInstance: trino_query_dag_irene.print_start scheduled__2024-09-09T00:00:00+00:00 [queued]>
[2024-09-10T01:06:47.855+0000] {taskinstance.py:2306} INFO - Starting attempt 1 of 2
[2024-09-10T01:06:52.215+0000] {taskinstance.py:2330} INFO - Executing <Task(PythonOperator): print_start> on 2024-09-09 00:00:00+00:00
[2024-09-10T01:06:52.240+0000] {logging_mixin.py:188} WARNING - /home/airflow/.local/lib/python3.12/site-packages/airflow/task/task_runner/standard_task_runner.py:62 DeprecationWarning: This process (pid=13322) is multi-threaded, use of fork() may lead to deadlocks in the child.
[2024-09-10T01:06:52.240+0000] {standard_task_runner.py:90} INFO - Running: ['airflow', 'tasks', 'run', 'trino_query_dag_irene', 'print_start', 'scheduled__2024-09-09T00:00:00+00:00', '--job-id', '90', '--raw', '--subdir', 'DAGS_FOLDER/irene.py', '--cfg-path', '/tmp/tmpbck5m5l8']
[2024-09-10T01:06:52.251+0000] {standard_task_runner.py:91} INFO - Job 90: Subtask print_start
[2024-09-10T01:06:52.246+0000] {standard_task_runner.py:64} INFO - Started process 13354 to run task
[2024-09-10T01:06:55.939+0000] {logging_mixin.py:188} WARNING - /home/airflow/.local/lib/python3.12/site-packages/airflow/settings.py:195 DeprecationWarning: The sql_alchemy_conn option in [core] has been moved to the sql_alchemy_conn option in [database] - the old setting has been used, but please update your config.
[2024-09-10T01:06:56.009+0000] {task_command.py:426} INFO - Running <TaskInstance: trino_query_dag_irene.print_start scheduled__2024-09-09T00:00:00+00:00 [running]> on host 92783cd12528
[2024-09-10T01:06:56.013+0000] {logging_mixin.py:188} WARNING - /home/airflow/.local/lib/python3.12/site-packages/airflow/settings.py:356 DeprecationWarning: The sql_engine_encoding option in [core] has been moved to the sql_engine_encoding option in [database] - the old setting has been used, but please update your config.
[2024-09-10T01:06:57.762+0000] {logging_mixin.py:188} WARNING - /home/airflow/.local/lib/python3.12/site-packages/airflow/utils/log/secrets_masker.py:84 DeprecationWarning: The sensitive_variable_fields option in [admin] has been moved to the sensitive_var_conn_names option in [core] - the old setting has been used, but please update your config.
[2024-09-10T01:06:59.315+0000] {taskinstance.py:2648} INFO - Exporting env vars: AIRFLOW_CTX_DAG_OWNER='airflow' AIRFLOW_CTX_DAG_ID='trino_query_dag_irene' AIRFLOW_CTX_TASK_ID='print_start' AIRFLOW_CTX_EXECUTION_DATE='2024-09-09T00:00:00+00:00' AIRFLOW_CTX_TRY_NUMBER='1' AIRFLOW_CTX_DAG_RUN_ID='scheduled__2024-09-09T00:00:00+00:00'
[2024-09-10T01:06:59.347+0000] {taskinstance.py:430} INFO - ::endgroup::
[2024-09-10T01:06:59.397+0000] {logging_mixin.py:188} INFO - Start of DAG execution
[2024-09-10T01:06:59.402+0000] {python.py:237} INFO - Done. Returned value was: None
[2024-09-10T01:06:59.404+0000] {taskinstance.py:441} INFO - ::group::Post task execution logs
[2024-09-10T01:06:59.421+0000] {taskinstance.py:1206} INFO - Marking task as SUCCESS. dag_id=trino_query_dag_irene, task_id=print_start, run_id=scheduled__2024-09-09T00:00:00+00:00, execution_date=20240909T000000, start_date=20240910T010644, end_date=20240910T010659
[2024-09-10T01:07:01.602+0000] {local_task_job_runner.py:243} INFO - Task exited with return code 0
[2024-09-10T01:07:01.613+0000] {logging_mixin.py:188} WARNING - /home/airflow/.local/lib/python3.12/site-packages/airflow/models/baseoperator.py:1297 AirflowProviderDeprecationWarning: Call to deprecated class TrinoOperator. (Please use `airflow.providers.common.sql.operators.sql.SQLExecuteQueryOperator`.)
[2024-09-10T01:07:01.657+0000] {taskinstance.py:3503} INFO - 1 downstream tasks scheduled from follow-on schedule check
[2024-09-10T01:07:06.178+0000] {local_task_job_runner.py:222} INFO - ::endgroup::
