[2024-09-23T01:09:04.073+0000] {local_task_job_runner.py:120} INFO - ::group::Pre task execution logs
[2024-09-23T01:09:04.185+0000] {taskinstance.py:2076} INFO - Dependencies all met for dep_context=non-requeueable deps ti=<TaskInstance: query_dag.print_end scheduled__2024-09-22T00:00:00+00:00 [queued]>
[2024-09-23T01:09:04.246+0000] {taskinstance.py:2076} INFO - Dependencies all met for dep_context=requeueable deps ti=<TaskInstance: query_dag.print_end scheduled__2024-09-22T00:00:00+00:00 [queued]>
[2024-09-23T01:09:04.256+0000] {taskinstance.py:2306} INFO - Starting attempt 1 of 2
[2024-09-23T01:09:04.359+0000] {taskinstance.py:2330} INFO - Executing <Task(PythonOperator): print_end> on 2024-09-22 00:00:00+00:00
[2024-09-23T01:09:04.386+0000] {logging_mixin.py:188} WARNING - /home/airflow/.local/lib/python3.12/site-packages/airflow/task/task_runner/standard_task_runner.py:62 DeprecationWarning: This process (pid=13057) is multi-threaded, use of fork() may lead to deadlocks in the child.
[2024-09-23T01:09:04.391+0000] {standard_task_runner.py:64} INFO - Started process 13068 to run task
[2024-09-23T01:09:04.383+0000] {standard_task_runner.py:90} INFO - Running: ['airflow', 'tasks', 'run', 'query_dag', 'print_end', 'scheduled__2024-09-22T00:00:00+00:00', '--job-id', '395', '--raw', '--subdir', 'DAGS_FOLDER/test.py', '--cfg-path', '/tmp/tmpbu2k4f9q']
[2024-09-23T01:09:04.393+0000] {standard_task_runner.py:91} INFO - Job 395: Subtask print_end
[2024-09-23T01:09:04.550+0000] {logging_mixin.py:188} WARNING - /home/airflow/.local/lib/python3.12/site-packages/airflow/settings.py:195 DeprecationWarning: The sql_alchemy_conn option in [core] has been moved to the sql_alchemy_conn option in [database] - the old setting has been used, but please update your config.
[2024-09-23T01:09:04.653+0000] {task_command.py:426} INFO - Running <TaskInstance: query_dag.print_end scheduled__2024-09-22T00:00:00+00:00 [running]> on host 92783cd12528
[2024-09-23T01:09:04.659+0000] {logging_mixin.py:188} WARNING - /home/airflow/.local/lib/python3.12/site-packages/airflow/settings.py:356 DeprecationWarning: The sql_engine_encoding option in [core] has been moved to the sql_engine_encoding option in [database] - the old setting has been used, but please update your config.
[2024-09-23T01:09:05.126+0000] {logging_mixin.py:188} WARNING - /home/airflow/.local/lib/python3.12/site-packages/airflow/utils/log/secrets_masker.py:84 DeprecationWarning: The sensitive_variable_fields option in [admin] has been moved to the sensitive_var_conn_names option in [core] - the old setting has been used, but please update your config.
[2024-09-23T01:09:05.538+0000] {taskinstance.py:2648} INFO - Exporting env vars: AIRFLOW_CTX_DAG_OWNER='airflow' AIRFLOW_CTX_DAG_ID='query_dag' AIRFLOW_CTX_TASK_ID='print_end' AIRFLOW_CTX_EXECUTION_DATE='2024-09-22T00:00:00+00:00' AIRFLOW_CTX_TRY_NUMBER='1' AIRFLOW_CTX_DAG_RUN_ID='scheduled__2024-09-22T00:00:00+00:00'
[2024-09-23T01:09:05.539+0000] {taskinstance.py:430} INFO - ::endgroup::
[2024-09-23T01:09:05.594+0000] {logging_mixin.py:188} INFO - End of DAG execution
[2024-09-23T01:09:05.600+0000] {python.py:237} INFO - Done. Returned value was: None
[2024-09-23T01:09:05.607+0000] {taskinstance.py:441} INFO - ::group::Post task execution logs
[2024-09-23T01:09:05.638+0000] {taskinstance.py:1206} INFO - Marking task as SUCCESS. dag_id=query_dag, task_id=print_end, run_id=scheduled__2024-09-22T00:00:00+00:00, execution_date=20240922T000000, start_date=20240923T010904, end_date=20240923T010905
[2024-09-23T01:09:05.746+0000] {local_task_job_runner.py:243} INFO - Task exited with return code 0
[2024-09-23T01:09:05.974+0000] {taskinstance.py:3503} INFO - 0 downstream tasks scheduled from follow-on schedule check
[2024-09-23T01:09:06.021+0000] {local_task_job_runner.py:222} INFO - ::endgroup::
