[2024-08-28T00:56:13.050+0000] {local_task_job_runner.py:120} INFO - ::group::Pre task execution logs
[2024-08-28T00:56:13.137+0000] {taskinstance.py:2076} INFO - Dependencies all met for dep_context=non-requeueable deps ti=<TaskInstance: trino_query_dag_ironmale.insert_data_inc manual__2024-08-28T00:56:09.683500+00:00 [queued]>
[2024-08-28T00:56:13.165+0000] {taskinstance.py:2076} INFO - Dependencies all met for dep_context=requeueable deps ti=<TaskInstance: trino_query_dag_ironmale.insert_data_inc manual__2024-08-28T00:56:09.683500+00:00 [queued]>
[2024-08-28T00:56:13.168+0000] {taskinstance.py:2306} INFO - Starting attempt 1 of 2
[2024-08-28T00:56:13.194+0000] {taskinstance.py:2330} INFO - Executing <Task(TrinoOperator): insert_data_inc> on 2024-08-28 00:56:09.683500+00:00
[2024-08-28T00:56:13.202+0000] {logging_mixin.py:188} WARNING - /home/airflow/.local/lib/python3.12/site-packages/airflow/task/task_runner/standard_task_runner.py:62 DeprecationWarning: This process (pid=22233) is multi-threaded, use of fork() may lead to deadlocks in the child.
[2024-08-28T00:56:13.203+0000] {standard_task_runner.py:64} INFO - Started process 22240 to run task
[2024-08-28T00:56:13.208+0000] {standard_task_runner.py:90} INFO - Running: ['airflow', 'tasks', 'run', 'trino_query_dag_ironmale', 'insert_data_inc', 'manual__2024-08-28T00:56:09.683500+00:00', '--job-id', '568', '--raw', '--subdir', 'DAGS_FOLDER/ironmale.py', '--cfg-path', '/tmp/tmpdfxzhi8j']
[2024-08-28T00:56:13.210+0000] {standard_task_runner.py:91} INFO - Job 568: Subtask insert_data_inc
[2024-08-28T00:56:13.235+0000] {logging_mixin.py:188} WARNING - /home/airflow/.local/lib/python3.12/site-packages/airflow/settings.py:195 DeprecationWarning: The sql_alchemy_conn option in [core] has been moved to the sql_alchemy_conn option in [database] - the old setting has been used, but please update your config.
[2024-08-28T00:56:13.484+0000] {task_command.py:426} INFO - Running <TaskInstance: trino_query_dag_ironmale.insert_data_inc manual__2024-08-28T00:56:09.683500+00:00 [running]> on host b476143e3d64
[2024-08-28T00:56:13.686+0000] {taskinstance.py:2648} INFO - Exporting env vars: AIRFLOW_CTX_DAG_OWNER='airflow' AIRFLOW_CTX_DAG_ID='trino_query_dag_ironmale' AIRFLOW_CTX_TASK_ID='insert_data_inc' AIRFLOW_CTX_EXECUTION_DATE='2024-08-28T00:56:09.683500+00:00' AIRFLOW_CTX_TRY_NUMBER='1' AIRFLOW_CTX_DAG_RUN_ID='manual__2024-08-28T00:56:09.683500+00:00'
[2024-08-28T00:56:13.689+0000] {taskinstance.py:430} INFO - ::endgroup::
[2024-08-28T00:56:13.713+0000] {sql.py:282} INFO - Executing: insert into hive.ironmale.soul select * from sqlserver.dbo.soul  where hour = 22 
[2024-08-28T00:56:13.746+0000] {base.py:84} INFO - Using connection ID 'my_trino_connection' for task execution.
[2024-08-28T00:56:13.767+0000] {base.py:84} INFO - Using connection ID 'my_trino_connection' for task execution.
[2024-08-28T00:56:13.789+0000] {base.py:84} INFO - Using connection ID 'my_trino_connection' for task execution.
[2024-08-28T00:56:13.797+0000] {sql.py:495} INFO - Running statement: insert into hive.ironmale.soul select * from sqlserver.dbo.soul  where hour = 22 , parameters: None
[2024-08-28T00:56:14.814+0000] {sql.py:504} INFO - Rows affected: 2700
[2024-08-28T00:56:15.039+0000] {taskinstance.py:441} INFO - ::group::Post task execution logs
[2024-08-28T00:56:15.111+0000] {taskinstance.py:1206} INFO - Marking task as SUCCESS. dag_id=trino_query_dag_ironmale, task_id=insert_data_inc, run_id=manual__2024-08-28T00:56:09.683500+00:00, execution_date=20240828T005609, start_date=20240828T005613, end_date=20240828T005615
[2024-08-28T00:56:15.173+0000] {local_task_job_runner.py:243} INFO - Task exited with return code 0
[2024-08-28T00:56:15.188+0000] {logging_mixin.py:188} WARNING - /home/airflow/.local/lib/python3.12/site-packages/airflow/models/baseoperator.py:1297 AirflowProviderDeprecationWarning: Call to deprecated class TrinoOperator. (Please use `airflow.providers.common.sql.operators.sql.SQLExecuteQueryOperator`.)
[2024-08-28T00:56:15.209+0000] {taskinstance.py:3503} INFO - 1 downstream tasks scheduled from follow-on schedule check
[2024-08-28T00:56:15.293+0000] {local_task_job_runner.py:222} INFO - ::endgroup::
