[2024-09-09T07:06:27.101+0000] {local_task_job_runner.py:120} INFO - ::group::Pre task execution logs
[2024-09-09T07:06:27.293+0000] {taskinstance.py:2076} INFO - Dependencies all met for dep_context=non-requeueable deps ti=<TaskInstance: trino_query_dag_ivory.insert_data_inc manual__2024-09-09T07:06:17.450207+00:00 [queued]>
[2024-09-09T07:06:27.365+0000] {taskinstance.py:2076} INFO - Dependencies all met for dep_context=requeueable deps ti=<TaskInstance: trino_query_dag_ivory.insert_data_inc manual__2024-09-09T07:06:17.450207+00:00 [queued]>
[2024-09-09T07:06:27.369+0000] {taskinstance.py:2306} INFO - Starting attempt 1 of 2
[2024-09-09T07:06:27.440+0000] {taskinstance.py:2330} INFO - Executing <Task(TrinoOperator): insert_data_inc> on 2024-09-09 07:06:17.450207+00:00
[2024-09-09T07:06:27.479+0000] {logging_mixin.py:188} WARNING - /home/airflow/.local/lib/python3.12/site-packages/airflow/task/task_runner/standard_task_runner.py:62 DeprecationWarning: This process (pid=41325) is multi-threaded, use of fork() may lead to deadlocks in the child.
[2024-09-09T07:06:27.487+0000] {standard_task_runner.py:64} INFO - Started process 41342 to run task
[2024-09-09T07:06:27.501+0000] {standard_task_runner.py:90} INFO - Running: ['airflow', 'tasks', 'run', 'trino_query_dag_ivory', 'insert_data_inc', 'manual__2024-09-09T07:06:17.450207+00:00', '--job-id', '66', '--raw', '--subdir', 'DAGS_FOLDER/ivory.py', '--cfg-path', '/tmp/tmple8p9vug']
[2024-09-09T07:06:27.525+0000] {standard_task_runner.py:91} INFO - Job 66: Subtask insert_data_inc
[2024-09-09T07:06:27.607+0000] {logging_mixin.py:188} WARNING - /home/airflow/.local/lib/python3.12/site-packages/airflow/settings.py:195 DeprecationWarning: The sql_alchemy_conn option in [core] has been moved to the sql_alchemy_conn option in [database] - the old setting has been used, but please update your config.
[2024-09-09T07:06:27.771+0000] {task_command.py:426} INFO - Running <TaskInstance: trino_query_dag_ivory.insert_data_inc manual__2024-09-09T07:06:17.450207+00:00 [running]> on host 92783cd12528
[2024-09-09T07:06:28.068+0000] {logging_mixin.py:188} WARNING - /home/airflow/.local/lib/python3.12/site-packages/airflow/utils/log/secrets_masker.py:84 DeprecationWarning: The sensitive_variable_fields option in [admin] has been moved to the sensitive_var_conn_names option in [core] - the old setting has been used, but please update your config.
[2024-09-09T07:06:28.185+0000] {taskinstance.py:2648} INFO - Exporting env vars: AIRFLOW_CTX_DAG_OWNER='airflow' AIRFLOW_CTX_DAG_ID='trino_query_dag_ivory' AIRFLOW_CTX_TASK_ID='insert_data_inc' AIRFLOW_CTX_EXECUTION_DATE='2024-09-09T07:06:17.450207+00:00' AIRFLOW_CTX_TRY_NUMBER='1' AIRFLOW_CTX_DAG_RUN_ID='manual__2024-09-09T07:06:17.450207+00:00'
[2024-09-09T07:06:28.188+0000] {taskinstance.py:430} INFO - ::endgroup::
[2024-09-09T07:06:28.264+0000] {sql.py:282} INFO - Executing: insert into hive.ivory.customer select *  from sqlserver.dbo.customer
[2024-09-09T07:06:28.357+0000] {base.py:84} INFO - Using connection ID 'my_trino_connection' for task execution.
[2024-09-09T07:06:28.477+0000] {base.py:84} INFO - Using connection ID 'my_trino_connection' for task execution.
[2024-09-09T07:06:28.565+0000] {base.py:84} INFO - Using connection ID 'my_trino_connection' for task execution.
[2024-09-09T07:06:28.574+0000] {sql.py:495} INFO - Running statement: insert into hive.ivory.customer select *  from sqlserver.dbo.customer, parameters: None
[2024-09-09T07:06:31.278+0000] {sql.py:504} INFO - Rows affected: 13
[2024-09-09T07:06:33.599+0000] {taskinstance.py:441} INFO - ::group::Post task execution logs
[2024-09-09T07:06:33.717+0000] {taskinstance.py:1206} INFO - Marking task as SUCCESS. dag_id=trino_query_dag_ivory, task_id=insert_data_inc, run_id=manual__2024-09-09T07:06:17.450207+00:00, execution_date=20240909T070617, start_date=20240909T070627, end_date=20240909T070633
[2024-09-09T07:06:34.331+0000] {local_task_job_runner.py:243} INFO - Task exited with return code 0
[2024-09-09T07:06:34.410+0000] {local_task_job_runner.py:222} INFO - ::endgroup::
