[2024-08-19T14:32:59.975+0000] {local_task_job_runner.py:120} INFO - ::group::Pre task execution logs
[2024-08-19T14:33:00.013+0000] {taskinstance.py:2076} INFO - Dependencies all met for dep_context=non-requeueable deps ti=<TaskInstance: trino_query_dag.insert_data_inc scheduled__2024-08-18T00:00:00+00:00 [queued]>
[2024-08-19T14:33:00.024+0000] {taskinstance.py:2076} INFO - Dependencies all met for dep_context=requeueable deps ti=<TaskInstance: trino_query_dag.insert_data_inc scheduled__2024-08-18T00:00:00+00:00 [queued]>
[2024-08-19T14:33:00.025+0000] {taskinstance.py:2306} INFO - Starting attempt 5 of 6
[2024-08-19T14:33:00.041+0000] {taskinstance.py:2330} INFO - Executing <Task(TrinoOperator): insert_data_inc> on 2024-08-18 00:00:00+00:00
[2024-08-19T14:33:00.048+0000] {logging_mixin.py:188} WARNING - /home/airflow/.local/lib/python3.12/site-packages/airflow/task/task_runner/standard_task_runner.py:62 DeprecationWarning: This process (pid=321) is multi-threaded, use of fork() may lead to deadlocks in the child.
[2024-08-19T14:33:00.049+0000] {standard_task_runner.py:64} INFO - Started process 322 to run task
[2024-08-19T14:33:00.048+0000] {standard_task_runner.py:90} INFO - Running: ['airflow', 'tasks', 'run', 'trino_query_dag', 'insert_data_inc', 'scheduled__2024-08-18T00:00:00+00:00', '--job-id', '24', '--raw', '--subdir', 'DAGS_FOLDER/test.py', '--cfg-path', '/tmp/tmpc7q_venz']
[2024-08-19T14:33:00.051+0000] {standard_task_runner.py:91} INFO - Job 24: Subtask insert_data_inc
[2024-08-19T14:33:00.070+0000] {logging_mixin.py:188} WARNING - /home/airflow/.local/lib/python3.12/site-packages/airflow/settings.py:195 DeprecationWarning: The sql_alchemy_conn option in [core] has been moved to the sql_alchemy_conn option in [database] - the old setting has been used, but please update your config.
[2024-08-19T14:33:00.115+0000] {task_command.py:426} INFO - Running <TaskInstance: trino_query_dag.insert_data_inc scheduled__2024-08-18T00:00:00+00:00 [running]> on host b476143e3d64
[2024-08-19T14:33:00.207+0000] {taskinstance.py:2648} INFO - Exporting env vars: AIRFLOW_CTX_DAG_OWNER='airflow' AIRFLOW_CTX_DAG_ID='trino_query_dag' AIRFLOW_CTX_TASK_ID='insert_data_inc' AIRFLOW_CTX_EXECUTION_DATE='2024-08-18T00:00:00+00:00' AIRFLOW_CTX_TRY_NUMBER='5' AIRFLOW_CTX_DAG_RUN_ID='scheduled__2024-08-18T00:00:00+00:00'
[2024-08-19T14:33:00.208+0000] {taskinstance.py:430} INFO - ::endgroup::
[2024-08-19T14:33:00.225+0000] {sql.py:282} INFO - Executing: insert into  hive.iris.traffic_crashes SELECT crash_date FROM oracle.test.traffic_crashes WHERE crash_date = '2023-07-13'
[2024-08-19T14:33:00.241+0000] {base.py:84} INFO - Using connection ID 'my_trino_connection' for task execution.
[2024-08-19T14:33:00.249+0000] {base.py:84} INFO - Using connection ID 'my_trino_connection' for task execution.
[2024-08-19T14:33:00.258+0000] {base.py:84} INFO - Using connection ID 'my_trino_connection' for task execution.
[2024-08-19T14:33:00.261+0000] {sql.py:495} INFO - Running statement: insert into  hive.iris.traffic_crashes SELECT crash_date FROM oracle.test.traffic_crashes WHERE crash_date = '2023-07-13', parameters: None
[2024-08-19T14:33:00.268+0000] {taskinstance.py:441} INFO - ::group::Post task execution logs
[2024-08-19T14:33:00.269+0000] {taskinstance.py:2905} ERROR - Task failed with exception
Traceback (most recent call last):
  File "/home/airflow/.local/lib/python3.12/site-packages/airflow/models/taskinstance.py", line 465, in _execute_task
    result = _execute_callable(context=context, **execute_callable_kwargs)
             ^^^^^^^^^^^^^^^^^^^^^^^^^^^^^^^^^^^^^^^^^^^^^^^^^^^^^^^^^^^^^
  File "/home/airflow/.local/lib/python3.12/site-packages/airflow/models/taskinstance.py", line 432, in _execute_callable
    return execute_callable(context=context, **execute_callable_kwargs)
           ^^^^^^^^^^^^^^^^^^^^^^^^^^^^^^^^^^^^^^^^^^^^^^^^^^^^^^^^^^^^
  File "/home/airflow/.local/lib/python3.12/site-packages/airflow/models/baseoperator.py", line 401, in wrapper
    return func(self, *args, **kwargs)
           ^^^^^^^^^^^^^^^^^^^^^^^^^^^
  File "/home/airflow/.local/lib/python3.12/site-packages/airflow/providers/common/sql/operators/sql.py", line 288, in execute
    output = hook.run(
             ^^^^^^^^^
  File "/home/airflow/.local/lib/python3.12/site-packages/airflow/providers/common/sql/hooks/sql.py", line 442, in run
    self._run_command(cur, sql_statement, parameters)
  File "/home/airflow/.local/lib/python3.12/site-packages/airflow/providers/common/sql/hooks/sql.py", line 500, in _run_command
    cur.execute(sql_statement)
  File "/home/airflow/.local/lib/python3.12/site-packages/trino/dbapi.py", line 589, in execute
    self._iterator = iter(self._query.execute())
                          ^^^^^^^^^^^^^^^^^^^^^
  File "/home/airflow/.local/lib/python3.12/site-packages/trino/client.py", line 805, in execute
    status = self._request.process(response)
             ^^^^^^^^^^^^^^^^^^^^^^^^^^^^^^^
  File "/home/airflow/.local/lib/python3.12/site-packages/trino/client.py", line 606, in process
    self.raise_response_error(http_response)
  File "/home/airflow/.local/lib/python3.12/site-packages/trino/client.py", line 597, in raise_response_error
    raise exceptions.HttpError(
trino.exceptions.HttpError: error 401: b'Basic authentication or X-Trino-Original-User or X-Trino-User must be sent'
[2024-08-19T14:33:00.279+0000] {taskinstance.py:1206} INFO - Marking task as UP_FOR_RETRY. dag_id=trino_query_dag, task_id=insert_data_inc, run_id=scheduled__2024-08-18T00:00:00+00:00, execution_date=20240818T000000, start_date=20240819T143300, end_date=20240819T143300
[2024-08-19T14:33:00.293+0000] {standard_task_runner.py:110} ERROR - Failed to execute job 24 for task insert_data_inc (error 401: b'Basic authentication or X-Trino-Original-User or X-Trino-User must be sent'; 322)
[2024-08-19T14:33:00.305+0000] {local_task_job_runner.py:243} INFO - Task exited with return code 1
[2024-08-19T14:33:00.317+0000] {logging_mixin.py:188} WARNING - /home/airflow/.local/lib/python3.12/site-packages/airflow/models/baseoperator.py:1297 AirflowProviderDeprecationWarning: Call to deprecated class TrinoOperator. (Please use `airflow.providers.common.sql.operators.sql.SQLExecuteQueryOperator`.)
[2024-08-19T14:33:00.333+0000] {taskinstance.py:3503} INFO - 0 downstream tasks scheduled from follow-on schedule check
[2024-08-19T14:33:00.337+0000] {local_task_job_runner.py:222} INFO - ::endgroup::
