[2024-08-26T09:00:01.751+0000] {local_task_job_runner.py:120} INFO - ::group::Pre task execution logs
[2024-08-26T09:00:01.791+0000] {taskinstance.py:2076} INFO - Dependencies all met for dep_context=non-requeueable deps ti=<TaskInstance: trino_query_dag_ivy.insert_data_inc scheduled__2024-08-26T08:00:00+00:00 [queued]>
[2024-08-26T09:00:01.804+0000] {taskinstance.py:2076} INFO - Dependencies all met for dep_context=requeueable deps ti=<TaskInstance: trino_query_dag_ivy.insert_data_inc scheduled__2024-08-26T08:00:00+00:00 [queued]>
[2024-08-26T09:00:01.806+0000] {taskinstance.py:2306} INFO - Starting attempt 1 of 2
[2024-08-26T09:00:01.823+0000] {taskinstance.py:2330} INFO - Executing <Task(TrinoOperator): insert_data_inc> on 2024-08-26 08:00:00+00:00
[2024-08-26T09:00:01.832+0000] {logging_mixin.py:188} WARNING - /home/airflow/.local/lib/python3.12/site-packages/airflow/task/task_runner/standard_task_runner.py:62 DeprecationWarning: This process (pid=12808) is multi-threaded, use of fork() may lead to deadlocks in the child.
[2024-08-26T09:00:01.831+0000] {standard_task_runner.py:90} INFO - Running: ['airflow', 'tasks', 'run', 'trino_query_dag_ivy', 'insert_data_inc', 'scheduled__2024-08-26T08:00:00+00:00', '--job-id', '266', '--raw', '--subdir', 'DAGS_FOLDER/ivy.py', '--cfg-path', '/tmp/tmp11svzb_h']
[2024-08-26T09:00:01.833+0000] {standard_task_runner.py:91} INFO - Job 266: Subtask insert_data_inc
[2024-08-26T09:00:01.833+0000] {standard_task_runner.py:64} INFO - Started process 12810 to run task
[2024-08-26T09:00:01.852+0000] {logging_mixin.py:188} WARNING - /home/airflow/.local/lib/python3.12/site-packages/airflow/settings.py:195 DeprecationWarning: The sql_alchemy_conn option in [core] has been moved to the sql_alchemy_conn option in [database] - the old setting has been used, but please update your config.
[2024-08-26T09:00:01.889+0000] {task_command.py:426} INFO - Running <TaskInstance: trino_query_dag_ivy.insert_data_inc scheduled__2024-08-26T08:00:00+00:00 [running]> on host b476143e3d64
[2024-08-26T09:00:01.994+0000] {taskinstance.py:2648} INFO - Exporting env vars: AIRFLOW_CTX_DAG_OWNER='airflow' AIRFLOW_CTX_DAG_ID='trino_query_dag_ivy' AIRFLOW_CTX_TASK_ID='insert_data_inc' AIRFLOW_CTX_EXECUTION_DATE='2024-08-26T08:00:00+00:00' AIRFLOW_CTX_TRY_NUMBER='1' AIRFLOW_CTX_DAG_RUN_ID='scheduled__2024-08-26T08:00:00+00:00'
[2024-08-26T09:00:01.995+0000] {taskinstance.py:430} INFO - ::endgroup::
[2024-08-26T09:00:02.014+0000] {sql.py:282} INFO - Executing: insert into hive.ivy.customer select *  from sqlserver.dbo.customer WHERE date = CAST('2023-11-25' AS DATE)
[2024-08-26T09:00:02.042+0000] {base.py:84} INFO - Using connection ID 'my_trino_connection' for task execution.
[2024-08-26T09:00:02.051+0000] {base.py:84} INFO - Using connection ID 'my_trino_connection' for task execution.
[2024-08-26T09:00:02.059+0000] {base.py:84} INFO - Using connection ID 'my_trino_connection' for task execution.
[2024-08-26T09:00:02.063+0000] {sql.py:495} INFO - Running statement: insert into hive.ivy.customer select *  from sqlserver.dbo.customer WHERE date = CAST('2023-11-25' AS DATE), parameters: None
[2024-08-26T09:00:02.813+0000] {sql.py:504} INFO - Rows affected: 18
[2024-08-26T09:00:02.981+0000] {taskinstance.py:441} INFO - ::group::Post task execution logs
[2024-08-26T09:00:03.010+0000] {taskinstance.py:1206} INFO - Marking task as SUCCESS. dag_id=trino_query_dag_ivy, task_id=insert_data_inc, run_id=scheduled__2024-08-26T08:00:00+00:00, execution_date=20240826T080000, start_date=20240826T090001, end_date=20240826T090003
[2024-08-26T09:00:03.055+0000] {local_task_job_runner.py:243} INFO - Task exited with return code 0
[2024-08-26T09:00:03.069+0000] {logging_mixin.py:188} WARNING - /home/airflow/.local/lib/python3.12/site-packages/airflow/models/baseoperator.py:1297 AirflowProviderDeprecationWarning: Call to deprecated class TrinoOperator. (Please use `airflow.providers.common.sql.operators.sql.SQLExecuteQueryOperator`.)
[2024-08-26T09:00:03.083+0000] {taskinstance.py:3503} INFO - 1 downstream tasks scheduled from follow-on schedule check
[2024-08-26T09:00:03.088+0000] {local_task_job_runner.py:222} INFO - ::endgroup::
