[2024-08-31T00:05:09.563+0000] {processor.py:161} INFO - Started process (PID=177) to work on /opt/airflow/dags/irenen.py
[2024-08-31T00:05:09.564+0000] {processor.py:830} INFO - Processing file /opt/airflow/dags/irenen.py for tasks to queue
[2024-08-31T00:05:09.573+0000] {logging_mixin.py:188} INFO - [2024-08-31T00:05:09.572+0000] {dagbag.py:545} INFO - Filling up the DagBag from /opt/airflow/dags/irenen.py
[2024-08-31T00:05:09.728+0000] {processor.py:840} INFO - DAG(s) 'trino_query_dag_irenen' retrieved from /opt/airflow/dags/irenen.py
[2024-08-31T00:05:09.999+0000] {logging_mixin.py:188} INFO - [2024-08-31T00:05:09.999+0000] {dag.py:3089} INFO - Sync 1 DAGs
[2024-08-31T00:05:10.050+0000] {logging_mixin.py:188} INFO - [2024-08-31T00:05:10.050+0000] {dag.py:3947} INFO - Setting next_dagrun for trino_query_dag_irenen to 2024-08-30 00:00:00+00:00, run_after=2024-08-31 00:00:00+00:00
[2024-08-31T00:05:10.450+0000] {processor.py:183} INFO - Processing /opt/airflow/dags/irenen.py took 0.906 seconds
[2024-08-31T00:05:41.034+0000] {processor.py:161} INFO - Started process (PID=229) to work on /opt/airflow/dags/irenen.py
[2024-08-31T00:05:41.036+0000] {processor.py:830} INFO - Processing file /opt/airflow/dags/irenen.py for tasks to queue
[2024-08-31T00:05:41.038+0000] {logging_mixin.py:188} INFO - [2024-08-31T00:05:41.038+0000] {dagbag.py:545} INFO - Filling up the DagBag from /opt/airflow/dags/irenen.py
[2024-08-31T00:05:41.078+0000] {processor.py:840} INFO - DAG(s) 'trino_query_dag_irenen' retrieved from /opt/airflow/dags/irenen.py
[2024-08-31T00:05:41.243+0000] {logging_mixin.py:188} INFO - [2024-08-31T00:05:41.242+0000] {dag.py:3089} INFO - Sync 1 DAGs
[2024-08-31T00:05:41.271+0000] {logging_mixin.py:188} INFO - [2024-08-31T00:05:41.271+0000] {dag.py:3947} INFO - Setting next_dagrun for trino_query_dag_irenen to 2024-08-30 00:00:00+00:00, run_after=2024-08-31 00:00:00+00:00
[2024-08-31T00:05:41.299+0000] {processor.py:183} INFO - Processing /opt/airflow/dags/irenen.py took 0.271 seconds
[2024-08-31T00:06:11.694+0000] {processor.py:161} INFO - Started process (PID=264) to work on /opt/airflow/dags/irenen.py
[2024-08-31T00:06:11.695+0000] {processor.py:830} INFO - Processing file /opt/airflow/dags/irenen.py for tasks to queue
[2024-08-31T00:06:11.697+0000] {logging_mixin.py:188} INFO - [2024-08-31T00:06:11.696+0000] {dagbag.py:545} INFO - Filling up the DagBag from /opt/airflow/dags/irenen.py
[2024-08-31T00:06:11.776+0000] {processor.py:840} INFO - DAG(s) 'trino_query_dag_irenen' retrieved from /opt/airflow/dags/irenen.py
[2024-08-31T00:06:11.859+0000] {logging_mixin.py:188} INFO - [2024-08-31T00:06:11.859+0000] {dag.py:3089} INFO - Sync 1 DAGs
[2024-08-31T00:06:11.940+0000] {logging_mixin.py:188} INFO - [2024-08-31T00:06:11.939+0000] {dag.py:3947} INFO - Setting next_dagrun for trino_query_dag_irenen to 2024-08-30 00:00:00+00:00, run_after=2024-08-31 00:00:00+00:00
[2024-08-31T00:06:11.995+0000] {processor.py:183} INFO - Processing /opt/airflow/dags/irenen.py took 0.308 seconds
[2024-08-31T00:06:42.843+0000] {processor.py:161} INFO - Started process (PID=299) to work on /opt/airflow/dags/irenen.py
[2024-08-31T00:06:42.845+0000] {processor.py:830} INFO - Processing file /opt/airflow/dags/irenen.py for tasks to queue
[2024-08-31T00:06:42.848+0000] {logging_mixin.py:188} INFO - [2024-08-31T00:06:42.848+0000] {dagbag.py:545} INFO - Filling up the DagBag from /opt/airflow/dags/irenen.py
[2024-08-31T00:06:42.887+0000] {processor.py:840} INFO - DAG(s) 'trino_query_dag_irenen' retrieved from /opt/airflow/dags/irenen.py
[2024-08-31T00:06:42.925+0000] {logging_mixin.py:188} INFO - [2024-08-31T00:06:42.924+0000] {dag.py:3089} INFO - Sync 1 DAGs
[2024-08-31T00:06:42.960+0000] {logging_mixin.py:188} INFO - [2024-08-31T00:06:42.960+0000] {dag.py:3947} INFO - Setting next_dagrun for trino_query_dag_irenen to 2024-08-30 00:00:00+00:00, run_after=2024-08-31 00:00:00+00:00
[2024-08-31T00:06:42.987+0000] {processor.py:183} INFO - Processing /opt/airflow/dags/irenen.py took 0.152 seconds
[2024-08-31T00:07:54.435+0000] {processor.py:161} INFO - Started process (PID=178) to work on /opt/airflow/dags/irenen.py
[2024-08-31T00:07:54.448+0000] {processor.py:830} INFO - Processing file /opt/airflow/dags/irenen.py for tasks to queue
[2024-08-31T00:07:54.470+0000] {logging_mixin.py:188} INFO - [2024-08-31T00:07:54.469+0000] {dagbag.py:545} INFO - Filling up the DagBag from /opt/airflow/dags/irenen.py
[2024-08-31T00:07:54.536+0000] {processor.py:840} INFO - DAG(s) 'trino_query_dag_irenen' retrieved from /opt/airflow/dags/irenen.py
[2024-08-31T00:07:54.643+0000] {logging_mixin.py:188} INFO - [2024-08-31T00:07:54.643+0000] {dag.py:3089} INFO - Sync 1 DAGs
[2024-08-31T00:07:54.694+0000] {logging_mixin.py:188} INFO - [2024-08-31T00:07:54.693+0000] {dag.py:3947} INFO - Setting next_dagrun for trino_query_dag_irenen to 2024-08-30 00:00:00+00:00, run_after=2024-08-31 00:00:00+00:00
[2024-08-31T00:07:54.767+0000] {processor.py:183} INFO - Processing /opt/airflow/dags/irenen.py took 0.350 seconds
[2024-08-31T00:08:24.983+0000] {processor.py:161} INFO - Started process (PID=217) to work on /opt/airflow/dags/irenen.py
[2024-08-31T00:08:24.984+0000] {processor.py:830} INFO - Processing file /opt/airflow/dags/irenen.py for tasks to queue
[2024-08-31T00:08:24.986+0000] {logging_mixin.py:188} INFO - [2024-08-31T00:08:24.986+0000] {dagbag.py:545} INFO - Filling up the DagBag from /opt/airflow/dags/irenen.py
[2024-08-31T00:08:25.019+0000] {processor.py:840} INFO - DAG(s) 'trino_query_dag_irenen' retrieved from /opt/airflow/dags/irenen.py
[2024-08-31T00:08:25.163+0000] {logging_mixin.py:188} INFO - [2024-08-31T00:08:25.163+0000] {dag.py:3089} INFO - Sync 1 DAGs
[2024-08-31T00:08:25.208+0000] {logging_mixin.py:188} INFO - [2024-08-31T00:08:25.207+0000] {dag.py:3947} INFO - Setting next_dagrun for trino_query_dag_irenen to 2024-08-30 00:00:00+00:00, run_after=2024-08-31 00:00:00+00:00
[2024-08-31T00:08:25.232+0000] {processor.py:183} INFO - Processing /opt/airflow/dags/irenen.py took 0.257 seconds
[2024-08-31T00:08:55.931+0000] {processor.py:161} INFO - Started process (PID=252) to work on /opt/airflow/dags/irenen.py
[2024-08-31T00:08:55.933+0000] {processor.py:830} INFO - Processing file /opt/airflow/dags/irenen.py for tasks to queue
[2024-08-31T00:08:55.935+0000] {logging_mixin.py:188} INFO - [2024-08-31T00:08:55.934+0000] {dagbag.py:545} INFO - Filling up the DagBag from /opt/airflow/dags/irenen.py
[2024-08-31T00:08:55.968+0000] {processor.py:840} INFO - DAG(s) 'trino_query_dag_irenen' retrieved from /opt/airflow/dags/irenen.py
[2024-08-31T00:08:56.004+0000] {logging_mixin.py:188} INFO - [2024-08-31T00:08:56.003+0000] {dag.py:3089} INFO - Sync 1 DAGs
[2024-08-31T00:08:56.032+0000] {logging_mixin.py:188} INFO - [2024-08-31T00:08:56.032+0000] {dag.py:3947} INFO - Setting next_dagrun for trino_query_dag_irenen to 2024-08-30 00:00:00+00:00, run_after=2024-08-31 00:00:00+00:00
[2024-08-31T00:08:56.060+0000] {processor.py:183} INFO - Processing /opt/airflow/dags/irenen.py took 0.137 seconds
[2024-08-31T00:09:26.181+0000] {processor.py:161} INFO - Started process (PID=287) to work on /opt/airflow/dags/irenen.py
[2024-08-31T00:09:26.182+0000] {processor.py:830} INFO - Processing file /opt/airflow/dags/irenen.py for tasks to queue
[2024-08-31T00:09:26.185+0000] {logging_mixin.py:188} INFO - [2024-08-31T00:09:26.184+0000] {dagbag.py:545} INFO - Filling up the DagBag from /opt/airflow/dags/irenen.py
[2024-08-31T00:09:26.220+0000] {processor.py:840} INFO - DAG(s) 'trino_query_dag_irenen' retrieved from /opt/airflow/dags/irenen.py
[2024-08-31T00:09:26.255+0000] {logging_mixin.py:188} INFO - [2024-08-31T00:09:26.255+0000] {dag.py:3089} INFO - Sync 1 DAGs
[2024-08-31T00:09:26.285+0000] {logging_mixin.py:188} INFO - [2024-08-31T00:09:26.284+0000] {dag.py:3947} INFO - Setting next_dagrun for trino_query_dag_irenen to 2024-08-30 00:00:00+00:00, run_after=2024-08-31 00:00:00+00:00
[2024-08-31T00:09:26.443+0000] {processor.py:183} INFO - Processing /opt/airflow/dags/irenen.py took 0.273 seconds
[2024-08-31T00:09:56.835+0000] {processor.py:161} INFO - Started process (PID=322) to work on /opt/airflow/dags/irenen.py
[2024-08-31T00:09:56.836+0000] {processor.py:830} INFO - Processing file /opt/airflow/dags/irenen.py for tasks to queue
[2024-08-31T00:09:56.838+0000] {logging_mixin.py:188} INFO - [2024-08-31T00:09:56.838+0000] {dagbag.py:545} INFO - Filling up the DagBag from /opt/airflow/dags/irenen.py
[2024-08-31T00:09:56.870+0000] {processor.py:840} INFO - DAG(s) 'trino_query_dag_irenen' retrieved from /opt/airflow/dags/irenen.py
[2024-08-31T00:09:56.904+0000] {logging_mixin.py:188} INFO - [2024-08-31T00:09:56.904+0000] {dag.py:3089} INFO - Sync 1 DAGs
[2024-08-31T00:09:56.932+0000] {logging_mixin.py:188} INFO - [2024-08-31T00:09:56.931+0000] {dag.py:3947} INFO - Setting next_dagrun for trino_query_dag_irenen to 2024-08-30 00:00:00+00:00, run_after=2024-08-31 00:00:00+00:00
[2024-08-31T00:09:56.958+0000] {processor.py:183} INFO - Processing /opt/airflow/dags/irenen.py took 0.134 seconds
[2024-08-31T00:10:27.101+0000] {processor.py:161} INFO - Started process (PID=363) to work on /opt/airflow/dags/irenen.py
[2024-08-31T00:10:27.103+0000] {processor.py:830} INFO - Processing file /opt/airflow/dags/irenen.py for tasks to queue
[2024-08-31T00:10:27.112+0000] {logging_mixin.py:188} INFO - [2024-08-31T00:10:27.112+0000] {dagbag.py:545} INFO - Filling up the DagBag from /opt/airflow/dags/irenen.py
[2024-08-31T00:10:27.171+0000] {processor.py:840} INFO - DAG(s) 'trino_query_dag_irenen' retrieved from /opt/airflow/dags/irenen.py
[2024-08-31T00:10:27.257+0000] {logging_mixin.py:188} INFO - [2024-08-31T00:10:27.257+0000] {dag.py:3089} INFO - Sync 1 DAGs
[2024-08-31T00:10:27.300+0000] {logging_mixin.py:188} INFO - [2024-08-31T00:10:27.300+0000] {dag.py:3947} INFO - Setting next_dagrun for trino_query_dag_irenen to 2024-08-30 00:00:00+00:00, run_after=2024-08-31 00:00:00+00:00
[2024-08-31T00:10:27.330+0000] {processor.py:183} INFO - Processing /opt/airflow/dags/irenen.py took 0.238 seconds
[2024-08-31T00:10:57.759+0000] {processor.py:161} INFO - Started process (PID=404) to work on /opt/airflow/dags/irenen.py
[2024-08-31T00:10:57.760+0000] {processor.py:830} INFO - Processing file /opt/airflow/dags/irenen.py for tasks to queue
[2024-08-31T00:10:57.763+0000] {logging_mixin.py:188} INFO - [2024-08-31T00:10:57.763+0000] {dagbag.py:545} INFO - Filling up the DagBag from /opt/airflow/dags/irenen.py
[2024-08-31T00:10:57.805+0000] {processor.py:840} INFO - DAG(s) 'trino_query_dag_irenen' retrieved from /opt/airflow/dags/irenen.py
[2024-08-31T00:10:57.840+0000] {logging_mixin.py:188} INFO - [2024-08-31T00:10:57.840+0000] {dag.py:3089} INFO - Sync 1 DAGs
[2024-08-31T00:10:57.868+0000] {logging_mixin.py:188} INFO - [2024-08-31T00:10:57.868+0000] {dag.py:3947} INFO - Setting next_dagrun for trino_query_dag_irenen to 2024-08-30 00:00:00+00:00, run_after=2024-08-31 00:00:00+00:00
[2024-08-31T00:10:57.892+0000] {processor.py:183} INFO - Processing /opt/airflow/dags/irenen.py took 0.139 seconds
[2024-08-31T00:11:28.852+0000] {processor.py:161} INFO - Started process (PID=439) to work on /opt/airflow/dags/irenen.py
[2024-08-31T00:11:28.853+0000] {processor.py:830} INFO - Processing file /opt/airflow/dags/irenen.py for tasks to queue
[2024-08-31T00:11:28.856+0000] {logging_mixin.py:188} INFO - [2024-08-31T00:11:28.855+0000] {dagbag.py:545} INFO - Filling up the DagBag from /opt/airflow/dags/irenen.py
[2024-08-31T00:11:28.892+0000] {processor.py:840} INFO - DAG(s) 'trino_query_dag_irenen' retrieved from /opt/airflow/dags/irenen.py
[2024-08-31T00:11:28.926+0000] {logging_mixin.py:188} INFO - [2024-08-31T00:11:28.926+0000] {dag.py:3089} INFO - Sync 1 DAGs
[2024-08-31T00:11:28.953+0000] {logging_mixin.py:188} INFO - [2024-08-31T00:11:28.953+0000] {dag.py:3947} INFO - Setting next_dagrun for trino_query_dag_irenen to 2024-08-30 00:00:00+00:00, run_after=2024-08-31 00:00:00+00:00
[2024-08-31T00:11:28.979+0000] {processor.py:183} INFO - Processing /opt/airflow/dags/irenen.py took 0.136 seconds
[2024-08-31T00:11:59.117+0000] {processor.py:161} INFO - Started process (PID=474) to work on /opt/airflow/dags/irenen.py
[2024-08-31T00:11:59.118+0000] {processor.py:830} INFO - Processing file /opt/airflow/dags/irenen.py for tasks to queue
[2024-08-31T00:11:59.121+0000] {logging_mixin.py:188} INFO - [2024-08-31T00:11:59.120+0000] {dagbag.py:545} INFO - Filling up the DagBag from /opt/airflow/dags/irenen.py
[2024-08-31T00:11:59.155+0000] {processor.py:840} INFO - DAG(s) 'trino_query_dag_irenen' retrieved from /opt/airflow/dags/irenen.py
[2024-08-31T00:11:59.197+0000] {logging_mixin.py:188} INFO - [2024-08-31T00:11:59.197+0000] {dag.py:3089} INFO - Sync 1 DAGs
[2024-08-31T00:11:59.240+0000] {logging_mixin.py:188} INFO - [2024-08-31T00:11:59.240+0000] {dag.py:3947} INFO - Setting next_dagrun for trino_query_dag_irenen to 2024-08-30 00:00:00+00:00, run_after=2024-08-31 00:00:00+00:00
[2024-08-31T00:11:59.362+0000] {processor.py:183} INFO - Processing /opt/airflow/dags/irenen.py took 0.260 seconds
[2024-08-31T00:12:29.585+0000] {processor.py:161} INFO - Started process (PID=509) to work on /opt/airflow/dags/irenen.py
[2024-08-31T00:12:29.587+0000] {processor.py:830} INFO - Processing file /opt/airflow/dags/irenen.py for tasks to queue
[2024-08-31T00:12:29.589+0000] {logging_mixin.py:188} INFO - [2024-08-31T00:12:29.589+0000] {dagbag.py:545} INFO - Filling up the DagBag from /opt/airflow/dags/irenen.py
[2024-08-31T00:12:29.622+0000] {processor.py:840} INFO - DAG(s) 'trino_query_dag_irenen' retrieved from /opt/airflow/dags/irenen.py
[2024-08-31T00:12:29.658+0000] {logging_mixin.py:188} INFO - [2024-08-31T00:12:29.658+0000] {dag.py:3089} INFO - Sync 1 DAGs
[2024-08-31T00:12:29.689+0000] {logging_mixin.py:188} INFO - [2024-08-31T00:12:29.688+0000] {dag.py:3947} INFO - Setting next_dagrun for trino_query_dag_irenen to 2024-08-30 00:00:00+00:00, run_after=2024-08-31 00:00:00+00:00
[2024-08-31T00:12:29.726+0000] {processor.py:183} INFO - Processing /opt/airflow/dags/irenen.py took 0.147 seconds
[2024-08-31T00:13:00.213+0000] {processor.py:161} INFO - Started process (PID=544) to work on /opt/airflow/dags/irenen.py
[2024-08-31T00:13:00.215+0000] {processor.py:830} INFO - Processing file /opt/airflow/dags/irenen.py for tasks to queue
[2024-08-31T00:13:00.217+0000] {logging_mixin.py:188} INFO - [2024-08-31T00:13:00.217+0000] {dagbag.py:545} INFO - Filling up the DagBag from /opt/airflow/dags/irenen.py
[2024-08-31T00:13:00.253+0000] {processor.py:840} INFO - DAG(s) 'trino_query_dag_irenen' retrieved from /opt/airflow/dags/irenen.py
[2024-08-31T00:13:00.288+0000] {logging_mixin.py:188} INFO - [2024-08-31T00:13:00.288+0000] {dag.py:3089} INFO - Sync 1 DAGs
[2024-08-31T00:13:00.320+0000] {logging_mixin.py:188} INFO - [2024-08-31T00:13:00.319+0000] {dag.py:3947} INFO - Setting next_dagrun for trino_query_dag_irenen to 2024-08-30 00:00:00+00:00, run_after=2024-08-31 00:00:00+00:00
[2024-08-31T00:13:00.348+0000] {processor.py:183} INFO - Processing /opt/airflow/dags/irenen.py took 0.144 seconds
[2024-08-31T00:13:30.492+0000] {processor.py:161} INFO - Started process (PID=579) to work on /opt/airflow/dags/irenen.py
[2024-08-31T00:13:30.494+0000] {processor.py:830} INFO - Processing file /opt/airflow/dags/irenen.py for tasks to queue
[2024-08-31T00:13:30.496+0000] {logging_mixin.py:188} INFO - [2024-08-31T00:13:30.496+0000] {dagbag.py:545} INFO - Filling up the DagBag from /opt/airflow/dags/irenen.py
[2024-08-31T00:13:30.528+0000] {processor.py:840} INFO - DAG(s) 'trino_query_dag_irenen' retrieved from /opt/airflow/dags/irenen.py
[2024-08-31T00:13:30.563+0000] {logging_mixin.py:188} INFO - [2024-08-31T00:13:30.563+0000] {dag.py:3089} INFO - Sync 1 DAGs
[2024-08-31T00:13:30.591+0000] {logging_mixin.py:188} INFO - [2024-08-31T00:13:30.591+0000] {dag.py:3947} INFO - Setting next_dagrun for trino_query_dag_irenen to 2024-08-30 00:00:00+00:00, run_after=2024-08-31 00:00:00+00:00
[2024-08-31T00:13:30.625+0000] {processor.py:183} INFO - Processing /opt/airflow/dags/irenen.py took 0.143 seconds
[2024-08-31T00:14:00.968+0000] {processor.py:161} INFO - Started process (PID=614) to work on /opt/airflow/dags/irenen.py
[2024-08-31T00:14:00.969+0000] {processor.py:830} INFO - Processing file /opt/airflow/dags/irenen.py for tasks to queue
[2024-08-31T00:14:00.972+0000] {logging_mixin.py:188} INFO - [2024-08-31T00:14:00.971+0000] {dagbag.py:545} INFO - Filling up the DagBag from /opt/airflow/dags/irenen.py
[2024-08-31T00:14:01.003+0000] {processor.py:840} INFO - DAG(s) 'trino_query_dag_irenen' retrieved from /opt/airflow/dags/irenen.py
[2024-08-31T00:14:01.037+0000] {logging_mixin.py:188} INFO - [2024-08-31T00:14:01.037+0000] {dag.py:3089} INFO - Sync 1 DAGs
[2024-08-31T00:14:01.066+0000] {logging_mixin.py:188} INFO - [2024-08-31T00:14:01.066+0000] {dag.py:3947} INFO - Setting next_dagrun for trino_query_dag_irenen to 2024-08-30 00:00:00+00:00, run_after=2024-08-31 00:00:00+00:00
[2024-08-31T00:14:01.091+0000] {processor.py:183} INFO - Processing /opt/airflow/dags/irenen.py took 0.133 seconds
[2024-08-31T00:14:31.337+0000] {processor.py:161} INFO - Started process (PID=649) to work on /opt/airflow/dags/irenen.py
[2024-08-31T00:14:31.339+0000] {processor.py:830} INFO - Processing file /opt/airflow/dags/irenen.py for tasks to queue
[2024-08-31T00:14:31.342+0000] {logging_mixin.py:188} INFO - [2024-08-31T00:14:31.341+0000] {dagbag.py:545} INFO - Filling up the DagBag from /opt/airflow/dags/irenen.py
[2024-08-31T00:14:31.381+0000] {processor.py:840} INFO - DAG(s) 'trino_query_dag_irenen' retrieved from /opt/airflow/dags/irenen.py
[2024-08-31T00:14:31.417+0000] {logging_mixin.py:188} INFO - [2024-08-31T00:14:31.417+0000] {dag.py:3089} INFO - Sync 1 DAGs
[2024-08-31T00:14:31.451+0000] {logging_mixin.py:188} INFO - [2024-08-31T00:14:31.451+0000] {dag.py:3947} INFO - Setting next_dagrun for trino_query_dag_irenen to 2024-08-30 00:00:00+00:00, run_after=2024-08-31 00:00:00+00:00
[2024-08-31T00:14:31.481+0000] {processor.py:183} INFO - Processing /opt/airflow/dags/irenen.py took 0.155 seconds
[2024-08-31T00:15:01.588+0000] {processor.py:161} INFO - Started process (PID=684) to work on /opt/airflow/dags/irenen.py
[2024-08-31T00:15:01.592+0000] {processor.py:830} INFO - Processing file /opt/airflow/dags/irenen.py for tasks to queue
[2024-08-31T00:15:01.595+0000] {logging_mixin.py:188} INFO - [2024-08-31T00:15:01.595+0000] {dagbag.py:545} INFO - Filling up the DagBag from /opt/airflow/dags/irenen.py
[2024-08-31T00:15:01.629+0000] {processor.py:840} INFO - DAG(s) 'trino_query_dag_irenen' retrieved from /opt/airflow/dags/irenen.py
[2024-08-31T00:15:01.664+0000] {logging_mixin.py:188} INFO - [2024-08-31T00:15:01.664+0000] {dag.py:3089} INFO - Sync 1 DAGs
[2024-08-31T00:15:01.693+0000] {logging_mixin.py:188} INFO - [2024-08-31T00:15:01.692+0000] {dag.py:3947} INFO - Setting next_dagrun for trino_query_dag_irenen to 2024-08-30 00:00:00+00:00, run_after=2024-08-31 00:00:00+00:00
[2024-08-31T00:15:01.717+0000] {processor.py:183} INFO - Processing /opt/airflow/dags/irenen.py took 0.138 seconds
[2024-08-31T00:15:31.944+0000] {processor.py:161} INFO - Started process (PID=727) to work on /opt/airflow/dags/irenen.py
[2024-08-31T00:15:31.946+0000] {processor.py:830} INFO - Processing file /opt/airflow/dags/irenen.py for tasks to queue
[2024-08-31T00:15:31.948+0000] {logging_mixin.py:188} INFO - [2024-08-31T00:15:31.948+0000] {dagbag.py:545} INFO - Filling up the DagBag from /opt/airflow/dags/irenen.py
[2024-08-31T00:15:31.985+0000] {processor.py:840} INFO - DAG(s) 'trino_query_dag_irenen' retrieved from /opt/airflow/dags/irenen.py
[2024-08-31T00:15:32.022+0000] {logging_mixin.py:188} INFO - [2024-08-31T00:15:32.022+0000] {dag.py:3089} INFO - Sync 1 DAGs
[2024-08-31T00:15:32.052+0000] {logging_mixin.py:188} INFO - [2024-08-31T00:15:32.052+0000] {dag.py:3947} INFO - Setting next_dagrun for trino_query_dag_irenen to 2024-08-30 00:00:00+00:00, run_after=2024-08-31 00:00:00+00:00
[2024-08-31T00:15:32.076+0000] {processor.py:183} INFO - Processing /opt/airflow/dags/irenen.py took 0.141 seconds
[2024-08-31T00:16:02.368+0000] {processor.py:161} INFO - Started process (PID=768) to work on /opt/airflow/dags/irenen.py
[2024-08-31T00:16:02.369+0000] {processor.py:830} INFO - Processing file /opt/airflow/dags/irenen.py for tasks to queue
[2024-08-31T00:16:02.371+0000] {logging_mixin.py:188} INFO - [2024-08-31T00:16:02.371+0000] {dagbag.py:545} INFO - Filling up the DagBag from /opt/airflow/dags/irenen.py
[2024-08-31T00:16:02.404+0000] {processor.py:840} INFO - DAG(s) 'trino_query_dag_irenen' retrieved from /opt/airflow/dags/irenen.py
[2024-08-31T00:16:02.439+0000] {logging_mixin.py:188} INFO - [2024-08-31T00:16:02.438+0000] {dag.py:3089} INFO - Sync 1 DAGs
[2024-08-31T00:16:02.465+0000] {logging_mixin.py:188} INFO - [2024-08-31T00:16:02.465+0000] {dag.py:3947} INFO - Setting next_dagrun for trino_query_dag_irenen to 2024-08-30 00:00:00+00:00, run_after=2024-08-31 00:00:00+00:00
[2024-08-31T00:16:02.955+0000] {processor.py:183} INFO - Processing /opt/airflow/dags/irenen.py took 0.594 seconds
[2024-08-31T00:16:33.018+0000] {processor.py:161} INFO - Started process (PID=803) to work on /opt/airflow/dags/irenen.py
[2024-08-31T00:16:33.020+0000] {processor.py:830} INFO - Processing file /opt/airflow/dags/irenen.py for tasks to queue
[2024-08-31T00:16:33.022+0000] {logging_mixin.py:188} INFO - [2024-08-31T00:16:33.022+0000] {dagbag.py:545} INFO - Filling up the DagBag from /opt/airflow/dags/irenen.py
[2024-08-31T00:16:33.059+0000] {processor.py:840} INFO - DAG(s) 'trino_query_dag_irenen' retrieved from /opt/airflow/dags/irenen.py
[2024-08-31T00:16:33.095+0000] {logging_mixin.py:188} INFO - [2024-08-31T00:16:33.094+0000] {dag.py:3089} INFO - Sync 1 DAGs
[2024-08-31T00:16:33.125+0000] {logging_mixin.py:188} INFO - [2024-08-31T00:16:33.125+0000] {dag.py:3947} INFO - Setting next_dagrun for trino_query_dag_irenen to 2024-08-30 00:00:00+00:00, run_after=2024-08-31 00:00:00+00:00
[2024-08-31T00:16:33.154+0000] {processor.py:183} INFO - Processing /opt/airflow/dags/irenen.py took 0.143 seconds
[2024-08-31T00:17:03.614+0000] {processor.py:161} INFO - Started process (PID=838) to work on /opt/airflow/dags/irenen.py
[2024-08-31T00:17:03.616+0000] {processor.py:830} INFO - Processing file /opt/airflow/dags/irenen.py for tasks to queue
[2024-08-31T00:17:03.618+0000] {logging_mixin.py:188} INFO - [2024-08-31T00:17:03.618+0000] {dagbag.py:545} INFO - Filling up the DagBag from /opt/airflow/dags/irenen.py
[2024-08-31T00:17:03.648+0000] {processor.py:840} INFO - DAG(s) 'trino_query_dag_irenen' retrieved from /opt/airflow/dags/irenen.py
[2024-08-31T00:17:03.680+0000] {logging_mixin.py:188} INFO - [2024-08-31T00:17:03.680+0000] {dag.py:3089} INFO - Sync 1 DAGs
[2024-08-31T00:17:03.709+0000] {logging_mixin.py:188} INFO - [2024-08-31T00:17:03.709+0000] {dag.py:3947} INFO - Setting next_dagrun for trino_query_dag_irenen to 2024-08-30 00:00:00+00:00, run_after=2024-08-31 00:00:00+00:00
[2024-08-31T00:17:03.734+0000] {processor.py:183} INFO - Processing /opt/airflow/dags/irenen.py took 0.126 seconds
[2024-08-31T00:17:34.074+0000] {processor.py:161} INFO - Started process (PID=873) to work on /opt/airflow/dags/irenen.py
[2024-08-31T00:17:34.076+0000] {processor.py:830} INFO - Processing file /opt/airflow/dags/irenen.py for tasks to queue
[2024-08-31T00:17:34.078+0000] {logging_mixin.py:188} INFO - [2024-08-31T00:17:34.078+0000] {dagbag.py:545} INFO - Filling up the DagBag from /opt/airflow/dags/irenen.py
[2024-08-31T00:17:34.113+0000] {processor.py:840} INFO - DAG(s) 'trino_query_dag_irenen' retrieved from /opt/airflow/dags/irenen.py
[2024-08-31T00:17:34.146+0000] {logging_mixin.py:188} INFO - [2024-08-31T00:17:34.146+0000] {dag.py:3089} INFO - Sync 1 DAGs
[2024-08-31T00:17:34.175+0000] {logging_mixin.py:188} INFO - [2024-08-31T00:17:34.175+0000] {dag.py:3947} INFO - Setting next_dagrun for trino_query_dag_irenen to 2024-08-30 00:00:00+00:00, run_after=2024-08-31 00:00:00+00:00
[2024-08-31T00:17:34.197+0000] {processor.py:183} INFO - Processing /opt/airflow/dags/irenen.py took 0.134 seconds
[2024-08-31T00:18:04.437+0000] {processor.py:161} INFO - Started process (PID=908) to work on /opt/airflow/dags/irenen.py
[2024-08-31T00:18:04.438+0000] {processor.py:830} INFO - Processing file /opt/airflow/dags/irenen.py for tasks to queue
[2024-08-31T00:18:04.440+0000] {logging_mixin.py:188} INFO - [2024-08-31T00:18:04.440+0000] {dagbag.py:545} INFO - Filling up the DagBag from /opt/airflow/dags/irenen.py
[2024-08-31T00:18:04.474+0000] {processor.py:840} INFO - DAG(s) 'trino_query_dag_irenen' retrieved from /opt/airflow/dags/irenen.py
[2024-08-31T00:18:04.512+0000] {logging_mixin.py:188} INFO - [2024-08-31T00:18:04.512+0000] {dag.py:3089} INFO - Sync 1 DAGs
[2024-08-31T00:18:04.541+0000] {logging_mixin.py:188} INFO - [2024-08-31T00:18:04.541+0000] {dag.py:3947} INFO - Setting next_dagrun for trino_query_dag_irenen to 2024-08-30 00:00:00+00:00, run_after=2024-08-31 00:00:00+00:00
[2024-08-31T00:18:04.569+0000] {processor.py:183} INFO - Processing /opt/airflow/dags/irenen.py took 0.140 seconds
[2024-08-31T00:18:34.675+0000] {processor.py:161} INFO - Started process (PID=943) to work on /opt/airflow/dags/irenen.py
[2024-08-31T00:18:34.676+0000] {processor.py:830} INFO - Processing file /opt/airflow/dags/irenen.py for tasks to queue
[2024-08-31T00:18:34.678+0000] {logging_mixin.py:188} INFO - [2024-08-31T00:18:34.678+0000] {dagbag.py:545} INFO - Filling up the DagBag from /opt/airflow/dags/irenen.py
[2024-08-31T00:18:34.709+0000] {processor.py:840} INFO - DAG(s) 'trino_query_dag_irenen' retrieved from /opt/airflow/dags/irenen.py
[2024-08-31T00:18:34.746+0000] {logging_mixin.py:188} INFO - [2024-08-31T00:18:34.746+0000] {dag.py:3089} INFO - Sync 1 DAGs
[2024-08-31T00:18:34.774+0000] {logging_mixin.py:188} INFO - [2024-08-31T00:18:34.774+0000] {dag.py:3947} INFO - Setting next_dagrun for trino_query_dag_irenen to 2024-08-30 00:00:00+00:00, run_after=2024-08-31 00:00:00+00:00
[2024-08-31T00:18:34.801+0000] {processor.py:183} INFO - Processing /opt/airflow/dags/irenen.py took 0.134 seconds
[2024-08-31T00:19:05.150+0000] {processor.py:161} INFO - Started process (PID=978) to work on /opt/airflow/dags/irenen.py
[2024-08-31T00:19:05.151+0000] {processor.py:830} INFO - Processing file /opt/airflow/dags/irenen.py for tasks to queue
[2024-08-31T00:19:05.154+0000] {logging_mixin.py:188} INFO - [2024-08-31T00:19:05.154+0000] {dagbag.py:545} INFO - Filling up the DagBag from /opt/airflow/dags/irenen.py
[2024-08-31T00:19:05.195+0000] {processor.py:840} INFO - DAG(s) 'trino_query_dag_irenen' retrieved from /opt/airflow/dags/irenen.py
[2024-08-31T00:19:05.250+0000] {logging_mixin.py:188} INFO - [2024-08-31T00:19:05.249+0000] {dag.py:3089} INFO - Sync 1 DAGs
[2024-08-31T00:19:05.289+0000] {logging_mixin.py:188} INFO - [2024-08-31T00:19:05.289+0000] {dag.py:3947} INFO - Setting next_dagrun for trino_query_dag_irenen to 2024-08-30 00:00:00+00:00, run_after=2024-08-31 00:00:00+00:00
[2024-08-31T00:19:05.322+0000] {processor.py:183} INFO - Processing /opt/airflow/dags/irenen.py took 0.180 seconds
[2024-08-31T00:19:36.068+0000] {processor.py:161} INFO - Started process (PID=1013) to work on /opt/airflow/dags/irenen.py
[2024-08-31T00:19:36.076+0000] {processor.py:830} INFO - Processing file /opt/airflow/dags/irenen.py for tasks to queue
[2024-08-31T00:19:36.088+0000] {logging_mixin.py:188} INFO - [2024-08-31T00:19:36.083+0000] {dagbag.py:545} INFO - Filling up the DagBag from /opt/airflow/dags/irenen.py
[2024-08-31T00:19:36.117+0000] {processor.py:840} INFO - DAG(s) 'trino_query_dag_irenen' retrieved from /opt/airflow/dags/irenen.py
[2024-08-31T00:19:36.150+0000] {logging_mixin.py:188} INFO - [2024-08-31T00:19:36.149+0000] {dag.py:3089} INFO - Sync 1 DAGs
[2024-08-31T00:19:36.176+0000] {logging_mixin.py:188} INFO - [2024-08-31T00:19:36.176+0000] {dag.py:3947} INFO - Setting next_dagrun for trino_query_dag_irenen to 2024-08-30 00:00:00+00:00, run_after=2024-08-31 00:00:00+00:00
[2024-08-31T00:19:36.200+0000] {processor.py:183} INFO - Processing /opt/airflow/dags/irenen.py took 0.140 seconds
[2024-08-31T00:20:06.303+0000] {processor.py:161} INFO - Started process (PID=1048) to work on /opt/airflow/dags/irenen.py
[2024-08-31T00:20:06.305+0000] {processor.py:830} INFO - Processing file /opt/airflow/dags/irenen.py for tasks to queue
[2024-08-31T00:20:06.309+0000] {logging_mixin.py:188} INFO - [2024-08-31T00:20:06.308+0000] {dagbag.py:545} INFO - Filling up the DagBag from /opt/airflow/dags/irenen.py
[2024-08-31T00:20:06.350+0000] {processor.py:840} INFO - DAG(s) 'trino_query_dag_irenen' retrieved from /opt/airflow/dags/irenen.py
[2024-08-31T00:20:06.387+0000] {logging_mixin.py:188} INFO - [2024-08-31T00:20:06.387+0000] {dag.py:3089} INFO - Sync 1 DAGs
[2024-08-31T00:20:06.417+0000] {logging_mixin.py:188} INFO - [2024-08-31T00:20:06.416+0000] {dag.py:3947} INFO - Setting next_dagrun for trino_query_dag_irenen to 2024-08-30 00:00:00+00:00, run_after=2024-08-31 00:00:00+00:00
[2024-08-31T00:20:06.445+0000] {processor.py:183} INFO - Processing /opt/airflow/dags/irenen.py took 0.149 seconds
[2024-08-31T00:20:36.877+0000] {processor.py:161} INFO - Started process (PID=1083) to work on /opt/airflow/dags/irenen.py
[2024-08-31T00:20:36.878+0000] {processor.py:830} INFO - Processing file /opt/airflow/dags/irenen.py for tasks to queue
[2024-08-31T00:20:36.880+0000] {logging_mixin.py:188} INFO - [2024-08-31T00:20:36.880+0000] {dagbag.py:545} INFO - Filling up the DagBag from /opt/airflow/dags/irenen.py
[2024-08-31T00:20:36.915+0000] {processor.py:840} INFO - DAG(s) 'trino_query_dag_irenen' retrieved from /opt/airflow/dags/irenen.py
[2024-08-31T00:20:36.949+0000] {logging_mixin.py:188} INFO - [2024-08-31T00:20:36.949+0000] {dag.py:3089} INFO - Sync 1 DAGs
[2024-08-31T00:20:36.977+0000] {logging_mixin.py:188} INFO - [2024-08-31T00:20:36.976+0000] {dag.py:3947} INFO - Setting next_dagrun for trino_query_dag_irenen to 2024-08-30 00:00:00+00:00, run_after=2024-08-31 00:00:00+00:00
[2024-08-31T00:20:37.004+0000] {processor.py:183} INFO - Processing /opt/airflow/dags/irenen.py took 0.134 seconds
[2024-08-31T00:21:07.218+0000] {processor.py:161} INFO - Started process (PID=1118) to work on /opt/airflow/dags/irenen.py
[2024-08-31T00:21:07.220+0000] {processor.py:830} INFO - Processing file /opt/airflow/dags/irenen.py for tasks to queue
[2024-08-31T00:21:07.222+0000] {logging_mixin.py:188} INFO - [2024-08-31T00:21:07.222+0000] {dagbag.py:545} INFO - Filling up the DagBag from /opt/airflow/dags/irenen.py
[2024-08-31T00:21:07.251+0000] {processor.py:840} INFO - DAG(s) 'trino_query_dag_irenen' retrieved from /opt/airflow/dags/irenen.py
[2024-08-31T00:21:07.286+0000] {logging_mixin.py:188} INFO - [2024-08-31T00:21:07.286+0000] {dag.py:3089} INFO - Sync 1 DAGs
[2024-08-31T00:21:07.313+0000] {logging_mixin.py:188} INFO - [2024-08-31T00:21:07.313+0000] {dag.py:3947} INFO - Setting next_dagrun for trino_query_dag_irenen to 2024-08-30 00:00:00+00:00, run_after=2024-08-31 00:00:00+00:00
[2024-08-31T00:21:07.339+0000] {processor.py:183} INFO - Processing /opt/airflow/dags/irenen.py took 0.127 seconds
[2024-08-31T00:21:37.560+0000] {processor.py:161} INFO - Started process (PID=1153) to work on /opt/airflow/dags/irenen.py
[2024-08-31T00:21:37.562+0000] {processor.py:830} INFO - Processing file /opt/airflow/dags/irenen.py for tasks to queue
[2024-08-31T00:21:37.566+0000] {logging_mixin.py:188} INFO - [2024-08-31T00:21:37.565+0000] {dagbag.py:545} INFO - Filling up the DagBag from /opt/airflow/dags/irenen.py
[2024-08-31T00:21:37.602+0000] {processor.py:840} INFO - DAG(s) 'trino_query_dag_irenen' retrieved from /opt/airflow/dags/irenen.py
[2024-08-31T00:21:37.635+0000] {logging_mixin.py:188} INFO - [2024-08-31T00:21:37.634+0000] {dag.py:3089} INFO - Sync 1 DAGs
[2024-08-31T00:21:37.662+0000] {logging_mixin.py:188} INFO - [2024-08-31T00:21:37.661+0000] {dag.py:3947} INFO - Setting next_dagrun for trino_query_dag_irenen to 2024-08-30 00:00:00+00:00, run_after=2024-08-31 00:00:00+00:00
[2024-08-31T00:21:37.688+0000] {processor.py:183} INFO - Processing /opt/airflow/dags/irenen.py took 0.135 seconds
[2024-08-31T00:22:07.886+0000] {processor.py:161} INFO - Started process (PID=1188) to work on /opt/airflow/dags/irenen.py
[2024-08-31T00:22:07.888+0000] {processor.py:830} INFO - Processing file /opt/airflow/dags/irenen.py for tasks to queue
[2024-08-31T00:22:07.890+0000] {logging_mixin.py:188} INFO - [2024-08-31T00:22:07.890+0000] {dagbag.py:545} INFO - Filling up the DagBag from /opt/airflow/dags/irenen.py
[2024-08-31T00:22:07.924+0000] {processor.py:840} INFO - DAG(s) 'trino_query_dag_irenen' retrieved from /opt/airflow/dags/irenen.py
[2024-08-31T00:22:07.959+0000] {logging_mixin.py:188} INFO - [2024-08-31T00:22:07.959+0000] {dag.py:3089} INFO - Sync 1 DAGs
[2024-08-31T00:22:07.987+0000] {logging_mixin.py:188} INFO - [2024-08-31T00:22:07.987+0000] {dag.py:3947} INFO - Setting next_dagrun for trino_query_dag_irenen to 2024-08-30 00:00:00+00:00, run_after=2024-08-31 00:00:00+00:00
[2024-08-31T00:22:08.014+0000] {processor.py:183} INFO - Processing /opt/airflow/dags/irenen.py took 0.136 seconds
[2024-08-31T00:22:38.202+0000] {processor.py:161} INFO - Started process (PID=1223) to work on /opt/airflow/dags/irenen.py
[2024-08-31T00:22:38.204+0000] {processor.py:830} INFO - Processing file /opt/airflow/dags/irenen.py for tasks to queue
[2024-08-31T00:22:38.206+0000] {logging_mixin.py:188} INFO - [2024-08-31T00:22:38.205+0000] {dagbag.py:545} INFO - Filling up the DagBag from /opt/airflow/dags/irenen.py
[2024-08-31T00:22:38.236+0000] {processor.py:840} INFO - DAG(s) 'trino_query_dag_irenen' retrieved from /opt/airflow/dags/irenen.py
[2024-08-31T00:22:38.270+0000] {logging_mixin.py:188} INFO - [2024-08-31T00:22:38.270+0000] {dag.py:3089} INFO - Sync 1 DAGs
[2024-08-31T00:22:38.297+0000] {logging_mixin.py:188} INFO - [2024-08-31T00:22:38.297+0000] {dag.py:3947} INFO - Setting next_dagrun for trino_query_dag_irenen to 2024-08-30 00:00:00+00:00, run_after=2024-08-31 00:00:00+00:00
[2024-08-31T00:22:38.323+0000] {processor.py:183} INFO - Processing /opt/airflow/dags/irenen.py took 0.130 seconds
[2024-08-31T00:23:08.641+0000] {processor.py:161} INFO - Started process (PID=1258) to work on /opt/airflow/dags/irenen.py
[2024-08-31T00:23:08.642+0000] {processor.py:830} INFO - Processing file /opt/airflow/dags/irenen.py for tasks to queue
[2024-08-31T00:23:08.644+0000] {logging_mixin.py:188} INFO - [2024-08-31T00:23:08.644+0000] {dagbag.py:545} INFO - Filling up the DagBag from /opt/airflow/dags/irenen.py
[2024-08-31T00:23:08.677+0000] {processor.py:840} INFO - DAG(s) 'trino_query_dag_irenen' retrieved from /opt/airflow/dags/irenen.py
[2024-08-31T00:23:08.710+0000] {logging_mixin.py:188} INFO - [2024-08-31T00:23:08.710+0000] {dag.py:3089} INFO - Sync 1 DAGs
[2024-08-31T00:23:08.739+0000] {logging_mixin.py:188} INFO - [2024-08-31T00:23:08.739+0000] {dag.py:3947} INFO - Setting next_dagrun for trino_query_dag_irenen to 2024-08-30 00:00:00+00:00, run_after=2024-08-31 00:00:00+00:00
[2024-08-31T00:23:08.762+0000] {processor.py:183} INFO - Processing /opt/airflow/dags/irenen.py took 0.129 seconds
[2024-08-31T00:23:38.973+0000] {processor.py:161} INFO - Started process (PID=1293) to work on /opt/airflow/dags/irenen.py
[2024-08-31T00:23:38.975+0000] {processor.py:830} INFO - Processing file /opt/airflow/dags/irenen.py for tasks to queue
[2024-08-31T00:23:38.978+0000] {logging_mixin.py:188} INFO - [2024-08-31T00:23:38.977+0000] {dagbag.py:545} INFO - Filling up the DagBag from /opt/airflow/dags/irenen.py
[2024-08-31T00:23:39.036+0000] {processor.py:840} INFO - DAG(s) 'trino_query_dag_irenen' retrieved from /opt/airflow/dags/irenen.py
[2024-08-31T00:23:39.070+0000] {logging_mixin.py:188} INFO - [2024-08-31T00:23:39.070+0000] {dag.py:3089} INFO - Sync 1 DAGs
[2024-08-31T00:23:39.109+0000] {logging_mixin.py:188} INFO - [2024-08-31T00:23:39.108+0000] {dag.py:3947} INFO - Setting next_dagrun for trino_query_dag_irenen to 2024-08-30 00:00:00+00:00, run_after=2024-08-31 00:00:00+00:00
[2024-08-31T00:23:39.138+0000] {processor.py:183} INFO - Processing /opt/airflow/dags/irenen.py took 0.184 seconds
[2024-08-31T00:24:09.207+0000] {processor.py:161} INFO - Started process (PID=1328) to work on /opt/airflow/dags/irenen.py
[2024-08-31T00:24:09.208+0000] {processor.py:830} INFO - Processing file /opt/airflow/dags/irenen.py for tasks to queue
[2024-08-31T00:24:09.211+0000] {logging_mixin.py:188} INFO - [2024-08-31T00:24:09.211+0000] {dagbag.py:545} INFO - Filling up the DagBag from /opt/airflow/dags/irenen.py
[2024-08-31T00:24:09.239+0000] {processor.py:840} INFO - DAG(s) 'trino_query_dag_irenen' retrieved from /opt/airflow/dags/irenen.py
[2024-08-31T00:24:09.273+0000] {logging_mixin.py:188} INFO - [2024-08-31T00:24:09.273+0000] {dag.py:3089} INFO - Sync 1 DAGs
[2024-08-31T00:24:09.299+0000] {logging_mixin.py:188} INFO - [2024-08-31T00:24:09.299+0000] {dag.py:3947} INFO - Setting next_dagrun for trino_query_dag_irenen to 2024-08-30 00:00:00+00:00, run_after=2024-08-31 00:00:00+00:00
[2024-08-31T00:24:09.329+0000] {processor.py:183} INFO - Processing /opt/airflow/dags/irenen.py took 0.129 seconds
[2024-08-31T00:24:39.678+0000] {processor.py:161} INFO - Started process (PID=1363) to work on /opt/airflow/dags/irenen.py
[2024-08-31T00:24:39.679+0000] {processor.py:830} INFO - Processing file /opt/airflow/dags/irenen.py for tasks to queue
[2024-08-31T00:24:39.681+0000] {logging_mixin.py:188} INFO - [2024-08-31T00:24:39.681+0000] {dagbag.py:545} INFO - Filling up the DagBag from /opt/airflow/dags/irenen.py
[2024-08-31T00:24:39.716+0000] {processor.py:840} INFO - DAG(s) 'trino_query_dag_irenen' retrieved from /opt/airflow/dags/irenen.py
[2024-08-31T00:24:39.749+0000] {logging_mixin.py:188} INFO - [2024-08-31T00:24:39.749+0000] {dag.py:3089} INFO - Sync 1 DAGs
[2024-08-31T00:24:39.777+0000] {logging_mixin.py:188} INFO - [2024-08-31T00:24:39.776+0000] {dag.py:3947} INFO - Setting next_dagrun for trino_query_dag_irenen to 2024-08-30 00:00:00+00:00, run_after=2024-08-31 00:00:00+00:00
[2024-08-31T00:24:39.803+0000] {processor.py:183} INFO - Processing /opt/airflow/dags/irenen.py took 0.133 seconds
