[2024-08-31T00:05:11.034+0000] {processor.py:161} INFO - Started process (PID=197) to work on /opt/airflow/dags/irene.py
[2024-08-31T00:05:11.046+0000] {processor.py:830} INFO - Processing file /opt/airflow/dags/irene.py for tasks to queue
[2024-08-31T00:05:11.051+0000] {logging_mixin.py:188} INFO - [2024-08-31T00:05:11.051+0000] {dagbag.py:545} INFO - Filling up the DagBag from /opt/airflow/dags/irene.py
[2024-08-31T00:05:11.245+0000] {processor.py:840} INFO - DAG(s) 'trino_query_dag_irene' retrieved from /opt/airflow/dags/irene.py
[2024-08-31T00:05:11.358+0000] {logging_mixin.py:188} INFO - [2024-08-31T00:05:11.358+0000] {dag.py:3089} INFO - Sync 1 DAGs
[2024-08-31T00:05:11.397+0000] {logging_mixin.py:188} INFO - [2024-08-31T00:05:11.396+0000] {dag.py:3947} INFO - Setting next_dagrun for trino_query_dag_irene to 2024-08-30 00:00:00+00:00, run_after=2024-08-31 00:00:00+00:00
[2024-08-31T00:05:11.878+0000] {processor.py:183} INFO - Processing /opt/airflow/dags/irene.py took 0.884 seconds
[2024-08-31T00:05:42.405+0000] {processor.py:161} INFO - Started process (PID=244) to work on /opt/airflow/dags/irene.py
[2024-08-31T00:05:42.413+0000] {processor.py:830} INFO - Processing file /opt/airflow/dags/irene.py for tasks to queue
[2024-08-31T00:05:42.418+0000] {logging_mixin.py:188} INFO - [2024-08-31T00:05:42.417+0000] {dagbag.py:545} INFO - Filling up the DagBag from /opt/airflow/dags/irene.py
[2024-08-31T00:05:42.460+0000] {processor.py:840} INFO - DAG(s) 'trino_query_dag_irene' retrieved from /opt/airflow/dags/irene.py
[2024-08-31T00:05:42.678+0000] {logging_mixin.py:188} INFO - [2024-08-31T00:05:42.678+0000] {dag.py:3089} INFO - Sync 1 DAGs
[2024-08-31T00:05:42.754+0000] {logging_mixin.py:188} INFO - [2024-08-31T00:05:42.753+0000] {dag.py:3947} INFO - Setting next_dagrun for trino_query_dag_irene to 2024-08-30 00:00:00+00:00, run_after=2024-08-31 00:00:00+00:00
[2024-08-31T00:05:42.794+0000] {processor.py:183} INFO - Processing /opt/airflow/dags/irene.py took 0.398 seconds
[2024-08-31T00:06:13.073+0000] {processor.py:161} INFO - Started process (PID=279) to work on /opt/airflow/dags/irene.py
[2024-08-31T00:06:13.074+0000] {processor.py:830} INFO - Processing file /opt/airflow/dags/irene.py for tasks to queue
[2024-08-31T00:06:13.076+0000] {logging_mixin.py:188} INFO - [2024-08-31T00:06:13.075+0000] {dagbag.py:545} INFO - Filling up the DagBag from /opt/airflow/dags/irene.py
[2024-08-31T00:06:13.105+0000] {processor.py:840} INFO - DAG(s) 'trino_query_dag_irene' retrieved from /opt/airflow/dags/irene.py
[2024-08-31T00:06:13.194+0000] {logging_mixin.py:188} INFO - [2024-08-31T00:06:13.191+0000] {dag.py:3089} INFO - Sync 1 DAGs
[2024-08-31T00:06:13.231+0000] {logging_mixin.py:188} INFO - [2024-08-31T00:06:13.231+0000] {dag.py:3947} INFO - Setting next_dagrun for trino_query_dag_irene to 2024-08-30 00:00:00+00:00, run_after=2024-08-31 00:00:00+00:00
[2024-08-31T00:06:13.795+0000] {processor.py:183} INFO - Processing /opt/airflow/dags/irene.py took 0.731 seconds
[2024-08-31T00:06:44.250+0000] {processor.py:161} INFO - Started process (PID=314) to work on /opt/airflow/dags/irene.py
[2024-08-31T00:06:44.251+0000] {processor.py:830} INFO - Processing file /opt/airflow/dags/irene.py for tasks to queue
[2024-08-31T00:06:44.254+0000] {logging_mixin.py:188} INFO - [2024-08-31T00:06:44.253+0000] {dagbag.py:545} INFO - Filling up the DagBag from /opt/airflow/dags/irene.py
[2024-08-31T00:06:44.281+0000] {processor.py:840} INFO - DAG(s) 'trino_query_dag_irene' retrieved from /opt/airflow/dags/irene.py
[2024-08-31T00:06:44.311+0000] {logging_mixin.py:188} INFO - [2024-08-31T00:06:44.311+0000] {dag.py:3089} INFO - Sync 1 DAGs
[2024-08-31T00:06:44.343+0000] {logging_mixin.py:188} INFO - [2024-08-31T00:06:44.343+0000] {dag.py:3947} INFO - Setting next_dagrun for trino_query_dag_irene to 2024-08-30 00:00:00+00:00, run_after=2024-08-31 00:00:00+00:00
[2024-08-31T00:06:44.375+0000] {processor.py:183} INFO - Processing /opt/airflow/dags/irene.py took 0.131 seconds
[2024-08-31T00:07:55.146+0000] {processor.py:161} INFO - Started process (PID=193) to work on /opt/airflow/dags/irene.py
[2024-08-31T00:07:55.147+0000] {processor.py:830} INFO - Processing file /opt/airflow/dags/irene.py for tasks to queue
[2024-08-31T00:07:55.152+0000] {logging_mixin.py:188} INFO - [2024-08-31T00:07:55.152+0000] {dagbag.py:545} INFO - Filling up the DagBag from /opt/airflow/dags/irene.py
[2024-08-31T00:07:55.198+0000] {processor.py:840} INFO - DAG(s) 'trino_query_dag_irene' retrieved from /opt/airflow/dags/irene.py
[2024-08-31T00:07:55.247+0000] {logging_mixin.py:188} INFO - [2024-08-31T00:07:55.247+0000] {dag.py:3089} INFO - Sync 1 DAGs
[2024-08-31T00:07:55.332+0000] {logging_mixin.py:188} INFO - [2024-08-31T00:07:55.331+0000] {dag.py:3947} INFO - Setting next_dagrun for trino_query_dag_irene to 2024-08-30 00:00:00+00:00, run_after=2024-08-31 00:00:00+00:00
[2024-08-31T00:07:55.390+0000] {processor.py:183} INFO - Processing /opt/airflow/dags/irene.py took 0.250 seconds
[2024-08-31T00:08:25.532+0000] {processor.py:161} INFO - Started process (PID=232) to work on /opt/airflow/dags/irene.py
[2024-08-31T00:08:25.534+0000] {processor.py:830} INFO - Processing file /opt/airflow/dags/irene.py for tasks to queue
[2024-08-31T00:08:25.536+0000] {logging_mixin.py:188} INFO - [2024-08-31T00:08:25.536+0000] {dagbag.py:545} INFO - Filling up the DagBag from /opt/airflow/dags/irene.py
[2024-08-31T00:08:25.576+0000] {processor.py:840} INFO - DAG(s) 'trino_query_dag_irene' retrieved from /opt/airflow/dags/irene.py
[2024-08-31T00:08:25.725+0000] {logging_mixin.py:188} INFO - [2024-08-31T00:08:25.725+0000] {dag.py:3089} INFO - Sync 1 DAGs
[2024-08-31T00:08:25.750+0000] {logging_mixin.py:188} INFO - [2024-08-31T00:08:25.750+0000] {dag.py:3947} INFO - Setting next_dagrun for trino_query_dag_irene to 2024-08-30 00:00:00+00:00, run_after=2024-08-31 00:00:00+00:00
[2024-08-31T00:08:25.789+0000] {processor.py:183} INFO - Processing /opt/airflow/dags/irene.py took 0.266 seconds
[2024-08-31T00:08:56.269+0000] {processor.py:161} INFO - Started process (PID=267) to work on /opt/airflow/dags/irene.py
[2024-08-31T00:08:56.271+0000] {processor.py:830} INFO - Processing file /opt/airflow/dags/irene.py for tasks to queue
[2024-08-31T00:08:56.273+0000] {logging_mixin.py:188} INFO - [2024-08-31T00:08:56.272+0000] {dagbag.py:545} INFO - Filling up the DagBag from /opt/airflow/dags/irene.py
[2024-08-31T00:08:56.301+0000] {processor.py:840} INFO - DAG(s) 'trino_query_dag_irene' retrieved from /opt/airflow/dags/irene.py
[2024-08-31T00:08:56.334+0000] {logging_mixin.py:188} INFO - [2024-08-31T00:08:56.334+0000] {dag.py:3089} INFO - Sync 1 DAGs
[2024-08-31T00:08:56.361+0000] {logging_mixin.py:188} INFO - [2024-08-31T00:08:56.361+0000] {dag.py:3947} INFO - Setting next_dagrun for trino_query_dag_irene to 2024-08-30 00:00:00+00:00, run_after=2024-08-31 00:00:00+00:00
[2024-08-31T00:08:56.393+0000] {processor.py:183} INFO - Processing /opt/airflow/dags/irene.py took 0.132 seconds
[2024-08-31T00:09:26.659+0000] {processor.py:161} INFO - Started process (PID=300) to work on /opt/airflow/dags/irene.py
[2024-08-31T00:09:26.660+0000] {processor.py:830} INFO - Processing file /opt/airflow/dags/irene.py for tasks to queue
[2024-08-31T00:09:26.662+0000] {logging_mixin.py:188} INFO - [2024-08-31T00:09:26.662+0000] {dagbag.py:545} INFO - Filling up the DagBag from /opt/airflow/dags/irene.py
[2024-08-31T00:09:26.695+0000] {processor.py:840} INFO - DAG(s) 'trino_query_dag_irene' retrieved from /opt/airflow/dags/irene.py
[2024-08-31T00:09:26.730+0000] {logging_mixin.py:188} INFO - [2024-08-31T00:09:26.729+0000] {dag.py:3089} INFO - Sync 1 DAGs
[2024-08-31T00:09:26.758+0000] {logging_mixin.py:188} INFO - [2024-08-31T00:09:26.758+0000] {dag.py:3947} INFO - Setting next_dagrun for trino_query_dag_irene to 2024-08-30 00:00:00+00:00, run_after=2024-08-31 00:00:00+00:00
[2024-08-31T00:09:26.862+0000] {processor.py:183} INFO - Processing /opt/airflow/dags/irene.py took 0.209 seconds
[2024-08-31T00:09:57.187+0000] {processor.py:161} INFO - Started process (PID=337) to work on /opt/airflow/dags/irene.py
[2024-08-31T00:09:57.188+0000] {processor.py:830} INFO - Processing file /opt/airflow/dags/irene.py for tasks to queue
[2024-08-31T00:09:57.191+0000] {logging_mixin.py:188} INFO - [2024-08-31T00:09:57.191+0000] {dagbag.py:545} INFO - Filling up the DagBag from /opt/airflow/dags/irene.py
[2024-08-31T00:09:57.221+0000] {processor.py:840} INFO - DAG(s) 'trino_query_dag_irene' retrieved from /opt/airflow/dags/irene.py
[2024-08-31T00:09:57.256+0000] {logging_mixin.py:188} INFO - [2024-08-31T00:09:57.255+0000] {dag.py:3089} INFO - Sync 1 DAGs
[2024-08-31T00:09:57.284+0000] {logging_mixin.py:188} INFO - [2024-08-31T00:09:57.284+0000] {dag.py:3947} INFO - Setting next_dagrun for trino_query_dag_irene to 2024-08-30 00:00:00+00:00, run_after=2024-08-31 00:00:00+00:00
[2024-08-31T00:09:57.311+0000] {processor.py:183} INFO - Processing /opt/airflow/dags/irene.py took 0.131 seconds
[2024-08-31T00:10:27.505+0000] {processor.py:161} INFO - Started process (PID=376) to work on /opt/airflow/dags/irene.py
[2024-08-31T00:10:27.507+0000] {processor.py:830} INFO - Processing file /opt/airflow/dags/irene.py for tasks to queue
[2024-08-31T00:10:27.509+0000] {logging_mixin.py:188} INFO - [2024-08-31T00:10:27.509+0000] {dagbag.py:545} INFO - Filling up the DagBag from /opt/airflow/dags/irene.py
[2024-08-31T00:10:27.540+0000] {processor.py:840} INFO - DAG(s) 'trino_query_dag_irene' retrieved from /opt/airflow/dags/irene.py
[2024-08-31T00:10:27.606+0000] {logging_mixin.py:188} INFO - [2024-08-31T00:10:27.606+0000] {dag.py:3089} INFO - Sync 1 DAGs
[2024-08-31T00:10:27.648+0000] {logging_mixin.py:188} INFO - [2024-08-31T00:10:27.648+0000] {dag.py:3947} INFO - Setting next_dagrun for trino_query_dag_irene to 2024-08-30 00:00:00+00:00, run_after=2024-08-31 00:00:00+00:00
[2024-08-31T00:10:27.905+0000] {processor.py:183} INFO - Processing /opt/airflow/dags/irene.py took 0.407 seconds
[2024-08-31T00:10:58.855+0000] {processor.py:161} INFO - Started process (PID=417) to work on /opt/airflow/dags/irene.py
[2024-08-31T00:10:58.856+0000] {processor.py:830} INFO - Processing file /opt/airflow/dags/irene.py for tasks to queue
[2024-08-31T00:10:58.858+0000] {logging_mixin.py:188} INFO - [2024-08-31T00:10:58.858+0000] {dagbag.py:545} INFO - Filling up the DagBag from /opt/airflow/dags/irene.py
[2024-08-31T00:10:58.888+0000] {processor.py:840} INFO - DAG(s) 'trino_query_dag_irene' retrieved from /opt/airflow/dags/irene.py
[2024-08-31T00:10:58.932+0000] {logging_mixin.py:188} INFO - [2024-08-31T00:10:58.932+0000] {dag.py:3089} INFO - Sync 1 DAGs
[2024-08-31T00:10:58.961+0000] {logging_mixin.py:188} INFO - [2024-08-31T00:10:58.960+0000] {dag.py:3947} INFO - Setting next_dagrun for trino_query_dag_irene to 2024-08-30 00:00:00+00:00, run_after=2024-08-31 00:00:00+00:00
[2024-08-31T00:10:58.989+0000] {processor.py:183} INFO - Processing /opt/airflow/dags/irene.py took 0.141 seconds
[2024-08-31T00:11:29.199+0000] {processor.py:161} INFO - Started process (PID=454) to work on /opt/airflow/dags/irene.py
[2024-08-31T00:11:29.201+0000] {processor.py:830} INFO - Processing file /opt/airflow/dags/irene.py for tasks to queue
[2024-08-31T00:11:29.203+0000] {logging_mixin.py:188} INFO - [2024-08-31T00:11:29.202+0000] {dagbag.py:545} INFO - Filling up the DagBag from /opt/airflow/dags/irene.py
[2024-08-31T00:11:29.231+0000] {processor.py:840} INFO - DAG(s) 'trino_query_dag_irene' retrieved from /opt/airflow/dags/irene.py
[2024-08-31T00:11:29.263+0000] {logging_mixin.py:188} INFO - [2024-08-31T00:11:29.263+0000] {dag.py:3089} INFO - Sync 1 DAGs
[2024-08-31T00:11:29.291+0000] {logging_mixin.py:188} INFO - [2024-08-31T00:11:29.291+0000] {dag.py:3947} INFO - Setting next_dagrun for trino_query_dag_irene to 2024-08-30 00:00:00+00:00, run_after=2024-08-31 00:00:00+00:00
[2024-08-31T00:11:29.315+0000] {processor.py:183} INFO - Processing /opt/airflow/dags/irene.py took 0.125 seconds
[2024-08-31T00:11:59.456+0000] {processor.py:161} INFO - Started process (PID=487) to work on /opt/airflow/dags/irene.py
[2024-08-31T00:11:59.458+0000] {processor.py:830} INFO - Processing file /opt/airflow/dags/irene.py for tasks to queue
[2024-08-31T00:11:59.460+0000] {logging_mixin.py:188} INFO - [2024-08-31T00:11:59.459+0000] {dagbag.py:545} INFO - Filling up the DagBag from /opt/airflow/dags/irene.py
[2024-08-31T00:11:59.499+0000] {processor.py:840} INFO - DAG(s) 'trino_query_dag_irene' retrieved from /opt/airflow/dags/irene.py
[2024-08-31T00:11:59.541+0000] {logging_mixin.py:188} INFO - [2024-08-31T00:11:59.541+0000] {dag.py:3089} INFO - Sync 1 DAGs
[2024-08-31T00:11:59.578+0000] {logging_mixin.py:188} INFO - [2024-08-31T00:11:59.577+0000] {dag.py:3947} INFO - Setting next_dagrun for trino_query_dag_irene to 2024-08-30 00:00:00+00:00, run_after=2024-08-31 00:00:00+00:00
[2024-08-31T00:11:59.711+0000] {processor.py:183} INFO - Processing /opt/airflow/dags/irene.py took 0.263 seconds
[2024-08-31T00:12:30.000+0000] {processor.py:161} INFO - Started process (PID=524) to work on /opt/airflow/dags/irene.py
[2024-08-31T00:12:30.003+0000] {processor.py:830} INFO - Processing file /opt/airflow/dags/irene.py for tasks to queue
[2024-08-31T00:12:30.009+0000] {logging_mixin.py:188} INFO - [2024-08-31T00:12:30.008+0000] {dagbag.py:545} INFO - Filling up the DagBag from /opt/airflow/dags/irene.py
[2024-08-31T00:12:30.052+0000] {processor.py:840} INFO - DAG(s) 'trino_query_dag_irene' retrieved from /opt/airflow/dags/irene.py
[2024-08-31T00:12:30.114+0000] {logging_mixin.py:188} INFO - [2024-08-31T00:12:30.114+0000] {dag.py:3089} INFO - Sync 1 DAGs
[2024-08-31T00:12:30.155+0000] {logging_mixin.py:188} INFO - [2024-08-31T00:12:30.154+0000] {dag.py:3947} INFO - Setting next_dagrun for trino_query_dag_irene to 2024-08-30 00:00:00+00:00, run_after=2024-08-31 00:00:00+00:00
[2024-08-31T00:12:30.187+0000] {processor.py:183} INFO - Processing /opt/airflow/dags/irene.py took 0.202 seconds
[2024-08-31T00:13:00.576+0000] {processor.py:161} INFO - Started process (PID=559) to work on /opt/airflow/dags/irene.py
[2024-08-31T00:13:00.577+0000] {processor.py:830} INFO - Processing file /opt/airflow/dags/irene.py for tasks to queue
[2024-08-31T00:13:00.579+0000] {logging_mixin.py:188} INFO - [2024-08-31T00:13:00.579+0000] {dagbag.py:545} INFO - Filling up the DagBag from /opt/airflow/dags/irene.py
[2024-08-31T00:13:00.612+0000] {processor.py:840} INFO - DAG(s) 'trino_query_dag_irene' retrieved from /opt/airflow/dags/irene.py
[2024-08-31T00:13:00.656+0000] {logging_mixin.py:188} INFO - [2024-08-31T00:13:00.656+0000] {dag.py:3089} INFO - Sync 1 DAGs
[2024-08-31T00:13:00.685+0000] {logging_mixin.py:188} INFO - [2024-08-31T00:13:00.685+0000] {dag.py:3947} INFO - Setting next_dagrun for trino_query_dag_irene to 2024-08-30 00:00:00+00:00, run_after=2024-08-31 00:00:00+00:00
[2024-08-31T00:13:00.711+0000] {processor.py:183} INFO - Processing /opt/airflow/dags/irene.py took 0.143 seconds
[2024-08-31T00:13:30.862+0000] {processor.py:161} INFO - Started process (PID=594) to work on /opt/airflow/dags/irene.py
[2024-08-31T00:13:30.863+0000] {processor.py:830} INFO - Processing file /opt/airflow/dags/irene.py for tasks to queue
[2024-08-31T00:13:30.866+0000] {logging_mixin.py:188} INFO - [2024-08-31T00:13:30.866+0000] {dagbag.py:545} INFO - Filling up the DagBag from /opt/airflow/dags/irene.py
[2024-08-31T00:13:30.909+0000] {processor.py:840} INFO - DAG(s) 'trino_query_dag_irene' retrieved from /opt/airflow/dags/irene.py
[2024-08-31T00:13:30.960+0000] {logging_mixin.py:188} INFO - [2024-08-31T00:13:30.959+0000] {dag.py:3089} INFO - Sync 1 DAGs
[2024-08-31T00:13:31.010+0000] {logging_mixin.py:188} INFO - [2024-08-31T00:13:31.010+0000] {dag.py:3947} INFO - Setting next_dagrun for trino_query_dag_irene to 2024-08-30 00:00:00+00:00, run_after=2024-08-31 00:00:00+00:00
[2024-08-31T00:13:31.055+0000] {processor.py:183} INFO - Processing /opt/airflow/dags/irene.py took 0.202 seconds
[2024-08-31T00:14:01.313+0000] {processor.py:161} INFO - Started process (PID=629) to work on /opt/airflow/dags/irene.py
[2024-08-31T00:14:01.315+0000] {processor.py:830} INFO - Processing file /opt/airflow/dags/irene.py for tasks to queue
[2024-08-31T00:14:01.317+0000] {logging_mixin.py:188} INFO - [2024-08-31T00:14:01.317+0000] {dagbag.py:545} INFO - Filling up the DagBag from /opt/airflow/dags/irene.py
[2024-08-31T00:14:01.347+0000] {processor.py:840} INFO - DAG(s) 'trino_query_dag_irene' retrieved from /opt/airflow/dags/irene.py
[2024-08-31T00:14:01.380+0000] {logging_mixin.py:188} INFO - [2024-08-31T00:14:01.380+0000] {dag.py:3089} INFO - Sync 1 DAGs
[2024-08-31T00:14:01.408+0000] {logging_mixin.py:188} INFO - [2024-08-31T00:14:01.407+0000] {dag.py:3947} INFO - Setting next_dagrun for trino_query_dag_irene to 2024-08-30 00:00:00+00:00, run_after=2024-08-31 00:00:00+00:00
[2024-08-31T00:14:01.449+0000] {processor.py:183} INFO - Processing /opt/airflow/dags/irene.py took 0.142 seconds
[2024-08-31T00:14:31.708+0000] {processor.py:161} INFO - Started process (PID=664) to work on /opt/airflow/dags/irene.py
[2024-08-31T00:14:31.709+0000] {processor.py:830} INFO - Processing file /opt/airflow/dags/irene.py for tasks to queue
[2024-08-31T00:14:31.712+0000] {logging_mixin.py:188} INFO - [2024-08-31T00:14:31.711+0000] {dagbag.py:545} INFO - Filling up the DagBag from /opt/airflow/dags/irene.py
[2024-08-31T00:14:31.742+0000] {processor.py:840} INFO - DAG(s) 'trino_query_dag_irene' retrieved from /opt/airflow/dags/irene.py
[2024-08-31T00:14:31.778+0000] {logging_mixin.py:188} INFO - [2024-08-31T00:14:31.778+0000] {dag.py:3089} INFO - Sync 1 DAGs
[2024-08-31T00:14:31.810+0000] {logging_mixin.py:188} INFO - [2024-08-31T00:14:31.810+0000] {dag.py:3947} INFO - Setting next_dagrun for trino_query_dag_irene to 2024-08-30 00:00:00+00:00, run_after=2024-08-31 00:00:00+00:00
[2024-08-31T00:14:31.839+0000] {processor.py:183} INFO - Processing /opt/airflow/dags/irene.py took 0.139 seconds
[2024-08-31T00:15:01.948+0000] {processor.py:161} INFO - Started process (PID=699) to work on /opt/airflow/dags/irene.py
[2024-08-31T00:15:01.949+0000] {processor.py:830} INFO - Processing file /opt/airflow/dags/irene.py for tasks to queue
[2024-08-31T00:15:01.951+0000] {logging_mixin.py:188} INFO - [2024-08-31T00:15:01.951+0000] {dagbag.py:545} INFO - Filling up the DagBag from /opt/airflow/dags/irene.py
[2024-08-31T00:15:01.981+0000] {processor.py:840} INFO - DAG(s) 'trino_query_dag_irene' retrieved from /opt/airflow/dags/irene.py
[2024-08-31T00:15:02.014+0000] {logging_mixin.py:188} INFO - [2024-08-31T00:15:02.013+0000] {dag.py:3089} INFO - Sync 1 DAGs
[2024-08-31T00:15:02.047+0000] {logging_mixin.py:188} INFO - [2024-08-31T00:15:02.046+0000] {dag.py:3947} INFO - Setting next_dagrun for trino_query_dag_irene to 2024-08-30 00:00:00+00:00, run_after=2024-08-31 00:00:00+00:00
[2024-08-31T00:15:02.088+0000] {processor.py:183} INFO - Processing /opt/airflow/dags/irene.py took 0.149 seconds
[2024-08-31T00:15:32.298+0000] {processor.py:161} INFO - Started process (PID=742) to work on /opt/airflow/dags/irene.py
[2024-08-31T00:15:32.299+0000] {processor.py:830} INFO - Processing file /opt/airflow/dags/irene.py for tasks to queue
[2024-08-31T00:15:32.302+0000] {logging_mixin.py:188} INFO - [2024-08-31T00:15:32.302+0000] {dagbag.py:545} INFO - Filling up the DagBag from /opt/airflow/dags/irene.py
[2024-08-31T00:15:32.351+0000] {processor.py:840} INFO - DAG(s) 'trino_query_dag_irene' retrieved from /opt/airflow/dags/irene.py
[2024-08-31T00:15:32.395+0000] {logging_mixin.py:188} INFO - [2024-08-31T00:15:32.395+0000] {dag.py:3089} INFO - Sync 1 DAGs
[2024-08-31T00:15:32.443+0000] {logging_mixin.py:188} INFO - [2024-08-31T00:15:32.442+0000] {dag.py:3947} INFO - Setting next_dagrun for trino_query_dag_irene to 2024-08-30 00:00:00+00:00, run_after=2024-08-31 00:00:00+00:00
[2024-08-31T00:15:32.507+0000] {processor.py:183} INFO - Processing /opt/airflow/dags/irene.py took 0.218 seconds
[2024-08-31T00:16:03.179+0000] {processor.py:161} INFO - Started process (PID=783) to work on /opt/airflow/dags/irene.py
[2024-08-31T00:16:03.181+0000] {processor.py:830} INFO - Processing file /opt/airflow/dags/irene.py for tasks to queue
[2024-08-31T00:16:03.183+0000] {logging_mixin.py:188} INFO - [2024-08-31T00:16:03.183+0000] {dagbag.py:545} INFO - Filling up the DagBag from /opt/airflow/dags/irene.py
[2024-08-31T00:16:03.213+0000] {processor.py:840} INFO - DAG(s) 'trino_query_dag_irene' retrieved from /opt/airflow/dags/irene.py
[2024-08-31T00:16:03.247+0000] {logging_mixin.py:188} INFO - [2024-08-31T00:16:03.246+0000] {dag.py:3089} INFO - Sync 1 DAGs
[2024-08-31T00:16:03.274+0000] {logging_mixin.py:188} INFO - [2024-08-31T00:16:03.274+0000] {dag.py:3947} INFO - Setting next_dagrun for trino_query_dag_irene to 2024-08-30 00:00:00+00:00, run_after=2024-08-31 00:00:00+00:00
[2024-08-31T00:16:03.298+0000] {processor.py:183} INFO - Processing /opt/airflow/dags/irene.py took 0.126 seconds
[2024-08-31T00:16:33.455+0000] {processor.py:161} INFO - Started process (PID=818) to work on /opt/airflow/dags/irene.py
[2024-08-31T00:16:33.456+0000] {processor.py:830} INFO - Processing file /opt/airflow/dags/irene.py for tasks to queue
[2024-08-31T00:16:33.458+0000] {logging_mixin.py:188} INFO - [2024-08-31T00:16:33.458+0000] {dagbag.py:545} INFO - Filling up the DagBag from /opt/airflow/dags/irene.py
[2024-08-31T00:16:33.490+0000] {processor.py:840} INFO - DAG(s) 'trino_query_dag_irene' retrieved from /opt/airflow/dags/irene.py
[2024-08-31T00:16:33.525+0000] {logging_mixin.py:188} INFO - [2024-08-31T00:16:33.525+0000] {dag.py:3089} INFO - Sync 1 DAGs
[2024-08-31T00:16:33.554+0000] {logging_mixin.py:188} INFO - [2024-08-31T00:16:33.554+0000] {dag.py:3947} INFO - Setting next_dagrun for trino_query_dag_irene to 2024-08-30 00:00:00+00:00, run_after=2024-08-31 00:00:00+00:00
[2024-08-31T00:16:33.585+0000] {processor.py:183} INFO - Processing /opt/airflow/dags/irene.py took 0.137 seconds
[2024-08-31T00:17:03.793+0000] {processor.py:161} INFO - Started process (PID=851) to work on /opt/airflow/dags/irene.py
[2024-08-31T00:17:03.794+0000] {processor.py:830} INFO - Processing file /opt/airflow/dags/irene.py for tasks to queue
[2024-08-31T00:17:03.796+0000] {logging_mixin.py:188} INFO - [2024-08-31T00:17:03.796+0000] {dagbag.py:545} INFO - Filling up the DagBag from /opt/airflow/dags/irene.py
[2024-08-31T00:17:03.822+0000] {processor.py:840} INFO - DAG(s) 'trino_query_dag_irene' retrieved from /opt/airflow/dags/irene.py
[2024-08-31T00:17:03.854+0000] {logging_mixin.py:188} INFO - [2024-08-31T00:17:03.854+0000] {dag.py:3089} INFO - Sync 1 DAGs
[2024-08-31T00:17:03.880+0000] {logging_mixin.py:188} INFO - [2024-08-31T00:17:03.880+0000] {dag.py:3947} INFO - Setting next_dagrun for trino_query_dag_irene to 2024-08-30 00:00:00+00:00, run_after=2024-08-31 00:00:00+00:00
[2024-08-31T00:17:03.907+0000] {processor.py:183} INFO - Processing /opt/airflow/dags/irene.py took 0.122 seconds
[2024-08-31T00:17:34.390+0000] {processor.py:161} INFO - Started process (PID=888) to work on /opt/airflow/dags/irene.py
[2024-08-31T00:17:34.391+0000] {processor.py:830} INFO - Processing file /opt/airflow/dags/irene.py for tasks to queue
[2024-08-31T00:17:34.393+0000] {logging_mixin.py:188} INFO - [2024-08-31T00:17:34.393+0000] {dagbag.py:545} INFO - Filling up the DagBag from /opt/airflow/dags/irene.py
[2024-08-31T00:17:34.423+0000] {processor.py:840} INFO - DAG(s) 'trino_query_dag_irene' retrieved from /opt/airflow/dags/irene.py
[2024-08-31T00:17:34.457+0000] {logging_mixin.py:188} INFO - [2024-08-31T00:17:34.456+0000] {dag.py:3089} INFO - Sync 1 DAGs
[2024-08-31T00:17:34.483+0000] {logging_mixin.py:188} INFO - [2024-08-31T00:17:34.483+0000] {dag.py:3947} INFO - Setting next_dagrun for trino_query_dag_irene to 2024-08-30 00:00:00+00:00, run_after=2024-08-31 00:00:00+00:00
[2024-08-31T00:17:34.509+0000] {processor.py:183} INFO - Processing /opt/airflow/dags/irene.py took 0.126 seconds
[2024-08-31T00:18:04.817+0000] {processor.py:161} INFO - Started process (PID=923) to work on /opt/airflow/dags/irene.py
[2024-08-31T00:18:04.819+0000] {processor.py:830} INFO - Processing file /opt/airflow/dags/irene.py for tasks to queue
[2024-08-31T00:18:04.822+0000] {logging_mixin.py:188} INFO - [2024-08-31T00:18:04.822+0000] {dagbag.py:545} INFO - Filling up the DagBag from /opt/airflow/dags/irene.py
[2024-08-31T00:18:04.857+0000] {processor.py:840} INFO - DAG(s) 'trino_query_dag_irene' retrieved from /opt/airflow/dags/irene.py
[2024-08-31T00:18:04.892+0000] {logging_mixin.py:188} INFO - [2024-08-31T00:18:04.892+0000] {dag.py:3089} INFO - Sync 1 DAGs
[2024-08-31T00:18:04.926+0000] {logging_mixin.py:188} INFO - [2024-08-31T00:18:04.926+0000] {dag.py:3947} INFO - Setting next_dagrun for trino_query_dag_irene to 2024-08-30 00:00:00+00:00, run_after=2024-08-31 00:00:00+00:00
[2024-08-31T00:18:04.954+0000] {processor.py:183} INFO - Processing /opt/airflow/dags/irene.py took 0.145 seconds
[2024-08-31T00:18:35.030+0000] {processor.py:161} INFO - Started process (PID=958) to work on /opt/airflow/dags/irene.py
[2024-08-31T00:18:35.032+0000] {processor.py:830} INFO - Processing file /opt/airflow/dags/irene.py for tasks to queue
[2024-08-31T00:18:35.034+0000] {logging_mixin.py:188} INFO - [2024-08-31T00:18:35.034+0000] {dagbag.py:545} INFO - Filling up the DagBag from /opt/airflow/dags/irene.py
[2024-08-31T00:18:35.066+0000] {processor.py:840} INFO - DAG(s) 'trino_query_dag_irene' retrieved from /opt/airflow/dags/irene.py
[2024-08-31T00:18:35.100+0000] {logging_mixin.py:188} INFO - [2024-08-31T00:18:35.100+0000] {dag.py:3089} INFO - Sync 1 DAGs
[2024-08-31T00:18:35.128+0000] {logging_mixin.py:188} INFO - [2024-08-31T00:18:35.128+0000] {dag.py:3947} INFO - Setting next_dagrun for trino_query_dag_irene to 2024-08-30 00:00:00+00:00, run_after=2024-08-31 00:00:00+00:00
[2024-08-31T00:18:35.360+0000] {processor.py:183} INFO - Processing /opt/airflow/dags/irene.py took 0.338 seconds
[2024-08-31T00:19:05.920+0000] {processor.py:161} INFO - Started process (PID=993) to work on /opt/airflow/dags/irene.py
[2024-08-31T00:19:05.924+0000] {processor.py:830} INFO - Processing file /opt/airflow/dags/irene.py for tasks to queue
[2024-08-31T00:19:05.931+0000] {logging_mixin.py:188} INFO - [2024-08-31T00:19:05.931+0000] {dagbag.py:545} INFO - Filling up the DagBag from /opt/airflow/dags/irene.py
[2024-08-31T00:19:05.963+0000] {processor.py:840} INFO - DAG(s) 'trino_query_dag_irene' retrieved from /opt/airflow/dags/irene.py
[2024-08-31T00:19:05.997+0000] {logging_mixin.py:188} INFO - [2024-08-31T00:19:05.997+0000] {dag.py:3089} INFO - Sync 1 DAGs
[2024-08-31T00:19:06.027+0000] {logging_mixin.py:188} INFO - [2024-08-31T00:19:06.027+0000] {dag.py:3947} INFO - Setting next_dagrun for trino_query_dag_irene to 2024-08-30 00:00:00+00:00, run_after=2024-08-31 00:00:00+00:00
[2024-08-31T00:19:06.053+0000] {processor.py:183} INFO - Processing /opt/airflow/dags/irene.py took 0.141 seconds
[2024-08-31T00:19:36.408+0000] {processor.py:161} INFO - Started process (PID=1028) to work on /opt/airflow/dags/irene.py
[2024-08-31T00:19:36.409+0000] {processor.py:830} INFO - Processing file /opt/airflow/dags/irene.py for tasks to queue
[2024-08-31T00:19:36.411+0000] {logging_mixin.py:188} INFO - [2024-08-31T00:19:36.411+0000] {dagbag.py:545} INFO - Filling up the DagBag from /opt/airflow/dags/irene.py
[2024-08-31T00:19:36.440+0000] {processor.py:840} INFO - DAG(s) 'trino_query_dag_irene' retrieved from /opt/airflow/dags/irene.py
[2024-08-31T00:19:36.474+0000] {logging_mixin.py:188} INFO - [2024-08-31T00:19:36.474+0000] {dag.py:3089} INFO - Sync 1 DAGs
[2024-08-31T00:19:36.501+0000] {logging_mixin.py:188} INFO - [2024-08-31T00:19:36.501+0000] {dag.py:3947} INFO - Setting next_dagrun for trino_query_dag_irene to 2024-08-30 00:00:00+00:00, run_after=2024-08-31 00:00:00+00:00
[2024-08-31T00:19:36.529+0000] {processor.py:183} INFO - Processing /opt/airflow/dags/irene.py took 0.129 seconds
[2024-08-31T00:20:06.655+0000] {processor.py:161} INFO - Started process (PID=1063) to work on /opt/airflow/dags/irene.py
[2024-08-31T00:20:06.656+0000] {processor.py:830} INFO - Processing file /opt/airflow/dags/irene.py for tasks to queue
[2024-08-31T00:20:06.658+0000] {logging_mixin.py:188} INFO - [2024-08-31T00:20:06.657+0000] {dagbag.py:545} INFO - Filling up the DagBag from /opt/airflow/dags/irene.py
[2024-08-31T00:20:06.687+0000] {processor.py:840} INFO - DAG(s) 'trino_query_dag_irene' retrieved from /opt/airflow/dags/irene.py
[2024-08-31T00:20:06.720+0000] {logging_mixin.py:188} INFO - [2024-08-31T00:20:06.720+0000] {dag.py:3089} INFO - Sync 1 DAGs
[2024-08-31T00:20:06.748+0000] {logging_mixin.py:188} INFO - [2024-08-31T00:20:06.748+0000] {dag.py:3947} INFO - Setting next_dagrun for trino_query_dag_irene to 2024-08-30 00:00:00+00:00, run_after=2024-08-31 00:00:00+00:00
[2024-08-31T00:20:06.774+0000] {processor.py:183} INFO - Processing /opt/airflow/dags/irene.py took 0.127 seconds
[2024-08-31T00:20:37.210+0000] {processor.py:161} INFO - Started process (PID=1098) to work on /opt/airflow/dags/irene.py
[2024-08-31T00:20:37.211+0000] {processor.py:830} INFO - Processing file /opt/airflow/dags/irene.py for tasks to queue
[2024-08-31T00:20:37.213+0000] {logging_mixin.py:188} INFO - [2024-08-31T00:20:37.213+0000] {dagbag.py:545} INFO - Filling up the DagBag from /opt/airflow/dags/irene.py
[2024-08-31T00:20:37.242+0000] {processor.py:840} INFO - DAG(s) 'trino_query_dag_irene' retrieved from /opt/airflow/dags/irene.py
[2024-08-31T00:20:37.274+0000] {logging_mixin.py:188} INFO - [2024-08-31T00:20:37.274+0000] {dag.py:3089} INFO - Sync 1 DAGs
[2024-08-31T00:20:37.302+0000] {logging_mixin.py:188} INFO - [2024-08-31T00:20:37.301+0000] {dag.py:3947} INFO - Setting next_dagrun for trino_query_dag_irene to 2024-08-30 00:00:00+00:00, run_after=2024-08-31 00:00:00+00:00
[2024-08-31T00:20:37.327+0000] {processor.py:183} INFO - Processing /opt/airflow/dags/irene.py took 0.124 seconds
[2024-08-31T00:21:07.558+0000] {processor.py:161} INFO - Started process (PID=1133) to work on /opt/airflow/dags/irene.py
[2024-08-31T00:21:07.559+0000] {processor.py:830} INFO - Processing file /opt/airflow/dags/irene.py for tasks to queue
[2024-08-31T00:21:07.561+0000] {logging_mixin.py:188} INFO - [2024-08-31T00:21:07.561+0000] {dagbag.py:545} INFO - Filling up the DagBag from /opt/airflow/dags/irene.py
[2024-08-31T00:21:07.592+0000] {processor.py:840} INFO - DAG(s) 'trino_query_dag_irene' retrieved from /opt/airflow/dags/irene.py
[2024-08-31T00:21:07.626+0000] {logging_mixin.py:188} INFO - [2024-08-31T00:21:07.626+0000] {dag.py:3089} INFO - Sync 1 DAGs
[2024-08-31T00:21:07.653+0000] {logging_mixin.py:188} INFO - [2024-08-31T00:21:07.653+0000] {dag.py:3947} INFO - Setting next_dagrun for trino_query_dag_irene to 2024-08-30 00:00:00+00:00, run_after=2024-08-31 00:00:00+00:00
[2024-08-31T00:21:07.681+0000] {processor.py:183} INFO - Processing /opt/airflow/dags/irene.py took 0.131 seconds
[2024-08-31T00:21:37.897+0000] {processor.py:161} INFO - Started process (PID=1168) to work on /opt/airflow/dags/irene.py
[2024-08-31T00:21:37.899+0000] {processor.py:830} INFO - Processing file /opt/airflow/dags/irene.py for tasks to queue
[2024-08-31T00:21:37.901+0000] {logging_mixin.py:188} INFO - [2024-08-31T00:21:37.900+0000] {dagbag.py:545} INFO - Filling up the DagBag from /opt/airflow/dags/irene.py
[2024-08-31T00:21:37.931+0000] {processor.py:840} INFO - DAG(s) 'trino_query_dag_irene' retrieved from /opt/airflow/dags/irene.py
[2024-08-31T00:21:37.966+0000] {logging_mixin.py:188} INFO - [2024-08-31T00:21:37.966+0000] {dag.py:3089} INFO - Sync 1 DAGs
[2024-08-31T00:21:37.994+0000] {logging_mixin.py:188} INFO - [2024-08-31T00:21:37.994+0000] {dag.py:3947} INFO - Setting next_dagrun for trino_query_dag_irene to 2024-08-30 00:00:00+00:00, run_after=2024-08-31 00:00:00+00:00
[2024-08-31T00:21:38.019+0000] {processor.py:183} INFO - Processing /opt/airflow/dags/irene.py took 0.131 seconds
[2024-08-31T00:22:08.224+0000] {processor.py:161} INFO - Started process (PID=1203) to work on /opt/airflow/dags/irene.py
[2024-08-31T00:22:08.226+0000] {processor.py:830} INFO - Processing file /opt/airflow/dags/irene.py for tasks to queue
[2024-08-31T00:22:08.228+0000] {logging_mixin.py:188} INFO - [2024-08-31T00:22:08.227+0000] {dagbag.py:545} INFO - Filling up the DagBag from /opt/airflow/dags/irene.py
[2024-08-31T00:22:08.258+0000] {processor.py:840} INFO - DAG(s) 'trino_query_dag_irene' retrieved from /opt/airflow/dags/irene.py
[2024-08-31T00:22:08.295+0000] {logging_mixin.py:188} INFO - [2024-08-31T00:22:08.295+0000] {dag.py:3089} INFO - Sync 1 DAGs
[2024-08-31T00:22:08.321+0000] {logging_mixin.py:188} INFO - [2024-08-31T00:22:08.321+0000] {dag.py:3947} INFO - Setting next_dagrun for trino_query_dag_irene to 2024-08-30 00:00:00+00:00, run_after=2024-08-31 00:00:00+00:00
[2024-08-31T00:22:08.346+0000] {processor.py:183} INFO - Processing /opt/airflow/dags/irene.py took 0.129 seconds
[2024-08-31T00:22:38.544+0000] {processor.py:161} INFO - Started process (PID=1238) to work on /opt/airflow/dags/irene.py
[2024-08-31T00:22:38.545+0000] {processor.py:830} INFO - Processing file /opt/airflow/dags/irene.py for tasks to queue
[2024-08-31T00:22:38.547+0000] {logging_mixin.py:188} INFO - [2024-08-31T00:22:38.547+0000] {dagbag.py:545} INFO - Filling up the DagBag from /opt/airflow/dags/irene.py
[2024-08-31T00:22:38.580+0000] {processor.py:840} INFO - DAG(s) 'trino_query_dag_irene' retrieved from /opt/airflow/dags/irene.py
[2024-08-31T00:22:38.617+0000] {logging_mixin.py:188} INFO - [2024-08-31T00:22:38.617+0000] {dag.py:3089} INFO - Sync 1 DAGs
[2024-08-31T00:22:38.644+0000] {logging_mixin.py:188} INFO - [2024-08-31T00:22:38.644+0000] {dag.py:3947} INFO - Setting next_dagrun for trino_query_dag_irene to 2024-08-30 00:00:00+00:00, run_after=2024-08-31 00:00:00+00:00
[2024-08-31T00:22:38.671+0000] {processor.py:183} INFO - Processing /opt/airflow/dags/irene.py took 0.134 seconds
[2024-08-31T00:23:08.973+0000] {processor.py:161} INFO - Started process (PID=1273) to work on /opt/airflow/dags/irene.py
[2024-08-31T00:23:08.974+0000] {processor.py:830} INFO - Processing file /opt/airflow/dags/irene.py for tasks to queue
[2024-08-31T00:23:08.977+0000] {logging_mixin.py:188} INFO - [2024-08-31T00:23:08.977+0000] {dagbag.py:545} INFO - Filling up the DagBag from /opt/airflow/dags/irene.py
[2024-08-31T00:23:09.008+0000] {processor.py:840} INFO - DAG(s) 'trino_query_dag_irene' retrieved from /opt/airflow/dags/irene.py
[2024-08-31T00:23:09.041+0000] {logging_mixin.py:188} INFO - [2024-08-31T00:23:09.041+0000] {dag.py:3089} INFO - Sync 1 DAGs
[2024-08-31T00:23:09.070+0000] {logging_mixin.py:188} INFO - [2024-08-31T00:23:09.070+0000] {dag.py:3947} INFO - Setting next_dagrun for trino_query_dag_irene to 2024-08-30 00:00:00+00:00, run_after=2024-08-31 00:00:00+00:00
[2024-08-31T00:23:09.104+0000] {processor.py:183} INFO - Processing /opt/airflow/dags/irene.py took 0.138 seconds
[2024-08-31T00:23:39.346+0000] {processor.py:161} INFO - Started process (PID=1308) to work on /opt/airflow/dags/irene.py
[2024-08-31T00:23:39.348+0000] {processor.py:830} INFO - Processing file /opt/airflow/dags/irene.py for tasks to queue
[2024-08-31T00:23:39.351+0000] {logging_mixin.py:188} INFO - [2024-08-31T00:23:39.350+0000] {dagbag.py:545} INFO - Filling up the DagBag from /opt/airflow/dags/irene.py
[2024-08-31T00:23:39.381+0000] {processor.py:840} INFO - DAG(s) 'trino_query_dag_irene' retrieved from /opt/airflow/dags/irene.py
[2024-08-31T00:23:39.415+0000] {logging_mixin.py:188} INFO - [2024-08-31T00:23:39.414+0000] {dag.py:3089} INFO - Sync 1 DAGs
[2024-08-31T00:23:39.444+0000] {logging_mixin.py:188} INFO - [2024-08-31T00:23:39.443+0000] {dag.py:3947} INFO - Setting next_dagrun for trino_query_dag_irene to 2024-08-30 00:00:00+00:00, run_after=2024-08-31 00:00:00+00:00
[2024-08-31T00:23:39.467+0000] {processor.py:183} INFO - Processing /opt/airflow/dags/irene.py took 0.128 seconds
[2024-08-31T00:24:09.586+0000] {processor.py:161} INFO - Started process (PID=1343) to work on /opt/airflow/dags/irene.py
[2024-08-31T00:24:09.587+0000] {processor.py:830} INFO - Processing file /opt/airflow/dags/irene.py for tasks to queue
[2024-08-31T00:24:09.589+0000] {logging_mixin.py:188} INFO - [2024-08-31T00:24:09.589+0000] {dagbag.py:545} INFO - Filling up the DagBag from /opt/airflow/dags/irene.py
[2024-08-31T00:24:09.617+0000] {processor.py:840} INFO - DAG(s) 'trino_query_dag_irene' retrieved from /opt/airflow/dags/irene.py
[2024-08-31T00:24:09.649+0000] {logging_mixin.py:188} INFO - [2024-08-31T00:24:09.648+0000] {dag.py:3089} INFO - Sync 1 DAGs
[2024-08-31T00:24:09.675+0000] {logging_mixin.py:188} INFO - [2024-08-31T00:24:09.675+0000] {dag.py:3947} INFO - Setting next_dagrun for trino_query_dag_irene to 2024-08-30 00:00:00+00:00, run_after=2024-08-31 00:00:00+00:00
[2024-08-31T00:24:09.700+0000] {processor.py:183} INFO - Processing /opt/airflow/dags/irene.py took 0.121 seconds
[2024-08-31T00:24:40.033+0000] {processor.py:161} INFO - Started process (PID=1378) to work on /opt/airflow/dags/irene.py
[2024-08-31T00:24:40.034+0000] {processor.py:830} INFO - Processing file /opt/airflow/dags/irene.py for tasks to queue
[2024-08-31T00:24:40.036+0000] {logging_mixin.py:188} INFO - [2024-08-31T00:24:40.036+0000] {dagbag.py:545} INFO - Filling up the DagBag from /opt/airflow/dags/irene.py
[2024-08-31T00:24:40.071+0000] {processor.py:840} INFO - DAG(s) 'trino_query_dag_irene' retrieved from /opt/airflow/dags/irene.py
[2024-08-31T00:24:40.104+0000] {logging_mixin.py:188} INFO - [2024-08-31T00:24:40.104+0000] {dag.py:3089} INFO - Sync 1 DAGs
[2024-08-31T00:24:40.133+0000] {logging_mixin.py:188} INFO - [2024-08-31T00:24:40.133+0000] {dag.py:3947} INFO - Setting next_dagrun for trino_query_dag_irene to 2024-08-30 00:00:00+00:00, run_after=2024-08-31 00:00:00+00:00
[2024-08-31T00:24:40.157+0000] {processor.py:183} INFO - Processing /opt/airflow/dags/irene.py took 0.133 seconds
