[2024-08-31T00:05:10.624+0000] {processor.py:161} INFO - Started process (PID=191) to work on /opt/airflow/dags/iron.py
[2024-08-31T00:05:10.635+0000] {processor.py:830} INFO - Processing file /opt/airflow/dags/iron.py for tasks to queue
[2024-08-31T00:05:10.640+0000] {logging_mixin.py:188} INFO - [2024-08-31T00:05:10.640+0000] {dagbag.py:545} INFO - Filling up the DagBag from /opt/airflow/dags/iron.py
[2024-08-31T00:05:10.679+0000] {processor.py:840} INFO - DAG(s) 'trino_query_dag_iron' retrieved from /opt/airflow/dags/iron.py
[2024-08-31T00:05:10.723+0000] {logging_mixin.py:188} INFO - [2024-08-31T00:05:10.723+0000] {dag.py:3089} INFO - Sync 1 DAGs
[2024-08-31T00:05:10.790+0000] {logging_mixin.py:188} INFO - [2024-08-31T00:05:10.790+0000] {dag.py:3947} INFO - Setting next_dagrun for trino_query_dag_iron to 2024-08-31 00:00:00+00:00, run_after=2024-09-01 00:00:00+00:00
[2024-08-31T00:05:10.842+0000] {processor.py:183} INFO - Processing /opt/airflow/dags/iron.py took 0.226 seconds
[2024-08-31T00:05:41.341+0000] {processor.py:161} INFO - Started process (PID=239) to work on /opt/airflow/dags/iron.py
[2024-08-31T00:05:41.342+0000] {processor.py:830} INFO - Processing file /opt/airflow/dags/iron.py for tasks to queue
[2024-08-31T00:05:41.344+0000] {logging_mixin.py:188} INFO - [2024-08-31T00:05:41.343+0000] {dagbag.py:545} INFO - Filling up the DagBag from /opt/airflow/dags/iron.py
[2024-08-31T00:05:41.369+0000] {processor.py:840} INFO - DAG(s) 'trino_query_dag_iron' retrieved from /opt/airflow/dags/iron.py
[2024-08-31T00:05:41.503+0000] {logging_mixin.py:188} INFO - [2024-08-31T00:05:41.503+0000] {dag.py:3089} INFO - Sync 1 DAGs
[2024-08-31T00:05:41.528+0000] {logging_mixin.py:188} INFO - [2024-08-31T00:05:41.528+0000] {dag.py:3947} INFO - Setting next_dagrun for trino_query_dag_iron to 2024-08-31 00:00:00+00:00, run_after=2024-09-01 00:00:00+00:00
[2024-08-31T00:05:41.559+0000] {processor.py:183} INFO - Processing /opt/airflow/dags/iron.py took 0.225 seconds
[2024-08-31T00:06:12.089+0000] {processor.py:161} INFO - Started process (PID=274) to work on /opt/airflow/dags/iron.py
[2024-08-31T00:06:12.092+0000] {processor.py:830} INFO - Processing file /opt/airflow/dags/iron.py for tasks to queue
[2024-08-31T00:06:12.103+0000] {logging_mixin.py:188} INFO - [2024-08-31T00:06:12.097+0000] {dagbag.py:545} INFO - Filling up the DagBag from /opt/airflow/dags/iron.py
[2024-08-31T00:06:12.144+0000] {processor.py:840} INFO - DAG(s) 'trino_query_dag_iron' retrieved from /opt/airflow/dags/iron.py
[2024-08-31T00:06:12.214+0000] {logging_mixin.py:188} INFO - [2024-08-31T00:06:12.213+0000] {dag.py:3089} INFO - Sync 1 DAGs
[2024-08-31T00:06:12.248+0000] {logging_mixin.py:188} INFO - [2024-08-31T00:06:12.248+0000] {dag.py:3947} INFO - Setting next_dagrun for trino_query_dag_iron to 2024-08-31 00:00:00+00:00, run_after=2024-09-01 00:00:00+00:00
[2024-08-31T00:06:12.275+0000] {processor.py:183} INFO - Processing /opt/airflow/dags/iron.py took 0.192 seconds
[2024-08-31T00:06:43.030+0000] {processor.py:161} INFO - Started process (PID=309) to work on /opt/airflow/dags/iron.py
[2024-08-31T00:06:43.031+0000] {processor.py:830} INFO - Processing file /opt/airflow/dags/iron.py for tasks to queue
[2024-08-31T00:06:43.033+0000] {logging_mixin.py:188} INFO - [2024-08-31T00:06:43.033+0000] {dagbag.py:545} INFO - Filling up the DagBag from /opt/airflow/dags/iron.py
[2024-08-31T00:06:43.060+0000] {processor.py:840} INFO - DAG(s) 'trino_query_dag_iron' retrieved from /opt/airflow/dags/iron.py
[2024-08-31T00:06:43.093+0000] {logging_mixin.py:188} INFO - [2024-08-31T00:06:43.092+0000] {dag.py:3089} INFO - Sync 1 DAGs
[2024-08-31T00:06:43.124+0000] {logging_mixin.py:188} INFO - [2024-08-31T00:06:43.124+0000] {dag.py:3947} INFO - Setting next_dagrun for trino_query_dag_iron to 2024-08-31 00:00:00+00:00, run_after=2024-09-01 00:00:00+00:00
[2024-08-31T00:06:43.191+0000] {processor.py:183} INFO - Processing /opt/airflow/dags/iron.py took 0.167 seconds
[2024-08-31T00:07:54.907+0000] {processor.py:161} INFO - Started process (PID=188) to work on /opt/airflow/dags/iron.py
[2024-08-31T00:07:54.908+0000] {processor.py:830} INFO - Processing file /opt/airflow/dags/iron.py for tasks to queue
[2024-08-31T00:07:54.917+0000] {logging_mixin.py:188} INFO - [2024-08-31T00:07:54.916+0000] {dagbag.py:545} INFO - Filling up the DagBag from /opt/airflow/dags/iron.py
[2024-08-31T00:07:54.955+0000] {processor.py:840} INFO - DAG(s) 'trino_query_dag_iron' retrieved from /opt/airflow/dags/iron.py
[2024-08-31T00:07:54.977+0000] {logging_mixin.py:188} INFO - [2024-08-31T00:07:54.977+0000] {dag.py:3089} INFO - Sync 1 DAGs
[2024-08-31T00:07:55.023+0000] {logging_mixin.py:188} INFO - [2024-08-31T00:07:55.022+0000] {dag.py:3947} INFO - Setting next_dagrun for trino_query_dag_iron to 2024-08-31 00:00:00+00:00, run_after=2024-09-01 00:00:00+00:00
[2024-08-31T00:07:55.073+0000] {processor.py:183} INFO - Processing /opt/airflow/dags/iron.py took 0.185 seconds
[2024-08-31T00:08:25.265+0000] {processor.py:161} INFO - Started process (PID=227) to work on /opt/airflow/dags/iron.py
[2024-08-31T00:08:25.266+0000] {processor.py:830} INFO - Processing file /opt/airflow/dags/iron.py for tasks to queue
[2024-08-31T00:08:25.268+0000] {logging_mixin.py:188} INFO - [2024-08-31T00:08:25.268+0000] {dagbag.py:545} INFO - Filling up the DagBag from /opt/airflow/dags/iron.py
[2024-08-31T00:08:25.294+0000] {processor.py:840} INFO - DAG(s) 'trino_query_dag_iron' retrieved from /opt/airflow/dags/iron.py
[2024-08-31T00:08:25.422+0000] {logging_mixin.py:188} INFO - [2024-08-31T00:08:25.421+0000] {dag.py:3089} INFO - Sync 1 DAGs
[2024-08-31T00:08:25.445+0000] {logging_mixin.py:188} INFO - [2024-08-31T00:08:25.445+0000] {dag.py:3947} INFO - Setting next_dagrun for trino_query_dag_iron to 2024-08-31 00:00:00+00:00, run_after=2024-09-01 00:00:00+00:00
[2024-08-31T00:08:25.477+0000] {processor.py:183} INFO - Processing /opt/airflow/dags/iron.py took 0.218 seconds
[2024-08-31T00:08:56.109+0000] {processor.py:161} INFO - Started process (PID=262) to work on /opt/airflow/dags/iron.py
[2024-08-31T00:08:56.110+0000] {processor.py:830} INFO - Processing file /opt/airflow/dags/iron.py for tasks to queue
[2024-08-31T00:08:56.112+0000] {logging_mixin.py:188} INFO - [2024-08-31T00:08:56.111+0000] {dagbag.py:545} INFO - Filling up the DagBag from /opt/airflow/dags/iron.py
[2024-08-31T00:08:56.139+0000] {processor.py:840} INFO - DAG(s) 'trino_query_dag_iron' retrieved from /opt/airflow/dags/iron.py
[2024-08-31T00:08:56.171+0000] {logging_mixin.py:188} INFO - [2024-08-31T00:08:56.171+0000] {dag.py:3089} INFO - Sync 1 DAGs
[2024-08-31T00:08:56.197+0000] {logging_mixin.py:188} INFO - [2024-08-31T00:08:56.197+0000] {dag.py:3947} INFO - Setting next_dagrun for trino_query_dag_iron to 2024-08-31 00:00:00+00:00, run_after=2024-09-01 00:00:00+00:00
[2024-08-31T00:08:56.222+0000] {processor.py:183} INFO - Processing /opt/airflow/dags/iron.py took 0.119 seconds
[2024-08-31T00:09:26.493+0000] {processor.py:161} INFO - Started process (PID=295) to work on /opt/airflow/dags/iron.py
[2024-08-31T00:09:26.495+0000] {processor.py:830} INFO - Processing file /opt/airflow/dags/iron.py for tasks to queue
[2024-08-31T00:09:26.497+0000] {logging_mixin.py:188} INFO - [2024-08-31T00:09:26.496+0000] {dagbag.py:545} INFO - Filling up the DagBag from /opt/airflow/dags/iron.py
[2024-08-31T00:09:26.601+0000] {processor.py:840} INFO - DAG(s) 'trino_query_dag_iron' retrieved from /opt/airflow/dags/iron.py
[2024-08-31T00:09:26.641+0000] {logging_mixin.py:188} INFO - [2024-08-31T00:09:26.641+0000] {dag.py:3089} INFO - Sync 1 DAGs
[2024-08-31T00:09:26.678+0000] {logging_mixin.py:188} INFO - [2024-08-31T00:09:26.678+0000] {dag.py:3947} INFO - Setting next_dagrun for trino_query_dag_iron to 2024-08-31 00:00:00+00:00, run_after=2024-09-01 00:00:00+00:00
[2024-08-31T00:09:26.797+0000] {processor.py:183} INFO - Processing /opt/airflow/dags/iron.py took 0.310 seconds
[2024-08-31T00:09:57.004+0000] {processor.py:161} INFO - Started process (PID=332) to work on /opt/airflow/dags/iron.py
[2024-08-31T00:09:57.005+0000] {processor.py:830} INFO - Processing file /opt/airflow/dags/iron.py for tasks to queue
[2024-08-31T00:09:57.008+0000] {logging_mixin.py:188} INFO - [2024-08-31T00:09:57.008+0000] {dagbag.py:545} INFO - Filling up the DagBag from /opt/airflow/dags/iron.py
[2024-08-31T00:09:57.040+0000] {processor.py:840} INFO - DAG(s) 'trino_query_dag_iron' retrieved from /opt/airflow/dags/iron.py
[2024-08-31T00:09:57.076+0000] {logging_mixin.py:188} INFO - [2024-08-31T00:09:57.076+0000] {dag.py:3089} INFO - Sync 1 DAGs
[2024-08-31T00:09:57.106+0000] {logging_mixin.py:188} INFO - [2024-08-31T00:09:57.105+0000] {dag.py:3947} INFO - Setting next_dagrun for trino_query_dag_iron to 2024-08-31 00:00:00+00:00, run_after=2024-09-01 00:00:00+00:00
[2024-08-31T00:09:57.129+0000] {processor.py:183} INFO - Processing /opt/airflow/dags/iron.py took 0.132 seconds
[2024-08-31T00:10:27.475+0000] {processor.py:161} INFO - Started process (PID=371) to work on /opt/airflow/dags/iron.py
[2024-08-31T00:10:27.481+0000] {processor.py:830} INFO - Processing file /opt/airflow/dags/iron.py for tasks to queue
[2024-08-31T00:10:27.483+0000] {logging_mixin.py:188} INFO - [2024-08-31T00:10:27.482+0000] {dagbag.py:545} INFO - Filling up the DagBag from /opt/airflow/dags/iron.py
[2024-08-31T00:10:27.538+0000] {processor.py:840} INFO - DAG(s) 'trino_query_dag_iron' retrieved from /opt/airflow/dags/iron.py
[2024-08-31T00:10:27.580+0000] {logging_mixin.py:188} INFO - [2024-08-31T00:10:27.580+0000] {dag.py:3089} INFO - Sync 1 DAGs
[2024-08-31T00:10:27.619+0000] {logging_mixin.py:188} INFO - [2024-08-31T00:10:27.619+0000] {dag.py:3947} INFO - Setting next_dagrun for trino_query_dag_iron to 2024-08-31 00:00:00+00:00, run_after=2024-09-01 00:00:00+00:00
[2024-08-31T00:10:27.899+0000] {processor.py:183} INFO - Processing /opt/airflow/dags/iron.py took 0.432 seconds
[2024-08-31T00:10:58.845+0000] {processor.py:161} INFO - Started process (PID=414) to work on /opt/airflow/dags/iron.py
[2024-08-31T00:10:58.847+0000] {processor.py:830} INFO - Processing file /opt/airflow/dags/iron.py for tasks to queue
[2024-08-31T00:10:58.849+0000] {logging_mixin.py:188} INFO - [2024-08-31T00:10:58.849+0000] {dagbag.py:545} INFO - Filling up the DagBag from /opt/airflow/dags/iron.py
[2024-08-31T00:10:58.880+0000] {processor.py:840} INFO - DAG(s) 'trino_query_dag_iron' retrieved from /opt/airflow/dags/iron.py
[2024-08-31T00:10:58.915+0000] {logging_mixin.py:188} INFO - [2024-08-31T00:10:58.915+0000] {dag.py:3089} INFO - Sync 1 DAGs
[2024-08-31T00:10:58.944+0000] {logging_mixin.py:188} INFO - [2024-08-31T00:10:58.944+0000] {dag.py:3947} INFO - Setting next_dagrun for trino_query_dag_iron to 2024-08-31 00:00:00+00:00, run_after=2024-09-01 00:00:00+00:00
[2024-08-31T00:10:58.968+0000] {processor.py:183} INFO - Processing /opt/airflow/dags/iron.py took 0.131 seconds
[2024-08-31T00:11:29.032+0000] {processor.py:161} INFO - Started process (PID=449) to work on /opt/airflow/dags/iron.py
[2024-08-31T00:11:29.033+0000] {processor.py:830} INFO - Processing file /opt/airflow/dags/iron.py for tasks to queue
[2024-08-31T00:11:29.035+0000] {logging_mixin.py:188} INFO - [2024-08-31T00:11:29.035+0000] {dagbag.py:545} INFO - Filling up the DagBag from /opt/airflow/dags/iron.py
[2024-08-31T00:11:29.061+0000] {processor.py:840} INFO - DAG(s) 'trino_query_dag_iron' retrieved from /opt/airflow/dags/iron.py
[2024-08-31T00:11:29.093+0000] {logging_mixin.py:188} INFO - [2024-08-31T00:11:29.093+0000] {dag.py:3089} INFO - Sync 1 DAGs
[2024-08-31T00:11:29.119+0000] {logging_mixin.py:188} INFO - [2024-08-31T00:11:29.119+0000] {dag.py:3947} INFO - Setting next_dagrun for trino_query_dag_iron to 2024-08-31 00:00:00+00:00, run_after=2024-09-01 00:00:00+00:00
[2024-08-31T00:11:29.143+0000] {processor.py:183} INFO - Processing /opt/airflow/dags/iron.py took 0.118 seconds
[2024-08-31T00:11:59.448+0000] {processor.py:161} INFO - Started process (PID=484) to work on /opt/airflow/dags/iron.py
[2024-08-31T00:11:59.449+0000] {processor.py:830} INFO - Processing file /opt/airflow/dags/iron.py for tasks to queue
[2024-08-31T00:11:59.451+0000] {logging_mixin.py:188} INFO - [2024-08-31T00:11:59.451+0000] {dagbag.py:545} INFO - Filling up the DagBag from /opt/airflow/dags/iron.py
[2024-08-31T00:11:59.494+0000] {processor.py:840} INFO - DAG(s) 'trino_query_dag_iron' retrieved from /opt/airflow/dags/iron.py
[2024-08-31T00:11:59.541+0000] {logging_mixin.py:188} INFO - [2024-08-31T00:11:59.540+0000] {dag.py:3089} INFO - Sync 1 DAGs
[2024-08-31T00:11:59.576+0000] {logging_mixin.py:188} INFO - [2024-08-31T00:11:59.575+0000] {dag.py:3947} INFO - Setting next_dagrun for trino_query_dag_iron to 2024-08-31 00:00:00+00:00, run_after=2024-09-01 00:00:00+00:00
[2024-08-31T00:11:59.705+0000] {processor.py:183} INFO - Processing /opt/airflow/dags/iron.py took 0.264 seconds
[2024-08-31T00:12:29.790+0000] {processor.py:161} INFO - Started process (PID=519) to work on /opt/airflow/dags/iron.py
[2024-08-31T00:12:29.792+0000] {processor.py:830} INFO - Processing file /opt/airflow/dags/iron.py for tasks to queue
[2024-08-31T00:12:29.794+0000] {logging_mixin.py:188} INFO - [2024-08-31T00:12:29.794+0000] {dagbag.py:545} INFO - Filling up the DagBag from /opt/airflow/dags/iron.py
[2024-08-31T00:12:29.825+0000] {processor.py:840} INFO - DAG(s) 'trino_query_dag_iron' retrieved from /opt/airflow/dags/iron.py
[2024-08-31T00:12:29.865+0000] {logging_mixin.py:188} INFO - [2024-08-31T00:12:29.865+0000] {dag.py:3089} INFO - Sync 1 DAGs
[2024-08-31T00:12:29.899+0000] {logging_mixin.py:188} INFO - [2024-08-31T00:12:29.899+0000] {dag.py:3947} INFO - Setting next_dagrun for trino_query_dag_iron to 2024-08-31 00:00:00+00:00, run_after=2024-09-01 00:00:00+00:00
[2024-08-31T00:12:29.930+0000] {processor.py:183} INFO - Processing /opt/airflow/dags/iron.py took 0.147 seconds
[2024-08-31T00:13:00.394+0000] {processor.py:161} INFO - Started process (PID=554) to work on /opt/airflow/dags/iron.py
[2024-08-31T00:13:00.395+0000] {processor.py:830} INFO - Processing file /opt/airflow/dags/iron.py for tasks to queue
[2024-08-31T00:13:00.397+0000] {logging_mixin.py:188} INFO - [2024-08-31T00:13:00.397+0000] {dagbag.py:545} INFO - Filling up the DagBag from /opt/airflow/dags/iron.py
[2024-08-31T00:13:00.425+0000] {processor.py:840} INFO - DAG(s) 'trino_query_dag_iron' retrieved from /opt/airflow/dags/iron.py
[2024-08-31T00:13:00.458+0000] {logging_mixin.py:188} INFO - [2024-08-31T00:13:00.458+0000] {dag.py:3089} INFO - Sync 1 DAGs
[2024-08-31T00:13:00.491+0000] {logging_mixin.py:188} INFO - [2024-08-31T00:13:00.490+0000] {dag.py:3947} INFO - Setting next_dagrun for trino_query_dag_iron to 2024-08-31 00:00:00+00:00, run_after=2024-09-01 00:00:00+00:00
[2024-08-31T00:13:00.517+0000] {processor.py:183} INFO - Processing /opt/airflow/dags/iron.py took 0.130 seconds
[2024-08-31T00:13:30.675+0000] {processor.py:161} INFO - Started process (PID=589) to work on /opt/airflow/dags/iron.py
[2024-08-31T00:13:30.677+0000] {processor.py:830} INFO - Processing file /opt/airflow/dags/iron.py for tasks to queue
[2024-08-31T00:13:30.680+0000] {logging_mixin.py:188} INFO - [2024-08-31T00:13:30.679+0000] {dagbag.py:545} INFO - Filling up the DagBag from /opt/airflow/dags/iron.py
[2024-08-31T00:13:30.707+0000] {processor.py:840} INFO - DAG(s) 'trino_query_dag_iron' retrieved from /opt/airflow/dags/iron.py
[2024-08-31T00:13:30.745+0000] {logging_mixin.py:188} INFO - [2024-08-31T00:13:30.745+0000] {dag.py:3089} INFO - Sync 1 DAGs
[2024-08-31T00:13:30.772+0000] {logging_mixin.py:188} INFO - [2024-08-31T00:13:30.772+0000] {dag.py:3947} INFO - Setting next_dagrun for trino_query_dag_iron to 2024-08-31 00:00:00+00:00, run_after=2024-09-01 00:00:00+00:00
[2024-08-31T00:13:30.805+0000] {processor.py:183} INFO - Processing /opt/airflow/dags/iron.py took 0.136 seconds
[2024-08-31T00:14:01.137+0000] {processor.py:161} INFO - Started process (PID=624) to work on /opt/airflow/dags/iron.py
[2024-08-31T00:14:01.138+0000] {processor.py:830} INFO - Processing file /opt/airflow/dags/iron.py for tasks to queue
[2024-08-31T00:14:01.141+0000] {logging_mixin.py:188} INFO - [2024-08-31T00:14:01.141+0000] {dagbag.py:545} INFO - Filling up the DagBag from /opt/airflow/dags/iron.py
[2024-08-31T00:14:01.169+0000] {processor.py:840} INFO - DAG(s) 'trino_query_dag_iron' retrieved from /opt/airflow/dags/iron.py
[2024-08-31T00:14:01.203+0000] {logging_mixin.py:188} INFO - [2024-08-31T00:14:01.202+0000] {dag.py:3089} INFO - Sync 1 DAGs
[2024-08-31T00:14:01.229+0000] {logging_mixin.py:188} INFO - [2024-08-31T00:14:01.228+0000] {dag.py:3947} INFO - Setting next_dagrun for trino_query_dag_iron to 2024-08-31 00:00:00+00:00, run_after=2024-09-01 00:00:00+00:00
[2024-08-31T00:14:01.253+0000] {processor.py:183} INFO - Processing /opt/airflow/dags/iron.py took 0.122 seconds
[2024-08-31T00:14:31.527+0000] {processor.py:161} INFO - Started process (PID=659) to work on /opt/airflow/dags/iron.py
[2024-08-31T00:14:31.528+0000] {processor.py:830} INFO - Processing file /opt/airflow/dags/iron.py for tasks to queue
[2024-08-31T00:14:31.530+0000] {logging_mixin.py:188} INFO - [2024-08-31T00:14:31.530+0000] {dagbag.py:545} INFO - Filling up the DagBag from /opt/airflow/dags/iron.py
[2024-08-31T00:14:31.557+0000] {processor.py:840} INFO - DAG(s) 'trino_query_dag_iron' retrieved from /opt/airflow/dags/iron.py
[2024-08-31T00:14:31.591+0000] {logging_mixin.py:188} INFO - [2024-08-31T00:14:31.590+0000] {dag.py:3089} INFO - Sync 1 DAGs
[2024-08-31T00:14:31.622+0000] {logging_mixin.py:188} INFO - [2024-08-31T00:14:31.621+0000] {dag.py:3947} INFO - Setting next_dagrun for trino_query_dag_iron to 2024-08-31 00:00:00+00:00, run_after=2024-09-01 00:00:00+00:00
[2024-08-31T00:14:31.647+0000] {processor.py:183} INFO - Processing /opt/airflow/dags/iron.py took 0.128 seconds
[2024-08-31T00:15:01.766+0000] {processor.py:161} INFO - Started process (PID=694) to work on /opt/airflow/dags/iron.py
[2024-08-31T00:15:01.767+0000] {processor.py:830} INFO - Processing file /opt/airflow/dags/iron.py for tasks to queue
[2024-08-31T00:15:01.768+0000] {logging_mixin.py:188} INFO - [2024-08-31T00:15:01.768+0000] {dagbag.py:545} INFO - Filling up the DagBag from /opt/airflow/dags/iron.py
[2024-08-31T00:15:01.794+0000] {processor.py:840} INFO - DAG(s) 'trino_query_dag_iron' retrieved from /opt/airflow/dags/iron.py
[2024-08-31T00:15:01.826+0000] {logging_mixin.py:188} INFO - [2024-08-31T00:15:01.826+0000] {dag.py:3089} INFO - Sync 1 DAGs
[2024-08-31T00:15:01.856+0000] {logging_mixin.py:188} INFO - [2024-08-31T00:15:01.856+0000] {dag.py:3947} INFO - Setting next_dagrun for trino_query_dag_iron to 2024-08-31 00:00:00+00:00, run_after=2024-09-01 00:00:00+00:00
[2024-08-31T00:15:01.893+0000] {processor.py:183} INFO - Processing /opt/airflow/dags/iron.py took 0.134 seconds
[2024-08-31T00:15:32.118+0000] {processor.py:161} INFO - Started process (PID=737) to work on /opt/airflow/dags/iron.py
[2024-08-31T00:15:32.119+0000] {processor.py:830} INFO - Processing file /opt/airflow/dags/iron.py for tasks to queue
[2024-08-31T00:15:32.121+0000] {logging_mixin.py:188} INFO - [2024-08-31T00:15:32.121+0000] {dagbag.py:545} INFO - Filling up the DagBag from /opt/airflow/dags/iron.py
[2024-08-31T00:15:32.147+0000] {processor.py:840} INFO - DAG(s) 'trino_query_dag_iron' retrieved from /opt/airflow/dags/iron.py
[2024-08-31T00:15:32.181+0000] {logging_mixin.py:188} INFO - [2024-08-31T00:15:32.180+0000] {dag.py:3089} INFO - Sync 1 DAGs
[2024-08-31T00:15:32.210+0000] {logging_mixin.py:188} INFO - [2024-08-31T00:15:32.210+0000] {dag.py:3947} INFO - Setting next_dagrun for trino_query_dag_iron to 2024-08-31 00:00:00+00:00, run_after=2024-09-01 00:00:00+00:00
[2024-08-31T00:15:32.238+0000] {processor.py:183} INFO - Processing /opt/airflow/dags/iron.py took 0.127 seconds
[2024-08-31T00:16:03.009+0000] {processor.py:161} INFO - Started process (PID=778) to work on /opt/airflow/dags/iron.py
[2024-08-31T00:16:03.010+0000] {processor.py:830} INFO - Processing file /opt/airflow/dags/iron.py for tasks to queue
[2024-08-31T00:16:03.013+0000] {logging_mixin.py:188} INFO - [2024-08-31T00:16:03.012+0000] {dagbag.py:545} INFO - Filling up the DagBag from /opt/airflow/dags/iron.py
[2024-08-31T00:16:03.043+0000] {processor.py:840} INFO - DAG(s) 'trino_query_dag_iron' retrieved from /opt/airflow/dags/iron.py
[2024-08-31T00:16:03.074+0000] {logging_mixin.py:188} INFO - [2024-08-31T00:16:03.074+0000] {dag.py:3089} INFO - Sync 1 DAGs
[2024-08-31T00:16:03.100+0000] {logging_mixin.py:188} INFO - [2024-08-31T00:16:03.100+0000] {dag.py:3947} INFO - Setting next_dagrun for trino_query_dag_iron to 2024-08-31 00:00:00+00:00, run_after=2024-09-01 00:00:00+00:00
[2024-08-31T00:16:03.125+0000] {processor.py:183} INFO - Processing /opt/airflow/dags/iron.py took 0.122 seconds
[2024-08-31T00:16:33.230+0000] {processor.py:161} INFO - Started process (PID=811) to work on /opt/airflow/dags/iron.py
[2024-08-31T00:16:33.232+0000] {processor.py:830} INFO - Processing file /opt/airflow/dags/iron.py for tasks to queue
[2024-08-31T00:16:33.236+0000] {logging_mixin.py:188} INFO - [2024-08-31T00:16:33.235+0000] {dagbag.py:545} INFO - Filling up the DagBag from /opt/airflow/dags/iron.py
[2024-08-31T00:16:33.269+0000] {processor.py:840} INFO - DAG(s) 'trino_query_dag_iron' retrieved from /opt/airflow/dags/iron.py
[2024-08-31T00:16:33.311+0000] {logging_mixin.py:188} INFO - [2024-08-31T00:16:33.311+0000] {dag.py:3089} INFO - Sync 1 DAGs
[2024-08-31T00:16:33.343+0000] {logging_mixin.py:188} INFO - [2024-08-31T00:16:33.343+0000] {dag.py:3947} INFO - Setting next_dagrun for trino_query_dag_iron to 2024-08-31 00:00:00+00:00, run_after=2024-09-01 00:00:00+00:00
[2024-08-31T00:16:33.374+0000] {processor.py:183} INFO - Processing /opt/airflow/dags/iron.py took 0.152 seconds
[2024-08-31T00:17:03.775+0000] {processor.py:161} INFO - Started process (PID=848) to work on /opt/airflow/dags/iron.py
[2024-08-31T00:17:03.776+0000] {processor.py:830} INFO - Processing file /opt/airflow/dags/iron.py for tasks to queue
[2024-08-31T00:17:03.778+0000] {logging_mixin.py:188} INFO - [2024-08-31T00:17:03.777+0000] {dagbag.py:545} INFO - Filling up the DagBag from /opt/airflow/dags/iron.py
[2024-08-31T00:17:03.805+0000] {processor.py:840} INFO - DAG(s) 'trino_query_dag_iron' retrieved from /opt/airflow/dags/iron.py
[2024-08-31T00:17:03.838+0000] {logging_mixin.py:188} INFO - [2024-08-31T00:17:03.838+0000] {dag.py:3089} INFO - Sync 1 DAGs
[2024-08-31T00:17:03.865+0000] {logging_mixin.py:188} INFO - [2024-08-31T00:17:03.865+0000] {dag.py:3947} INFO - Setting next_dagrun for trino_query_dag_iron to 2024-08-31 00:00:00+00:00, run_after=2024-09-01 00:00:00+00:00
[2024-08-31T00:17:03.889+0000] {processor.py:183} INFO - Processing /opt/airflow/dags/iron.py took 0.120 seconds
[2024-08-31T00:17:34.235+0000] {processor.py:161} INFO - Started process (PID=883) to work on /opt/airflow/dags/iron.py
[2024-08-31T00:17:34.236+0000] {processor.py:830} INFO - Processing file /opt/airflow/dags/iron.py for tasks to queue
[2024-08-31T00:17:34.238+0000] {logging_mixin.py:188} INFO - [2024-08-31T00:17:34.237+0000] {dagbag.py:545} INFO - Filling up the DagBag from /opt/airflow/dags/iron.py
[2024-08-31T00:17:34.261+0000] {processor.py:840} INFO - DAG(s) 'trino_query_dag_iron' retrieved from /opt/airflow/dags/iron.py
[2024-08-31T00:17:34.294+0000] {logging_mixin.py:188} INFO - [2024-08-31T00:17:34.293+0000] {dag.py:3089} INFO - Sync 1 DAGs
[2024-08-31T00:17:34.322+0000] {logging_mixin.py:188} INFO - [2024-08-31T00:17:34.322+0000] {dag.py:3947} INFO - Setting next_dagrun for trino_query_dag_iron to 2024-08-31 00:00:00+00:00, run_after=2024-09-01 00:00:00+00:00
[2024-08-31T00:17:34.345+0000] {processor.py:183} INFO - Processing /opt/airflow/dags/iron.py took 0.117 seconds
[2024-08-31T00:18:04.621+0000] {processor.py:161} INFO - Started process (PID=918) to work on /opt/airflow/dags/iron.py
[2024-08-31T00:18:04.622+0000] {processor.py:830} INFO - Processing file /opt/airflow/dags/iron.py for tasks to queue
[2024-08-31T00:18:04.625+0000] {logging_mixin.py:188} INFO - [2024-08-31T00:18:04.625+0000] {dagbag.py:545} INFO - Filling up the DagBag from /opt/airflow/dags/iron.py
[2024-08-31T00:18:04.660+0000] {processor.py:840} INFO - DAG(s) 'trino_query_dag_iron' retrieved from /opt/airflow/dags/iron.py
[2024-08-31T00:18:04.701+0000] {logging_mixin.py:188} INFO - [2024-08-31T00:18:04.700+0000] {dag.py:3089} INFO - Sync 1 DAGs
[2024-08-31T00:18:04.732+0000] {logging_mixin.py:188} INFO - [2024-08-31T00:18:04.731+0000] {dag.py:3947} INFO - Setting next_dagrun for trino_query_dag_iron to 2024-08-31 00:00:00+00:00, run_after=2024-09-01 00:00:00+00:00
[2024-08-31T00:18:04.761+0000] {processor.py:183} INFO - Processing /opt/airflow/dags/iron.py took 0.147 seconds
[2024-08-31T00:18:34.858+0000] {processor.py:161} INFO - Started process (PID=953) to work on /opt/airflow/dags/iron.py
[2024-08-31T00:18:34.859+0000] {processor.py:830} INFO - Processing file /opt/airflow/dags/iron.py for tasks to queue
[2024-08-31T00:18:34.862+0000] {logging_mixin.py:188} INFO - [2024-08-31T00:18:34.861+0000] {dagbag.py:545} INFO - Filling up the DagBag from /opt/airflow/dags/iron.py
[2024-08-31T00:18:34.888+0000] {processor.py:840} INFO - DAG(s) 'trino_query_dag_iron' retrieved from /opt/airflow/dags/iron.py
[2024-08-31T00:18:34.923+0000] {logging_mixin.py:188} INFO - [2024-08-31T00:18:34.922+0000] {dag.py:3089} INFO - Sync 1 DAGs
[2024-08-31T00:18:34.951+0000] {logging_mixin.py:188} INFO - [2024-08-31T00:18:34.950+0000] {dag.py:3947} INFO - Setting next_dagrun for trino_query_dag_iron to 2024-08-31 00:00:00+00:00, run_after=2024-09-01 00:00:00+00:00
[2024-08-31T00:18:34.974+0000] {processor.py:183} INFO - Processing /opt/airflow/dags/iron.py took 0.123 seconds
[2024-08-31T00:19:05.375+0000] {processor.py:161} INFO - Started process (PID=988) to work on /opt/airflow/dags/iron.py
[2024-08-31T00:19:05.376+0000] {processor.py:830} INFO - Processing file /opt/airflow/dags/iron.py for tasks to queue
[2024-08-31T00:19:05.378+0000] {logging_mixin.py:188} INFO - [2024-08-31T00:19:05.378+0000] {dagbag.py:545} INFO - Filling up the DagBag from /opt/airflow/dags/iron.py
[2024-08-31T00:19:05.403+0000] {processor.py:840} INFO - DAG(s) 'trino_query_dag_iron' retrieved from /opt/airflow/dags/iron.py
[2024-08-31T00:19:05.437+0000] {logging_mixin.py:188} INFO - [2024-08-31T00:19:05.436+0000] {dag.py:3089} INFO - Sync 1 DAGs
[2024-08-31T00:19:05.507+0000] {logging_mixin.py:188} INFO - [2024-08-31T00:19:05.507+0000] {dag.py:3947} INFO - Setting next_dagrun for trino_query_dag_iron to 2024-08-31 00:00:00+00:00, run_after=2024-09-01 00:00:00+00:00
[2024-08-31T00:19:05.620+0000] {processor.py:183} INFO - Processing /opt/airflow/dags/iron.py took 0.252 seconds
[2024-08-31T00:19:36.243+0000] {processor.py:161} INFO - Started process (PID=1023) to work on /opt/airflow/dags/iron.py
[2024-08-31T00:19:36.244+0000] {processor.py:830} INFO - Processing file /opt/airflow/dags/iron.py for tasks to queue
[2024-08-31T00:19:36.246+0000] {logging_mixin.py:188} INFO - [2024-08-31T00:19:36.246+0000] {dagbag.py:545} INFO - Filling up the DagBag from /opt/airflow/dags/iron.py
[2024-08-31T00:19:36.272+0000] {processor.py:840} INFO - DAG(s) 'trino_query_dag_iron' retrieved from /opt/airflow/dags/iron.py
[2024-08-31T00:19:36.303+0000] {logging_mixin.py:188} INFO - [2024-08-31T00:19:36.303+0000] {dag.py:3089} INFO - Sync 1 DAGs
[2024-08-31T00:19:36.329+0000] {logging_mixin.py:188} INFO - [2024-08-31T00:19:36.328+0000] {dag.py:3947} INFO - Setting next_dagrun for trino_query_dag_iron to 2024-08-31 00:00:00+00:00, run_after=2024-09-01 00:00:00+00:00
[2024-08-31T00:19:36.353+0000] {processor.py:183} INFO - Processing /opt/airflow/dags/iron.py took 0.118 seconds
[2024-08-31T00:20:06.497+0000] {processor.py:161} INFO - Started process (PID=1056) to work on /opt/airflow/dags/iron.py
[2024-08-31T00:20:06.498+0000] {processor.py:830} INFO - Processing file /opt/airflow/dags/iron.py for tasks to queue
[2024-08-31T00:20:06.500+0000] {logging_mixin.py:188} INFO - [2024-08-31T00:20:06.500+0000] {dagbag.py:545} INFO - Filling up the DagBag from /opt/airflow/dags/iron.py
[2024-08-31T00:20:06.525+0000] {processor.py:840} INFO - DAG(s) 'trino_query_dag_iron' retrieved from /opt/airflow/dags/iron.py
[2024-08-31T00:20:06.559+0000] {logging_mixin.py:188} INFO - [2024-08-31T00:20:06.559+0000] {dag.py:3089} INFO - Sync 1 DAGs
[2024-08-31T00:20:06.586+0000] {logging_mixin.py:188} INFO - [2024-08-31T00:20:06.586+0000] {dag.py:3947} INFO - Setting next_dagrun for trino_query_dag_iron to 2024-08-31 00:00:00+00:00, run_after=2024-09-01 00:00:00+00:00
[2024-08-31T00:20:06.610+0000] {processor.py:183} INFO - Processing /opt/airflow/dags/iron.py took 0.120 seconds
[2024-08-31T00:20:37.048+0000] {processor.py:161} INFO - Started process (PID=1093) to work on /opt/airflow/dags/iron.py
[2024-08-31T00:20:37.049+0000] {processor.py:830} INFO - Processing file /opt/airflow/dags/iron.py for tasks to queue
[2024-08-31T00:20:37.051+0000] {logging_mixin.py:188} INFO - [2024-08-31T00:20:37.051+0000] {dagbag.py:545} INFO - Filling up the DagBag from /opt/airflow/dags/iron.py
[2024-08-31T00:20:37.079+0000] {processor.py:840} INFO - DAG(s) 'trino_query_dag_iron' retrieved from /opt/airflow/dags/iron.py
[2024-08-31T00:20:37.111+0000] {logging_mixin.py:188} INFO - [2024-08-31T00:20:37.111+0000] {dag.py:3089} INFO - Sync 1 DAGs
[2024-08-31T00:20:37.138+0000] {logging_mixin.py:188} INFO - [2024-08-31T00:20:37.138+0000] {dag.py:3947} INFO - Setting next_dagrun for trino_query_dag_iron to 2024-08-31 00:00:00+00:00, run_after=2024-09-01 00:00:00+00:00
[2024-08-31T00:20:37.163+0000] {processor.py:183} INFO - Processing /opt/airflow/dags/iron.py took 0.121 seconds
[2024-08-31T00:21:07.384+0000] {processor.py:161} INFO - Started process (PID=1128) to work on /opt/airflow/dags/iron.py
[2024-08-31T00:21:07.386+0000] {processor.py:830} INFO - Processing file /opt/airflow/dags/iron.py for tasks to queue
[2024-08-31T00:21:07.388+0000] {logging_mixin.py:188} INFO - [2024-08-31T00:21:07.388+0000] {dagbag.py:545} INFO - Filling up the DagBag from /opt/airflow/dags/iron.py
[2024-08-31T00:21:07.414+0000] {processor.py:840} INFO - DAG(s) 'trino_query_dag_iron' retrieved from /opt/airflow/dags/iron.py
[2024-08-31T00:21:07.448+0000] {logging_mixin.py:188} INFO - [2024-08-31T00:21:07.448+0000] {dag.py:3089} INFO - Sync 1 DAGs
[2024-08-31T00:21:07.475+0000] {logging_mixin.py:188} INFO - [2024-08-31T00:21:07.475+0000] {dag.py:3947} INFO - Setting next_dagrun for trino_query_dag_iron to 2024-08-31 00:00:00+00:00, run_after=2024-09-01 00:00:00+00:00
[2024-08-31T00:21:07.502+0000] {processor.py:183} INFO - Processing /opt/airflow/dags/iron.py took 0.124 seconds
[2024-08-31T00:21:37.733+0000] {processor.py:161} INFO - Started process (PID=1163) to work on /opt/airflow/dags/iron.py
[2024-08-31T00:21:37.734+0000] {processor.py:830} INFO - Processing file /opt/airflow/dags/iron.py for tasks to queue
[2024-08-31T00:21:37.736+0000] {logging_mixin.py:188} INFO - [2024-08-31T00:21:37.736+0000] {dagbag.py:545} INFO - Filling up the DagBag from /opt/airflow/dags/iron.py
[2024-08-31T00:21:37.763+0000] {processor.py:840} INFO - DAG(s) 'trino_query_dag_iron' retrieved from /opt/airflow/dags/iron.py
[2024-08-31T00:21:37.795+0000] {logging_mixin.py:188} INFO - [2024-08-31T00:21:37.794+0000] {dag.py:3089} INFO - Sync 1 DAGs
[2024-08-31T00:21:37.819+0000] {logging_mixin.py:188} INFO - [2024-08-31T00:21:37.819+0000] {dag.py:3947} INFO - Setting next_dagrun for trino_query_dag_iron to 2024-08-31 00:00:00+00:00, run_after=2024-09-01 00:00:00+00:00
[2024-08-31T00:21:37.843+0000] {processor.py:183} INFO - Processing /opt/airflow/dags/iron.py took 0.117 seconds
[2024-08-31T00:22:08.059+0000] {processor.py:161} INFO - Started process (PID=1198) to work on /opt/airflow/dags/iron.py
[2024-08-31T00:22:08.060+0000] {processor.py:830} INFO - Processing file /opt/airflow/dags/iron.py for tasks to queue
[2024-08-31T00:22:08.062+0000] {logging_mixin.py:188} INFO - [2024-08-31T00:22:08.062+0000] {dagbag.py:545} INFO - Filling up the DagBag from /opt/airflow/dags/iron.py
[2024-08-31T00:22:08.089+0000] {processor.py:840} INFO - DAG(s) 'trino_query_dag_iron' retrieved from /opt/airflow/dags/iron.py
[2024-08-31T00:22:08.121+0000] {logging_mixin.py:188} INFO - [2024-08-31T00:22:08.121+0000] {dag.py:3089} INFO - Sync 1 DAGs
[2024-08-31T00:22:08.147+0000] {logging_mixin.py:188} INFO - [2024-08-31T00:22:08.147+0000] {dag.py:3947} INFO - Setting next_dagrun for trino_query_dag_iron to 2024-08-31 00:00:00+00:00, run_after=2024-09-01 00:00:00+00:00
[2024-08-31T00:22:08.171+0000] {processor.py:183} INFO - Processing /opt/airflow/dags/iron.py took 0.119 seconds
[2024-08-31T00:22:38.369+0000] {processor.py:161} INFO - Started process (PID=1233) to work on /opt/airflow/dags/iron.py
[2024-08-31T00:22:38.370+0000] {processor.py:830} INFO - Processing file /opt/airflow/dags/iron.py for tasks to queue
[2024-08-31T00:22:38.373+0000] {logging_mixin.py:188} INFO - [2024-08-31T00:22:38.372+0000] {dagbag.py:545} INFO - Filling up the DagBag from /opt/airflow/dags/iron.py
[2024-08-31T00:22:38.401+0000] {processor.py:840} INFO - DAG(s) 'trino_query_dag_iron' retrieved from /opt/airflow/dags/iron.py
[2024-08-31T00:22:38.433+0000] {logging_mixin.py:188} INFO - [2024-08-31T00:22:38.432+0000] {dag.py:3089} INFO - Sync 1 DAGs
[2024-08-31T00:22:38.458+0000] {logging_mixin.py:188} INFO - [2024-08-31T00:22:38.457+0000] {dag.py:3947} INFO - Setting next_dagrun for trino_query_dag_iron to 2024-08-31 00:00:00+00:00, run_after=2024-09-01 00:00:00+00:00
[2024-08-31T00:22:38.483+0000] {processor.py:183} INFO - Processing /opt/airflow/dags/iron.py took 0.120 seconds
[2024-08-31T00:23:08.805+0000] {processor.py:161} INFO - Started process (PID=1268) to work on /opt/airflow/dags/iron.py
[2024-08-31T00:23:08.806+0000] {processor.py:830} INFO - Processing file /opt/airflow/dags/iron.py for tasks to queue
[2024-08-31T00:23:08.808+0000] {logging_mixin.py:188} INFO - [2024-08-31T00:23:08.808+0000] {dagbag.py:545} INFO - Filling up the DagBag from /opt/airflow/dags/iron.py
[2024-08-31T00:23:08.835+0000] {processor.py:840} INFO - DAG(s) 'trino_query_dag_iron' retrieved from /opt/airflow/dags/iron.py
[2024-08-31T00:23:08.867+0000] {logging_mixin.py:188} INFO - [2024-08-31T00:23:08.867+0000] {dag.py:3089} INFO - Sync 1 DAGs
[2024-08-31T00:23:08.896+0000] {logging_mixin.py:188} INFO - [2024-08-31T00:23:08.896+0000] {dag.py:3947} INFO - Setting next_dagrun for trino_query_dag_iron to 2024-08-31 00:00:00+00:00, run_after=2024-09-01 00:00:00+00:00
[2024-08-31T00:23:08.921+0000] {processor.py:183} INFO - Processing /opt/airflow/dags/iron.py took 0.123 seconds
[2024-08-31T00:23:39.186+0000] {processor.py:161} INFO - Started process (PID=1303) to work on /opt/airflow/dags/iron.py
[2024-08-31T00:23:39.187+0000] {processor.py:830} INFO - Processing file /opt/airflow/dags/iron.py for tasks to queue
[2024-08-31T00:23:39.190+0000] {logging_mixin.py:188} INFO - [2024-08-31T00:23:39.189+0000] {dagbag.py:545} INFO - Filling up the DagBag from /opt/airflow/dags/iron.py
[2024-08-31T00:23:39.212+0000] {processor.py:840} INFO - DAG(s) 'trino_query_dag_iron' retrieved from /opt/airflow/dags/iron.py
[2024-08-31T00:23:39.243+0000] {logging_mixin.py:188} INFO - [2024-08-31T00:23:39.243+0000] {dag.py:3089} INFO - Sync 1 DAGs
[2024-08-31T00:23:39.271+0000] {logging_mixin.py:188} INFO - [2024-08-31T00:23:39.271+0000] {dag.py:3947} INFO - Setting next_dagrun for trino_query_dag_iron to 2024-08-31 00:00:00+00:00, run_after=2024-09-01 00:00:00+00:00
[2024-08-31T00:23:39.294+0000] {processor.py:183} INFO - Processing /opt/airflow/dags/iron.py took 0.114 seconds
[2024-08-31T00:24:09.407+0000] {processor.py:161} INFO - Started process (PID=1336) to work on /opt/airflow/dags/iron.py
[2024-08-31T00:24:09.408+0000] {processor.py:830} INFO - Processing file /opt/airflow/dags/iron.py for tasks to queue
[2024-08-31T00:24:09.410+0000] {logging_mixin.py:188} INFO - [2024-08-31T00:24:09.410+0000] {dagbag.py:545} INFO - Filling up the DagBag from /opt/airflow/dags/iron.py
[2024-08-31T00:24:09.446+0000] {processor.py:840} INFO - DAG(s) 'trino_query_dag_iron' retrieved from /opt/airflow/dags/iron.py
[2024-08-31T00:24:09.490+0000] {logging_mixin.py:188} INFO - [2024-08-31T00:24:09.490+0000] {dag.py:3089} INFO - Sync 1 DAGs
[2024-08-31T00:24:09.520+0000] {logging_mixin.py:188} INFO - [2024-08-31T00:24:09.519+0000] {dag.py:3947} INFO - Setting next_dagrun for trino_query_dag_iron to 2024-08-31 00:00:00+00:00, run_after=2024-09-01 00:00:00+00:00
[2024-08-31T00:24:09.540+0000] {processor.py:183} INFO - Processing /opt/airflow/dags/iron.py took 0.144 seconds
[2024-08-31T00:24:39.852+0000] {processor.py:161} INFO - Started process (PID=1373) to work on /opt/airflow/dags/iron.py
[2024-08-31T00:24:39.853+0000] {processor.py:830} INFO - Processing file /opt/airflow/dags/iron.py for tasks to queue
[2024-08-31T00:24:39.855+0000] {logging_mixin.py:188} INFO - [2024-08-31T00:24:39.855+0000] {dagbag.py:545} INFO - Filling up the DagBag from /opt/airflow/dags/iron.py
[2024-08-31T00:24:39.887+0000] {processor.py:840} INFO - DAG(s) 'trino_query_dag_iron' retrieved from /opt/airflow/dags/iron.py
[2024-08-31T00:24:39.923+0000] {logging_mixin.py:188} INFO - [2024-08-31T00:24:39.923+0000] {dag.py:3089} INFO - Sync 1 DAGs
[2024-08-31T00:24:39.952+0000] {logging_mixin.py:188} INFO - [2024-08-31T00:24:39.952+0000] {dag.py:3947} INFO - Setting next_dagrun for trino_query_dag_iron to 2024-08-31 00:00:00+00:00, run_after=2024-09-01 00:00:00+00:00
[2024-08-31T00:24:39.976+0000] {processor.py:183} INFO - Processing /opt/airflow/dags/iron.py took 0.131 seconds
