[2024-08-31T00:05:09.613+0000] {processor.py:161} INFO - Started process (PID=180) to work on /opt/airflow/dags/ironmale.py
[2024-08-31T00:05:09.614+0000] {processor.py:830} INFO - Processing file /opt/airflow/dags/ironmale.py for tasks to queue
[2024-08-31T00:05:09.616+0000] {logging_mixin.py:188} INFO - [2024-08-31T00:05:09.616+0000] {dagbag.py:545} INFO - Filling up the DagBag from /opt/airflow/dags/ironmale.py
[2024-08-31T00:05:09.715+0000] {processor.py:840} INFO - DAG(s) 'trino_query_dag_ironmale' retrieved from /opt/airflow/dags/ironmale.py
[2024-08-31T00:05:09.975+0000] {logging_mixin.py:188} INFO - [2024-08-31T00:05:09.975+0000] {dag.py:3089} INFO - Sync 1 DAGs
[2024-08-31T00:05:10.054+0000] {logging_mixin.py:188} INFO - [2024-08-31T00:05:10.054+0000] {dag.py:3947} INFO - Setting next_dagrun for trino_query_dag_ironmale to 2024-08-30 00:00:00+00:00, run_after=2024-08-31 00:00:00+00:00
[2024-08-31T00:05:10.473+0000] {processor.py:183} INFO - Processing /opt/airflow/dags/ironmale.py took 0.911 seconds
[2024-08-31T00:05:41.049+0000] {processor.py:161} INFO - Started process (PID=232) to work on /opt/airflow/dags/ironmale.py
[2024-08-31T00:05:41.050+0000] {processor.py:830} INFO - Processing file /opt/airflow/dags/ironmale.py for tasks to queue
[2024-08-31T00:05:41.053+0000] {logging_mixin.py:188} INFO - [2024-08-31T00:05:41.053+0000] {dagbag.py:545} INFO - Filling up the DagBag from /opt/airflow/dags/ironmale.py
[2024-08-31T00:05:41.095+0000] {processor.py:840} INFO - DAG(s) 'trino_query_dag_ironmale' retrieved from /opt/airflow/dags/ironmale.py
[2024-08-31T00:05:41.248+0000] {logging_mixin.py:188} INFO - [2024-08-31T00:05:41.248+0000] {dag.py:3089} INFO - Sync 1 DAGs
[2024-08-31T00:05:41.278+0000] {logging_mixin.py:188} INFO - [2024-08-31T00:05:41.277+0000] {dag.py:3947} INFO - Setting next_dagrun for trino_query_dag_ironmale to 2024-08-30 00:00:00+00:00, run_after=2024-08-31 00:00:00+00:00
[2024-08-31T00:05:41.310+0000] {processor.py:183} INFO - Processing /opt/airflow/dags/ironmale.py took 0.272 seconds
[2024-08-31T00:06:11.708+0000] {processor.py:161} INFO - Started process (PID=267) to work on /opt/airflow/dags/ironmale.py
[2024-08-31T00:06:11.710+0000] {processor.py:830} INFO - Processing file /opt/airflow/dags/ironmale.py for tasks to queue
[2024-08-31T00:06:11.739+0000] {logging_mixin.py:188} INFO - [2024-08-31T00:06:11.739+0000] {dagbag.py:545} INFO - Filling up the DagBag from /opt/airflow/dags/ironmale.py
[2024-08-31T00:06:11.773+0000] {processor.py:840} INFO - DAG(s) 'trino_query_dag_ironmale' retrieved from /opt/airflow/dags/ironmale.py
[2024-08-31T00:06:11.853+0000] {logging_mixin.py:188} INFO - [2024-08-31T00:06:11.853+0000] {dag.py:3089} INFO - Sync 1 DAGs
[2024-08-31T00:06:11.923+0000] {logging_mixin.py:188} INFO - [2024-08-31T00:06:11.923+0000] {dag.py:3947} INFO - Setting next_dagrun for trino_query_dag_ironmale to 2024-08-30 00:00:00+00:00, run_after=2024-08-31 00:00:00+00:00
[2024-08-31T00:06:11.977+0000] {processor.py:183} INFO - Processing /opt/airflow/dags/ironmale.py took 0.282 seconds
[2024-08-31T00:06:42.851+0000] {processor.py:161} INFO - Started process (PID=302) to work on /opt/airflow/dags/ironmale.py
[2024-08-31T00:06:42.852+0000] {processor.py:830} INFO - Processing file /opt/airflow/dags/ironmale.py for tasks to queue
[2024-08-31T00:06:42.856+0000] {logging_mixin.py:188} INFO - [2024-08-31T00:06:42.855+0000] {dagbag.py:545} INFO - Filling up the DagBag from /opt/airflow/dags/ironmale.py
[2024-08-31T00:06:42.892+0000] {processor.py:840} INFO - DAG(s) 'trino_query_dag_ironmale' retrieved from /opt/airflow/dags/ironmale.py
[2024-08-31T00:06:42.934+0000] {logging_mixin.py:188} INFO - [2024-08-31T00:06:42.933+0000] {dag.py:3089} INFO - Sync 1 DAGs
[2024-08-31T00:06:42.966+0000] {logging_mixin.py:188} INFO - [2024-08-31T00:06:42.966+0000] {dag.py:3947} INFO - Setting next_dagrun for trino_query_dag_ironmale to 2024-08-30 00:00:00+00:00, run_after=2024-08-31 00:00:00+00:00
[2024-08-31T00:06:42.993+0000] {processor.py:183} INFO - Processing /opt/airflow/dags/ironmale.py took 0.149 seconds
[2024-08-31T00:07:54.433+0000] {processor.py:161} INFO - Started process (PID=180) to work on /opt/airflow/dags/ironmale.py
[2024-08-31T00:07:54.446+0000] {processor.py:830} INFO - Processing file /opt/airflow/dags/ironmale.py for tasks to queue
[2024-08-31T00:07:54.468+0000] {logging_mixin.py:188} INFO - [2024-08-31T00:07:54.466+0000] {dagbag.py:545} INFO - Filling up the DagBag from /opt/airflow/dags/ironmale.py
[2024-08-31T00:07:54.542+0000] {processor.py:840} INFO - DAG(s) 'trino_query_dag_ironmale' retrieved from /opt/airflow/dags/ironmale.py
[2024-08-31T00:07:54.651+0000] {logging_mixin.py:188} INFO - [2024-08-31T00:07:54.650+0000] {dag.py:3089} INFO - Sync 1 DAGs
[2024-08-31T00:07:54.682+0000] {logging_mixin.py:188} INFO - [2024-08-31T00:07:54.682+0000] {dag.py:3947} INFO - Setting next_dagrun for trino_query_dag_ironmale to 2024-08-30 00:00:00+00:00, run_after=2024-08-31 00:00:00+00:00
[2024-08-31T00:07:54.737+0000] {processor.py:183} INFO - Processing /opt/airflow/dags/ironmale.py took 0.310 seconds
[2024-08-31T00:08:24.988+0000] {processor.py:161} INFO - Started process (PID=220) to work on /opt/airflow/dags/ironmale.py
[2024-08-31T00:08:24.989+0000] {processor.py:830} INFO - Processing file /opt/airflow/dags/ironmale.py for tasks to queue
[2024-08-31T00:08:24.991+0000] {logging_mixin.py:188} INFO - [2024-08-31T00:08:24.991+0000] {dagbag.py:545} INFO - Filling up the DagBag from /opt/airflow/dags/ironmale.py
[2024-08-31T00:08:25.022+0000] {processor.py:840} INFO - DAG(s) 'trino_query_dag_ironmale' retrieved from /opt/airflow/dags/ironmale.py
[2024-08-31T00:08:25.156+0000] {logging_mixin.py:188} INFO - [2024-08-31T00:08:25.156+0000] {dag.py:3089} INFO - Sync 1 DAGs
[2024-08-31T00:08:25.195+0000] {logging_mixin.py:188} INFO - [2024-08-31T00:08:25.194+0000] {dag.py:3947} INFO - Setting next_dagrun for trino_query_dag_ironmale to 2024-08-30 00:00:00+00:00, run_after=2024-08-31 00:00:00+00:00
[2024-08-31T00:08:25.222+0000] {processor.py:183} INFO - Processing /opt/airflow/dags/ironmale.py took 0.242 seconds
[2024-08-31T00:08:55.938+0000] {processor.py:161} INFO - Started process (PID=255) to work on /opt/airflow/dags/ironmale.py
[2024-08-31T00:08:55.939+0000] {processor.py:830} INFO - Processing file /opt/airflow/dags/ironmale.py for tasks to queue
[2024-08-31T00:08:55.942+0000] {logging_mixin.py:188} INFO - [2024-08-31T00:08:55.941+0000] {dagbag.py:545} INFO - Filling up the DagBag from /opt/airflow/dags/ironmale.py
[2024-08-31T00:08:55.977+0000] {processor.py:840} INFO - DAG(s) 'trino_query_dag_ironmale' retrieved from /opt/airflow/dags/ironmale.py
[2024-08-31T00:08:56.013+0000] {logging_mixin.py:188} INFO - [2024-08-31T00:08:56.012+0000] {dag.py:3089} INFO - Sync 1 DAGs
[2024-08-31T00:08:56.040+0000] {logging_mixin.py:188} INFO - [2024-08-31T00:08:56.040+0000] {dag.py:3947} INFO - Setting next_dagrun for trino_query_dag_ironmale to 2024-08-30 00:00:00+00:00, run_after=2024-08-31 00:00:00+00:00
[2024-08-31T00:08:56.069+0000] {processor.py:183} INFO - Processing /opt/airflow/dags/ironmale.py took 0.137 seconds
[2024-08-31T00:09:26.187+0000] {processor.py:161} INFO - Started process (PID=290) to work on /opt/airflow/dags/ironmale.py
[2024-08-31T00:09:26.189+0000] {processor.py:830} INFO - Processing file /opt/airflow/dags/ironmale.py for tasks to queue
[2024-08-31T00:09:26.191+0000] {logging_mixin.py:188} INFO - [2024-08-31T00:09:26.191+0000] {dagbag.py:545} INFO - Filling up the DagBag from /opt/airflow/dags/ironmale.py
[2024-08-31T00:09:26.220+0000] {processor.py:840} INFO - DAG(s) 'trino_query_dag_ironmale' retrieved from /opt/airflow/dags/ironmale.py
[2024-08-31T00:09:26.255+0000] {logging_mixin.py:188} INFO - [2024-08-31T00:09:26.255+0000] {dag.py:3089} INFO - Sync 1 DAGs
[2024-08-31T00:09:26.284+0000] {logging_mixin.py:188} INFO - [2024-08-31T00:09:26.284+0000] {dag.py:3947} INFO - Setting next_dagrun for trino_query_dag_ironmale to 2024-08-30 00:00:00+00:00, run_after=2024-08-31 00:00:00+00:00
[2024-08-31T00:09:26.616+0000] {processor.py:183} INFO - Processing /opt/airflow/dags/ironmale.py took 0.436 seconds
[2024-08-31T00:09:56.842+0000] {processor.py:161} INFO - Started process (PID=325) to work on /opt/airflow/dags/ironmale.py
[2024-08-31T00:09:56.843+0000] {processor.py:830} INFO - Processing file /opt/airflow/dags/ironmale.py for tasks to queue
[2024-08-31T00:09:56.846+0000] {logging_mixin.py:188} INFO - [2024-08-31T00:09:56.845+0000] {dagbag.py:545} INFO - Filling up the DagBag from /opt/airflow/dags/ironmale.py
[2024-08-31T00:09:56.873+0000] {processor.py:840} INFO - DAG(s) 'trino_query_dag_ironmale' retrieved from /opt/airflow/dags/ironmale.py
[2024-08-31T00:09:56.906+0000] {logging_mixin.py:188} INFO - [2024-08-31T00:09:56.906+0000] {dag.py:3089} INFO - Sync 1 DAGs
[2024-08-31T00:09:56.933+0000] {logging_mixin.py:188} INFO - [2024-08-31T00:09:56.933+0000] {dag.py:3947} INFO - Setting next_dagrun for trino_query_dag_ironmale to 2024-08-30 00:00:00+00:00, run_after=2024-08-31 00:00:00+00:00
[2024-08-31T00:09:56.959+0000] {processor.py:183} INFO - Processing /opt/airflow/dags/ironmale.py took 0.124 seconds
[2024-08-31T00:10:27.110+0000] {processor.py:161} INFO - Started process (PID=366) to work on /opt/airflow/dags/ironmale.py
[2024-08-31T00:10:27.114+0000] {processor.py:830} INFO - Processing file /opt/airflow/dags/ironmale.py for tasks to queue
[2024-08-31T00:10:27.116+0000] {logging_mixin.py:188} INFO - [2024-08-31T00:10:27.116+0000] {dagbag.py:545} INFO - Filling up the DagBag from /opt/airflow/dags/ironmale.py
[2024-08-31T00:10:27.208+0000] {processor.py:840} INFO - DAG(s) 'trino_query_dag_ironmale' retrieved from /opt/airflow/dags/ironmale.py
[2024-08-31T00:10:27.281+0000] {logging_mixin.py:188} INFO - [2024-08-31T00:10:27.281+0000] {dag.py:3089} INFO - Sync 1 DAGs
[2024-08-31T00:10:27.380+0000] {logging_mixin.py:188} INFO - [2024-08-31T00:10:27.380+0000] {dag.py:3947} INFO - Setting next_dagrun for trino_query_dag_ironmale to 2024-08-30 00:00:00+00:00, run_after=2024-08-31 00:00:00+00:00
[2024-08-31T00:10:27.422+0000] {processor.py:183} INFO - Processing /opt/airflow/dags/ironmale.py took 0.324 seconds
[2024-08-31T00:10:57.767+0000] {processor.py:161} INFO - Started process (PID=407) to work on /opt/airflow/dags/ironmale.py
[2024-08-31T00:10:57.768+0000] {processor.py:830} INFO - Processing file /opt/airflow/dags/ironmale.py for tasks to queue
[2024-08-31T00:10:57.773+0000] {logging_mixin.py:188} INFO - [2024-08-31T00:10:57.772+0000] {dagbag.py:545} INFO - Filling up the DagBag from /opt/airflow/dags/ironmale.py
[2024-08-31T00:10:57.812+0000] {processor.py:840} INFO - DAG(s) 'trino_query_dag_ironmale' retrieved from /opt/airflow/dags/ironmale.py
[2024-08-31T00:10:57.847+0000] {logging_mixin.py:188} INFO - [2024-08-31T00:10:57.846+0000] {dag.py:3089} INFO - Sync 1 DAGs
[2024-08-31T00:10:57.875+0000] {logging_mixin.py:188} INFO - [2024-08-31T00:10:57.874+0000] {dag.py:3947} INFO - Setting next_dagrun for trino_query_dag_ironmale to 2024-08-30 00:00:00+00:00, run_after=2024-08-31 00:00:00+00:00
[2024-08-31T00:10:57.899+0000] {processor.py:183} INFO - Processing /opt/airflow/dags/ironmale.py took 0.140 seconds
[2024-08-31T00:11:28.860+0000] {processor.py:161} INFO - Started process (PID=442) to work on /opt/airflow/dags/ironmale.py
[2024-08-31T00:11:28.862+0000] {processor.py:830} INFO - Processing file /opt/airflow/dags/ironmale.py for tasks to queue
[2024-08-31T00:11:28.866+0000] {logging_mixin.py:188} INFO - [2024-08-31T00:11:28.866+0000] {dagbag.py:545} INFO - Filling up the DagBag from /opt/airflow/dags/ironmale.py
[2024-08-31T00:11:28.894+0000] {processor.py:840} INFO - DAG(s) 'trino_query_dag_ironmale' retrieved from /opt/airflow/dags/ironmale.py
[2024-08-31T00:11:28.928+0000] {logging_mixin.py:188} INFO - [2024-08-31T00:11:28.927+0000] {dag.py:3089} INFO - Sync 1 DAGs
[2024-08-31T00:11:28.954+0000] {logging_mixin.py:188} INFO - [2024-08-31T00:11:28.953+0000] {dag.py:3947} INFO - Setting next_dagrun for trino_query_dag_ironmale to 2024-08-30 00:00:00+00:00, run_after=2024-08-31 00:00:00+00:00
[2024-08-31T00:11:28.979+0000] {processor.py:183} INFO - Processing /opt/airflow/dags/ironmale.py took 0.127 seconds
[2024-08-31T00:11:59.130+0000] {processor.py:161} INFO - Started process (PID=477) to work on /opt/airflow/dags/ironmale.py
[2024-08-31T00:11:59.131+0000] {processor.py:830} INFO - Processing file /opt/airflow/dags/ironmale.py for tasks to queue
[2024-08-31T00:11:59.135+0000] {logging_mixin.py:188} INFO - [2024-08-31T00:11:59.135+0000] {dagbag.py:545} INFO - Filling up the DagBag from /opt/airflow/dags/ironmale.py
[2024-08-31T00:11:59.169+0000] {processor.py:840} INFO - DAG(s) 'trino_query_dag_ironmale' retrieved from /opt/airflow/dags/ironmale.py
[2024-08-31T00:11:59.220+0000] {logging_mixin.py:188} INFO - [2024-08-31T00:11:59.220+0000] {dag.py:3089} INFO - Sync 1 DAGs
[2024-08-31T00:11:59.264+0000] {logging_mixin.py:188} INFO - [2024-08-31T00:11:59.264+0000] {dag.py:3947} INFO - Setting next_dagrun for trino_query_dag_ironmale to 2024-08-30 00:00:00+00:00, run_after=2024-08-31 00:00:00+00:00
[2024-08-31T00:11:59.364+0000] {processor.py:183} INFO - Processing /opt/airflow/dags/ironmale.py took 0.245 seconds
[2024-08-31T00:12:29.597+0000] {processor.py:161} INFO - Started process (PID=512) to work on /opt/airflow/dags/ironmale.py
[2024-08-31T00:12:29.599+0000] {processor.py:830} INFO - Processing file /opt/airflow/dags/ironmale.py for tasks to queue
[2024-08-31T00:12:29.601+0000] {logging_mixin.py:188} INFO - [2024-08-31T00:12:29.600+0000] {dagbag.py:545} INFO - Filling up the DagBag from /opt/airflow/dags/ironmale.py
[2024-08-31T00:12:29.631+0000] {processor.py:840} INFO - DAG(s) 'trino_query_dag_ironmale' retrieved from /opt/airflow/dags/ironmale.py
[2024-08-31T00:12:29.669+0000] {logging_mixin.py:188} INFO - [2024-08-31T00:12:29.668+0000] {dag.py:3089} INFO - Sync 1 DAGs
[2024-08-31T00:12:29.702+0000] {logging_mixin.py:188} INFO - [2024-08-31T00:12:29.701+0000] {dag.py:3947} INFO - Setting next_dagrun for trino_query_dag_ironmale to 2024-08-30 00:00:00+00:00, run_after=2024-08-31 00:00:00+00:00
[2024-08-31T00:12:29.738+0000] {processor.py:183} INFO - Processing /opt/airflow/dags/ironmale.py took 0.150 seconds
[2024-08-31T00:13:00.217+0000] {processor.py:161} INFO - Started process (PID=547) to work on /opt/airflow/dags/ironmale.py
[2024-08-31T00:13:00.219+0000] {processor.py:830} INFO - Processing file /opt/airflow/dags/ironmale.py for tasks to queue
[2024-08-31T00:13:00.223+0000] {logging_mixin.py:188} INFO - [2024-08-31T00:13:00.222+0000] {dagbag.py:545} INFO - Filling up the DagBag from /opt/airflow/dags/ironmale.py
[2024-08-31T00:13:00.257+0000] {processor.py:840} INFO - DAG(s) 'trino_query_dag_ironmale' retrieved from /opt/airflow/dags/ironmale.py
[2024-08-31T00:13:00.293+0000] {logging_mixin.py:188} INFO - [2024-08-31T00:13:00.293+0000] {dag.py:3089} INFO - Sync 1 DAGs
[2024-08-31T00:13:00.324+0000] {logging_mixin.py:188} INFO - [2024-08-31T00:13:00.324+0000] {dag.py:3947} INFO - Setting next_dagrun for trino_query_dag_ironmale to 2024-08-30 00:00:00+00:00, run_after=2024-08-31 00:00:00+00:00
[2024-08-31T00:13:00.348+0000] {processor.py:183} INFO - Processing /opt/airflow/dags/ironmale.py took 0.138 seconds
[2024-08-31T00:13:30.499+0000] {processor.py:161} INFO - Started process (PID=582) to work on /opt/airflow/dags/ironmale.py
[2024-08-31T00:13:30.501+0000] {processor.py:830} INFO - Processing file /opt/airflow/dags/ironmale.py for tasks to queue
[2024-08-31T00:13:30.503+0000] {logging_mixin.py:188} INFO - [2024-08-31T00:13:30.502+0000] {dagbag.py:545} INFO - Filling up the DagBag from /opt/airflow/dags/ironmale.py
[2024-08-31T00:13:30.531+0000] {processor.py:840} INFO - DAG(s) 'trino_query_dag_ironmale' retrieved from /opt/airflow/dags/ironmale.py
[2024-08-31T00:13:30.566+0000] {logging_mixin.py:188} INFO - [2024-08-31T00:13:30.565+0000] {dag.py:3089} INFO - Sync 1 DAGs
[2024-08-31T00:13:30.593+0000] {logging_mixin.py:188} INFO - [2024-08-31T00:13:30.593+0000] {dag.py:3947} INFO - Setting next_dagrun for trino_query_dag_ironmale to 2024-08-30 00:00:00+00:00, run_after=2024-08-31 00:00:00+00:00
[2024-08-31T00:13:30.629+0000] {processor.py:183} INFO - Processing /opt/airflow/dags/ironmale.py took 0.138 seconds
[2024-08-31T00:14:00.976+0000] {processor.py:161} INFO - Started process (PID=617) to work on /opt/airflow/dags/ironmale.py
[2024-08-31T00:14:00.977+0000] {processor.py:830} INFO - Processing file /opt/airflow/dags/ironmale.py for tasks to queue
[2024-08-31T00:14:00.979+0000] {logging_mixin.py:188} INFO - [2024-08-31T00:14:00.979+0000] {dagbag.py:545} INFO - Filling up the DagBag from /opt/airflow/dags/ironmale.py
[2024-08-31T00:14:01.007+0000] {processor.py:840} INFO - DAG(s) 'trino_query_dag_ironmale' retrieved from /opt/airflow/dags/ironmale.py
[2024-08-31T00:14:01.041+0000] {logging_mixin.py:188} INFO - [2024-08-31T00:14:01.041+0000] {dag.py:3089} INFO - Sync 1 DAGs
[2024-08-31T00:14:01.069+0000] {logging_mixin.py:188} INFO - [2024-08-31T00:14:01.069+0000] {dag.py:3947} INFO - Setting next_dagrun for trino_query_dag_ironmale to 2024-08-30 00:00:00+00:00, run_after=2024-08-31 00:00:00+00:00
[2024-08-31T00:14:01.096+0000] {processor.py:183} INFO - Processing /opt/airflow/dags/ironmale.py took 0.127 seconds
[2024-08-31T00:14:31.340+0000] {processor.py:161} INFO - Started process (PID=652) to work on /opt/airflow/dags/ironmale.py
[2024-08-31T00:14:31.341+0000] {processor.py:830} INFO - Processing file /opt/airflow/dags/ironmale.py for tasks to queue
[2024-08-31T00:14:31.345+0000] {logging_mixin.py:188} INFO - [2024-08-31T00:14:31.344+0000] {dagbag.py:545} INFO - Filling up the DagBag from /opt/airflow/dags/ironmale.py
[2024-08-31T00:14:31.384+0000] {processor.py:840} INFO - DAG(s) 'trino_query_dag_ironmale' retrieved from /opt/airflow/dags/ironmale.py
[2024-08-31T00:14:31.419+0000] {logging_mixin.py:188} INFO - [2024-08-31T00:14:31.418+0000] {dag.py:3089} INFO - Sync 1 DAGs
[2024-08-31T00:14:31.453+0000] {logging_mixin.py:188} INFO - [2024-08-31T00:14:31.453+0000] {dag.py:3947} INFO - Setting next_dagrun for trino_query_dag_ironmale to 2024-08-30 00:00:00+00:00, run_after=2024-08-31 00:00:00+00:00
[2024-08-31T00:14:31.484+0000] {processor.py:183} INFO - Processing /opt/airflow/dags/ironmale.py took 0.152 seconds
[2024-08-31T00:15:01.594+0000] {processor.py:161} INFO - Started process (PID=687) to work on /opt/airflow/dags/ironmale.py
[2024-08-31T00:15:01.595+0000] {processor.py:830} INFO - Processing file /opt/airflow/dags/ironmale.py for tasks to queue
[2024-08-31T00:15:01.599+0000] {logging_mixin.py:188} INFO - [2024-08-31T00:15:01.598+0000] {dagbag.py:545} INFO - Filling up the DagBag from /opt/airflow/dags/ironmale.py
[2024-08-31T00:15:01.631+0000] {processor.py:840} INFO - DAG(s) 'trino_query_dag_ironmale' retrieved from /opt/airflow/dags/ironmale.py
[2024-08-31T00:15:01.665+0000] {logging_mixin.py:188} INFO - [2024-08-31T00:15:01.665+0000] {dag.py:3089} INFO - Sync 1 DAGs
[2024-08-31T00:15:01.695+0000] {logging_mixin.py:188} INFO - [2024-08-31T00:15:01.695+0000] {dag.py:3947} INFO - Setting next_dagrun for trino_query_dag_ironmale to 2024-08-30 00:00:00+00:00, run_after=2024-08-31 00:00:00+00:00
[2024-08-31T00:15:01.722+0000] {processor.py:183} INFO - Processing /opt/airflow/dags/ironmale.py took 0.137 seconds
[2024-08-31T00:15:31.953+0000] {processor.py:161} INFO - Started process (PID=730) to work on /opt/airflow/dags/ironmale.py
[2024-08-31T00:15:31.955+0000] {processor.py:830} INFO - Processing file /opt/airflow/dags/ironmale.py for tasks to queue
[2024-08-31T00:15:31.960+0000] {logging_mixin.py:188} INFO - [2024-08-31T00:15:31.959+0000] {dagbag.py:545} INFO - Filling up the DagBag from /opt/airflow/dags/ironmale.py
[2024-08-31T00:15:31.994+0000] {processor.py:840} INFO - DAG(s) 'trino_query_dag_ironmale' retrieved from /opt/airflow/dags/ironmale.py
[2024-08-31T00:15:32.029+0000] {logging_mixin.py:188} INFO - [2024-08-31T00:15:32.029+0000] {dag.py:3089} INFO - Sync 1 DAGs
[2024-08-31T00:15:32.057+0000] {logging_mixin.py:188} INFO - [2024-08-31T00:15:32.057+0000] {dag.py:3947} INFO - Setting next_dagrun for trino_query_dag_ironmale to 2024-08-30 00:00:00+00:00, run_after=2024-08-31 00:00:00+00:00
[2024-08-31T00:15:32.081+0000] {processor.py:183} INFO - Processing /opt/airflow/dags/ironmale.py took 0.137 seconds
[2024-08-31T00:16:02.377+0000] {processor.py:161} INFO - Started process (PID=771) to work on /opt/airflow/dags/ironmale.py
[2024-08-31T00:16:02.379+0000] {processor.py:830} INFO - Processing file /opt/airflow/dags/ironmale.py for tasks to queue
[2024-08-31T00:16:02.381+0000] {logging_mixin.py:188} INFO - [2024-08-31T00:16:02.381+0000] {dagbag.py:545} INFO - Filling up the DagBag from /opt/airflow/dags/ironmale.py
[2024-08-31T00:16:02.409+0000] {processor.py:840} INFO - DAG(s) 'trino_query_dag_ironmale' retrieved from /opt/airflow/dags/ironmale.py
[2024-08-31T00:16:02.446+0000] {logging_mixin.py:188} INFO - [2024-08-31T00:16:02.445+0000] {dag.py:3089} INFO - Sync 1 DAGs
[2024-08-31T00:16:02.472+0000] {logging_mixin.py:188} INFO - [2024-08-31T00:16:02.472+0000] {dag.py:3947} INFO - Setting next_dagrun for trino_query_dag_ironmale to 2024-08-30 00:00:00+00:00, run_after=2024-08-31 00:00:00+00:00
[2024-08-31T00:16:02.956+0000] {processor.py:183} INFO - Processing /opt/airflow/dags/ironmale.py took 0.586 seconds
[2024-08-31T00:16:33.222+0000] {processor.py:161} INFO - Started process (PID=808) to work on /opt/airflow/dags/ironmale.py
[2024-08-31T00:16:33.223+0000] {processor.py:830} INFO - Processing file /opt/airflow/dags/ironmale.py for tasks to queue
[2024-08-31T00:16:33.225+0000] {logging_mixin.py:188} INFO - [2024-08-31T00:16:33.225+0000] {dagbag.py:545} INFO - Filling up the DagBag from /opt/airflow/dags/ironmale.py
[2024-08-31T00:16:33.261+0000] {processor.py:840} INFO - DAG(s) 'trino_query_dag_ironmale' retrieved from /opt/airflow/dags/ironmale.py
[2024-08-31T00:16:33.302+0000] {logging_mixin.py:188} INFO - [2024-08-31T00:16:33.302+0000] {dag.py:3089} INFO - Sync 1 DAGs
[2024-08-31T00:16:33.332+0000] {logging_mixin.py:188} INFO - [2024-08-31T00:16:33.332+0000] {dag.py:3947} INFO - Setting next_dagrun for trino_query_dag_ironmale to 2024-08-30 00:00:00+00:00, run_after=2024-08-31 00:00:00+00:00
[2024-08-31T00:16:33.356+0000] {processor.py:183} INFO - Processing /opt/airflow/dags/ironmale.py took 0.144 seconds
[2024-08-31T00:17:03.632+0000] {processor.py:161} INFO - Started process (PID=841) to work on /opt/airflow/dags/ironmale.py
[2024-08-31T00:17:03.633+0000] {processor.py:830} INFO - Processing file /opt/airflow/dags/ironmale.py for tasks to queue
[2024-08-31T00:17:03.635+0000] {logging_mixin.py:188} INFO - [2024-08-31T00:17:03.635+0000] {dagbag.py:545} INFO - Filling up the DagBag from /opt/airflow/dags/ironmale.py
[2024-08-31T00:17:03.662+0000] {processor.py:840} INFO - DAG(s) 'trino_query_dag_ironmale' retrieved from /opt/airflow/dags/ironmale.py
[2024-08-31T00:17:03.695+0000] {logging_mixin.py:188} INFO - [2024-08-31T00:17:03.695+0000] {dag.py:3089} INFO - Sync 1 DAGs
[2024-08-31T00:17:03.723+0000] {logging_mixin.py:188} INFO - [2024-08-31T00:17:03.723+0000] {dag.py:3947} INFO - Setting next_dagrun for trino_query_dag_ironmale to 2024-08-30 00:00:00+00:00, run_after=2024-08-31 00:00:00+00:00
[2024-08-31T00:17:03.747+0000] {processor.py:183} INFO - Processing /opt/airflow/dags/ironmale.py took 0.123 seconds
[2024-08-31T00:17:34.081+0000] {processor.py:161} INFO - Started process (PID=876) to work on /opt/airflow/dags/ironmale.py
[2024-08-31T00:17:34.083+0000] {processor.py:830} INFO - Processing file /opt/airflow/dags/ironmale.py for tasks to queue
[2024-08-31T00:17:34.086+0000] {logging_mixin.py:188} INFO - [2024-08-31T00:17:34.085+0000] {dagbag.py:545} INFO - Filling up the DagBag from /opt/airflow/dags/ironmale.py
[2024-08-31T00:17:34.120+0000] {processor.py:840} INFO - DAG(s) 'trino_query_dag_ironmale' retrieved from /opt/airflow/dags/ironmale.py
[2024-08-31T00:17:34.152+0000] {logging_mixin.py:188} INFO - [2024-08-31T00:17:34.151+0000] {dag.py:3089} INFO - Sync 1 DAGs
[2024-08-31T00:17:34.182+0000] {logging_mixin.py:188} INFO - [2024-08-31T00:17:34.182+0000] {dag.py:3947} INFO - Setting next_dagrun for trino_query_dag_ironmale to 2024-08-30 00:00:00+00:00, run_after=2024-08-31 00:00:00+00:00
[2024-08-31T00:17:34.203+0000] {processor.py:183} INFO - Processing /opt/airflow/dags/ironmale.py took 0.132 seconds
[2024-08-31T00:18:04.445+0000] {processor.py:161} INFO - Started process (PID=911) to work on /opt/airflow/dags/ironmale.py
[2024-08-31T00:18:04.446+0000] {processor.py:830} INFO - Processing file /opt/airflow/dags/ironmale.py for tasks to queue
[2024-08-31T00:18:04.449+0000] {logging_mixin.py:188} INFO - [2024-08-31T00:18:04.448+0000] {dagbag.py:545} INFO - Filling up the DagBag from /opt/airflow/dags/ironmale.py
[2024-08-31T00:18:04.480+0000] {processor.py:840} INFO - DAG(s) 'trino_query_dag_ironmale' retrieved from /opt/airflow/dags/ironmale.py
[2024-08-31T00:18:04.515+0000] {logging_mixin.py:188} INFO - [2024-08-31T00:18:04.514+0000] {dag.py:3089} INFO - Sync 1 DAGs
[2024-08-31T00:18:04.543+0000] {logging_mixin.py:188} INFO - [2024-08-31T00:18:04.543+0000] {dag.py:3947} INFO - Setting next_dagrun for trino_query_dag_ironmale to 2024-08-30 00:00:00+00:00, run_after=2024-08-31 00:00:00+00:00
[2024-08-31T00:18:04.569+0000] {processor.py:183} INFO - Processing /opt/airflow/dags/ironmale.py took 0.131 seconds
[2024-08-31T00:18:34.681+0000] {processor.py:161} INFO - Started process (PID=946) to work on /opt/airflow/dags/ironmale.py
[2024-08-31T00:18:34.683+0000] {processor.py:830} INFO - Processing file /opt/airflow/dags/ironmale.py for tasks to queue
[2024-08-31T00:18:34.686+0000] {logging_mixin.py:188} INFO - [2024-08-31T00:18:34.685+0000] {dagbag.py:545} INFO - Filling up the DagBag from /opt/airflow/dags/ironmale.py
[2024-08-31T00:18:34.715+0000] {processor.py:840} INFO - DAG(s) 'trino_query_dag_ironmale' retrieved from /opt/airflow/dags/ironmale.py
[2024-08-31T00:18:34.750+0000] {logging_mixin.py:188} INFO - [2024-08-31T00:18:34.750+0000] {dag.py:3089} INFO - Sync 1 DAGs
[2024-08-31T00:18:34.778+0000] {logging_mixin.py:188} INFO - [2024-08-31T00:18:34.778+0000] {dag.py:3947} INFO - Setting next_dagrun for trino_query_dag_ironmale to 2024-08-30 00:00:00+00:00, run_after=2024-08-31 00:00:00+00:00
[2024-08-31T00:18:34.804+0000] {processor.py:183} INFO - Processing /opt/airflow/dags/ironmale.py took 0.130 seconds
[2024-08-31T00:19:05.161+0000] {processor.py:161} INFO - Started process (PID=981) to work on /opt/airflow/dags/ironmale.py
[2024-08-31T00:19:05.163+0000] {processor.py:830} INFO - Processing file /opt/airflow/dags/ironmale.py for tasks to queue
[2024-08-31T00:19:05.167+0000] {logging_mixin.py:188} INFO - [2024-08-31T00:19:05.166+0000] {dagbag.py:545} INFO - Filling up the DagBag from /opt/airflow/dags/ironmale.py
[2024-08-31T00:19:05.205+0000] {processor.py:840} INFO - DAG(s) 'trino_query_dag_ironmale' retrieved from /opt/airflow/dags/ironmale.py
[2024-08-31T00:19:05.260+0000] {logging_mixin.py:188} INFO - [2024-08-31T00:19:05.257+0000] {dag.py:3089} INFO - Sync 1 DAGs
[2024-08-31T00:19:05.294+0000] {logging_mixin.py:188} INFO - [2024-08-31T00:19:05.294+0000] {dag.py:3947} INFO - Setting next_dagrun for trino_query_dag_ironmale to 2024-08-30 00:00:00+00:00, run_after=2024-08-31 00:00:00+00:00
[2024-08-31T00:19:05.328+0000] {processor.py:183} INFO - Processing /opt/airflow/dags/ironmale.py took 0.176 seconds
[2024-08-31T00:19:36.084+0000] {processor.py:161} INFO - Started process (PID=1016) to work on /opt/airflow/dags/ironmale.py
[2024-08-31T00:19:36.085+0000] {processor.py:830} INFO - Processing file /opt/airflow/dags/ironmale.py for tasks to queue
[2024-08-31T00:19:36.090+0000] {logging_mixin.py:188} INFO - [2024-08-31T00:19:36.089+0000] {dagbag.py:545} INFO - Filling up the DagBag from /opt/airflow/dags/ironmale.py
[2024-08-31T00:19:36.120+0000] {processor.py:840} INFO - DAG(s) 'trino_query_dag_ironmale' retrieved from /opt/airflow/dags/ironmale.py
[2024-08-31T00:19:36.150+0000] {logging_mixin.py:188} INFO - [2024-08-31T00:19:36.150+0000] {dag.py:3089} INFO - Sync 1 DAGs
[2024-08-31T00:19:36.176+0000] {logging_mixin.py:188} INFO - [2024-08-31T00:19:36.176+0000] {dag.py:3947} INFO - Setting next_dagrun for trino_query_dag_ironmale to 2024-08-30 00:00:00+00:00, run_after=2024-08-31 00:00:00+00:00
[2024-08-31T00:19:36.201+0000] {processor.py:183} INFO - Processing /opt/airflow/dags/ironmale.py took 0.131 seconds
[2024-08-31T00:20:06.492+0000] {processor.py:161} INFO - Started process (PID=1053) to work on /opt/airflow/dags/ironmale.py
[2024-08-31T00:20:06.493+0000] {processor.py:830} INFO - Processing file /opt/airflow/dags/ironmale.py for tasks to queue
[2024-08-31T00:20:06.496+0000] {logging_mixin.py:188} INFO - [2024-08-31T00:20:06.495+0000] {dagbag.py:545} INFO - Filling up the DagBag from /opt/airflow/dags/ironmale.py
[2024-08-31T00:20:06.521+0000] {processor.py:840} INFO - DAG(s) 'trino_query_dag_ironmale' retrieved from /opt/airflow/dags/ironmale.py
[2024-08-31T00:20:06.554+0000] {logging_mixin.py:188} INFO - [2024-08-31T00:20:06.553+0000] {dag.py:3089} INFO - Sync 1 DAGs
[2024-08-31T00:20:06.580+0000] {logging_mixin.py:188} INFO - [2024-08-31T00:20:06.580+0000] {dag.py:3947} INFO - Setting next_dagrun for trino_query_dag_ironmale to 2024-08-30 00:00:00+00:00, run_after=2024-08-31 00:00:00+00:00
[2024-08-31T00:20:06.606+0000] {processor.py:183} INFO - Processing /opt/airflow/dags/ironmale.py took 0.121 seconds
[2024-08-31T00:20:36.882+0000] {processor.py:161} INFO - Started process (PID=1086) to work on /opt/airflow/dags/ironmale.py
[2024-08-31T00:20:36.884+0000] {processor.py:830} INFO - Processing file /opt/airflow/dags/ironmale.py for tasks to queue
[2024-08-31T00:20:36.886+0000] {logging_mixin.py:188} INFO - [2024-08-31T00:20:36.886+0000] {dagbag.py:545} INFO - Filling up the DagBag from /opt/airflow/dags/ironmale.py
[2024-08-31T00:20:36.918+0000] {processor.py:840} INFO - DAG(s) 'trino_query_dag_ironmale' retrieved from /opt/airflow/dags/ironmale.py
[2024-08-31T00:20:36.951+0000] {logging_mixin.py:188} INFO - [2024-08-31T00:20:36.951+0000] {dag.py:3089} INFO - Sync 1 DAGs
[2024-08-31T00:20:36.979+0000] {logging_mixin.py:188} INFO - [2024-08-31T00:20:36.979+0000] {dag.py:3947} INFO - Setting next_dagrun for trino_query_dag_ironmale to 2024-08-30 00:00:00+00:00, run_after=2024-08-31 00:00:00+00:00
[2024-08-31T00:20:37.005+0000] {processor.py:183} INFO - Processing /opt/airflow/dags/ironmale.py took 0.129 seconds
[2024-08-31T00:21:07.218+0000] {processor.py:161} INFO - Started process (PID=1121) to work on /opt/airflow/dags/ironmale.py
[2024-08-31T00:21:07.220+0000] {processor.py:830} INFO - Processing file /opt/airflow/dags/ironmale.py for tasks to queue
[2024-08-31T00:21:07.222+0000] {logging_mixin.py:188} INFO - [2024-08-31T00:21:07.222+0000] {dagbag.py:545} INFO - Filling up the DagBag from /opt/airflow/dags/ironmale.py
[2024-08-31T00:21:07.252+0000] {processor.py:840} INFO - DAG(s) 'trino_query_dag_ironmale' retrieved from /opt/airflow/dags/ironmale.py
[2024-08-31T00:21:07.286+0000] {logging_mixin.py:188} INFO - [2024-08-31T00:21:07.286+0000] {dag.py:3089} INFO - Sync 1 DAGs
[2024-08-31T00:21:07.313+0000] {logging_mixin.py:188} INFO - [2024-08-31T00:21:07.313+0000] {dag.py:3947} INFO - Setting next_dagrun for trino_query_dag_ironmale to 2024-08-30 00:00:00+00:00, run_after=2024-08-31 00:00:00+00:00
[2024-08-31T00:21:07.340+0000] {processor.py:183} INFO - Processing /opt/airflow/dags/ironmale.py took 0.129 seconds
[2024-08-31T00:21:37.569+0000] {processor.py:161} INFO - Started process (PID=1156) to work on /opt/airflow/dags/ironmale.py
[2024-08-31T00:21:37.571+0000] {processor.py:830} INFO - Processing file /opt/airflow/dags/ironmale.py for tasks to queue
[2024-08-31T00:21:37.573+0000] {logging_mixin.py:188} INFO - [2024-08-31T00:21:37.573+0000] {dagbag.py:545} INFO - Filling up the DagBag from /opt/airflow/dags/ironmale.py
[2024-08-31T00:21:37.605+0000] {processor.py:840} INFO - DAG(s) 'trino_query_dag_ironmale' retrieved from /opt/airflow/dags/ironmale.py
[2024-08-31T00:21:37.638+0000] {logging_mixin.py:188} INFO - [2024-08-31T00:21:37.638+0000] {dag.py:3089} INFO - Sync 1 DAGs
[2024-08-31T00:21:37.665+0000] {logging_mixin.py:188} INFO - [2024-08-31T00:21:37.665+0000] {dag.py:3947} INFO - Setting next_dagrun for trino_query_dag_ironmale to 2024-08-30 00:00:00+00:00, run_after=2024-08-31 00:00:00+00:00
[2024-08-31T00:21:37.691+0000] {processor.py:183} INFO - Processing /opt/airflow/dags/ironmale.py took 0.131 seconds
[2024-08-31T00:22:07.895+0000] {processor.py:161} INFO - Started process (PID=1191) to work on /opt/airflow/dags/ironmale.py
[2024-08-31T00:22:07.897+0000] {processor.py:830} INFO - Processing file /opt/airflow/dags/ironmale.py for tasks to queue
[2024-08-31T00:22:07.899+0000] {logging_mixin.py:188} INFO - [2024-08-31T00:22:07.898+0000] {dagbag.py:545} INFO - Filling up the DagBag from /opt/airflow/dags/ironmale.py
[2024-08-31T00:22:07.930+0000] {processor.py:840} INFO - DAG(s) 'trino_query_dag_ironmale' retrieved from /opt/airflow/dags/ironmale.py
[2024-08-31T00:22:07.964+0000] {logging_mixin.py:188} INFO - [2024-08-31T00:22:07.963+0000] {dag.py:3089} INFO - Sync 1 DAGs
[2024-08-31T00:22:07.992+0000] {logging_mixin.py:188} INFO - [2024-08-31T00:22:07.991+0000] {dag.py:3947} INFO - Setting next_dagrun for trino_query_dag_ironmale to 2024-08-30 00:00:00+00:00, run_after=2024-08-31 00:00:00+00:00
[2024-08-31T00:22:08.019+0000] {processor.py:183} INFO - Processing /opt/airflow/dags/ironmale.py took 0.131 seconds
[2024-08-31T00:22:38.209+0000] {processor.py:161} INFO - Started process (PID=1226) to work on /opt/airflow/dags/ironmale.py
[2024-08-31T00:22:38.210+0000] {processor.py:830} INFO - Processing file /opt/airflow/dags/ironmale.py for tasks to queue
[2024-08-31T00:22:38.212+0000] {logging_mixin.py:188} INFO - [2024-08-31T00:22:38.212+0000] {dagbag.py:545} INFO - Filling up the DagBag from /opt/airflow/dags/ironmale.py
[2024-08-31T00:22:38.240+0000] {processor.py:840} INFO - DAG(s) 'trino_query_dag_ironmale' retrieved from /opt/airflow/dags/ironmale.py
[2024-08-31T00:22:38.273+0000] {logging_mixin.py:188} INFO - [2024-08-31T00:22:38.272+0000] {dag.py:3089} INFO - Sync 1 DAGs
[2024-08-31T00:22:38.299+0000] {logging_mixin.py:188} INFO - [2024-08-31T00:22:38.299+0000] {dag.py:3947} INFO - Setting next_dagrun for trino_query_dag_ironmale to 2024-08-30 00:00:00+00:00, run_after=2024-08-31 00:00:00+00:00
[2024-08-31T00:22:38.324+0000] {processor.py:183} INFO - Processing /opt/airflow/dags/ironmale.py took 0.121 seconds
[2024-08-31T00:23:08.646+0000] {processor.py:161} INFO - Started process (PID=1261) to work on /opt/airflow/dags/ironmale.py
[2024-08-31T00:23:08.648+0000] {processor.py:830} INFO - Processing file /opt/airflow/dags/ironmale.py for tasks to queue
[2024-08-31T00:23:08.651+0000] {logging_mixin.py:188} INFO - [2024-08-31T00:23:08.651+0000] {dagbag.py:545} INFO - Filling up the DagBag from /opt/airflow/dags/ironmale.py
[2024-08-31T00:23:08.680+0000] {processor.py:840} INFO - DAG(s) 'trino_query_dag_ironmale' retrieved from /opt/airflow/dags/ironmale.py
[2024-08-31T00:23:08.711+0000] {logging_mixin.py:188} INFO - [2024-08-31T00:23:08.711+0000] {dag.py:3089} INFO - Sync 1 DAGs
[2024-08-31T00:23:08.740+0000] {logging_mixin.py:188} INFO - [2024-08-31T00:23:08.740+0000] {dag.py:3947} INFO - Setting next_dagrun for trino_query_dag_ironmale to 2024-08-30 00:00:00+00:00, run_after=2024-08-31 00:00:00+00:00
[2024-08-31T00:23:08.763+0000] {processor.py:183} INFO - Processing /opt/airflow/dags/ironmale.py took 0.125 seconds
[2024-08-31T00:23:38.990+0000] {processor.py:161} INFO - Started process (PID=1296) to work on /opt/airflow/dags/ironmale.py
[2024-08-31T00:23:38.992+0000] {processor.py:830} INFO - Processing file /opt/airflow/dags/ironmale.py for tasks to queue
[2024-08-31T00:23:39.012+0000] {logging_mixin.py:188} INFO - [2024-08-31T00:23:39.011+0000] {dagbag.py:545} INFO - Filling up the DagBag from /opt/airflow/dags/ironmale.py
[2024-08-31T00:23:39.046+0000] {processor.py:840} INFO - DAG(s) 'trino_query_dag_ironmale' retrieved from /opt/airflow/dags/ironmale.py
[2024-08-31T00:23:39.079+0000] {logging_mixin.py:188} INFO - [2024-08-31T00:23:39.078+0000] {dag.py:3089} INFO - Sync 1 DAGs
[2024-08-31T00:23:39.110+0000] {logging_mixin.py:188} INFO - [2024-08-31T00:23:39.110+0000] {dag.py:3947} INFO - Setting next_dagrun for trino_query_dag_ironmale to 2024-08-30 00:00:00+00:00, run_after=2024-08-31 00:00:00+00:00
[2024-08-31T00:23:39.148+0000] {processor.py:183} INFO - Processing /opt/airflow/dags/ironmale.py took 0.169 seconds
[2024-08-31T00:24:09.400+0000] {processor.py:161} INFO - Started process (PID=1333) to work on /opt/airflow/dags/ironmale.py
[2024-08-31T00:24:09.401+0000] {processor.py:830} INFO - Processing file /opt/airflow/dags/ironmale.py for tasks to queue
[2024-08-31T00:24:09.404+0000] {logging_mixin.py:188} INFO - [2024-08-31T00:24:09.404+0000] {dagbag.py:545} INFO - Filling up the DagBag from /opt/airflow/dags/ironmale.py
[2024-08-31T00:24:09.440+0000] {processor.py:840} INFO - DAG(s) 'trino_query_dag_ironmale' retrieved from /opt/airflow/dags/ironmale.py
[2024-08-31T00:24:09.483+0000] {logging_mixin.py:188} INFO - [2024-08-31T00:24:09.483+0000] {dag.py:3089} INFO - Sync 1 DAGs
[2024-08-31T00:24:09.516+0000] {logging_mixin.py:188} INFO - [2024-08-31T00:24:09.516+0000] {dag.py:3947} INFO - Setting next_dagrun for trino_query_dag_ironmale to 2024-08-30 00:00:00+00:00, run_after=2024-08-31 00:00:00+00:00
[2024-08-31T00:24:09.539+0000] {processor.py:183} INFO - Processing /opt/airflow/dags/ironmale.py took 0.149 seconds
[2024-08-31T00:24:39.683+0000] {processor.py:161} INFO - Started process (PID=1366) to work on /opt/airflow/dags/ironmale.py
[2024-08-31T00:24:39.684+0000] {processor.py:830} INFO - Processing file /opt/airflow/dags/ironmale.py for tasks to queue
[2024-08-31T00:24:39.687+0000] {logging_mixin.py:188} INFO - [2024-08-31T00:24:39.686+0000] {dagbag.py:545} INFO - Filling up the DagBag from /opt/airflow/dags/ironmale.py
[2024-08-31T00:24:39.718+0000] {processor.py:840} INFO - DAG(s) 'trino_query_dag_ironmale' retrieved from /opt/airflow/dags/ironmale.py
[2024-08-31T00:24:39.750+0000] {logging_mixin.py:188} INFO - [2024-08-31T00:24:39.750+0000] {dag.py:3089} INFO - Sync 1 DAGs
[2024-08-31T00:24:39.777+0000] {logging_mixin.py:188} INFO - [2024-08-31T00:24:39.777+0000] {dag.py:3947} INFO - Setting next_dagrun for trino_query_dag_ironmale to 2024-08-30 00:00:00+00:00, run_after=2024-08-31 00:00:00+00:00
[2024-08-31T00:24:39.805+0000] {processor.py:183} INFO - Processing /opt/airflow/dags/ironmale.py took 0.129 seconds
