[2024-08-31T00:05:11.083+0000] {processor.py:161} INFO - Started process (PID=199) to work on /opt/airflow/dags/ivory.py
[2024-08-31T00:05:11.127+0000] {processor.py:830} INFO - Processing file /opt/airflow/dags/ivory.py for tasks to queue
[2024-08-31T00:05:11.149+0000] {logging_mixin.py:188} INFO - [2024-08-31T00:05:11.146+0000] {dagbag.py:545} INFO - Filling up the DagBag from /opt/airflow/dags/ivory.py
[2024-08-31T00:05:11.206+0000] {processor.py:840} INFO - DAG(s) 'trino_query_dag_ivory' retrieved from /opt/airflow/dags/ivory.py
[2024-08-31T00:05:11.346+0000] {logging_mixin.py:188} INFO - [2024-08-31T00:05:11.346+0000] {dag.py:3089} INFO - Sync 1 DAGs
[2024-08-31T00:05:11.450+0000] {logging_mixin.py:188} INFO - [2024-08-31T00:05:11.450+0000] {dag.py:3947} INFO - Setting next_dagrun for trino_query_dag_ivory to 2024-08-31 00:00:00+00:00, run_after=2024-09-01 00:00:00+00:00
[2024-08-31T00:05:11.952+0000] {processor.py:183} INFO - Processing /opt/airflow/dags/ivory.py took 0.956 seconds
[2024-08-31T00:05:42.430+0000] {processor.py:161} INFO - Started process (PID=247) to work on /opt/airflow/dags/ivory.py
[2024-08-31T00:05:42.432+0000] {processor.py:830} INFO - Processing file /opt/airflow/dags/ivory.py for tasks to queue
[2024-08-31T00:05:42.435+0000] {logging_mixin.py:188} INFO - [2024-08-31T00:05:42.434+0000] {dagbag.py:545} INFO - Filling up the DagBag from /opt/airflow/dags/ivory.py
[2024-08-31T00:05:42.471+0000] {processor.py:840} INFO - DAG(s) 'trino_query_dag_ivory' retrieved from /opt/airflow/dags/ivory.py
[2024-08-31T00:05:42.678+0000] {logging_mixin.py:188} INFO - [2024-08-31T00:05:42.678+0000] {dag.py:3089} INFO - Sync 1 DAGs
[2024-08-31T00:05:42.726+0000] {logging_mixin.py:188} INFO - [2024-08-31T00:05:42.725+0000] {dag.py:3947} INFO - Setting next_dagrun for trino_query_dag_ivory to 2024-08-31 00:00:00+00:00, run_after=2024-09-01 00:00:00+00:00
[2024-08-31T00:05:42.787+0000] {processor.py:183} INFO - Processing /opt/airflow/dags/ivory.py took 0.368 seconds
[2024-08-31T00:06:13.078+0000] {processor.py:161} INFO - Started process (PID=282) to work on /opt/airflow/dags/ivory.py
[2024-08-31T00:06:13.079+0000] {processor.py:830} INFO - Processing file /opt/airflow/dags/ivory.py for tasks to queue
[2024-08-31T00:06:13.081+0000] {logging_mixin.py:188} INFO - [2024-08-31T00:06:13.081+0000] {dagbag.py:545} INFO - Filling up the DagBag from /opt/airflow/dags/ivory.py
[2024-08-31T00:06:13.111+0000] {processor.py:840} INFO - DAG(s) 'trino_query_dag_ivory' retrieved from /opt/airflow/dags/ivory.py
[2024-08-31T00:06:13.199+0000] {logging_mixin.py:188} INFO - [2024-08-31T00:06:13.199+0000] {dag.py:3089} INFO - Sync 1 DAGs
[2024-08-31T00:06:13.233+0000] {logging_mixin.py:188} INFO - [2024-08-31T00:06:13.232+0000] {dag.py:3947} INFO - Setting next_dagrun for trino_query_dag_ivory to 2024-08-31 00:00:00+00:00, run_after=2024-09-01 00:00:00+00:00
[2024-08-31T00:06:14.791+0000] {processor.py:183} INFO - Processing /opt/airflow/dags/ivory.py took 1.721 seconds
[2024-08-31T00:06:45.275+0000] {processor.py:161} INFO - Started process (PID=319) to work on /opt/airflow/dags/ivory.py
[2024-08-31T00:06:45.277+0000] {processor.py:830} INFO - Processing file /opt/airflow/dags/ivory.py for tasks to queue
[2024-08-31T00:06:45.280+0000] {logging_mixin.py:188} INFO - [2024-08-31T00:06:45.280+0000] {dagbag.py:545} INFO - Filling up the DagBag from /opt/airflow/dags/ivory.py
[2024-08-31T00:06:45.308+0000] {processor.py:840} INFO - DAG(s) 'trino_query_dag_ivory' retrieved from /opt/airflow/dags/ivory.py
[2024-08-31T00:06:45.343+0000] {logging_mixin.py:188} INFO - [2024-08-31T00:06:45.342+0000] {dag.py:3089} INFO - Sync 1 DAGs
[2024-08-31T00:06:45.371+0000] {logging_mixin.py:188} INFO - [2024-08-31T00:06:45.370+0000] {dag.py:3947} INFO - Setting next_dagrun for trino_query_dag_ivory to 2024-08-31 00:00:00+00:00, run_after=2024-09-01 00:00:00+00:00
[2024-08-31T00:06:45.397+0000] {processor.py:183} INFO - Processing /opt/airflow/dags/ivory.py took 0.128 seconds
[2024-08-31T00:07:55.187+0000] {processor.py:161} INFO - Started process (PID=195) to work on /opt/airflow/dags/ivory.py
[2024-08-31T00:07:55.188+0000] {processor.py:830} INFO - Processing file /opt/airflow/dags/ivory.py for tasks to queue
[2024-08-31T00:07:55.199+0000] {logging_mixin.py:188} INFO - [2024-08-31T00:07:55.199+0000] {dagbag.py:545} INFO - Filling up the DagBag from /opt/airflow/dags/ivory.py
[2024-08-31T00:07:55.265+0000] {processor.py:840} INFO - DAG(s) 'trino_query_dag_ivory' retrieved from /opt/airflow/dags/ivory.py
[2024-08-31T00:07:55.291+0000] {logging_mixin.py:188} INFO - [2024-08-31T00:07:55.290+0000] {dag.py:3089} INFO - Sync 1 DAGs
[2024-08-31T00:07:55.363+0000] {logging_mixin.py:188} INFO - [2024-08-31T00:07:55.363+0000] {dag.py:3947} INFO - Setting next_dagrun for trino_query_dag_ivory to 2024-08-31 00:00:00+00:00, run_after=2024-09-01 00:00:00+00:00
[2024-08-31T00:07:55.401+0000] {processor.py:183} INFO - Processing /opt/airflow/dags/ivory.py took 0.220 seconds
[2024-08-31T00:08:25.545+0000] {processor.py:161} INFO - Started process (PID=235) to work on /opt/airflow/dags/ivory.py
[2024-08-31T00:08:25.546+0000] {processor.py:830} INFO - Processing file /opt/airflow/dags/ivory.py for tasks to queue
[2024-08-31T00:08:25.548+0000] {logging_mixin.py:188} INFO - [2024-08-31T00:08:25.547+0000] {dagbag.py:545} INFO - Filling up the DagBag from /opt/airflow/dags/ivory.py
[2024-08-31T00:08:25.586+0000] {processor.py:840} INFO - DAG(s) 'trino_query_dag_ivory' retrieved from /opt/airflow/dags/ivory.py
[2024-08-31T00:08:25.728+0000] {logging_mixin.py:188} INFO - [2024-08-31T00:08:25.728+0000] {dag.py:3089} INFO - Sync 1 DAGs
[2024-08-31T00:08:25.753+0000] {logging_mixin.py:188} INFO - [2024-08-31T00:08:25.753+0000] {dag.py:3947} INFO - Setting next_dagrun for trino_query_dag_ivory to 2024-08-31 00:00:00+00:00, run_after=2024-09-01 00:00:00+00:00
[2024-08-31T00:08:25.790+0000] {processor.py:183} INFO - Processing /opt/airflow/dags/ivory.py took 0.259 seconds
[2024-08-31T00:08:56.282+0000] {processor.py:161} INFO - Started process (PID=270) to work on /opt/airflow/dags/ivory.py
[2024-08-31T00:08:56.284+0000] {processor.py:830} INFO - Processing file /opt/airflow/dags/ivory.py for tasks to queue
[2024-08-31T00:08:56.286+0000] {logging_mixin.py:188} INFO - [2024-08-31T00:08:56.285+0000] {dagbag.py:545} INFO - Filling up the DagBag from /opt/airflow/dags/ivory.py
[2024-08-31T00:08:56.315+0000] {processor.py:840} INFO - DAG(s) 'trino_query_dag_ivory' retrieved from /opt/airflow/dags/ivory.py
[2024-08-31T00:08:56.347+0000] {logging_mixin.py:188} INFO - [2024-08-31T00:08:56.346+0000] {dag.py:3089} INFO - Sync 1 DAGs
[2024-08-31T00:08:56.376+0000] {logging_mixin.py:188} INFO - [2024-08-31T00:08:56.376+0000] {dag.py:3947} INFO - Setting next_dagrun for trino_query_dag_ivory to 2024-08-31 00:00:00+00:00, run_after=2024-09-01 00:00:00+00:00
[2024-08-31T00:08:56.398+0000] {processor.py:183} INFO - Processing /opt/airflow/dags/ivory.py took 0.123 seconds
[2024-08-31T00:09:26.841+0000] {processor.py:161} INFO - Started process (PID=305) to work on /opt/airflow/dags/ivory.py
[2024-08-31T00:09:26.843+0000] {processor.py:830} INFO - Processing file /opt/airflow/dags/ivory.py for tasks to queue
[2024-08-31T00:09:26.847+0000] {logging_mixin.py:188} INFO - [2024-08-31T00:09:26.847+0000] {dagbag.py:545} INFO - Filling up the DagBag from /opt/airflow/dags/ivory.py
[2024-08-31T00:09:26.885+0000] {processor.py:840} INFO - DAG(s) 'trino_query_dag_ivory' retrieved from /opt/airflow/dags/ivory.py
[2024-08-31T00:09:26.923+0000] {logging_mixin.py:188} INFO - [2024-08-31T00:09:26.922+0000] {dag.py:3089} INFO - Sync 1 DAGs
[2024-08-31T00:09:26.959+0000] {logging_mixin.py:188} INFO - [2024-08-31T00:09:26.958+0000] {dag.py:3947} INFO - Setting next_dagrun for trino_query_dag_ivory to 2024-08-31 00:00:00+00:00, run_after=2024-09-01 00:00:00+00:00
[2024-08-31T00:09:27.001+0000] {processor.py:183} INFO - Processing /opt/airflow/dags/ivory.py took 0.165 seconds
[2024-08-31T00:09:57.197+0000] {processor.py:161} INFO - Started process (PID=340) to work on /opt/airflow/dags/ivory.py
[2024-08-31T00:09:57.199+0000] {processor.py:830} INFO - Processing file /opt/airflow/dags/ivory.py for tasks to queue
[2024-08-31T00:09:57.202+0000] {logging_mixin.py:188} INFO - [2024-08-31T00:09:57.201+0000] {dagbag.py:545} INFO - Filling up the DagBag from /opt/airflow/dags/ivory.py
[2024-08-31T00:09:57.229+0000] {processor.py:840} INFO - DAG(s) 'trino_query_dag_ivory' retrieved from /opt/airflow/dags/ivory.py
[2024-08-31T00:09:57.263+0000] {logging_mixin.py:188} INFO - [2024-08-31T00:09:57.263+0000] {dag.py:3089} INFO - Sync 1 DAGs
[2024-08-31T00:09:57.290+0000] {logging_mixin.py:188} INFO - [2024-08-31T00:09:57.289+0000] {dag.py:3947} INFO - Setting next_dagrun for trino_query_dag_ivory to 2024-08-31 00:00:00+00:00, run_after=2024-09-01 00:00:00+00:00
[2024-08-31T00:09:57.315+0000] {processor.py:183} INFO - Processing /opt/airflow/dags/ivory.py took 0.126 seconds
[2024-08-31T00:10:27.978+0000] {processor.py:161} INFO - Started process (PID=383) to work on /opt/airflow/dags/ivory.py
[2024-08-31T00:10:27.979+0000] {processor.py:830} INFO - Processing file /opt/airflow/dags/ivory.py for tasks to queue
[2024-08-31T00:10:27.981+0000] {logging_mixin.py:188} INFO - [2024-08-31T00:10:27.981+0000] {dagbag.py:545} INFO - Filling up the DagBag from /opt/airflow/dags/ivory.py
[2024-08-31T00:10:28.017+0000] {processor.py:840} INFO - DAG(s) 'trino_query_dag_ivory' retrieved from /opt/airflow/dags/ivory.py
[2024-08-31T00:10:28.051+0000] {logging_mixin.py:188} INFO - [2024-08-31T00:10:28.050+0000] {dag.py:3089} INFO - Sync 1 DAGs
[2024-08-31T00:10:28.083+0000] {logging_mixin.py:188} INFO - [2024-08-31T00:10:28.083+0000] {dag.py:3947} INFO - Setting next_dagrun for trino_query_dag_ivory to 2024-08-31 00:00:00+00:00, run_after=2024-09-01 00:00:00+00:00
[2024-08-31T00:10:28.107+0000] {processor.py:183} INFO - Processing /opt/airflow/dags/ivory.py took 0.138 seconds
[2024-08-31T00:10:59.012+0000] {processor.py:161} INFO - Started process (PID=422) to work on /opt/airflow/dags/ivory.py
[2024-08-31T00:10:59.013+0000] {processor.py:830} INFO - Processing file /opt/airflow/dags/ivory.py for tasks to queue
[2024-08-31T00:10:59.015+0000] {logging_mixin.py:188} INFO - [2024-08-31T00:10:59.015+0000] {dagbag.py:545} INFO - Filling up the DagBag from /opt/airflow/dags/ivory.py
[2024-08-31T00:10:59.042+0000] {processor.py:840} INFO - DAG(s) 'trino_query_dag_ivory' retrieved from /opt/airflow/dags/ivory.py
[2024-08-31T00:10:59.075+0000] {logging_mixin.py:188} INFO - [2024-08-31T00:10:59.074+0000] {dag.py:3089} INFO - Sync 1 DAGs
[2024-08-31T00:10:59.102+0000] {logging_mixin.py:188} INFO - [2024-08-31T00:10:59.102+0000] {dag.py:3947} INFO - Setting next_dagrun for trino_query_dag_ivory to 2024-08-31 00:00:00+00:00, run_after=2024-09-01 00:00:00+00:00
[2024-08-31T00:10:59.125+0000] {processor.py:183} INFO - Processing /opt/airflow/dags/ivory.py took 0.120 seconds
[2024-08-31T00:11:29.206+0000] {processor.py:161} INFO - Started process (PID=457) to work on /opt/airflow/dags/ivory.py
[2024-08-31T00:11:29.207+0000] {processor.py:830} INFO - Processing file /opt/airflow/dags/ivory.py for tasks to queue
[2024-08-31T00:11:29.210+0000] {logging_mixin.py:188} INFO - [2024-08-31T00:11:29.209+0000] {dagbag.py:545} INFO - Filling up the DagBag from /opt/airflow/dags/ivory.py
[2024-08-31T00:11:29.237+0000] {processor.py:840} INFO - DAG(s) 'trino_query_dag_ivory' retrieved from /opt/airflow/dags/ivory.py
[2024-08-31T00:11:29.269+0000] {logging_mixin.py:188} INFO - [2024-08-31T00:11:29.269+0000] {dag.py:3089} INFO - Sync 1 DAGs
[2024-08-31T00:11:29.297+0000] {logging_mixin.py:188} INFO - [2024-08-31T00:11:29.296+0000] {dag.py:3947} INFO - Setting next_dagrun for trino_query_dag_ivory to 2024-08-31 00:00:00+00:00, run_after=2024-09-01 00:00:00+00:00
[2024-08-31T00:11:29.321+0000] {processor.py:183} INFO - Processing /opt/airflow/dags/ivory.py took 0.124 seconds
[2024-08-31T00:11:59.775+0000] {processor.py:161} INFO - Started process (PID=494) to work on /opt/airflow/dags/ivory.py
[2024-08-31T00:11:59.776+0000] {processor.py:830} INFO - Processing file /opt/airflow/dags/ivory.py for tasks to queue
[2024-08-31T00:11:59.779+0000] {logging_mixin.py:188} INFO - [2024-08-31T00:11:59.778+0000] {dagbag.py:545} INFO - Filling up the DagBag from /opt/airflow/dags/ivory.py
[2024-08-31T00:11:59.815+0000] {processor.py:840} INFO - DAG(s) 'trino_query_dag_ivory' retrieved from /opt/airflow/dags/ivory.py
[2024-08-31T00:11:59.856+0000] {logging_mixin.py:188} INFO - [2024-08-31T00:11:59.856+0000] {dag.py:3089} INFO - Sync 1 DAGs
[2024-08-31T00:11:59.892+0000] {logging_mixin.py:188} INFO - [2024-08-31T00:11:59.891+0000] {dag.py:3947} INFO - Setting next_dagrun for trino_query_dag_ivory to 2024-08-31 00:00:00+00:00, run_after=2024-09-01 00:00:00+00:00
[2024-08-31T00:11:59.916+0000] {processor.py:183} INFO - Processing /opt/airflow/dags/ivory.py took 0.148 seconds
[2024-08-31T00:12:30.009+0000] {processor.py:161} INFO - Started process (PID=527) to work on /opt/airflow/dags/ivory.py
[2024-08-31T00:12:30.011+0000] {processor.py:830} INFO - Processing file /opt/airflow/dags/ivory.py for tasks to queue
[2024-08-31T00:12:30.019+0000] {logging_mixin.py:188} INFO - [2024-08-31T00:12:30.016+0000] {dagbag.py:545} INFO - Filling up the DagBag from /opt/airflow/dags/ivory.py
[2024-08-31T00:12:30.055+0000] {processor.py:840} INFO - DAG(s) 'trino_query_dag_ivory' retrieved from /opt/airflow/dags/ivory.py
[2024-08-31T00:12:30.114+0000] {logging_mixin.py:188} INFO - [2024-08-31T00:12:30.113+0000] {dag.py:3089} INFO - Sync 1 DAGs
[2024-08-31T00:12:30.148+0000] {logging_mixin.py:188} INFO - [2024-08-31T00:12:30.148+0000] {dag.py:3947} INFO - Setting next_dagrun for trino_query_dag_ivory to 2024-08-31 00:00:00+00:00, run_after=2024-09-01 00:00:00+00:00
[2024-08-31T00:12:30.190+0000] {processor.py:183} INFO - Processing /opt/airflow/dags/ivory.py took 0.188 seconds
[2024-08-31T00:13:00.581+0000] {processor.py:161} INFO - Started process (PID=562) to work on /opt/airflow/dags/ivory.py
[2024-08-31T00:13:00.583+0000] {processor.py:830} INFO - Processing file /opt/airflow/dags/ivory.py for tasks to queue
[2024-08-31T00:13:00.587+0000] {logging_mixin.py:188} INFO - [2024-08-31T00:13:00.586+0000] {dagbag.py:545} INFO - Filling up the DagBag from /opt/airflow/dags/ivory.py
[2024-08-31T00:13:00.622+0000] {processor.py:840} INFO - DAG(s) 'trino_query_dag_ivory' retrieved from /opt/airflow/dags/ivory.py
[2024-08-31T00:13:00.661+0000] {logging_mixin.py:188} INFO - [2024-08-31T00:13:00.660+0000] {dag.py:3089} INFO - Sync 1 DAGs
[2024-08-31T00:13:00.696+0000] {logging_mixin.py:188} INFO - [2024-08-31T00:13:00.695+0000] {dag.py:3947} INFO - Setting next_dagrun for trino_query_dag_ivory to 2024-08-31 00:00:00+00:00, run_after=2024-09-01 00:00:00+00:00
[2024-08-31T00:13:00.722+0000] {processor.py:183} INFO - Processing /opt/airflow/dags/ivory.py took 0.148 seconds
[2024-08-31T00:13:30.870+0000] {processor.py:161} INFO - Started process (PID=597) to work on /opt/airflow/dags/ivory.py
[2024-08-31T00:13:30.871+0000] {processor.py:830} INFO - Processing file /opt/airflow/dags/ivory.py for tasks to queue
[2024-08-31T00:13:30.875+0000] {logging_mixin.py:188} INFO - [2024-08-31T00:13:30.874+0000] {dagbag.py:545} INFO - Filling up the DagBag from /opt/airflow/dags/ivory.py
[2024-08-31T00:13:30.913+0000] {processor.py:840} INFO - DAG(s) 'trino_query_dag_ivory' retrieved from /opt/airflow/dags/ivory.py
[2024-08-31T00:13:30.968+0000] {logging_mixin.py:188} INFO - [2024-08-31T00:13:30.965+0000] {dag.py:3089} INFO - Sync 1 DAGs
[2024-08-31T00:13:31.013+0000] {logging_mixin.py:188} INFO - [2024-08-31T00:13:31.013+0000] {dag.py:3947} INFO - Setting next_dagrun for trino_query_dag_ivory to 2024-08-31 00:00:00+00:00, run_after=2024-09-01 00:00:00+00:00
[2024-08-31T00:13:31.050+0000] {processor.py:183} INFO - Processing /opt/airflow/dags/ivory.py took 0.188 seconds
[2024-08-31T00:14:01.325+0000] {processor.py:161} INFO - Started process (PID=632) to work on /opt/airflow/dags/ivory.py
[2024-08-31T00:14:01.326+0000] {processor.py:830} INFO - Processing file /opt/airflow/dags/ivory.py for tasks to queue
[2024-08-31T00:14:01.330+0000] {logging_mixin.py:188} INFO - [2024-08-31T00:14:01.330+0000] {dagbag.py:545} INFO - Filling up the DagBag from /opt/airflow/dags/ivory.py
[2024-08-31T00:14:01.355+0000] {processor.py:840} INFO - DAG(s) 'trino_query_dag_ivory' retrieved from /opt/airflow/dags/ivory.py
[2024-08-31T00:14:01.389+0000] {logging_mixin.py:188} INFO - [2024-08-31T00:14:01.389+0000] {dag.py:3089} INFO - Sync 1 DAGs
[2024-08-31T00:14:01.418+0000] {logging_mixin.py:188} INFO - [2024-08-31T00:14:01.417+0000] {dag.py:3947} INFO - Setting next_dagrun for trino_query_dag_ivory to 2024-08-31 00:00:00+00:00, run_after=2024-09-01 00:00:00+00:00
[2024-08-31T00:14:01.449+0000] {processor.py:183} INFO - Processing /opt/airflow/dags/ivory.py took 0.132 seconds
[2024-08-31T00:14:31.719+0000] {processor.py:161} INFO - Started process (PID=667) to work on /opt/airflow/dags/ivory.py
[2024-08-31T00:14:31.721+0000] {processor.py:830} INFO - Processing file /opt/airflow/dags/ivory.py for tasks to queue
[2024-08-31T00:14:31.724+0000] {logging_mixin.py:188} INFO - [2024-08-31T00:14:31.723+0000] {dagbag.py:545} INFO - Filling up the DagBag from /opt/airflow/dags/ivory.py
[2024-08-31T00:14:31.755+0000] {processor.py:840} INFO - DAG(s) 'trino_query_dag_ivory' retrieved from /opt/airflow/dags/ivory.py
[2024-08-31T00:14:31.792+0000] {logging_mixin.py:188} INFO - [2024-08-31T00:14:31.791+0000] {dag.py:3089} INFO - Sync 1 DAGs
[2024-08-31T00:14:31.827+0000] {logging_mixin.py:188} INFO - [2024-08-31T00:14:31.827+0000] {dag.py:3947} INFO - Setting next_dagrun for trino_query_dag_ivory to 2024-08-31 00:00:00+00:00, run_after=2024-09-01 00:00:00+00:00
[2024-08-31T00:14:31.856+0000] {processor.py:183} INFO - Processing /opt/airflow/dags/ivory.py took 0.144 seconds
[2024-08-31T00:15:01.955+0000] {processor.py:161} INFO - Started process (PID=702) to work on /opt/airflow/dags/ivory.py
[2024-08-31T00:15:01.956+0000] {processor.py:830} INFO - Processing file /opt/airflow/dags/ivory.py for tasks to queue
[2024-08-31T00:15:01.958+0000] {logging_mixin.py:188} INFO - [2024-08-31T00:15:01.958+0000] {dagbag.py:545} INFO - Filling up the DagBag from /opt/airflow/dags/ivory.py
[2024-08-31T00:15:01.988+0000] {processor.py:840} INFO - DAG(s) 'trino_query_dag_ivory' retrieved from /opt/airflow/dags/ivory.py
[2024-08-31T00:15:02.021+0000] {logging_mixin.py:188} INFO - [2024-08-31T00:15:02.020+0000] {dag.py:3089} INFO - Sync 1 DAGs
[2024-08-31T00:15:02.061+0000] {logging_mixin.py:188} INFO - [2024-08-31T00:15:02.061+0000] {dag.py:3947} INFO - Setting next_dagrun for trino_query_dag_ivory to 2024-08-31 00:00:00+00:00, run_after=2024-09-01 00:00:00+00:00
[2024-08-31T00:15:02.089+0000] {processor.py:183} INFO - Processing /opt/airflow/dags/ivory.py took 0.142 seconds
[2024-08-31T00:15:32.316+0000] {processor.py:161} INFO - Started process (PID=745) to work on /opt/airflow/dags/ivory.py
[2024-08-31T00:15:32.318+0000] {processor.py:830} INFO - Processing file /opt/airflow/dags/ivory.py for tasks to queue
[2024-08-31T00:15:32.322+0000] {logging_mixin.py:188} INFO - [2024-08-31T00:15:32.321+0000] {dagbag.py:545} INFO - Filling up the DagBag from /opt/airflow/dags/ivory.py
[2024-08-31T00:15:32.356+0000] {processor.py:840} INFO - DAG(s) 'trino_query_dag_ivory' retrieved from /opt/airflow/dags/ivory.py
[2024-08-31T00:15:32.403+0000] {logging_mixin.py:188} INFO - [2024-08-31T00:15:32.402+0000] {dag.py:3089} INFO - Sync 1 DAGs
[2024-08-31T00:15:32.448+0000] {logging_mixin.py:188} INFO - [2024-08-31T00:15:32.448+0000] {dag.py:3947} INFO - Setting next_dagrun for trino_query_dag_ivory to 2024-08-31 00:00:00+00:00, run_after=2024-09-01 00:00:00+00:00
[2024-08-31T00:15:32.507+0000] {processor.py:183} INFO - Processing /opt/airflow/dags/ivory.py took 0.204 seconds
[2024-08-31T00:16:03.191+0000] {processor.py:161} INFO - Started process (PID=786) to work on /opt/airflow/dags/ivory.py
[2024-08-31T00:16:03.192+0000] {processor.py:830} INFO - Processing file /opt/airflow/dags/ivory.py for tasks to queue
[2024-08-31T00:16:03.194+0000] {logging_mixin.py:188} INFO - [2024-08-31T00:16:03.194+0000] {dagbag.py:545} INFO - Filling up the DagBag from /opt/airflow/dags/ivory.py
[2024-08-31T00:16:03.222+0000] {processor.py:840} INFO - DAG(s) 'trino_query_dag_ivory' retrieved from /opt/airflow/dags/ivory.py
[2024-08-31T00:16:03.255+0000] {logging_mixin.py:188} INFO - [2024-08-31T00:16:03.255+0000] {dag.py:3089} INFO - Sync 1 DAGs
[2024-08-31T00:16:03.283+0000] {logging_mixin.py:188} INFO - [2024-08-31T00:16:03.283+0000] {dag.py:3947} INFO - Setting next_dagrun for trino_query_dag_ivory to 2024-08-31 00:00:00+00:00, run_after=2024-09-01 00:00:00+00:00
[2024-08-31T00:16:03.306+0000] {processor.py:183} INFO - Processing /opt/airflow/dags/ivory.py took 0.122 seconds
[2024-08-31T00:16:33.629+0000] {processor.py:161} INFO - Started process (PID=823) to work on /opt/airflow/dags/ivory.py
[2024-08-31T00:16:33.631+0000] {processor.py:830} INFO - Processing file /opt/airflow/dags/ivory.py for tasks to queue
[2024-08-31T00:16:33.633+0000] {logging_mixin.py:188} INFO - [2024-08-31T00:16:33.633+0000] {dagbag.py:545} INFO - Filling up the DagBag from /opt/airflow/dags/ivory.py
[2024-08-31T00:16:33.663+0000] {processor.py:840} INFO - DAG(s) 'trino_query_dag_ivory' retrieved from /opt/airflow/dags/ivory.py
[2024-08-31T00:16:33.697+0000] {logging_mixin.py:188} INFO - [2024-08-31T00:16:33.696+0000] {dag.py:3089} INFO - Sync 1 DAGs
[2024-08-31T00:16:33.727+0000] {logging_mixin.py:188} INFO - [2024-08-31T00:16:33.727+0000] {dag.py:3947} INFO - Setting next_dagrun for trino_query_dag_ivory to 2024-08-31 00:00:00+00:00, run_after=2024-09-01 00:00:00+00:00
[2024-08-31T00:16:33.759+0000] {processor.py:183} INFO - Processing /opt/airflow/dags/ivory.py took 0.136 seconds
[2024-08-31T00:17:03.937+0000] {processor.py:161} INFO - Started process (PID=858) to work on /opt/airflow/dags/ivory.py
[2024-08-31T00:17:03.938+0000] {processor.py:830} INFO - Processing file /opt/airflow/dags/ivory.py for tasks to queue
[2024-08-31T00:17:03.940+0000] {logging_mixin.py:188} INFO - [2024-08-31T00:17:03.940+0000] {dagbag.py:545} INFO - Filling up the DagBag from /opt/airflow/dags/ivory.py
[2024-08-31T00:17:03.966+0000] {processor.py:840} INFO - DAG(s) 'trino_query_dag_ivory' retrieved from /opt/airflow/dags/ivory.py
[2024-08-31T00:17:03.996+0000] {logging_mixin.py:188} INFO - [2024-08-31T00:17:03.996+0000] {dag.py:3089} INFO - Sync 1 DAGs
[2024-08-31T00:17:04.023+0000] {logging_mixin.py:188} INFO - [2024-08-31T00:17:04.023+0000] {dag.py:3947} INFO - Setting next_dagrun for trino_query_dag_ivory to 2024-08-31 00:00:00+00:00, run_after=2024-09-01 00:00:00+00:00
[2024-08-31T00:17:04.049+0000] {processor.py:183} INFO - Processing /opt/airflow/dags/ivory.py took 0.118 seconds
[2024-08-31T00:17:34.569+0000] {processor.py:161} INFO - Started process (PID=893) to work on /opt/airflow/dags/ivory.py
[2024-08-31T00:17:34.571+0000] {processor.py:830} INFO - Processing file /opt/airflow/dags/ivory.py for tasks to queue
[2024-08-31T00:17:34.573+0000] {logging_mixin.py:188} INFO - [2024-08-31T00:17:34.572+0000] {dagbag.py:545} INFO - Filling up the DagBag from /opt/airflow/dags/ivory.py
[2024-08-31T00:17:34.606+0000] {processor.py:840} INFO - DAG(s) 'trino_query_dag_ivory' retrieved from /opt/airflow/dags/ivory.py
[2024-08-31T00:17:34.643+0000] {logging_mixin.py:188} INFO - [2024-08-31T00:17:34.643+0000] {dag.py:3089} INFO - Sync 1 DAGs
[2024-08-31T00:17:34.673+0000] {logging_mixin.py:188} INFO - [2024-08-31T00:17:34.673+0000] {dag.py:3947} INFO - Setting next_dagrun for trino_query_dag_ivory to 2024-08-31 00:00:00+00:00, run_after=2024-09-01 00:00:00+00:00
[2024-08-31T00:17:34.702+0000] {processor.py:183} INFO - Processing /opt/airflow/dags/ivory.py took 0.140 seconds
[2024-08-31T00:18:04.820+0000] {processor.py:161} INFO - Started process (PID=926) to work on /opt/airflow/dags/ivory.py
[2024-08-31T00:18:04.822+0000] {processor.py:830} INFO - Processing file /opt/airflow/dags/ivory.py for tasks to queue
[2024-08-31T00:18:04.825+0000] {logging_mixin.py:188} INFO - [2024-08-31T00:18:04.824+0000] {dagbag.py:545} INFO - Filling up the DagBag from /opt/airflow/dags/ivory.py
[2024-08-31T00:18:04.857+0000] {processor.py:840} INFO - DAG(s) 'trino_query_dag_ivory' retrieved from /opt/airflow/dags/ivory.py
[2024-08-31T00:18:04.893+0000] {logging_mixin.py:188} INFO - [2024-08-31T00:18:04.892+0000] {dag.py:3089} INFO - Sync 1 DAGs
[2024-08-31T00:18:04.925+0000] {logging_mixin.py:188} INFO - [2024-08-31T00:18:04.925+0000] {dag.py:3947} INFO - Setting next_dagrun for trino_query_dag_ivory to 2024-08-31 00:00:00+00:00, run_after=2024-09-01 00:00:00+00:00
[2024-08-31T00:18:04.955+0000] {processor.py:183} INFO - Processing /opt/airflow/dags/ivory.py took 0.142 seconds
[2024-08-31T00:18:35.039+0000] {processor.py:161} INFO - Started process (PID=961) to work on /opt/airflow/dags/ivory.py
[2024-08-31T00:18:35.040+0000] {processor.py:830} INFO - Processing file /opt/airflow/dags/ivory.py for tasks to queue
[2024-08-31T00:18:35.043+0000] {logging_mixin.py:188} INFO - [2024-08-31T00:18:35.043+0000] {dagbag.py:545} INFO - Filling up the DagBag from /opt/airflow/dags/ivory.py
[2024-08-31T00:18:35.069+0000] {processor.py:840} INFO - DAG(s) 'trino_query_dag_ivory' retrieved from /opt/airflow/dags/ivory.py
[2024-08-31T00:18:35.103+0000] {logging_mixin.py:188} INFO - [2024-08-31T00:18:35.102+0000] {dag.py:3089} INFO - Sync 1 DAGs
[2024-08-31T00:18:35.130+0000] {logging_mixin.py:188} INFO - [2024-08-31T00:18:35.130+0000] {dag.py:3947} INFO - Setting next_dagrun for trino_query_dag_ivory to 2024-08-31 00:00:00+00:00, run_after=2024-09-01 00:00:00+00:00
[2024-08-31T00:18:35.363+0000] {processor.py:183} INFO - Processing /opt/airflow/dags/ivory.py took 0.331 seconds
[2024-08-31T00:19:05.931+0000] {processor.py:161} INFO - Started process (PID=996) to work on /opt/airflow/dags/ivory.py
[2024-08-31T00:19:05.932+0000] {processor.py:830} INFO - Processing file /opt/airflow/dags/ivory.py for tasks to queue
[2024-08-31T00:19:05.935+0000] {logging_mixin.py:188} INFO - [2024-08-31T00:19:05.935+0000] {dagbag.py:545} INFO - Filling up the DagBag from /opt/airflow/dags/ivory.py
[2024-08-31T00:19:05.967+0000] {processor.py:840} INFO - DAG(s) 'trino_query_dag_ivory' retrieved from /opt/airflow/dags/ivory.py
[2024-08-31T00:19:06.000+0000] {logging_mixin.py:188} INFO - [2024-08-31T00:19:06.000+0000] {dag.py:3089} INFO - Sync 1 DAGs
[2024-08-31T00:19:06.031+0000] {logging_mixin.py:188} INFO - [2024-08-31T00:19:06.031+0000] {dag.py:3947} INFO - Setting next_dagrun for trino_query_dag_ivory to 2024-08-31 00:00:00+00:00, run_after=2024-09-01 00:00:00+00:00
[2024-08-31T00:19:06.054+0000] {processor.py:183} INFO - Processing /opt/airflow/dags/ivory.py took 0.132 seconds
[2024-08-31T00:19:36.415+0000] {processor.py:161} INFO - Started process (PID=1031) to work on /opt/airflow/dags/ivory.py
[2024-08-31T00:19:36.416+0000] {processor.py:830} INFO - Processing file /opt/airflow/dags/ivory.py for tasks to queue
[2024-08-31T00:19:36.419+0000] {logging_mixin.py:188} INFO - [2024-08-31T00:19:36.418+0000] {dagbag.py:545} INFO - Filling up the DagBag from /opt/airflow/dags/ivory.py
[2024-08-31T00:19:36.446+0000] {processor.py:840} INFO - DAG(s) 'trino_query_dag_ivory' retrieved from /opt/airflow/dags/ivory.py
[2024-08-31T00:19:36.480+0000] {logging_mixin.py:188} INFO - [2024-08-31T00:19:36.480+0000] {dag.py:3089} INFO - Sync 1 DAGs
[2024-08-31T00:19:36.508+0000] {logging_mixin.py:188} INFO - [2024-08-31T00:19:36.508+0000] {dag.py:3947} INFO - Setting next_dagrun for trino_query_dag_ivory to 2024-08-31 00:00:00+00:00, run_after=2024-09-01 00:00:00+00:00
[2024-08-31T00:19:36.532+0000] {processor.py:183} INFO - Processing /opt/airflow/dags/ivory.py took 0.125 seconds
[2024-08-31T00:20:06.824+0000] {processor.py:161} INFO - Started process (PID=1068) to work on /opt/airflow/dags/ivory.py
[2024-08-31T00:20:06.825+0000] {processor.py:830} INFO - Processing file /opt/airflow/dags/ivory.py for tasks to queue
[2024-08-31T00:20:06.827+0000] {logging_mixin.py:188} INFO - [2024-08-31T00:20:06.827+0000] {dagbag.py:545} INFO - Filling up the DagBag from /opt/airflow/dags/ivory.py
[2024-08-31T00:20:06.857+0000] {processor.py:840} INFO - DAG(s) 'trino_query_dag_ivory' retrieved from /opt/airflow/dags/ivory.py
[2024-08-31T00:20:06.889+0000] {logging_mixin.py:188} INFO - [2024-08-31T00:20:06.889+0000] {dag.py:3089} INFO - Sync 1 DAGs
[2024-08-31T00:20:06.915+0000] {logging_mixin.py:188} INFO - [2024-08-31T00:20:06.914+0000] {dag.py:3947} INFO - Setting next_dagrun for trino_query_dag_ivory to 2024-08-31 00:00:00+00:00, run_after=2024-09-01 00:00:00+00:00
[2024-08-31T00:20:06.942+0000] {processor.py:183} INFO - Processing /opt/airflow/dags/ivory.py took 0.125 seconds
[2024-08-31T00:20:37.380+0000] {processor.py:161} INFO - Started process (PID=1103) to work on /opt/airflow/dags/ivory.py
[2024-08-31T00:20:37.381+0000] {processor.py:830} INFO - Processing file /opt/airflow/dags/ivory.py for tasks to queue
[2024-08-31T00:20:37.383+0000] {logging_mixin.py:188} INFO - [2024-08-31T00:20:37.383+0000] {dagbag.py:545} INFO - Filling up the DagBag from /opt/airflow/dags/ivory.py
[2024-08-31T00:20:37.416+0000] {processor.py:840} INFO - DAG(s) 'trino_query_dag_ivory' retrieved from /opt/airflow/dags/ivory.py
[2024-08-31T00:20:37.451+0000] {logging_mixin.py:188} INFO - [2024-08-31T00:20:37.450+0000] {dag.py:3089} INFO - Sync 1 DAGs
[2024-08-31T00:20:37.480+0000] {logging_mixin.py:188} INFO - [2024-08-31T00:20:37.479+0000] {dag.py:3947} INFO - Setting next_dagrun for trino_query_dag_ivory to 2024-08-31 00:00:00+00:00, run_after=2024-09-01 00:00:00+00:00
[2024-08-31T00:20:37.506+0000] {processor.py:183} INFO - Processing /opt/airflow/dags/ivory.py took 0.133 seconds
[2024-08-31T00:21:07.564+0000] {processor.py:161} INFO - Started process (PID=1136) to work on /opt/airflow/dags/ivory.py
[2024-08-31T00:21:07.565+0000] {processor.py:830} INFO - Processing file /opt/airflow/dags/ivory.py for tasks to queue
[2024-08-31T00:21:07.568+0000] {logging_mixin.py:188} INFO - [2024-08-31T00:21:07.567+0000] {dagbag.py:545} INFO - Filling up the DagBag from /opt/airflow/dags/ivory.py
[2024-08-31T00:21:07.595+0000] {processor.py:840} INFO - DAG(s) 'trino_query_dag_ivory' retrieved from /opt/airflow/dags/ivory.py
[2024-08-31T00:21:07.630+0000] {logging_mixin.py:188} INFO - [2024-08-31T00:21:07.629+0000] {dag.py:3089} INFO - Sync 1 DAGs
[2024-08-31T00:21:07.659+0000] {logging_mixin.py:188} INFO - [2024-08-31T00:21:07.658+0000] {dag.py:3947} INFO - Setting next_dagrun for trino_query_dag_ivory to 2024-08-31 00:00:00+00:00, run_after=2024-09-01 00:00:00+00:00
[2024-08-31T00:21:07.691+0000] {processor.py:183} INFO - Processing /opt/airflow/dags/ivory.py took 0.133 seconds
[2024-08-31T00:21:37.906+0000] {processor.py:161} INFO - Started process (PID=1171) to work on /opt/airflow/dags/ivory.py
[2024-08-31T00:21:37.907+0000] {processor.py:830} INFO - Processing file /opt/airflow/dags/ivory.py for tasks to queue
[2024-08-31T00:21:37.910+0000] {logging_mixin.py:188} INFO - [2024-08-31T00:21:37.909+0000] {dagbag.py:545} INFO - Filling up the DagBag from /opt/airflow/dags/ivory.py
[2024-08-31T00:21:37.937+0000] {processor.py:840} INFO - DAG(s) 'trino_query_dag_ivory' retrieved from /opt/airflow/dags/ivory.py
[2024-08-31T00:21:37.971+0000] {logging_mixin.py:188} INFO - [2024-08-31T00:21:37.970+0000] {dag.py:3089} INFO - Sync 1 DAGs
[2024-08-31T00:21:37.999+0000] {logging_mixin.py:188} INFO - [2024-08-31T00:21:37.998+0000] {dag.py:3947} INFO - Setting next_dagrun for trino_query_dag_ivory to 2024-08-31 00:00:00+00:00, run_after=2024-09-01 00:00:00+00:00
[2024-08-31T00:21:38.025+0000] {processor.py:183} INFO - Processing /opt/airflow/dags/ivory.py took 0.126 seconds
[2024-08-31T00:22:08.234+0000] {processor.py:161} INFO - Started process (PID=1206) to work on /opt/airflow/dags/ivory.py
[2024-08-31T00:22:08.236+0000] {processor.py:830} INFO - Processing file /opt/airflow/dags/ivory.py for tasks to queue
[2024-08-31T00:22:08.238+0000] {logging_mixin.py:188} INFO - [2024-08-31T00:22:08.238+0000] {dagbag.py:545} INFO - Filling up the DagBag from /opt/airflow/dags/ivory.py
[2024-08-31T00:22:08.270+0000] {processor.py:840} INFO - DAG(s) 'trino_query_dag_ivory' retrieved from /opt/airflow/dags/ivory.py
[2024-08-31T00:22:08.303+0000] {logging_mixin.py:188} INFO - [2024-08-31T00:22:08.303+0000] {dag.py:3089} INFO - Sync 1 DAGs
[2024-08-31T00:22:08.331+0000] {logging_mixin.py:188} INFO - [2024-08-31T00:22:08.331+0000] {dag.py:3947} INFO - Setting next_dagrun for trino_query_dag_ivory to 2024-08-31 00:00:00+00:00, run_after=2024-09-01 00:00:00+00:00
[2024-08-31T00:22:08.354+0000] {processor.py:183} INFO - Processing /opt/airflow/dags/ivory.py took 0.128 seconds
[2024-08-31T00:22:38.549+0000] {processor.py:161} INFO - Started process (PID=1241) to work on /opt/airflow/dags/ivory.py
[2024-08-31T00:22:38.551+0000] {processor.py:830} INFO - Processing file /opt/airflow/dags/ivory.py for tasks to queue
[2024-08-31T00:22:38.554+0000] {logging_mixin.py:188} INFO - [2024-08-31T00:22:38.553+0000] {dagbag.py:545} INFO - Filling up the DagBag from /opt/airflow/dags/ivory.py
[2024-08-31T00:22:38.585+0000] {processor.py:840} INFO - DAG(s) 'trino_query_dag_ivory' retrieved from /opt/airflow/dags/ivory.py
[2024-08-31T00:22:38.619+0000] {logging_mixin.py:188} INFO - [2024-08-31T00:22:38.618+0000] {dag.py:3089} INFO - Sync 1 DAGs
[2024-08-31T00:22:38.645+0000] {logging_mixin.py:188} INFO - [2024-08-31T00:22:38.645+0000] {dag.py:3947} INFO - Setting next_dagrun for trino_query_dag_ivory to 2024-08-31 00:00:00+00:00, run_after=2024-09-01 00:00:00+00:00
[2024-08-31T00:22:38.670+0000] {processor.py:183} INFO - Processing /opt/airflow/dags/ivory.py took 0.128 seconds
[2024-08-31T00:23:08.980+0000] {processor.py:161} INFO - Started process (PID=1276) to work on /opt/airflow/dags/ivory.py
[2024-08-31T00:23:08.982+0000] {processor.py:830} INFO - Processing file /opt/airflow/dags/ivory.py for tasks to queue
[2024-08-31T00:23:08.985+0000] {logging_mixin.py:188} INFO - [2024-08-31T00:23:08.985+0000] {dagbag.py:545} INFO - Filling up the DagBag from /opt/airflow/dags/ivory.py
[2024-08-31T00:23:09.014+0000] {processor.py:840} INFO - DAG(s) 'trino_query_dag_ivory' retrieved from /opt/airflow/dags/ivory.py
[2024-08-31T00:23:09.047+0000] {logging_mixin.py:188} INFO - [2024-08-31T00:23:09.047+0000] {dag.py:3089} INFO - Sync 1 DAGs
[2024-08-31T00:23:09.076+0000] {logging_mixin.py:188} INFO - [2024-08-31T00:23:09.075+0000] {dag.py:3947} INFO - Setting next_dagrun for trino_query_dag_ivory to 2024-08-31 00:00:00+00:00, run_after=2024-09-01 00:00:00+00:00
[2024-08-31T00:23:09.105+0000] {processor.py:183} INFO - Processing /opt/airflow/dags/ivory.py took 0.133 seconds
[2024-08-31T00:23:39.356+0000] {processor.py:161} INFO - Started process (PID=1311) to work on /opt/airflow/dags/ivory.py
[2024-08-31T00:23:39.358+0000] {processor.py:830} INFO - Processing file /opt/airflow/dags/ivory.py for tasks to queue
[2024-08-31T00:23:39.361+0000] {logging_mixin.py:188} INFO - [2024-08-31T00:23:39.361+0000] {dagbag.py:545} INFO - Filling up the DagBag from /opt/airflow/dags/ivory.py
[2024-08-31T00:23:39.389+0000] {processor.py:840} INFO - DAG(s) 'trino_query_dag_ivory' retrieved from /opt/airflow/dags/ivory.py
[2024-08-31T00:23:39.422+0000] {logging_mixin.py:188} INFO - [2024-08-31T00:23:39.422+0000] {dag.py:3089} INFO - Sync 1 DAGs
[2024-08-31T00:23:39.450+0000] {logging_mixin.py:188} INFO - [2024-08-31T00:23:39.450+0000] {dag.py:3947} INFO - Setting next_dagrun for trino_query_dag_ivory to 2024-08-31 00:00:00+00:00, run_after=2024-09-01 00:00:00+00:00
[2024-08-31T00:23:39.476+0000] {processor.py:183} INFO - Processing /opt/airflow/dags/ivory.py took 0.128 seconds
[2024-08-31T00:24:09.747+0000] {processor.py:161} INFO - Started process (PID=1348) to work on /opt/airflow/dags/ivory.py
[2024-08-31T00:24:09.748+0000] {processor.py:830} INFO - Processing file /opt/airflow/dags/ivory.py for tasks to queue
[2024-08-31T00:24:09.750+0000] {logging_mixin.py:188} INFO - [2024-08-31T00:24:09.750+0000] {dagbag.py:545} INFO - Filling up the DagBag from /opt/airflow/dags/ivory.py
[2024-08-31T00:24:09.779+0000] {processor.py:840} INFO - DAG(s) 'trino_query_dag_ivory' retrieved from /opt/airflow/dags/ivory.py
[2024-08-31T00:24:09.812+0000] {logging_mixin.py:188} INFO - [2024-08-31T00:24:09.812+0000] {dag.py:3089} INFO - Sync 1 DAGs
[2024-08-31T00:24:09.843+0000] {logging_mixin.py:188} INFO - [2024-08-31T00:24:09.842+0000] {dag.py:3947} INFO - Setting next_dagrun for trino_query_dag_ivory to 2024-08-31 00:00:00+00:00, run_after=2024-09-01 00:00:00+00:00
[2024-08-31T00:24:09.866+0000] {processor.py:183} INFO - Processing /opt/airflow/dags/ivory.py took 0.125 seconds
[2024-08-31T00:24:40.044+0000] {processor.py:161} INFO - Started process (PID=1381) to work on /opt/airflow/dags/ivory.py
[2024-08-31T00:24:40.045+0000] {processor.py:830} INFO - Processing file /opt/airflow/dags/ivory.py for tasks to queue
[2024-08-31T00:24:40.049+0000] {logging_mixin.py:188} INFO - [2024-08-31T00:24:40.048+0000] {dagbag.py:545} INFO - Filling up the DagBag from /opt/airflow/dags/ivory.py
[2024-08-31T00:24:40.076+0000] {processor.py:840} INFO - DAG(s) 'trino_query_dag_ivory' retrieved from /opt/airflow/dags/ivory.py
[2024-08-31T00:24:40.109+0000] {logging_mixin.py:188} INFO - [2024-08-31T00:24:40.109+0000] {dag.py:3089} INFO - Sync 1 DAGs
[2024-08-31T00:24:40.136+0000] {logging_mixin.py:188} INFO - [2024-08-31T00:24:40.136+0000] {dag.py:3947} INFO - Setting next_dagrun for trino_query_dag_ivory to 2024-08-31 00:00:00+00:00, run_after=2024-09-01 00:00:00+00:00
[2024-08-31T00:24:40.160+0000] {processor.py:183} INFO - Processing /opt/airflow/dags/ivory.py took 0.126 seconds
