[2024-08-31T00:05:12.001+0000] {processor.py:161} INFO - Started process (PID=205) to work on /opt/airflow/dags/ivy.py
[2024-08-31T00:05:12.002+0000] {processor.py:830} INFO - Processing file /opt/airflow/dags/ivy.py for tasks to queue
[2024-08-31T00:05:12.006+0000] {logging_mixin.py:188} INFO - [2024-08-31T00:05:12.005+0000] {dagbag.py:545} INFO - Filling up the DagBag from /opt/airflow/dags/ivy.py
[2024-08-31T00:05:12.117+0000] {processor.py:840} INFO - DAG(s) 'trino_query_dag_ivy' retrieved from /opt/airflow/dags/ivy.py
[2024-08-31T00:05:12.221+0000] {logging_mixin.py:188} INFO - [2024-08-31T00:05:12.219+0000] {dag.py:3089} INFO - Sync 1 DAGs
[2024-08-31T00:05:12.337+0000] {logging_mixin.py:188} INFO - [2024-08-31T00:05:12.336+0000] {dag.py:3947} INFO - Setting next_dagrun for trino_query_dag_ivy to 2024-08-30 00:00:00+00:00, run_after=2024-08-31 00:00:00+00:00
[2024-08-31T00:05:12.459+0000] {processor.py:183} INFO - Processing /opt/airflow/dags/ivy.py took 0.486 seconds
[2024-08-31T00:05:42.856+0000] {processor.py:161} INFO - Started process (PID=254) to work on /opt/airflow/dags/ivy.py
[2024-08-31T00:05:42.858+0000] {processor.py:830} INFO - Processing file /opt/airflow/dags/ivy.py for tasks to queue
[2024-08-31T00:05:42.860+0000] {logging_mixin.py:188} INFO - [2024-08-31T00:05:42.860+0000] {dagbag.py:545} INFO - Filling up the DagBag from /opt/airflow/dags/ivy.py
[2024-08-31T00:05:42.888+0000] {processor.py:840} INFO - DAG(s) 'trino_query_dag_ivy' retrieved from /opt/airflow/dags/ivy.py
[2024-08-31T00:05:43.074+0000] {logging_mixin.py:188} INFO - [2024-08-31T00:05:43.073+0000] {dag.py:3089} INFO - Sync 1 DAGs
[2024-08-31T00:05:43.100+0000] {logging_mixin.py:188} INFO - [2024-08-31T00:05:43.100+0000] {dag.py:3947} INFO - Setting next_dagrun for trino_query_dag_ivy to 2024-08-30 00:00:00+00:00, run_after=2024-08-31 00:00:00+00:00
[2024-08-31T00:05:43.129+0000] {processor.py:183} INFO - Processing /opt/airflow/dags/ivy.py took 0.279 seconds
[2024-08-31T00:06:14.113+0000] {processor.py:161} INFO - Started process (PID=287) to work on /opt/airflow/dags/ivy.py
[2024-08-31T00:06:14.115+0000] {processor.py:830} INFO - Processing file /opt/airflow/dags/ivy.py for tasks to queue
[2024-08-31T00:06:14.117+0000] {logging_mixin.py:188} INFO - [2024-08-31T00:06:14.117+0000] {dagbag.py:545} INFO - Filling up the DagBag from /opt/airflow/dags/ivy.py
[2024-08-31T00:06:14.150+0000] {processor.py:840} INFO - DAG(s) 'trino_query_dag_ivy' retrieved from /opt/airflow/dags/ivy.py
[2024-08-31T00:06:14.187+0000] {logging_mixin.py:188} INFO - [2024-08-31T00:06:14.187+0000] {dag.py:3089} INFO - Sync 1 DAGs
[2024-08-31T00:06:14.216+0000] {logging_mixin.py:188} INFO - [2024-08-31T00:06:14.216+0000] {dag.py:3947} INFO - Setting next_dagrun for trino_query_dag_ivy to 2024-08-30 00:00:00+00:00, run_after=2024-08-31 00:00:00+00:00
[2024-08-31T00:06:15.054+0000] {processor.py:183} INFO - Processing /opt/airflow/dags/ivy.py took 0.953 seconds
[2024-08-31T00:06:45.280+0000] {processor.py:161} INFO - Started process (PID=322) to work on /opt/airflow/dags/ivy.py
[2024-08-31T00:06:45.281+0000] {processor.py:830} INFO - Processing file /opt/airflow/dags/ivy.py for tasks to queue
[2024-08-31T00:06:45.284+0000] {logging_mixin.py:188} INFO - [2024-08-31T00:06:45.284+0000] {dagbag.py:545} INFO - Filling up the DagBag from /opt/airflow/dags/ivy.py
[2024-08-31T00:06:45.312+0000] {processor.py:840} INFO - DAG(s) 'trino_query_dag_ivy' retrieved from /opt/airflow/dags/ivy.py
[2024-08-31T00:06:45.346+0000] {logging_mixin.py:188} INFO - [2024-08-31T00:06:45.346+0000] {dag.py:3089} INFO - Sync 1 DAGs
[2024-08-31T00:06:45.373+0000] {logging_mixin.py:188} INFO - [2024-08-31T00:06:45.373+0000] {dag.py:3947} INFO - Setting next_dagrun for trino_query_dag_ivy to 2024-08-30 00:00:00+00:00, run_after=2024-08-31 00:00:00+00:00
[2024-08-31T00:06:45.401+0000] {processor.py:183} INFO - Processing /opt/airflow/dags/ivy.py took 0.128 seconds
[2024-08-31T00:07:55.526+0000] {processor.py:161} INFO - Started process (PID=203) to work on /opt/airflow/dags/ivy.py
[2024-08-31T00:07:55.528+0000] {processor.py:830} INFO - Processing file /opt/airflow/dags/ivy.py for tasks to queue
[2024-08-31T00:07:55.532+0000] {logging_mixin.py:188} INFO - [2024-08-31T00:07:55.531+0000] {dagbag.py:545} INFO - Filling up the DagBag from /opt/airflow/dags/ivy.py
[2024-08-31T00:07:55.584+0000] {processor.py:840} INFO - DAG(s) 'trino_query_dag_ivy' retrieved from /opt/airflow/dags/ivy.py
[2024-08-31T00:07:55.609+0000] {logging_mixin.py:188} INFO - [2024-08-31T00:07:55.609+0000] {dag.py:3089} INFO - Sync 1 DAGs
[2024-08-31T00:07:55.676+0000] {logging_mixin.py:188} INFO - [2024-08-31T00:07:55.676+0000] {dag.py:3947} INFO - Setting next_dagrun for trino_query_dag_ivy to 2024-08-30 00:00:00+00:00, run_after=2024-08-31 00:00:00+00:00
[2024-08-31T00:07:55.720+0000] {processor.py:183} INFO - Processing /opt/airflow/dags/ivy.py took 0.213 seconds
[2024-08-31T00:08:25.847+0000] {processor.py:161} INFO - Started process (PID=242) to work on /opt/airflow/dags/ivy.py
[2024-08-31T00:08:25.848+0000] {processor.py:830} INFO - Processing file /opt/airflow/dags/ivy.py for tasks to queue
[2024-08-31T00:08:25.851+0000] {logging_mixin.py:188} INFO - [2024-08-31T00:08:25.850+0000] {dagbag.py:545} INFO - Filling up the DagBag from /opt/airflow/dags/ivy.py
[2024-08-31T00:08:25.876+0000] {processor.py:840} INFO - DAG(s) 'trino_query_dag_ivy' retrieved from /opt/airflow/dags/ivy.py
[2024-08-31T00:08:26.013+0000] {logging_mixin.py:188} INFO - [2024-08-31T00:08:26.012+0000] {dag.py:3089} INFO - Sync 1 DAGs
[2024-08-31T00:08:26.038+0000] {logging_mixin.py:188} INFO - [2024-08-31T00:08:26.038+0000] {dag.py:3947} INFO - Setting next_dagrun for trino_query_dag_ivy to 2024-08-30 00:00:00+00:00, run_after=2024-08-31 00:00:00+00:00
[2024-08-31T00:08:26.309+0000] {processor.py:183} INFO - Processing /opt/airflow/dags/ivy.py took 0.467 seconds
[2024-08-31T00:08:56.446+0000] {processor.py:161} INFO - Started process (PID=277) to work on /opt/airflow/dags/ivy.py
[2024-08-31T00:08:56.447+0000] {processor.py:830} INFO - Processing file /opt/airflow/dags/ivy.py for tasks to queue
[2024-08-31T00:08:56.450+0000] {logging_mixin.py:188} INFO - [2024-08-31T00:08:56.449+0000] {dagbag.py:545} INFO - Filling up the DagBag from /opt/airflow/dags/ivy.py
[2024-08-31T00:08:56.477+0000] {processor.py:840} INFO - DAG(s) 'trino_query_dag_ivy' retrieved from /opt/airflow/dags/ivy.py
[2024-08-31T00:08:56.508+0000] {logging_mixin.py:188} INFO - [2024-08-31T00:08:56.508+0000] {dag.py:3089} INFO - Sync 1 DAGs
[2024-08-31T00:08:56.536+0000] {logging_mixin.py:188} INFO - [2024-08-31T00:08:56.536+0000] {dag.py:3947} INFO - Setting next_dagrun for trino_query_dag_ivy to 2024-08-30 00:00:00+00:00, run_after=2024-08-31 00:00:00+00:00
[2024-08-31T00:08:56.577+0000] {processor.py:183} INFO - Processing /opt/airflow/dags/ivy.py took 0.138 seconds
[2024-08-31T00:09:26.920+0000] {processor.py:161} INFO - Started process (PID=310) to work on /opt/airflow/dags/ivy.py
[2024-08-31T00:09:26.921+0000] {processor.py:830} INFO - Processing file /opt/airflow/dags/ivy.py for tasks to queue
[2024-08-31T00:09:26.924+0000] {logging_mixin.py:188} INFO - [2024-08-31T00:09:26.924+0000] {dagbag.py:545} INFO - Filling up the DagBag from /opt/airflow/dags/ivy.py
[2024-08-31T00:09:26.953+0000] {processor.py:840} INFO - DAG(s) 'trino_query_dag_ivy' retrieved from /opt/airflow/dags/ivy.py
[2024-08-31T00:09:26.985+0000] {logging_mixin.py:188} INFO - [2024-08-31T00:09:26.985+0000] {dag.py:3089} INFO - Sync 1 DAGs
[2024-08-31T00:09:27.024+0000] {logging_mixin.py:188} INFO - [2024-08-31T00:09:27.024+0000] {dag.py:3947} INFO - Setting next_dagrun for trino_query_dag_ivy to 2024-08-30 00:00:00+00:00, run_after=2024-08-31 00:00:00+00:00
[2024-08-31T00:09:27.083+0000] {processor.py:183} INFO - Processing /opt/airflow/dags/ivy.py took 0.169 seconds
[2024-08-31T00:09:57.360+0000] {processor.py:161} INFO - Started process (PID=347) to work on /opt/airflow/dags/ivy.py
[2024-08-31T00:09:57.362+0000] {processor.py:830} INFO - Processing file /opt/airflow/dags/ivy.py for tasks to queue
[2024-08-31T00:09:57.364+0000] {logging_mixin.py:188} INFO - [2024-08-31T00:09:57.363+0000] {dagbag.py:545} INFO - Filling up the DagBag from /opt/airflow/dags/ivy.py
[2024-08-31T00:09:57.390+0000] {processor.py:840} INFO - DAG(s) 'trino_query_dag_ivy' retrieved from /opt/airflow/dags/ivy.py
[2024-08-31T00:09:57.422+0000] {logging_mixin.py:188} INFO - [2024-08-31T00:09:57.421+0000] {dag.py:3089} INFO - Sync 1 DAGs
[2024-08-31T00:09:57.451+0000] {logging_mixin.py:188} INFO - [2024-08-31T00:09:57.450+0000] {dag.py:3947} INFO - Setting next_dagrun for trino_query_dag_ivy to 2024-08-30 00:00:00+00:00, run_after=2024-08-31 00:00:00+00:00
[2024-08-31T00:09:57.487+0000] {processor.py:183} INFO - Processing /opt/airflow/dags/ivy.py took 0.134 seconds
[2024-08-31T00:10:28.154+0000] {processor.py:161} INFO - Started process (PID=388) to work on /opt/airflow/dags/ivy.py
[2024-08-31T00:10:28.155+0000] {processor.py:830} INFO - Processing file /opt/airflow/dags/ivy.py for tasks to queue
[2024-08-31T00:10:28.158+0000] {logging_mixin.py:188} INFO - [2024-08-31T00:10:28.157+0000] {dagbag.py:545} INFO - Filling up the DagBag from /opt/airflow/dags/ivy.py
[2024-08-31T00:10:28.190+0000] {processor.py:840} INFO - DAG(s) 'trino_query_dag_ivy' retrieved from /opt/airflow/dags/ivy.py
[2024-08-31T00:10:28.249+0000] {logging_mixin.py:188} INFO - [2024-08-31T00:10:28.249+0000] {dag.py:3089} INFO - Sync 1 DAGs
[2024-08-31T00:10:28.283+0000] {logging_mixin.py:188} INFO - [2024-08-31T00:10:28.282+0000] {dag.py:3947} INFO - Setting next_dagrun for trino_query_dag_ivy to 2024-08-30 00:00:00+00:00, run_after=2024-08-31 00:00:00+00:00
[2024-08-31T00:10:28.514+0000] {processor.py:183} INFO - Processing /opt/airflow/dags/ivy.py took 0.368 seconds
[2024-08-31T00:10:59.034+0000] {processor.py:161} INFO - Started process (PID=427) to work on /opt/airflow/dags/ivy.py
[2024-08-31T00:10:59.035+0000] {processor.py:830} INFO - Processing file /opt/airflow/dags/ivy.py for tasks to queue
[2024-08-31T00:10:59.037+0000] {logging_mixin.py:188} INFO - [2024-08-31T00:10:59.036+0000] {dagbag.py:545} INFO - Filling up the DagBag from /opt/airflow/dags/ivy.py
[2024-08-31T00:10:59.063+0000] {processor.py:840} INFO - DAG(s) 'trino_query_dag_ivy' retrieved from /opt/airflow/dags/ivy.py
[2024-08-31T00:10:59.095+0000] {logging_mixin.py:188} INFO - [2024-08-31T00:10:59.094+0000] {dag.py:3089} INFO - Sync 1 DAGs
[2024-08-31T00:10:59.123+0000] {logging_mixin.py:188} INFO - [2024-08-31T00:10:59.122+0000] {dag.py:3947} INFO - Setting next_dagrun for trino_query_dag_ivy to 2024-08-30 00:00:00+00:00, run_after=2024-08-31 00:00:00+00:00
[2024-08-31T00:10:59.147+0000] {processor.py:183} INFO - Processing /opt/airflow/dags/ivy.py took 0.121 seconds
[2024-08-31T00:11:29.359+0000] {processor.py:161} INFO - Started process (PID=464) to work on /opt/airflow/dags/ivy.py
[2024-08-31T00:11:29.360+0000] {processor.py:830} INFO - Processing file /opt/airflow/dags/ivy.py for tasks to queue
[2024-08-31T00:11:29.362+0000] {logging_mixin.py:188} INFO - [2024-08-31T00:11:29.362+0000] {dagbag.py:545} INFO - Filling up the DagBag from /opt/airflow/dags/ivy.py
[2024-08-31T00:11:29.394+0000] {processor.py:840} INFO - DAG(s) 'trino_query_dag_ivy' retrieved from /opt/airflow/dags/ivy.py
[2024-08-31T00:11:29.429+0000] {logging_mixin.py:188} INFO - [2024-08-31T00:11:29.428+0000] {dag.py:3089} INFO - Sync 1 DAGs
[2024-08-31T00:11:29.457+0000] {logging_mixin.py:188} INFO - [2024-08-31T00:11:29.456+0000] {dag.py:3947} INFO - Setting next_dagrun for trino_query_dag_ivy to 2024-08-30 00:00:00+00:00, run_after=2024-08-31 00:00:00+00:00
[2024-08-31T00:11:29.482+0000] {processor.py:183} INFO - Processing /opt/airflow/dags/ivy.py took 0.129 seconds
[2024-08-31T00:11:59.962+0000] {processor.py:161} INFO - Started process (PID=499) to work on /opt/airflow/dags/ivy.py
[2024-08-31T00:11:59.963+0000] {processor.py:830} INFO - Processing file /opt/airflow/dags/ivy.py for tasks to queue
[2024-08-31T00:11:59.965+0000] {logging_mixin.py:188} INFO - [2024-08-31T00:11:59.965+0000] {dagbag.py:545} INFO - Filling up the DagBag from /opt/airflow/dags/ivy.py
[2024-08-31T00:11:59.995+0000] {processor.py:840} INFO - DAG(s) 'trino_query_dag_ivy' retrieved from /opt/airflow/dags/ivy.py
[2024-08-31T00:12:00.034+0000] {logging_mixin.py:188} INFO - [2024-08-31T00:12:00.033+0000] {dag.py:3089} INFO - Sync 1 DAGs
[2024-08-31T00:12:00.063+0000] {logging_mixin.py:188} INFO - [2024-08-31T00:12:00.062+0000] {dag.py:3947} INFO - Setting next_dagrun for trino_query_dag_ivy to 2024-08-30 00:00:00+00:00, run_after=2024-08-31 00:00:00+00:00
[2024-08-31T00:12:00.090+0000] {processor.py:183} INFO - Processing /opt/airflow/dags/ivy.py took 0.135 seconds
[2024-08-31T00:12:30.253+0000] {processor.py:161} INFO - Started process (PID=534) to work on /opt/airflow/dags/ivy.py
[2024-08-31T00:12:30.254+0000] {processor.py:830} INFO - Processing file /opt/airflow/dags/ivy.py for tasks to queue
[2024-08-31T00:12:30.257+0000] {logging_mixin.py:188} INFO - [2024-08-31T00:12:30.257+0000] {dagbag.py:545} INFO - Filling up the DagBag from /opt/airflow/dags/ivy.py
[2024-08-31T00:12:30.289+0000] {processor.py:840} INFO - DAG(s) 'trino_query_dag_ivy' retrieved from /opt/airflow/dags/ivy.py
[2024-08-31T00:12:30.323+0000] {logging_mixin.py:188} INFO - [2024-08-31T00:12:30.322+0000] {dag.py:3089} INFO - Sync 1 DAGs
[2024-08-31T00:12:30.351+0000] {logging_mixin.py:188} INFO - [2024-08-31T00:12:30.351+0000] {dag.py:3947} INFO - Setting next_dagrun for trino_query_dag_ivy to 2024-08-30 00:00:00+00:00, run_after=2024-08-31 00:00:00+00:00
[2024-08-31T00:12:30.379+0000] {processor.py:183} INFO - Processing /opt/airflow/dags/ivy.py took 0.134 seconds
[2024-08-31T00:13:00.760+0000] {processor.py:161} INFO - Started process (PID=569) to work on /opt/airflow/dags/ivy.py
[2024-08-31T00:13:00.761+0000] {processor.py:830} INFO - Processing file /opt/airflow/dags/ivy.py for tasks to queue
[2024-08-31T00:13:00.763+0000] {logging_mixin.py:188} INFO - [2024-08-31T00:13:00.763+0000] {dagbag.py:545} INFO - Filling up the DagBag from /opt/airflow/dags/ivy.py
[2024-08-31T00:13:00.788+0000] {processor.py:840} INFO - DAG(s) 'trino_query_dag_ivy' retrieved from /opt/airflow/dags/ivy.py
[2024-08-31T00:13:00.819+0000] {logging_mixin.py:188} INFO - [2024-08-31T00:13:00.819+0000] {dag.py:3089} INFO - Sync 1 DAGs
[2024-08-31T00:13:00.846+0000] {logging_mixin.py:188} INFO - [2024-08-31T00:13:00.846+0000] {dag.py:3947} INFO - Setting next_dagrun for trino_query_dag_ivy to 2024-08-30 00:00:00+00:00, run_after=2024-08-31 00:00:00+00:00
[2024-08-31T00:13:00.876+0000] {processor.py:183} INFO - Processing /opt/airflow/dags/ivy.py took 0.122 seconds
[2024-08-31T00:13:31.104+0000] {processor.py:161} INFO - Started process (PID=604) to work on /opt/airflow/dags/ivy.py
[2024-08-31T00:13:31.105+0000] {processor.py:830} INFO - Processing file /opt/airflow/dags/ivy.py for tasks to queue
[2024-08-31T00:13:31.107+0000] {logging_mixin.py:188} INFO - [2024-08-31T00:13:31.107+0000] {dagbag.py:545} INFO - Filling up the DagBag from /opt/airflow/dags/ivy.py
[2024-08-31T00:13:31.135+0000] {processor.py:840} INFO - DAG(s) 'trino_query_dag_ivy' retrieved from /opt/airflow/dags/ivy.py
[2024-08-31T00:13:31.168+0000] {logging_mixin.py:188} INFO - [2024-08-31T00:13:31.167+0000] {dag.py:3089} INFO - Sync 1 DAGs
[2024-08-31T00:13:31.198+0000] {logging_mixin.py:188} INFO - [2024-08-31T00:13:31.198+0000] {dag.py:3947} INFO - Setting next_dagrun for trino_query_dag_ivy to 2024-08-30 00:00:00+00:00, run_after=2024-08-31 00:00:00+00:00
[2024-08-31T00:13:31.242+0000] {processor.py:183} INFO - Processing /opt/airflow/dags/ivy.py took 0.145 seconds
[2024-08-31T00:14:01.492+0000] {processor.py:161} INFO - Started process (PID=639) to work on /opt/airflow/dags/ivy.py
[2024-08-31T00:14:01.494+0000] {processor.py:830} INFO - Processing file /opt/airflow/dags/ivy.py for tasks to queue
[2024-08-31T00:14:01.496+0000] {logging_mixin.py:188} INFO - [2024-08-31T00:14:01.496+0000] {dagbag.py:545} INFO - Filling up the DagBag from /opt/airflow/dags/ivy.py
[2024-08-31T00:14:01.523+0000] {processor.py:840} INFO - DAG(s) 'trino_query_dag_ivy' retrieved from /opt/airflow/dags/ivy.py
[2024-08-31T00:14:01.553+0000] {logging_mixin.py:188} INFO - [2024-08-31T00:14:01.553+0000] {dag.py:3089} INFO - Sync 1 DAGs
[2024-08-31T00:14:01.579+0000] {logging_mixin.py:188} INFO - [2024-08-31T00:14:01.578+0000] {dag.py:3947} INFO - Setting next_dagrun for trino_query_dag_ivy to 2024-08-30 00:00:00+00:00, run_after=2024-08-31 00:00:00+00:00
[2024-08-31T00:14:01.607+0000] {processor.py:183} INFO - Processing /opt/airflow/dags/ivy.py took 0.121 seconds
[2024-08-31T00:14:31.891+0000] {processor.py:161} INFO - Started process (PID=674) to work on /opt/airflow/dags/ivy.py
[2024-08-31T00:14:31.892+0000] {processor.py:830} INFO - Processing file /opt/airflow/dags/ivy.py for tasks to queue
[2024-08-31T00:14:31.894+0000] {logging_mixin.py:188} INFO - [2024-08-31T00:14:31.894+0000] {dagbag.py:545} INFO - Filling up the DagBag from /opt/airflow/dags/ivy.py
[2024-08-31T00:14:31.920+0000] {processor.py:840} INFO - DAG(s) 'trino_query_dag_ivy' retrieved from /opt/airflow/dags/ivy.py
[2024-08-31T00:14:31.952+0000] {logging_mixin.py:188} INFO - [2024-08-31T00:14:31.952+0000] {dag.py:3089} INFO - Sync 1 DAGs
[2024-08-31T00:14:31.981+0000] {logging_mixin.py:188} INFO - [2024-08-31T00:14:31.980+0000] {dag.py:3947} INFO - Setting next_dagrun for trino_query_dag_ivy to 2024-08-30 00:00:00+00:00, run_after=2024-08-31 00:00:00+00:00
[2024-08-31T00:14:32.006+0000] {processor.py:183} INFO - Processing /opt/airflow/dags/ivy.py took 0.122 seconds
[2024-08-31T00:15:02.151+0000] {processor.py:161} INFO - Started process (PID=709) to work on /opt/airflow/dags/ivy.py
[2024-08-31T00:15:02.152+0000] {processor.py:830} INFO - Processing file /opt/airflow/dags/ivy.py for tasks to queue
[2024-08-31T00:15:02.155+0000] {logging_mixin.py:188} INFO - [2024-08-31T00:15:02.154+0000] {dagbag.py:545} INFO - Filling up the DagBag from /opt/airflow/dags/ivy.py
[2024-08-31T00:15:02.184+0000] {processor.py:840} INFO - DAG(s) 'trino_query_dag_ivy' retrieved from /opt/airflow/dags/ivy.py
[2024-08-31T00:15:02.215+0000] {logging_mixin.py:188} INFO - [2024-08-31T00:15:02.214+0000] {dag.py:3089} INFO - Sync 1 DAGs
[2024-08-31T00:15:02.242+0000] {logging_mixin.py:188} INFO - [2024-08-31T00:15:02.241+0000] {dag.py:3947} INFO - Setting next_dagrun for trino_query_dag_ivy to 2024-08-30 00:00:00+00:00, run_after=2024-08-31 00:00:00+00:00
[2024-08-31T00:15:02.264+0000] {processor.py:183} INFO - Processing /opt/airflow/dags/ivy.py took 0.120 seconds
[2024-08-31T00:15:32.555+0000] {processor.py:161} INFO - Started process (PID=752) to work on /opt/airflow/dags/ivy.py
[2024-08-31T00:15:32.557+0000] {processor.py:830} INFO - Processing file /opt/airflow/dags/ivy.py for tasks to queue
[2024-08-31T00:15:32.559+0000] {logging_mixin.py:188} INFO - [2024-08-31T00:15:32.559+0000] {dagbag.py:545} INFO - Filling up the DagBag from /opt/airflow/dags/ivy.py
[2024-08-31T00:15:32.586+0000] {processor.py:840} INFO - DAG(s) 'trino_query_dag_ivy' retrieved from /opt/airflow/dags/ivy.py
[2024-08-31T00:15:32.620+0000] {logging_mixin.py:188} INFO - [2024-08-31T00:15:32.620+0000] {dag.py:3089} INFO - Sync 1 DAGs
[2024-08-31T00:15:32.650+0000] {logging_mixin.py:188} INFO - [2024-08-31T00:15:32.650+0000] {dag.py:3947} INFO - Setting next_dagrun for trino_query_dag_ivy to 2024-08-30 00:00:00+00:00, run_after=2024-08-31 00:00:00+00:00
[2024-08-31T00:15:32.682+0000] {processor.py:183} INFO - Processing /opt/airflow/dags/ivy.py took 0.134 seconds
[2024-08-31T00:16:03.341+0000] {processor.py:161} INFO - Started process (PID=793) to work on /opt/airflow/dags/ivy.py
[2024-08-31T00:16:03.342+0000] {processor.py:830} INFO - Processing file /opt/airflow/dags/ivy.py for tasks to queue
[2024-08-31T00:16:03.344+0000] {logging_mixin.py:188} INFO - [2024-08-31T00:16:03.344+0000] {dagbag.py:545} INFO - Filling up the DagBag from /opt/airflow/dags/ivy.py
[2024-08-31T00:16:03.370+0000] {processor.py:840} INFO - DAG(s) 'trino_query_dag_ivy' retrieved from /opt/airflow/dags/ivy.py
[2024-08-31T00:16:03.402+0000] {logging_mixin.py:188} INFO - [2024-08-31T00:16:03.402+0000] {dag.py:3089} INFO - Sync 1 DAGs
[2024-08-31T00:16:03.428+0000] {logging_mixin.py:188} INFO - [2024-08-31T00:16:03.428+0000] {dag.py:3947} INFO - Setting next_dagrun for trino_query_dag_ivy to 2024-08-30 00:00:00+00:00, run_after=2024-08-31 00:00:00+00:00
[2024-08-31T00:16:03.453+0000] {processor.py:183} INFO - Processing /opt/airflow/dags/ivy.py took 0.119 seconds
[2024-08-31T00:16:33.808+0000] {processor.py:161} INFO - Started process (PID=828) to work on /opt/airflow/dags/ivy.py
[2024-08-31T00:16:33.809+0000] {processor.py:830} INFO - Processing file /opt/airflow/dags/ivy.py for tasks to queue
[2024-08-31T00:16:33.811+0000] {logging_mixin.py:188} INFO - [2024-08-31T00:16:33.811+0000] {dagbag.py:545} INFO - Filling up the DagBag from /opt/airflow/dags/ivy.py
[2024-08-31T00:16:33.841+0000] {processor.py:840} INFO - DAG(s) 'trino_query_dag_ivy' retrieved from /opt/airflow/dags/ivy.py
[2024-08-31T00:16:33.875+0000] {logging_mixin.py:188} INFO - [2024-08-31T00:16:33.875+0000] {dag.py:3089} INFO - Sync 1 DAGs
[2024-08-31T00:16:33.906+0000] {logging_mixin.py:188} INFO - [2024-08-31T00:16:33.906+0000] {dag.py:3947} INFO - Setting next_dagrun for trino_query_dag_ivy to 2024-08-30 00:00:00+00:00, run_after=2024-08-31 00:00:00+00:00
[2024-08-31T00:16:33.938+0000] {processor.py:183} INFO - Processing /opt/airflow/dags/ivy.py took 0.136 seconds
[2024-08-31T00:17:04.102+0000] {processor.py:161} INFO - Started process (PID=863) to work on /opt/airflow/dags/ivy.py
[2024-08-31T00:17:04.103+0000] {processor.py:830} INFO - Processing file /opt/airflow/dags/ivy.py for tasks to queue
[2024-08-31T00:17:04.105+0000] {logging_mixin.py:188} INFO - [2024-08-31T00:17:04.105+0000] {dagbag.py:545} INFO - Filling up the DagBag from /opt/airflow/dags/ivy.py
[2024-08-31T00:17:04.135+0000] {processor.py:840} INFO - DAG(s) 'trino_query_dag_ivy' retrieved from /opt/airflow/dags/ivy.py
[2024-08-31T00:17:04.170+0000] {logging_mixin.py:188} INFO - [2024-08-31T00:17:04.167+0000] {dag.py:3089} INFO - Sync 1 DAGs
[2024-08-31T00:17:04.209+0000] {logging_mixin.py:188} INFO - [2024-08-31T00:17:04.209+0000] {dag.py:3947} INFO - Setting next_dagrun for trino_query_dag_ivy to 2024-08-30 00:00:00+00:00, run_after=2024-08-31 00:00:00+00:00
[2024-08-31T00:17:04.237+0000] {processor.py:183} INFO - Processing /opt/airflow/dags/ivy.py took 0.144 seconds
[2024-08-31T00:17:34.575+0000] {processor.py:161} INFO - Started process (PID=896) to work on /opt/airflow/dags/ivy.py
[2024-08-31T00:17:34.576+0000] {processor.py:830} INFO - Processing file /opt/airflow/dags/ivy.py for tasks to queue
[2024-08-31T00:17:34.580+0000] {logging_mixin.py:188} INFO - [2024-08-31T00:17:34.579+0000] {dagbag.py:545} INFO - Filling up the DagBag from /opt/airflow/dags/ivy.py
[2024-08-31T00:17:34.610+0000] {processor.py:840} INFO - DAG(s) 'trino_query_dag_ivy' retrieved from /opt/airflow/dags/ivy.py
[2024-08-31T00:17:34.647+0000] {logging_mixin.py:188} INFO - [2024-08-31T00:17:34.646+0000] {dag.py:3089} INFO - Sync 1 DAGs
[2024-08-31T00:17:34.678+0000] {logging_mixin.py:188} INFO - [2024-08-31T00:17:34.677+0000] {dag.py:3947} INFO - Setting next_dagrun for trino_query_dag_ivy to 2024-08-30 00:00:00+00:00, run_after=2024-08-31 00:00:00+00:00
[2024-08-31T00:17:34.703+0000] {processor.py:183} INFO - Processing /opt/airflow/dags/ivy.py took 0.135 seconds
[2024-08-31T00:18:05.007+0000] {processor.py:161} INFO - Started process (PID=933) to work on /opt/airflow/dags/ivy.py
[2024-08-31T00:18:05.008+0000] {processor.py:830} INFO - Processing file /opt/airflow/dags/ivy.py for tasks to queue
[2024-08-31T00:18:05.011+0000] {logging_mixin.py:188} INFO - [2024-08-31T00:18:05.010+0000] {dagbag.py:545} INFO - Filling up the DagBag from /opt/airflow/dags/ivy.py
[2024-08-31T00:18:05.060+0000] {processor.py:840} INFO - DAG(s) 'trino_query_dag_ivy' retrieved from /opt/airflow/dags/ivy.py
[2024-08-31T00:18:05.126+0000] {logging_mixin.py:188} INFO - [2024-08-31T00:18:05.125+0000] {dag.py:3089} INFO - Sync 1 DAGs
[2024-08-31T00:18:05.160+0000] {logging_mixin.py:188} INFO - [2024-08-31T00:18:05.160+0000] {dag.py:3947} INFO - Setting next_dagrun for trino_query_dag_ivy to 2024-08-30 00:00:00+00:00, run_after=2024-08-31 00:00:00+00:00
[2024-08-31T00:18:05.193+0000] {processor.py:183} INFO - Processing /opt/airflow/dags/ivy.py took 0.194 seconds
[2024-08-31T00:18:35.424+0000] {processor.py:161} INFO - Started process (PID=968) to work on /opt/airflow/dags/ivy.py
[2024-08-31T00:18:35.425+0000] {processor.py:830} INFO - Processing file /opt/airflow/dags/ivy.py for tasks to queue
[2024-08-31T00:18:35.428+0000] {logging_mixin.py:188} INFO - [2024-08-31T00:18:35.427+0000] {dagbag.py:545} INFO - Filling up the DagBag from /opt/airflow/dags/ivy.py
[2024-08-31T00:18:35.453+0000] {processor.py:840} INFO - DAG(s) 'trino_query_dag_ivy' retrieved from /opt/airflow/dags/ivy.py
[2024-08-31T00:18:35.485+0000] {logging_mixin.py:188} INFO - [2024-08-31T00:18:35.485+0000] {dag.py:3089} INFO - Sync 1 DAGs
[2024-08-31T00:18:35.512+0000] {logging_mixin.py:188} INFO - [2024-08-31T00:18:35.511+0000] {dag.py:3947} INFO - Setting next_dagrun for trino_query_dag_ivy to 2024-08-30 00:00:00+00:00, run_after=2024-08-31 00:00:00+00:00
[2024-08-31T00:18:35.536+0000] {processor.py:183} INFO - Processing /opt/airflow/dags/ivy.py took 0.119 seconds
[2024-08-31T00:19:06.112+0000] {processor.py:161} INFO - Started process (PID=1003) to work on /opt/airflow/dags/ivy.py
[2024-08-31T00:19:06.114+0000] {processor.py:830} INFO - Processing file /opt/airflow/dags/ivy.py for tasks to queue
[2024-08-31T00:19:06.116+0000] {logging_mixin.py:188} INFO - [2024-08-31T00:19:06.116+0000] {dagbag.py:545} INFO - Filling up the DagBag from /opt/airflow/dags/ivy.py
[2024-08-31T00:19:06.154+0000] {processor.py:840} INFO - DAG(s) 'trino_query_dag_ivy' retrieved from /opt/airflow/dags/ivy.py
[2024-08-31T00:19:06.201+0000] {logging_mixin.py:188} INFO - [2024-08-31T00:19:06.200+0000] {dag.py:3089} INFO - Sync 1 DAGs
[2024-08-31T00:19:06.232+0000] {logging_mixin.py:188} INFO - [2024-08-31T00:19:06.232+0000] {dag.py:3947} INFO - Setting next_dagrun for trino_query_dag_ivy to 2024-08-30 00:00:00+00:00, run_after=2024-08-31 00:00:00+00:00
[2024-08-31T00:19:06.258+0000] {processor.py:183} INFO - Processing /opt/airflow/dags/ivy.py took 0.156 seconds
[2024-08-31T00:19:36.577+0000] {processor.py:161} INFO - Started process (PID=1038) to work on /opt/airflow/dags/ivy.py
[2024-08-31T00:19:36.578+0000] {processor.py:830} INFO - Processing file /opt/airflow/dags/ivy.py for tasks to queue
[2024-08-31T00:19:36.580+0000] {logging_mixin.py:188} INFO - [2024-08-31T00:19:36.580+0000] {dagbag.py:545} INFO - Filling up the DagBag from /opt/airflow/dags/ivy.py
[2024-08-31T00:19:36.607+0000] {processor.py:840} INFO - DAG(s) 'trino_query_dag_ivy' retrieved from /opt/airflow/dags/ivy.py
[2024-08-31T00:19:36.639+0000] {logging_mixin.py:188} INFO - [2024-08-31T00:19:36.639+0000] {dag.py:3089} INFO - Sync 1 DAGs
[2024-08-31T00:19:36.666+0000] {logging_mixin.py:188} INFO - [2024-08-31T00:19:36.665+0000] {dag.py:3947} INFO - Setting next_dagrun for trino_query_dag_ivy to 2024-08-30 00:00:00+00:00, run_after=2024-08-31 00:00:00+00:00
[2024-08-31T00:19:36.692+0000] {processor.py:183} INFO - Processing /opt/airflow/dags/ivy.py took 0.122 seconds
[2024-08-31T00:20:07.001+0000] {processor.py:161} INFO - Started process (PID=1073) to work on /opt/airflow/dags/ivy.py
[2024-08-31T00:20:07.002+0000] {processor.py:830} INFO - Processing file /opt/airflow/dags/ivy.py for tasks to queue
[2024-08-31T00:20:07.004+0000] {logging_mixin.py:188} INFO - [2024-08-31T00:20:07.004+0000] {dagbag.py:545} INFO - Filling up the DagBag from /opt/airflow/dags/ivy.py
[2024-08-31T00:20:07.040+0000] {processor.py:840} INFO - DAG(s) 'trino_query_dag_ivy' retrieved from /opt/airflow/dags/ivy.py
[2024-08-31T00:20:07.080+0000] {logging_mixin.py:188} INFO - [2024-08-31T00:20:07.079+0000] {dag.py:3089} INFO - Sync 1 DAGs
[2024-08-31T00:20:07.121+0000] {logging_mixin.py:188} INFO - [2024-08-31T00:20:07.121+0000] {dag.py:3947} INFO - Setting next_dagrun for trino_query_dag_ivy to 2024-08-30 00:00:00+00:00, run_after=2024-08-31 00:00:00+00:00
[2024-08-31T00:20:07.147+0000] {processor.py:183} INFO - Processing /opt/airflow/dags/ivy.py took 0.153 seconds
[2024-08-31T00:20:37.388+0000] {processor.py:161} INFO - Started process (PID=1106) to work on /opt/airflow/dags/ivy.py
[2024-08-31T00:20:37.389+0000] {processor.py:830} INFO - Processing file /opt/airflow/dags/ivy.py for tasks to queue
[2024-08-31T00:20:37.392+0000] {logging_mixin.py:188} INFO - [2024-08-31T00:20:37.391+0000] {dagbag.py:545} INFO - Filling up the DagBag from /opt/airflow/dags/ivy.py
[2024-08-31T00:20:37.423+0000] {processor.py:840} INFO - DAG(s) 'trino_query_dag_ivy' retrieved from /opt/airflow/dags/ivy.py
[2024-08-31T00:20:37.457+0000] {logging_mixin.py:188} INFO - [2024-08-31T00:20:37.457+0000] {dag.py:3089} INFO - Sync 1 DAGs
[2024-08-31T00:20:37.486+0000] {logging_mixin.py:188} INFO - [2024-08-31T00:20:37.486+0000] {dag.py:3947} INFO - Setting next_dagrun for trino_query_dag_ivy to 2024-08-30 00:00:00+00:00, run_after=2024-08-31 00:00:00+00:00
[2024-08-31T00:20:37.511+0000] {processor.py:183} INFO - Processing /opt/airflow/dags/ivy.py took 0.130 seconds
[2024-08-31T00:21:07.734+0000] {processor.py:161} INFO - Started process (PID=1143) to work on /opt/airflow/dags/ivy.py
[2024-08-31T00:21:07.735+0000] {processor.py:830} INFO - Processing file /opt/airflow/dags/ivy.py for tasks to queue
[2024-08-31T00:21:07.738+0000] {logging_mixin.py:188} INFO - [2024-08-31T00:21:07.737+0000] {dagbag.py:545} INFO - Filling up the DagBag from /opt/airflow/dags/ivy.py
[2024-08-31T00:21:07.766+0000] {processor.py:840} INFO - DAG(s) 'trino_query_dag_ivy' retrieved from /opt/airflow/dags/ivy.py
[2024-08-31T00:21:07.801+0000] {logging_mixin.py:188} INFO - [2024-08-31T00:21:07.800+0000] {dag.py:3089} INFO - Sync 1 DAGs
[2024-08-31T00:21:07.827+0000] {logging_mixin.py:188} INFO - [2024-08-31T00:21:07.827+0000] {dag.py:3947} INFO - Setting next_dagrun for trino_query_dag_ivy to 2024-08-30 00:00:00+00:00, run_after=2024-08-31 00:00:00+00:00
[2024-08-31T00:21:07.858+0000] {processor.py:183} INFO - Processing /opt/airflow/dags/ivy.py took 0.130 seconds
[2024-08-31T00:21:38.069+0000] {processor.py:161} INFO - Started process (PID=1178) to work on /opt/airflow/dags/ivy.py
[2024-08-31T00:21:38.070+0000] {processor.py:830} INFO - Processing file /opt/airflow/dags/ivy.py for tasks to queue
[2024-08-31T00:21:38.072+0000] {logging_mixin.py:188} INFO - [2024-08-31T00:21:38.071+0000] {dagbag.py:545} INFO - Filling up the DagBag from /opt/airflow/dags/ivy.py
[2024-08-31T00:21:38.099+0000] {processor.py:840} INFO - DAG(s) 'trino_query_dag_ivy' retrieved from /opt/airflow/dags/ivy.py
[2024-08-31T00:21:38.131+0000] {logging_mixin.py:188} INFO - [2024-08-31T00:21:38.131+0000] {dag.py:3089} INFO - Sync 1 DAGs
[2024-08-31T00:21:38.157+0000] {logging_mixin.py:188} INFO - [2024-08-31T00:21:38.156+0000] {dag.py:3947} INFO - Setting next_dagrun for trino_query_dag_ivy to 2024-08-30 00:00:00+00:00, run_after=2024-08-31 00:00:00+00:00
[2024-08-31T00:21:38.179+0000] {processor.py:183} INFO - Processing /opt/airflow/dags/ivy.py took 0.118 seconds
[2024-08-31T00:22:08.396+0000] {processor.py:161} INFO - Started process (PID=1213) to work on /opt/airflow/dags/ivy.py
[2024-08-31T00:22:08.398+0000] {processor.py:830} INFO - Processing file /opt/airflow/dags/ivy.py for tasks to queue
[2024-08-31T00:22:08.400+0000] {logging_mixin.py:188} INFO - [2024-08-31T00:22:08.399+0000] {dagbag.py:545} INFO - Filling up the DagBag from /opt/airflow/dags/ivy.py
[2024-08-31T00:22:08.427+0000] {processor.py:840} INFO - DAG(s) 'trino_query_dag_ivy' retrieved from /opt/airflow/dags/ivy.py
[2024-08-31T00:22:08.457+0000] {logging_mixin.py:188} INFO - [2024-08-31T00:22:08.457+0000] {dag.py:3089} INFO - Sync 1 DAGs
[2024-08-31T00:22:08.484+0000] {logging_mixin.py:188} INFO - [2024-08-31T00:22:08.484+0000] {dag.py:3947} INFO - Setting next_dagrun for trino_query_dag_ivy to 2024-08-30 00:00:00+00:00, run_after=2024-08-31 00:00:00+00:00
[2024-08-31T00:22:08.508+0000] {processor.py:183} INFO - Processing /opt/airflow/dags/ivy.py took 0.118 seconds
[2024-08-31T00:22:38.721+0000] {processor.py:161} INFO - Started process (PID=1248) to work on /opt/airflow/dags/ivy.py
[2024-08-31T00:22:38.722+0000] {processor.py:830} INFO - Processing file /opt/airflow/dags/ivy.py for tasks to queue
[2024-08-31T00:22:38.724+0000] {logging_mixin.py:188} INFO - [2024-08-31T00:22:38.723+0000] {dagbag.py:545} INFO - Filling up the DagBag from /opt/airflow/dags/ivy.py
[2024-08-31T00:22:38.751+0000] {processor.py:840} INFO - DAG(s) 'trino_query_dag_ivy' retrieved from /opt/airflow/dags/ivy.py
[2024-08-31T00:22:38.784+0000] {logging_mixin.py:188} INFO - [2024-08-31T00:22:38.783+0000] {dag.py:3089} INFO - Sync 1 DAGs
[2024-08-31T00:22:38.811+0000] {logging_mixin.py:188} INFO - [2024-08-31T00:22:38.811+0000] {dag.py:3947} INFO - Setting next_dagrun for trino_query_dag_ivy to 2024-08-30 00:00:00+00:00, run_after=2024-08-31 00:00:00+00:00
[2024-08-31T00:22:38.840+0000] {processor.py:183} INFO - Processing /opt/airflow/dags/ivy.py took 0.126 seconds
[2024-08-31T00:23:09.152+0000] {processor.py:161} INFO - Started process (PID=1283) to work on /opt/airflow/dags/ivy.py
[2024-08-31T00:23:09.154+0000] {processor.py:830} INFO - Processing file /opt/airflow/dags/ivy.py for tasks to queue
[2024-08-31T00:23:09.156+0000] {logging_mixin.py:188} INFO - [2024-08-31T00:23:09.156+0000] {dagbag.py:545} INFO - Filling up the DagBag from /opt/airflow/dags/ivy.py
[2024-08-31T00:23:09.186+0000] {processor.py:840} INFO - DAG(s) 'trino_query_dag_ivy' retrieved from /opt/airflow/dags/ivy.py
[2024-08-31T00:23:09.218+0000] {logging_mixin.py:188} INFO - [2024-08-31T00:23:09.217+0000] {dag.py:3089} INFO - Sync 1 DAGs
[2024-08-31T00:23:09.244+0000] {logging_mixin.py:188} INFO - [2024-08-31T00:23:09.244+0000] {dag.py:3947} INFO - Setting next_dagrun for trino_query_dag_ivy to 2024-08-30 00:00:00+00:00, run_after=2024-08-31 00:00:00+00:00
[2024-08-31T00:23:09.270+0000] {processor.py:183} INFO - Processing /opt/airflow/dags/ivy.py took 0.124 seconds
[2024-08-31T00:23:39.514+0000] {processor.py:161} INFO - Started process (PID=1318) to work on /opt/airflow/dags/ivy.py
[2024-08-31T00:23:39.516+0000] {processor.py:830} INFO - Processing file /opt/airflow/dags/ivy.py for tasks to queue
[2024-08-31T00:23:39.518+0000] {logging_mixin.py:188} INFO - [2024-08-31T00:23:39.518+0000] {dagbag.py:545} INFO - Filling up the DagBag from /opt/airflow/dags/ivy.py
[2024-08-31T00:23:39.544+0000] {processor.py:840} INFO - DAG(s) 'trino_query_dag_ivy' retrieved from /opt/airflow/dags/ivy.py
[2024-08-31T00:23:39.576+0000] {logging_mixin.py:188} INFO - [2024-08-31T00:23:39.576+0000] {dag.py:3089} INFO - Sync 1 DAGs
[2024-08-31T00:23:39.603+0000] {logging_mixin.py:188} INFO - [2024-08-31T00:23:39.603+0000] {dag.py:3947} INFO - Setting next_dagrun for trino_query_dag_ivy to 2024-08-30 00:00:00+00:00, run_after=2024-08-31 00:00:00+00:00
[2024-08-31T00:23:39.628+0000] {processor.py:183} INFO - Processing /opt/airflow/dags/ivy.py took 0.120 seconds
[2024-08-31T00:24:09.920+0000] {processor.py:161} INFO - Started process (PID=1353) to work on /opt/airflow/dags/ivy.py
[2024-08-31T00:24:09.921+0000] {processor.py:830} INFO - Processing file /opt/airflow/dags/ivy.py for tasks to queue
[2024-08-31T00:24:09.923+0000] {logging_mixin.py:188} INFO - [2024-08-31T00:24:09.923+0000] {dagbag.py:545} INFO - Filling up the DagBag from /opt/airflow/dags/ivy.py
[2024-08-31T00:24:09.951+0000] {processor.py:840} INFO - DAG(s) 'trino_query_dag_ivy' retrieved from /opt/airflow/dags/ivy.py
[2024-08-31T00:24:09.983+0000] {logging_mixin.py:188} INFO - [2024-08-31T00:24:09.983+0000] {dag.py:3089} INFO - Sync 1 DAGs
[2024-08-31T00:24:10.009+0000] {logging_mixin.py:188} INFO - [2024-08-31T00:24:10.009+0000] {dag.py:3947} INFO - Setting next_dagrun for trino_query_dag_ivy to 2024-08-30 00:00:00+00:00, run_after=2024-08-31 00:00:00+00:00
[2024-08-31T00:24:10.033+0000] {processor.py:183} INFO - Processing /opt/airflow/dags/ivy.py took 0.120 seconds
[2024-08-31T00:24:40.207+0000] {processor.py:161} INFO - Started process (PID=1388) to work on /opt/airflow/dags/ivy.py
[2024-08-31T00:24:40.209+0000] {processor.py:830} INFO - Processing file /opt/airflow/dags/ivy.py for tasks to queue
[2024-08-31T00:24:40.211+0000] {logging_mixin.py:188} INFO - [2024-08-31T00:24:40.210+0000] {dagbag.py:545} INFO - Filling up the DagBag from /opt/airflow/dags/ivy.py
[2024-08-31T00:24:40.238+0000] {processor.py:840} INFO - DAG(s) 'trino_query_dag_ivy' retrieved from /opt/airflow/dags/ivy.py
[2024-08-31T00:24:40.270+0000] {logging_mixin.py:188} INFO - [2024-08-31T00:24:40.269+0000] {dag.py:3089} INFO - Sync 1 DAGs
[2024-08-31T00:24:40.294+0000] {logging_mixin.py:188} INFO - [2024-08-31T00:24:40.294+0000] {dag.py:3947} INFO - Setting next_dagrun for trino_query_dag_ivy to 2024-08-30 00:00:00+00:00, run_after=2024-08-31 00:00:00+00:00
[2024-08-31T00:24:40.319+0000] {processor.py:183} INFO - Processing /opt/airflow/dags/ivy.py took 0.118 seconds
