[2024-08-28T00:56:32.732+0000] {local_task_job_runner.py:120} INFO - ::group::Pre task execution logs
[2024-08-28T00:56:32.781+0000] {taskinstance.py:2076} INFO - Dependencies all met for dep_context=non-requeueable deps ti=<TaskInstance: trino_query_dag_irene.insert_data_inc scheduled__2024-08-27T23:00:00+00:00 [queued]>
[2024-08-28T00:56:32.793+0000] {taskinstance.py:2076} INFO - Dependencies all met for dep_context=requeueable deps ti=<TaskInstance: trino_query_dag_irene.insert_data_inc scheduled__2024-08-27T23:00:00+00:00 [queued]>
[2024-08-28T00:56:32.796+0000] {taskinstance.py:2306} INFO - Starting attempt 2 of 2
[2024-08-28T00:56:32.812+0000] {taskinstance.py:2330} INFO - Executing <Task(TrinoOperator): insert_data_inc> on 2024-08-27 23:00:00+00:00
[2024-08-28T00:56:32.819+0000] {logging_mixin.py:188} WARNING - /home/airflow/.local/lib/python3.12/site-packages/airflow/task/task_runner/standard_task_runner.py:62 DeprecationWarning: This process (pid=22262) is multi-threaded, use of fork() may lead to deadlocks in the child.
[2024-08-28T00:56:32.818+0000] {standard_task_runner.py:90} INFO - Running: ['airflow', 'tasks', 'run', 'trino_query_dag_irene', 'insert_data_inc', 'scheduled__2024-08-27T23:00:00+00:00', '--job-id', '570', '--raw', '--subdir', 'DAGS_FOLDER/irene.py', '--cfg-path', '/tmp/tmpk9nould_']
[2024-08-28T00:56:32.820+0000] {standard_task_runner.py:64} INFO - Started process 22263 to run task
[2024-08-28T00:56:32.820+0000] {standard_task_runner.py:91} INFO - Job 570: Subtask insert_data_inc
[2024-08-28T00:56:32.854+0000] {logging_mixin.py:188} WARNING - /home/airflow/.local/lib/python3.12/site-packages/airflow/settings.py:195 DeprecationWarning: The sql_alchemy_conn option in [core] has been moved to the sql_alchemy_conn option in [database] - the old setting has been used, but please update your config.
[2024-08-28T00:56:32.904+0000] {task_command.py:426} INFO - Running <TaskInstance: trino_query_dag_irene.insert_data_inc scheduled__2024-08-27T23:00:00+00:00 [running]> on host b476143e3d64
[2024-08-28T00:56:33.023+0000] {taskinstance.py:2648} INFO - Exporting env vars: AIRFLOW_CTX_DAG_OWNER='airflow' AIRFLOW_CTX_DAG_ID='trino_query_dag_irene' AIRFLOW_CTX_TASK_ID='insert_data_inc' AIRFLOW_CTX_EXECUTION_DATE='2024-08-27T23:00:00+00:00' AIRFLOW_CTX_TRY_NUMBER='2' AIRFLOW_CTX_DAG_RUN_ID='scheduled__2024-08-27T23:00:00+00:00'
[2024-08-28T00:56:33.027+0000] {taskinstance.py:430} INFO - ::endgroup::
[2024-08-28T00:56:33.046+0000] {sql.py:282} INFO - Executing: insert into hive.irene.sou select * from sqlserver.dbo.sou
[2024-08-28T00:56:33.063+0000] {base.py:84} INFO - Using connection ID 'my_trino_connection' for task execution.
[2024-08-28T00:56:33.074+0000] {base.py:84} INFO - Using connection ID 'my_trino_connection' for task execution.
[2024-08-28T00:56:33.083+0000] {base.py:84} INFO - Using connection ID 'my_trino_connection' for task execution.
[2024-08-28T00:56:33.087+0000] {sql.py:495} INFO - Running statement: insert into hive.irene.sou select * from sqlserver.dbo.sou, parameters: None
[2024-08-28T00:56:38.892+0000] {sql.py:504} INFO - Rows affected: 1048567
[2024-08-28T00:56:39.057+0000] {taskinstance.py:441} INFO - ::group::Post task execution logs
[2024-08-28T00:56:39.094+0000] {taskinstance.py:1206} INFO - Marking task as SUCCESS. dag_id=trino_query_dag_irene, task_id=insert_data_inc, run_id=scheduled__2024-08-27T23:00:00+00:00, execution_date=20240827T230000, start_date=20240828T005632, end_date=20240828T005639
[2024-08-28T00:56:39.119+0000] {local_task_job_runner.py:243} INFO - Task exited with return code 0
[2024-08-28T00:56:39.131+0000] {logging_mixin.py:188} WARNING - /home/airflow/.local/lib/python3.12/site-packages/airflow/models/baseoperator.py:1297 AirflowProviderDeprecationWarning: Call to deprecated class TrinoOperator. (Please use `airflow.providers.common.sql.operators.sql.SQLExecuteQueryOperator`.)
[2024-08-28T00:56:39.146+0000] {taskinstance.py:3503} INFO - 1 downstream tasks scheduled from follow-on schedule check
[2024-08-28T00:56:39.148+0000] {local_task_job_runner.py:222} INFO - ::endgroup::
