[2024-10-21T02:28:16.594+0000] {local_task_job_runner.py:120} INFO - ::group::Pre task execution logs
[2024-10-21T02:28:16.656+0000] {taskinstance.py:2076} INFO - Dependencies all met for dep_context=non-requeueable deps ti=<TaskInstance: query_dag_irene.print_start scheduled__2024-10-18T00:00:00+00:00 [queued]>
[2024-10-21T02:28:16.678+0000] {taskinstance.py:2076} INFO - Dependencies all met for dep_context=requeueable deps ti=<TaskInstance: query_dag_irene.print_start scheduled__2024-10-18T00:00:00+00:00 [queued]>
[2024-10-21T02:28:16.857+0000] {taskinstance.py:2306} INFO - Starting attempt 2 of 3
[2024-10-21T02:28:17.109+0000] {taskinstance.py:2330} INFO - Executing <Task(PythonOperator): print_start> on 2024-10-18 00:00:00+00:00
[2024-10-21T02:28:17.116+0000] {logging_mixin.py:188} WARNING - /home/airflow/.local/lib/python3.12/site-packages/airflow/task/task_runner/standard_task_runner.py:62 DeprecationWarning: This process (pid=14879) is multi-threaded, use of fork() may lead to deadlocks in the child.
[2024-10-21T02:28:17.125+0000] {standard_task_runner.py:64} INFO - Started process 14904 to run task
[2024-10-21T02:28:17.116+0000] {standard_task_runner.py:90} INFO - Running: ['airflow', 'tasks', 'run', 'query_dag_irene', 'print_start', 'scheduled__2024-10-18T00:00:00+00:00', '--job-id', '1523', '--raw', '--subdir', 'DAGS_FOLDER/irene.py', '--cfg-path', '/tmp/tmpbxxc6aez']
[2024-10-21T02:28:17.130+0000] {standard_task_runner.py:91} INFO - Job 1523: Subtask print_start
[2024-10-21T02:28:17.161+0000] {logging_mixin.py:188} WARNING - /home/airflow/.local/lib/python3.12/site-packages/airflow/settings.py:195 DeprecationWarning: The sql_alchemy_conn option in [core] has been moved to the sql_alchemy_conn option in [database] - the old setting has been used, but please update your config.
[2024-10-21T02:28:17.282+0000] {task_command.py:426} INFO - Running <TaskInstance: query_dag_irene.print_start scheduled__2024-10-18T00:00:00+00:00 [running]> on host 92783cd12528
[2024-10-21T02:28:17.291+0000] {logging_mixin.py:188} WARNING - /home/airflow/.local/lib/python3.12/site-packages/airflow/settings.py:356 DeprecationWarning: The sql_engine_encoding option in [core] has been moved to the sql_engine_encoding option in [database] - the old setting has been used, but please update your config.
[2024-10-21T02:28:17.425+0000] {logging_mixin.py:188} WARNING - /home/airflow/.local/lib/python3.12/site-packages/airflow/utils/log/secrets_masker.py:84 DeprecationWarning: The sensitive_variable_fields option in [admin] has been moved to the sensitive_var_conn_names option in [core] - the old setting has been used, but please update your config.
[2024-10-21T02:28:17.499+0000] {taskinstance.py:2648} INFO - Exporting env vars: AIRFLOW_CTX_DAG_OWNER='airflow' AIRFLOW_CTX_DAG_ID='query_dag_irene' AIRFLOW_CTX_TASK_ID='print_start' AIRFLOW_CTX_EXECUTION_DATE='2024-10-18T00:00:00+00:00' AIRFLOW_CTX_TRY_NUMBER='2' AIRFLOW_CTX_DAG_RUN_ID='scheduled__2024-10-18T00:00:00+00:00'
[2024-10-21T02:28:17.500+0000] {taskinstance.py:430} INFO - ::endgroup::
[2024-10-21T02:28:17.528+0000] {logging_mixin.py:188} INFO - Start of DAG execution
[2024-10-21T02:28:17.531+0000] {python.py:237} INFO - Done. Returned value was: None
[2024-10-21T02:28:17.534+0000] {taskinstance.py:441} INFO - ::group::Post task execution logs
[2024-10-21T02:28:17.567+0000] {taskinstance.py:1206} INFO - Marking task as SUCCESS. dag_id=query_dag_irene, task_id=print_start, run_id=scheduled__2024-10-18T00:00:00+00:00, execution_date=20241018T000000, start_date=20241021T022816, end_date=20241021T022817
[2024-10-21T02:28:17.648+0000] {local_task_job_runner.py:243} INFO - Task exited with return code 0
[2024-10-21T02:28:17.667+0000] {logging_mixin.py:188} WARNING - /home/airflow/.local/lib/python3.12/site-packages/airflow/models/baseoperator.py:1297 AirflowProviderDeprecationWarning: Call to deprecated class TrinoOperator. (Please use `airflow.providers.common.sql.operators.sql.SQLExecuteQueryOperator`.)
[2024-10-21T02:28:17.698+0000] {taskinstance.py:3503} INFO - 1 downstream tasks scheduled from follow-on schedule check
[2024-10-21T02:28:17.703+0000] {local_task_job_runner.py:222} INFO - ::endgroup::
