[2024-08-28T07:00:03.396+0000] {local_task_job_runner.py:120} INFO - ::group::Pre task execution logs
[2024-08-28T07:00:03.469+0000] {taskinstance.py:2076} INFO - Dependencies all met for dep_context=non-requeueable deps ti=<TaskInstance: trino_query_dag_ivy.insert_data_inc scheduled__2024-08-28T06:00:00+00:00 [queued]>
[2024-08-28T07:00:03.487+0000] {taskinstance.py:2076} INFO - Dependencies all met for dep_context=requeueable deps ti=<TaskInstance: trino_query_dag_ivy.insert_data_inc scheduled__2024-08-28T06:00:00+00:00 [queued]>
[2024-08-28T07:00:03.489+0000] {taskinstance.py:2306} INFO - Starting attempt 1 of 2
[2024-08-28T07:00:03.536+0000] {taskinstance.py:2330} INFO - Executing <Task(TrinoOperator): insert_data_inc> on 2024-08-28 06:00:00+00:00
[2024-08-28T07:00:03.546+0000] {logging_mixin.py:188} WARNING - /home/airflow/.local/lib/python3.12/site-packages/airflow/task/task_runner/standard_task_runner.py:62 DeprecationWarning: This process (pid=43459) is multi-threaded, use of fork() may lead to deadlocks in the child.
[2024-08-28T07:00:03.557+0000] {standard_task_runner.py:64} INFO - Started process 43463 to run task
[2024-08-28T07:00:03.555+0000] {standard_task_runner.py:90} INFO - Running: ['airflow', 'tasks', 'run', 'trino_query_dag_ivy', 'insert_data_inc', 'scheduled__2024-08-28T06:00:00+00:00', '--job-id', '661', '--raw', '--subdir', 'DAGS_FOLDER/ivy.py', '--cfg-path', '/tmp/tmpdz95_6lq']
[2024-08-28T07:00:03.560+0000] {standard_task_runner.py:91} INFO - Job 661: Subtask insert_data_inc
[2024-08-28T07:00:03.602+0000] {logging_mixin.py:188} WARNING - /home/airflow/.local/lib/python3.12/site-packages/airflow/settings.py:195 DeprecationWarning: The sql_alchemy_conn option in [core] has been moved to the sql_alchemy_conn option in [database] - the old setting has been used, but please update your config.
[2024-08-28T07:00:03.656+0000] {task_command.py:426} INFO - Running <TaskInstance: trino_query_dag_ivy.insert_data_inc scheduled__2024-08-28T06:00:00+00:00 [running]> on host b476143e3d64
[2024-08-28T07:00:03.795+0000] {taskinstance.py:2648} INFO - Exporting env vars: AIRFLOW_CTX_DAG_OWNER='airflow' AIRFLOW_CTX_DAG_ID='trino_query_dag_ivy' AIRFLOW_CTX_TASK_ID='insert_data_inc' AIRFLOW_CTX_EXECUTION_DATE='2024-08-28T06:00:00+00:00' AIRFLOW_CTX_TRY_NUMBER='1' AIRFLOW_CTX_DAG_RUN_ID='scheduled__2024-08-28T06:00:00+00:00'
[2024-08-28T07:00:03.799+0000] {taskinstance.py:430} INFO - ::endgroup::
[2024-08-28T07:00:03.834+0000] {sql.py:282} INFO - Executing: insert into hive.ivy.customer select *  from sqlserver.dbo.customer WHERE date = CAST('2023-11-25' AS DATE)
[2024-08-28T07:00:03.867+0000] {base.py:84} INFO - Using connection ID 'my_trino_connection' for task execution.
[2024-08-28T07:00:03.882+0000] {base.py:84} INFO - Using connection ID 'my_trino_connection' for task execution.
[2024-08-28T07:00:03.900+0000] {base.py:84} INFO - Using connection ID 'my_trino_connection' for task execution.
[2024-08-28T07:00:03.904+0000] {sql.py:495} INFO - Running statement: insert into hive.ivy.customer select *  from sqlserver.dbo.customer WHERE date = CAST('2023-11-25' AS DATE), parameters: None
[2024-08-28T07:00:04.932+0000] {sql.py:504} INFO - Rows affected: 4
[2024-08-28T07:00:05.562+0000] {taskinstance.py:441} INFO - ::group::Post task execution logs
[2024-08-28T07:00:05.740+0000] {taskinstance.py:1206} INFO - Marking task as SUCCESS. dag_id=trino_query_dag_ivy, task_id=insert_data_inc, run_id=scheduled__2024-08-28T06:00:00+00:00, execution_date=20240828T060000, start_date=20240828T070003, end_date=20240828T070005
[2024-08-28T07:00:05.820+0000] {local_task_job_runner.py:243} INFO - Task exited with return code 0
[2024-08-28T07:00:05.878+0000] {logging_mixin.py:188} WARNING - /home/airflow/.local/lib/python3.12/site-packages/airflow/models/baseoperator.py:1297 AirflowProviderDeprecationWarning: Call to deprecated class TrinoOperator. (Please use `airflow.providers.common.sql.operators.sql.SQLExecuteQueryOperator`.)
[2024-08-28T07:00:05.902+0000] {taskinstance.py:3503} INFO - 1 downstream tasks scheduled from follow-on schedule check
[2024-08-28T07:00:05.914+0000] {local_task_job_runner.py:222} INFO - ::endgroup::
